2021/08/22 13:15:23 [Server-1] Starting 
2021/08/22 13:15:24 [Initial-1] Version: 631.16249, HttpServerPort: 2324, TcpServerPort: 2323, DeveloperTrace: Single, DebugMode: True, TracePrint: True, ClientTrace: False, EnableStackView: True, SessionTimeOut: 1800, NetworkTimeOut: 30, MirrorPatternMaxVerifyTimes: 3, FormStackMaxCount: 10, RelativeScreen: True, TextFontScaling: True, ResourceDenyLocation: , SysTrace: False
        BasePath: D:\github\XYZ\Data-Cool\bin\Debug
        DefaultImagePath: D:\github\XYZ\Data-Cool\bin\Debug\Resources\Image
        DefaultAudioPath: D:\github\XYZ\Data-Cool\bin\Debug\Resources\Audio
        DefaultDocumentPath: D:\github\XYZ\Data-Cool\bin\Debug\Resources\Document
        DefaultUploadPath: D:\github\XYZ\Data-Cool\bin\Debug\Resources\Upload
        DefaultMediaPath: D:\github\XYZ\Data-Cool\bin\Debug\Resources\Media
        DefaultWebPath: D:\github\XYZ\Data-Cool\bin\Debug\Resources\Web
 
2021/08/22 13:15:24 [Server-1] Started 
2021/08/22 13:15:24 [AutoSet-7] Start 
2021/08/22 13:19:17 [TcpAccept-3] 192.168.10.8:54264 
2021/08/22 13:19:18 [7704675e037b349e95175d2cb63d7871-192.168.10.8-8] {"deviceOS":"Android","deviceOSVersion":"10","deviceModel":"ELE-AL00","screenSize":{"width":1080,"height":2265},"density":3.0,"version":"6.3.1","coreVersion":"6.3.1","autoBuild":false,"isCompany":true,"extraInfo":{"package_name":"com.smobiler.app","display_name":"Smobiler","plugin_msg":null,"lowMemory":false,"languages":["zh-Hans-CN"]}} 
2021/08/22 13:38:02 [TcpAccept-9] 192.168.10.8:55328 
2021/08/22 13:45:07 [Server-1] Starting 
2021/08/22 13:45:07 [Initial-1] Version: 631.16249, HttpServerPort: 2324, TcpServerPort: 2323, DeveloperTrace: Single, DebugMode: True, TracePrint: True, ClientTrace: False, EnableStackView: True, SessionTimeOut: 1800, NetworkTimeOut: 30, MirrorPatternMaxVerifyTimes: 3, FormStackMaxCount: 10, RelativeScreen: True, TextFontScaling: True, ResourceDenyLocation: , SysTrace: False
        BasePath: D:\github\XYZ\Data-Cool\bin\Debug
        DefaultImagePath: D:\github\XYZ\Data-Cool\bin\Debug\Resources\Image
        DefaultAudioPath: D:\github\XYZ\Data-Cool\bin\Debug\Resources\Audio
        DefaultDocumentPath: D:\github\XYZ\Data-Cool\bin\Debug\Resources\Document
        DefaultUploadPath: D:\github\XYZ\Data-Cool\bin\Debug\Resources\Upload
        DefaultMediaPath: D:\github\XYZ\Data-Cool\bin\Debug\Resources\Media
        DefaultWebPath: D:\github\XYZ\Data-Cool\bin\Debug\Resources\Web
 
2021/08/22 13:45:07 [Server-1] Started 
2021/08/22 13:45:07 [AutoSet-7] Start 
2021/08/22 13:45:10 [TcpAccept-3] 192.168.10.8:55566 
2021/08/22 13:45:50 [Server-1] Stoping 
2021/08/22 13:45:50 [TcpAccept-EX-11] 无法访问已释放的对象。
对象名:“System.Net.Sockets.Socket”。 
2021/08/22 13:45:51 [Server-1] Stoped 
2021/08/22 13:45:51 [AutoSet-7] Stop 
2021/08/22 13:47:09 [Server-1] Starting 
2021/08/22 13:47:09 [Initial-1] Version: 631.16249, HttpServerPort: 2324, TcpServerPort: 2323, DeveloperTrace: Single, DebugMode: True, TracePrint: True, ClientTrace: False, EnableStackView: True, SessionTimeOut: 1800, NetworkTimeOut: 30, MirrorPatternMaxVerifyTimes: 3, FormStackMaxCount: 10, RelativeScreen: True, TextFontScaling: True, ResourceDenyLocation: , SysTrace: False
        BasePath: D:\github\XYZ\Data-Cool\bin\Debug
        DefaultImagePath: D:\github\XYZ\Data-Cool\bin\Debug\Resources\Image
        DefaultAudioPath: D:\github\XYZ\Data-Cool\bin\Debug\Resources\Audio
        DefaultDocumentPath: D:\github\XYZ\Data-Cool\bin\Debug\Resources\Document
        DefaultUploadPath: D:\github\XYZ\Data-Cool\bin\Debug\Resources\Upload
        DefaultMediaPath: D:\github\XYZ\Data-Cool\bin\Debug\Resources\Media
        DefaultWebPath: D:\github\XYZ\Data-Cool\bin\Debug\Resources\Web
 
2021/08/22 13:47:09 [Server-1] Started 
2021/08/22 13:47:09 [AutoSet-7] Start 
2021/08/22 13:47:11 [TcpAccept-3] 192.168.10.8:55626 
2021/08/22 13:47:40 [Server-1] Stoping 
2021/08/22 13:47:40 [7704675e037b349e95175d2cb63d7871-1] Stop-StopServer-True-- 
2021/08/22 13:47:40 [TcpAccept-EX-11] 无法访问已释放的对象。
对象名:“System.Net.Sockets.Socket”。 
2021/08/22 13:47:41 [Server-1] Stoped 
2021/08/22 13:47:41 [AutoSet-7] Stop 
2021/08/22 13:52:43 [Server-1] Starting 
2021/08/22 13:52:43 [Initial-1] Version: 631.16249, HttpServerPort: 2324, TcpServerPort: 2323, DeveloperTrace: Single, DebugMode: True, TracePrint: True, ClientTrace: False, EnableStackView: True, SessionTimeOut: 1800, NetworkTimeOut: 30, MirrorPatternMaxVerifyTimes: 3, FormStackMaxCount: 10, RelativeScreen: True, TextFontScaling: True, ResourceDenyLocation: , SysTrace: False
        BasePath: D:\github\XYZ\Data-Cool\bin\Debug
        DefaultImagePath: D:\github\XYZ\Data-Cool\bin\Debug\Resources\Image
        DefaultAudioPath: D:\github\XYZ\Data-Cool\bin\Debug\Resources\Audio
        DefaultDocumentPath: D:\github\XYZ\Data-Cool\bin\Debug\Resources\Document
        DefaultUploadPath: D:\github\XYZ\Data-Cool\bin\Debug\Resources\Upload
        DefaultMediaPath: D:\github\XYZ\Data-Cool\bin\Debug\Resources\Media
        DefaultWebPath: D:\github\XYZ\Data-Cool\bin\Debug\Resources\Web
 
2021/08/22 13:52:44 [Server-1] Started 
2021/08/22 13:52:44 [AutoSet-7] Start 
2021/08/22 13:53:19 [TcpAccept-3] 192.168.10.8:56402 
2021/08/22 14:02:58 [Server-1] Starting 
2021/08/22 14:02:58 [Initial-1] Version: 631.16249, HttpServerPort: 2324, TcpServerPort: 2323, DeveloperTrace: Single, DebugMode: True, TracePrint: True, ClientTrace: False, EnableStackView: True, SessionTimeOut: 1800, NetworkTimeOut: 30, MirrorPatternMaxVerifyTimes: 3, FormStackMaxCount: 10, RelativeScreen: True, TextFontScaling: True, ResourceDenyLocation: , SysTrace: False
        BasePath: D:\github\XYZ\Data-Cool\bin\Debug
        DefaultImagePath: D:\github\XYZ\Data-Cool\bin\Debug\Resources\Image
        DefaultAudioPath: D:\github\XYZ\Data-Cool\bin\Debug\Resources\Audio
        DefaultDocumentPath: D:\github\XYZ\Data-Cool\bin\Debug\Resources\Document
        DefaultUploadPath: D:\github\XYZ\Data-Cool\bin\Debug\Resources\Upload
        DefaultMediaPath: D:\github\XYZ\Data-Cool\bin\Debug\Resources\Media
        DefaultWebPath: D:\github\XYZ\Data-Cool\bin\Debug\Resources\Web
 
2021/08/22 14:02:58 [Server-1] Started 
2021/08/22 14:02:58 [AutoSet-7] Start 
2021/08/22 14:05:22 [TcpAccept-3] 192.168.10.8:58214 
2021/08/22 14:05:22 [7704675e037b349e95175d2cb63d7871-192.168.10.8-8] {"deviceOS":"Android","deviceOSVersion":"10","deviceModel":"ELE-AL00","screenSize":{"width":1080,"height":2265},"density":3.0,"version":"6.3.1","coreVersion":"6.3.1","autoBuild":false,"isCompany":true,"extraInfo":{"package_name":"com.smobiler.app","display_name":"Smobiler","plugin_msg":null,"lowMemory":false,"languages":["zh-Hans-CN"]}} 
2021/08/22 14:05:52 [Server-1] Stoping 
2021/08/22 14:05:52 [TcpAccept-EX-9] 无法访问已释放的对象。
对象名:“System.Net.Sockets.Socket”。 
2021/08/22 14:05:52 [7704675e037b349e95175d2cb63d7871-1] Stop-StopServer-True-- 
2021/08/22 14:05:53 [Server-1] Stoped 
2021/08/22 14:05:53 [AutoSet-7] Stop 
2021/08/22 14:08:20 [Server-1] Starting 
2021/08/22 14:08:20 [Initial-1] Version: 631.16249, HttpServerPort: 2324, TcpServerPort: 2323, DeveloperTrace: Single, DebugMode: True, TracePrint: True, ClientTrace: False, EnableStackView: True, SessionTimeOut: 1800, NetworkTimeOut: 30, MirrorPatternMaxVerifyTimes: 3, FormStackMaxCount: 10, RelativeScreen: True, TextFontScaling: True, ResourceDenyLocation: , SysTrace: False
        BasePath: D:\github\XYZ\Data-Cool\bin\Debug
        DefaultImagePath: D:\github\XYZ\Data-Cool\bin\Debug\Resources\Image
        DefaultAudioPath: D:\github\XYZ\Data-Cool\bin\Debug\Resources\Audio
        DefaultDocumentPath: D:\github\XYZ\Data-Cool\bin\Debug\Resources\Document
        DefaultUploadPath: D:\github\XYZ\Data-Cool\bin\Debug\Resources\Upload
        DefaultMediaPath: D:\github\XYZ\Data-Cool\bin\Debug\Resources\Media
        DefaultWebPath: D:\github\XYZ\Data-Cool\bin\Debug\Resources\Web
 
2021/08/22 14:08:21 [Server-1] Started 
2021/08/22 14:08:21 [AutoSet-7] Start 
2021/08/22 14:08:32 [TcpAccept-3] 192.168.10.8:58316 
2021/08/22 14:08:33 [7704675e037b349e95175d2cb63d7871-192.168.10.8-10] {"deviceOS":"Android","deviceOSVersion":"10","deviceModel":"ELE-AL00","screenSize":{"width":1080,"height":2265},"density":3.0,"version":"6.3.1","coreVersion":"6.3.1","autoBuild":false,"isCompany":true,"extraInfo":{"package_name":"com.smobiler.app","display_name":"Smobiler","plugin_msg":null,"lowMemory":false,"languages":["zh-Hans-CN"]}} 
2021/08/22 14:08:38 [Server-1] Stoping 
2021/08/22 14:08:38 [TcpAccept-EX-12] 无法访问已释放的对象。
对象名:“System.Net.Sockets.Socket”。 
2021/08/22 14:08:38 [7704675e037b349e95175d2cb63d7871-1] Stop-StopServer-True-- 
2021/08/22 14:08:40 [Server-1] Stoped 
2021/08/22 14:08:40 [AutoSet-7] Stop 
