2021/07/19 09:00:26 [Server-1] Starting 
2021/07/19 09:00:26 [Initial-1] Version: 631.16249, HttpServerPort: 2324, TcpServerPort: 2323, DeveloperTrace: Single, DebugMode: True, TracePrint: True, ClientTrace: False, EnableStackView: True, SessionTimeOut: 1800, NetworkTimeOut: 30, MirrorPatternMaxVerifyTimes: 3, FormStackMaxCount: 10, RelativeScreen: True, TextFontScaling: True, ResourceDenyLocation: , SysTrace: False
        BasePath: D:\C++Project\SmobilerAppTEST7.17\bin\Debug
        DefaultImagePath: D:\C++Project\SmobilerAppTEST7.17\bin\Debug\Resources\Image
        DefaultAudioPath: D:\C++Project\SmobilerAppTEST7.17\bin\Debug\Resources\Audio
        DefaultDocumentPath: D:\C++Project\SmobilerAppTEST7.17\bin\Debug\Resources\Document
        DefaultUploadPath: D:\C++Project\SmobilerAppTEST7.17\bin\Debug\Resources\Upload
        DefaultMediaPath: D:\C++Project\SmobilerAppTEST7.17\bin\Debug\Resources\Media
        DefaultWebPath: D:\C++Project\SmobilerAppTEST7.17\bin\Debug\Resources\Web
 
2021/07/19 09:00:26 [Server-1] Started 
2021/07/19 09:00:26 [AutoSet-7] Start 
2021/07/19 09:00:27 [Server-1] Stoping 
2021/07/19 09:00:27 [TcpAccept-EX-8] 无法访问已释放的对象。
对象名:“System.Net.Sockets.Socket”。 
2021/07/19 09:00:28 [Server-1] Stoped 
2021/07/19 09:00:28 [AutoSet-7] Stop 
2021/07/19 09:06:42 [Server-1] Starting 
2021/07/19 09:06:42 [Initial-1] Version: 631.16249, HttpServerPort: 2324, TcpServerPort: 2323, DeveloperTrace: Single, DebugMode: True, TracePrint: True, ClientTrace: False, EnableStackView: True, SessionTimeOut: 1800, NetworkTimeOut: 30, MirrorPatternMaxVerifyTimes: 3, FormStackMaxCount: 10, RelativeScreen: True, TextFontScaling: True, ResourceDenyLocation: , SysTrace: False
        BasePath: D:\C++Project\SmobilerAppTEST7.17\bin\Debug
        DefaultImagePath: D:\C++Project\SmobilerAppTEST7.17\bin\Debug\Resources\Image
        DefaultAudioPath: D:\C++Project\SmobilerAppTEST7.17\bin\Debug\Resources\Audio
        DefaultDocumentPath: D:\C++Project\SmobilerAppTEST7.17\bin\Debug\Resources\Document
        DefaultUploadPath: D:\C++Project\SmobilerAppTEST7.17\bin\Debug\Resources\Upload
        DefaultMediaPath: D:\C++Project\SmobilerAppTEST7.17\bin\Debug\Resources\Media
        DefaultWebPath: D:\C++Project\SmobilerAppTEST7.17\bin\Debug\Resources\Web
 
2021/07/19 09:06:42 [Server-1] Started 
2021/07/19 09:06:42 [AutoSet-7] Start 
2021/07/19 09:07:06 [TcpAccept-3] 192.168.1.2:47122 
2021/07/19 09:07:06 [861951044423780-192.168.1.2-9] {"deviceOS":"Android","deviceOSVersion":"9","deviceModel":"INE-AL00","screenSize":{"width":1080,"height":2128},"density":3.0,"version":"6.3.1","coreVersion":"6.3.1","autoBuild":false,"isCompany":true,"extraInfo":{"package_name":"com.smobiler.app","display_name":"Smobiler","plugin_msg":null,"lowMemory":false,"languages":["zh-Hans-CN"]}} 
2021/07/19 09:10:14 [Server-1] Starting 
2021/07/19 09:10:14 [Initial-1] Version: 631.16249, HttpServerPort: 2324, TcpServerPort: 2323, DeveloperTrace: Single, DebugMode: True, TracePrint: True, ClientTrace: False, EnableStackView: True, SessionTimeOut: 1800, NetworkTimeOut: 30, MirrorPatternMaxVerifyTimes: 3, FormStackMaxCount: 10, RelativeScreen: True, TextFontScaling: True, ResourceDenyLocation: , SysTrace: False
        BasePath: D:\C++Project\SmobilerAppTEST7.17\bin\Debug
        DefaultImagePath: D:\C++Project\SmobilerAppTEST7.17\bin\Debug\Resources\Image
        DefaultAudioPath: D:\C++Project\SmobilerAppTEST7.17\bin\Debug\Resources\Audio
        DefaultDocumentPath: D:\C++Project\SmobilerAppTEST7.17\bin\Debug\Resources\Document
        DefaultUploadPath: D:\C++Project\SmobilerAppTEST7.17\bin\Debug\Resources\Upload
        DefaultMediaPath: D:\C++Project\SmobilerAppTEST7.17\bin\Debug\Resources\Media
        DefaultWebPath: D:\C++Project\SmobilerAppTEST7.17\bin\Debug\Resources\Web
 
2021/07/19 09:10:14 [Server-1] Started 
2021/07/19 09:10:14 [AutoSet-7] Start 
2021/07/19 09:10:20 [TcpAccept-3] 192.168.1.2:47156 
2021/07/19 09:10:20 [861951044423780-192.168.1.2-11] {"deviceOS":"Android","deviceOSVersion":"9","deviceModel":"INE-AL00","screenSize":{"width":1080,"height":2128},"density":3.0,"version":"6.3.1","coreVersion":"6.3.1","autoBuild":false,"isCompany":true,"extraInfo":{"package_name":"com.smobiler.app","display_name":"Smobiler","plugin_msg":null,"lowMemory":false,"languages":["zh-Hans-CN"]}} 
2021/07/19 09:10:45 [Server-1] Starting 
2021/07/19 09:10:45 [Initial-1] Version: 631.16249, HttpServerPort: 2324, TcpServerPort: 2323, DeveloperTrace: Single, DebugMode: True, TracePrint: True, ClientTrace: False, EnableStackView: True, SessionTimeOut: 1800, NetworkTimeOut: 30, MirrorPatternMaxVerifyTimes: 3, FormStackMaxCount: 10, RelativeScreen: True, TextFontScaling: True, ResourceDenyLocation: , SysTrace: False
        BasePath: D:\C++Project\SmobilerAppTEST7.17\bin\Debug
        DefaultImagePath: D:\C++Project\SmobilerAppTEST7.17\bin\Debug\Resources\Image
        DefaultAudioPath: D:\C++Project\SmobilerAppTEST7.17\bin\Debug\Resources\Audio
        DefaultDocumentPath: D:\C++Project\SmobilerAppTEST7.17\bin\Debug\Resources\Document
        DefaultUploadPath: D:\C++Project\SmobilerAppTEST7.17\bin\Debug\Resources\Upload
        DefaultMediaPath: D:\C++Project\SmobilerAppTEST7.17\bin\Debug\Resources\Media
        DefaultWebPath: D:\C++Project\SmobilerAppTEST7.17\bin\Debug\Resources\Web
 
2021/07/19 09:10:45 [Server-1] Started 
2021/07/19 09:10:45 [AutoSet-8] Start 
2021/07/19 09:10:48 [TcpAccept-3] 192.168.1.2:47168 
2021/07/19 09:10:48 [861951044423780-192.168.1.2-11] {"deviceOS":"Android","deviceOSVersion":"9","deviceModel":"INE-AL00","screenSize":{"width":1080,"height":2128},"density":3.0,"version":"6.3.1","coreVersion":"6.3.1","autoBuild":false,"isCompany":true,"extraInfo":{"package_name":"com.smobiler.app","display_name":"Smobiler","plugin_msg":null,"lowMemory":false,"languages":["zh-Hans-CN"]}} 
2021/07/19 09:11:06 [Server-1] Stoping 
2021/07/19 09:11:06 [861951044423780-1] Stop-StopServer-True-- 
2021/07/19 09:11:06 [TcpAccept-EX-12] 无法访问已释放的对象。
对象名:“System.Net.Sockets.Socket”。 
2021/07/19 09:11:07 [Server-1] Stoped 
2021/07/19 09:11:07 [AutoSet-8] Stop 
2021/07/19 11:40:00 [Server-1] Starting 
2021/07/19 11:40:00 [Initial-1] Version: 631.16249, HttpServerPort: 2324, TcpServerPort: 2323, DeveloperTrace: Single, DebugMode: True, TracePrint: True, ClientTrace: False, EnableStackView: True, SessionTimeOut: 1800, NetworkTimeOut: 30, MirrorPatternMaxVerifyTimes: 3, FormStackMaxCount: 10, RelativeScreen: True, TextFontScaling: True, ResourceDenyLocation: , SysTrace: False
        BasePath: D:\C++Project\SmobilerAppTEST7.17\bin\Debug
        DefaultImagePath: D:\C++Project\SmobilerAppTEST7.17\bin\Debug\Resources\Image
        DefaultAudioPath: D:\C++Project\SmobilerAppTEST7.17\bin\Debug\Resources\Audio
        DefaultDocumentPath: D:\C++Project\SmobilerAppTEST7.17\bin\Debug\Resources\Document
        DefaultUploadPath: D:\C++Project\SmobilerAppTEST7.17\bin\Debug\Resources\Upload
        DefaultMediaPath: D:\C++Project\SmobilerAppTEST7.17\bin\Debug\Resources\Media
        DefaultWebPath: D:\C++Project\SmobilerAppTEST7.17\bin\Debug\Resources\Web
 
2021/07/19 11:40:01 [Server-1] Started 
2021/07/19 11:40:01 [AutoSet-7] Start 
2021/07/19 11:40:23 [TcpAccept-3] 192.168.1.2:55168 
2021/07/19 11:40:24 [861951044423780-192.168.1.2-8] {"deviceOS":"Android","deviceOSVersion":"9","deviceModel":"INE-AL00","screenSize":{"width":1080,"height":2128},"density":3.0,"version":"6.3.1","coreVersion":"6.3.1","autoBuild":false,"isCompany":true,"extraInfo":{"package_name":"com.smobiler.app","display_name":"Smobiler","plugin_msg":null,"lowMemory":false,"languages":["zh-Hans-CN"]}} 
2021/07/19 11:54:20 [Server-1] Starting 
2021/07/19 11:54:20 [Initial-1] Version: 631.16249, HttpServerPort: 2324, TcpServerPort: 2323, DeveloperTrace: Single, DebugMode: True, TracePrint: True, ClientTrace: False, EnableStackView: True, SessionTimeOut: 1800, NetworkTimeOut: 30, MirrorPatternMaxVerifyTimes: 3, FormStackMaxCount: 10, RelativeScreen: True, TextFontScaling: True, ResourceDenyLocation: , SysTrace: False
        BasePath: D:\C++Project\SmobilerAppTEST7.17\bin\Debug
        DefaultImagePath: D:\C++Project\SmobilerAppTEST7.17\bin\Debug\Resources\Image
        DefaultAudioPath: D:\C++Project\SmobilerAppTEST7.17\bin\Debug\Resources\Audio
        DefaultDocumentPath: D:\C++Project\SmobilerAppTEST7.17\bin\Debug\Resources\Document
        DefaultUploadPath: D:\C++Project\SmobilerAppTEST7.17\bin\Debug\Resources\Upload
        DefaultMediaPath: D:\C++Project\SmobilerAppTEST7.17\bin\Debug\Resources\Media
        DefaultWebPath: D:\C++Project\SmobilerAppTEST7.17\bin\Debug\Resources\Web
 
2021/07/19 11:54:20 [Server-1] Started 
2021/07/19 11:54:20 [AutoSet-7] Start 
2021/07/19 11:54:21 [Server-1] Stoping 
2021/07/19 11:54:21 [TcpAccept-EX-8] 无法访问已释放的对象。
对象名:“System.Net.Sockets.Socket”。 
2021/07/19 11:54:22 [Server-1] Stoped 
2021/07/19 11:54:22 [AutoSet-7] Stop 
2021/07/19 11:54:35 [Server-1] Starting 
2021/07/19 11:54:35 [Initial-1] Version: 631.16249, HttpServerPort: 2324, TcpServerPort: 2323, DeveloperTrace: Single, DebugMode: True, TracePrint: True, ClientTrace: False, EnableStackView: True, SessionTimeOut: 1800, NetworkTimeOut: 30, MirrorPatternMaxVerifyTimes: 3, FormStackMaxCount: 10, RelativeScreen: True, TextFontScaling: True, ResourceDenyLocation: , SysTrace: False
        BasePath: D:\C++Project\SmobilerAppTEST7.17\bin\Debug
        DefaultImagePath: D:\C++Project\SmobilerAppTEST7.17\bin\Debug\Resources\Image
        DefaultAudioPath: D:\C++Project\SmobilerAppTEST7.17\bin\Debug\Resources\Audio
        DefaultDocumentPath: D:\C++Project\SmobilerAppTEST7.17\bin\Debug\Resources\Document
        DefaultUploadPath: D:\C++Project\SmobilerAppTEST7.17\bin\Debug\Resources\Upload
        DefaultMediaPath: D:\C++Project\SmobilerAppTEST7.17\bin\Debug\Resources\Media
        DefaultWebPath: D:\C++Project\SmobilerAppTEST7.17\bin\Debug\Resources\Web
 
2021/07/19 11:54:35 [Server-1] Started 
2021/07/19 11:54:35 [AutoSet-7] Start 
2021/07/19 11:54:40 [TcpAccept-3] 192.168.1.2:45186 
2021/07/19 11:55:05 [Server-1] Stoping 
2021/07/19 11:55:05 [861951044423780-1] Stop-StopServer-True-- 
2021/07/19 11:55:05 [TcpAccept-EX-13] 无法访问已释放的对象。
对象名:“System.Net.Sockets.Socket”。 
2021/07/19 11:55:06 [Server-1] Stoped 
2021/07/19 11:55:06 [AutoSet-7] Stop 
2021/07/19 15:21:11 [Server-1] Starting 
2021/07/19 15:21:11 [Initial-1] Version: 631.16249, HttpServerPort: 2324, TcpServerPort: 2323, DeveloperTrace: Single, DebugMode: True, TracePrint: True, ClientTrace: False, EnableStackView: True, SessionTimeOut: 1800, NetworkTimeOut: 30, MirrorPatternMaxVerifyTimes: 3, FormStackMaxCount: 10, RelativeScreen: True, TextFontScaling: True, ResourceDenyLocation: , SysTrace: False
        BasePath: D:\C++Project\SmobilerAppTEST7.17\bin\Debug
        DefaultImagePath: D:\C++Project\SmobilerAppTEST7.17\bin\Debug\Resources\Image
        DefaultAudioPath: D:\C++Project\SmobilerAppTEST7.17\bin\Debug\Resources\Audio
        DefaultDocumentPath: D:\C++Project\SmobilerAppTEST7.17\bin\Debug\Resources\Document
        DefaultUploadPath: D:\C++Project\SmobilerAppTEST7.17\bin\Debug\Resources\Upload
        DefaultMediaPath: D:\C++Project\SmobilerAppTEST7.17\bin\Debug\Resources\Media
        DefaultWebPath: D:\C++Project\SmobilerAppTEST7.17\bin\Debug\Resources\Web
 
2021/07/19 15:21:11 [Server-1] Started 
2021/07/19 15:21:11 [AutoSet-7] Start 
2021/07/19 15:21:29 [TcpAccept-3] 192.168.1.2:33318 
2021/07/19 15:21:29 [861951044423780-192.168.1.2-10] {"deviceOS":"Android","deviceOSVersion":"9","deviceModel":"INE-AL00","screenSize":{"width":1080,"height":2128},"density":3.0,"version":"6.3.1","coreVersion":"6.3.1","autoBuild":false,"isCompany":true,"extraInfo":{"package_name":"com.smobiler.app","display_name":"Smobiler","plugin_msg":null,"lowMemory":false,"languages":["zh-Hans-CN"]}} 
2021/07/19 15:21:48 [TcpAccept-3] 192.168.1.2:33350 
2021/07/19 15:22:09 [TcpAccept-12] 192.168.1.2:33358 
2021/07/19 15:22:46 [Server-1] Stoping 
2021/07/19 15:22:46 [TcpAccept-EX-18] 无法访问已释放的对象。
对象名:“System.Net.Sockets.Socket”。 
2021/07/19 15:22:46 [861951044423780-1] Stop-StopServer-True-- 
2021/07/19 15:22:47 [Server-1] Stoped 
2021/07/19 15:22:47 [AutoSet-7] Stop 
2021/07/19 15:23:26 [Server-1] Starting 
2021/07/19 15:23:26 [Initial-1] Version: 631.16249, HttpServerPort: 2324, TcpServerPort: 2323, DeveloperTrace: Single, DebugMode: True, TracePrint: True, ClientTrace: False, EnableStackView: True, SessionTimeOut: 1800, NetworkTimeOut: 30, MirrorPatternMaxVerifyTimes: 3, FormStackMaxCount: 10, RelativeScreen: True, TextFontScaling: True, ResourceDenyLocation: , SysTrace: False
        BasePath: D:\C++Project\SmobilerAppTEST7.17\bin\Debug
        DefaultImagePath: D:\C++Project\SmobilerAppTEST7.17\bin\Debug\Resources\Image
        DefaultAudioPath: D:\C++Project\SmobilerAppTEST7.17\bin\Debug\Resources\Audio
        DefaultDocumentPath: D:\C++Project\SmobilerAppTEST7.17\bin\Debug\Resources\Document
        DefaultUploadPath: D:\C++Project\SmobilerAppTEST7.17\bin\Debug\Resources\Upload
        DefaultMediaPath: D:\C++Project\SmobilerAppTEST7.17\bin\Debug\Resources\Media
        DefaultWebPath: D:\C++Project\SmobilerAppTEST7.17\bin\Debug\Resources\Web
 
2021/07/19 15:23:26 [Server-1] Started 
2021/07/19 15:23:26 [AutoSet-7] Start 
2021/07/19 15:23:32 [TcpAccept-3] 192.168.1.2:33452 
2021/07/19 15:23:56 [TcpAccept-3] 192.168.1.2:33468 
2021/07/19 15:24:10 [Server-1] Stoping 
2021/07/19 15:24:10 [TcpAccept-EX-11] 无法访问已释放的对象。
对象名:“System.Net.Sockets.Socket”。 
2021/07/19 15:24:10 [861951044423780-1] Stop-StopServer-True-- 
2021/07/19 15:24:11 [Server-1] Stoped 
2021/07/19 15:24:11 [AutoSet-7] Stop 
2021/07/19 15:25:11 [Server-1] Starting 
2021/07/19 15:25:11 [Initial-1] Version: 631.16249, HttpServerPort: 2324, TcpServerPort: 2323, DeveloperTrace: Single, DebugMode: True, TracePrint: True, ClientTrace: False, EnableStackView: True, SessionTimeOut: 1800, NetworkTimeOut: 30, MirrorPatternMaxVerifyTimes: 3, FormStackMaxCount: 10, RelativeScreen: True, TextFontScaling: True, ResourceDenyLocation: , SysTrace: False
        BasePath: D:\C++Project\SmobilerAppTEST7.17\bin\Debug
        DefaultImagePath: D:\C++Project\SmobilerAppTEST7.17\bin\Debug\Resources\Image
        DefaultAudioPath: D:\C++Project\SmobilerAppTEST7.17\bin\Debug\Resources\Audio
        DefaultDocumentPath: D:\C++Project\SmobilerAppTEST7.17\bin\Debug\Resources\Document
        DefaultUploadPath: D:\C++Project\SmobilerAppTEST7.17\bin\Debug\Resources\Upload
        DefaultMediaPath: D:\C++Project\SmobilerAppTEST7.17\bin\Debug\Resources\Media
        DefaultWebPath: D:\C++Project\SmobilerAppTEST7.17\bin\Debug\Resources\Web
 
2021/07/19 15:25:11 [Server-1] Started 
2021/07/19 15:25:11 [AutoSet-7] Start 
2021/07/19 15:25:14 [TcpAccept-3] 192.168.1.2:33476 
2021/07/19 15:25:14 [861951044423780-192.168.1.2-10] {"deviceOS":"Android","deviceOSVersion":"9","deviceModel":"INE-AL00","screenSize":{"width":1080,"height":2128},"density":3.0,"version":"6.3.1","coreVersion":"6.3.1","autoBuild":false,"isCompany":true,"extraInfo":{"package_name":"com.smobiler.app","display_name":"Smobiler","plugin_msg":null,"lowMemory":false,"languages":["zh-Hans-CN"]}} 
2021/07/19 15:25:32 [TcpAccept-3] 192.168.1.2:33484 
2021/07/19 15:26:06 [TcpAccept-17] 192.168.1.2:33486 
2021/07/19 15:26:25 [Server-1] Stoping 
2021/07/19 15:26:25 [TcpAccept-EX-20] 无法访问已释放的对象。
对象名:“System.Net.Sockets.Socket”。 
2021/07/19 15:26:25 [861951044423780-1] Stop-StopServer-True-- 
2021/07/19 15:26:26 [Server-1] Stoped 
2021/07/19 15:26:26 [AutoSet-7] Stop 
2021/07/19 15:27:34 [Server-1] Starting 
2021/07/19 15:27:34 [Initial-1] Version: 631.16249, HttpServerPort: 2324, TcpServerPort: 2323, DeveloperTrace: Single, DebugMode: True, TracePrint: True, ClientTrace: False, EnableStackView: True, SessionTimeOut: 1800, NetworkTimeOut: 30, MirrorPatternMaxVerifyTimes: 3, FormStackMaxCount: 10, RelativeScreen: True, TextFontScaling: True, ResourceDenyLocation: , SysTrace: False
        BasePath: D:\C++Project\SmobilerAppTEST7.17\bin\Debug
        DefaultImagePath: D:\C++Project\SmobilerAppTEST7.17\bin\Debug\Resources\Image
        DefaultAudioPath: D:\C++Project\SmobilerAppTEST7.17\bin\Debug\Resources\Audio
        DefaultDocumentPath: D:\C++Project\SmobilerAppTEST7.17\bin\Debug\Resources\Document
        DefaultUploadPath: D:\C++Project\SmobilerAppTEST7.17\bin\Debug\Resources\Upload
        DefaultMediaPath: D:\C++Project\SmobilerAppTEST7.17\bin\Debug\Resources\Media
        DefaultWebPath: D:\C++Project\SmobilerAppTEST7.17\bin\Debug\Resources\Web
 
2021/07/19 15:27:34 [Server-1] Started 
2021/07/19 15:27:34 [AutoSet-7] Start 
2021/07/19 15:27:37 [TcpAccept-3] 192.168.1.2:33498 
2021/07/19 15:27:37 [861951044423780-192.168.1.2-10] {"deviceOS":"Android","deviceOSVersion":"9","deviceModel":"INE-AL00","screenSize":{"width":1080,"height":2128},"density":3.0,"version":"6.3.1","coreVersion":"6.3.1","autoBuild":false,"isCompany":true,"extraInfo":{"package_name":"com.smobiler.app","display_name":"Smobiler","plugin_msg":null,"lowMemory":false,"languages":["zh-Hans-CN"]}} 
2021/07/19 15:27:54 [TcpAccept-11] 192.168.1.2:33518 
2021/07/19 15:28:06 [Server-1] Stoping 
2021/07/19 15:28:06 [TcpAccept-EX-11] 无法访问已释放的对象。
对象名:“System.Net.Sockets.Socket”。 
2021/07/19 15:28:06 [861951044423780-1] Stop-StopServer-True-- 
2021/07/19 15:28:07 [Server-1] Stoped 
2021/07/19 15:28:07 [AutoSet-7] Stop 
2021/07/19 15:44:46 [Server-1] Starting 
2021/07/19 15:44:46 [Initial-1] Version: 631.16249, HttpServerPort: 2324, TcpServerPort: 2323, DeveloperTrace: Single, DebugMode: True, TracePrint: True, ClientTrace: False, EnableStackView: True, SessionTimeOut: 1800, NetworkTimeOut: 30, MirrorPatternMaxVerifyTimes: 3, FormStackMaxCount: 10, RelativeScreen: True, TextFontScaling: True, ResourceDenyLocation: , SysTrace: False
        BasePath: D:\C++Project\SmobilerAppTEST7.17\bin\Debug
        DefaultImagePath: D:\C++Project\SmobilerAppTEST7.17\bin\Debug\Resources\Image
        DefaultAudioPath: D:\C++Project\SmobilerAppTEST7.17\bin\Debug\Resources\Audio
        DefaultDocumentPath: D:\C++Project\SmobilerAppTEST7.17\bin\Debug\Resources\Document
        DefaultUploadPath: D:\C++Project\SmobilerAppTEST7.17\bin\Debug\Resources\Upload
        DefaultMediaPath: D:\C++Project\SmobilerAppTEST7.17\bin\Debug\Resources\Media
        DefaultWebPath: D:\C++Project\SmobilerAppTEST7.17\bin\Debug\Resources\Web
 
2021/07/19 15:44:46 [Server-1] Started 
2021/07/19 15:44:46 [AutoSet-7] Start 
2021/07/19 15:44:49 [TcpAccept-3] 192.168.1.2:51810 
2021/07/19 15:44:49 [861951044423780-192.168.1.2-11] {"deviceOS":"Android","deviceOSVersion":"9","deviceModel":"INE-AL00","screenSize":{"width":1080,"height":2128},"density":3.0,"version":"6.3.1","coreVersion":"6.3.1","autoBuild":false,"isCompany":true,"extraInfo":{"package_name":"com.smobiler.app","display_name":"Smobiler","plugin_msg":null,"lowMemory":false,"languages":["zh-Hans-CN"]}} 
2021/07/19 15:45:10 [Server-1] Stoping 
2021/07/19 15:45:10 [TcpAccept-EX-11] 无法访问已释放的对象。
对象名:“System.Net.Sockets.Socket”。 
2021/07/19 15:45:10 [861951044423780-1] Stop-StopServer-True-- 
2021/07/19 15:45:11 [Server-1] Stoped 
2021/07/19 15:45:11 [AutoSet-7] Stop 
2021/07/19 15:46:03 [Server-1] Starting 
2021/07/19 15:46:03 [Initial-1] Version: 631.16249, HttpServerPort: 2324, TcpServerPort: 2323, DeveloperTrace: Single, DebugMode: True, TracePrint: True, ClientTrace: False, EnableStackView: True, SessionTimeOut: 1800, NetworkTimeOut: 30, MirrorPatternMaxVerifyTimes: 3, FormStackMaxCount: 10, RelativeScreen: True, TextFontScaling: True, ResourceDenyLocation: , SysTrace: False
        BasePath: D:\C++Project\SmobilerAppTEST7.17\bin\Debug
        DefaultImagePath: D:\C++Project\SmobilerAppTEST7.17\bin\Debug\Resources\Image
        DefaultAudioPath: D:\C++Project\SmobilerAppTEST7.17\bin\Debug\Resources\Audio
        DefaultDocumentPath: D:\C++Project\SmobilerAppTEST7.17\bin\Debug\Resources\Document
        DefaultUploadPath: D:\C++Project\SmobilerAppTEST7.17\bin\Debug\Resources\Upload
        DefaultMediaPath: D:\C++Project\SmobilerAppTEST7.17\bin\Debug\Resources\Media
        DefaultWebPath: D:\C++Project\SmobilerAppTEST7.17\bin\Debug\Resources\Web
 
2021/07/19 15:46:03 [Server-1] Started 
2021/07/19 15:46:03 [AutoSet-7] Start 
2021/07/19 15:46:06 [TcpAccept-3] 192.168.1.2:51826 
2021/07/19 15:46:06 [861951044423780-192.168.1.2-10] {"deviceOS":"Android","deviceOSVersion":"9","deviceModel":"INE-AL00","screenSize":{"width":1080,"height":2128},"density":3.0,"version":"6.3.1","coreVersion":"6.3.1","autoBuild":false,"isCompany":true,"extraInfo":{"package_name":"com.smobiler.app","display_name":"Smobiler","plugin_msg":null,"lowMemory":false,"languages":["zh-Hans-CN"]}} 
2021/07/19 15:46:25 [TcpAccept-10] 192.168.1.2:51838 
2021/07/19 15:48:35 [Server-1] Starting 
2021/07/19 15:48:35 [Initial-1] Version: 631.16249, HttpServerPort: 2324, TcpServerPort: 2323, DeveloperTrace: Single, DebugMode: False, TracePrint: True, ClientTrace: False, EnableStackView: True, SessionTimeOut: 1800, NetworkTimeOut: 30, MirrorPatternMaxVerifyTimes: 3, FormStackMaxCount: 10, RelativeScreen: True, TextFontScaling: True, ResourceDenyLocation: , SysTrace: False
        BasePath: D:\C++Project\SmobilerAppTEST7.17\bin\Debug
        DefaultImagePath: D:\C++Project\SmobilerAppTEST7.17\bin\Debug\Resources\Image
        DefaultAudioPath: D:\C++Project\SmobilerAppTEST7.17\bin\Debug\Resources\Audio
        DefaultDocumentPath: D:\C++Project\SmobilerAppTEST7.17\bin\Debug\Resources\Document
        DefaultUploadPath: D:\C++Project\SmobilerAppTEST7.17\bin\Debug\Resources\Upload
        DefaultMediaPath: D:\C++Project\SmobilerAppTEST7.17\bin\Debug\Resources\Media
        DefaultWebPath: D:\C++Project\SmobilerAppTEST7.17\bin\Debug\Resources\Web
 
2021/07/19 15:48:35 [Server-1] Started 
2021/07/19 15:48:36 [TcpAccept-3] 192.168.1.2:51840 
2021/07/19 15:48:36 [861951044423780-192.168.1.2-8] {"deviceOS":"Android","deviceOSVersion":"9","deviceModel":"INE-AL00","screenSize":{"width":1080,"height":2128},"density":3.0,"version":"6.3.1","coreVersion":"6.3.1","autoBuild":false,"isCompany":true,"extraInfo":{"package_name":"com.smobiler.app","display_name":"Smobiler","plugin_msg":null,"lowMemory":false,"languages":["zh-Hans-CN"]}} 
2021/07/19 15:49:10 [Server-1] Stoping 
2021/07/19 15:49:10 [TcpAccept-EX-8] 无法访问已释放的对象。
对象名:“System.Net.Sockets.Socket”。 
2021/07/19 15:49:10 [861951044423780-1] Stop-StopServer-True-- 
2021/07/19 15:49:11 [Server-1] Stoped 
2021/07/19 15:49:11 [AutoSet-7] Stop 
2021/07/19 15:50:02 [Server-1] Starting 
2021/07/19 15:50:02 [Initial-1] Version: 631.16249, HttpServerPort: 2324, TcpServerPort: 2323, DeveloperTrace: Single, DebugMode: True, TracePrint: True, ClientTrace: False, EnableStackView: True, SessionTimeOut: 1800, NetworkTimeOut: 30, MirrorPatternMaxVerifyTimes: 3, FormStackMaxCount: 10, RelativeScreen: True, TextFontScaling: True, ResourceDenyLocation: , SysTrace: False
        BasePath: D:\C++Project\SmobilerAppTEST7.17\bin\Debug
        DefaultImagePath: D:\C++Project\SmobilerAppTEST7.17\bin\Debug\Resources\Image
        DefaultAudioPath: D:\C++Project\SmobilerAppTEST7.17\bin\Debug\Resources\Audio
        DefaultDocumentPath: D:\C++Project\SmobilerAppTEST7.17\bin\Debug\Resources\Document
        DefaultUploadPath: D:\C++Project\SmobilerAppTEST7.17\bin\Debug\Resources\Upload
        DefaultMediaPath: D:\C++Project\SmobilerAppTEST7.17\bin\Debug\Resources\Media
        DefaultWebPath: D:\C++Project\SmobilerAppTEST7.17\bin\Debug\Resources\Web
 
2021/07/19 15:50:02 [Server-1] Started 
2021/07/19 15:50:02 [AutoSet-7] Start 
2021/07/19 15:50:06 [TcpAccept-3] 192.168.1.2:51854 
2021/07/19 15:50:06 [861951044423780-192.168.1.2-11] {"deviceOS":"Android","deviceOSVersion":"9","deviceModel":"INE-AL00","screenSize":{"width":1080,"height":2128},"density":3.0,"version":"6.3.1","coreVersion":"6.3.1","autoBuild":false,"isCompany":true,"extraInfo":{"package_name":"com.smobiler.app","display_name":"Smobiler","plugin_msg":null,"lowMemory":false,"languages":["zh-Hans-CN"]}} 
2021/07/19 15:50:27 [TcpAccept-11] 192.168.1.2:51862 
2021/07/19 15:51:15 [TcpAccept-11] 192.168.1.2:51864 
2021/07/19 15:51:32 [TcpAccept-15] 192.168.1.2:51866 
