2021/07/20 11:53:31 [Server-1] Starting 
2021/07/20 11:53:32 [Initial-1] Version: 631.16249, HttpServerPort: 2324, TcpServerPort: 2323, DeveloperTrace: Single, DebugMode: True, TracePrint: True, ClientTrace: False, EnableStackView: True, SessionTimeOut: 1800, NetworkTimeOut: 30, MirrorPatternMaxVerifyTimes: 3, FormStackMaxCount: 10, RelativeScreen: True, TextFontScaling: True, ResourceDenyLocation: , SysTrace: False
        BasePath: D:\C++Project\SmobilerAppTEST7.17\bin\Debug
        DefaultImagePath: D:\C++Project\SmobilerAppTEST7.17\bin\Debug\Resources\Image
        DefaultAudioPath: D:\C++Project\SmobilerAppTEST7.17\bin\Debug\Resources\Audio
        DefaultDocumentPath: D:\C++Project\SmobilerAppTEST7.17\bin\Debug\Resources\Document
        DefaultUploadPath: D:\C++Project\SmobilerAppTEST7.17\bin\Debug\Resources\Upload
        DefaultMediaPath: D:\C++Project\SmobilerAppTEST7.17\bin\Debug\Resources\Media
        DefaultWebPath: D:\C++Project\SmobilerAppTEST7.17\bin\Debug\Resources\Web
 
2021/07/20 11:53:32 [Server-1] Started 
2021/07/20 11:53:32 [AutoSet-7] Start 
2021/07/20 11:53:42 [TcpAccept-3] 192.168.1.2:20495 
2021/07/20 11:53:42 [861951044423780-192.168.1.2-10] {"deviceOS":"Android","deviceOSVersion":"9","deviceModel":"INE-AL00","screenSize":{"width":1080,"height":2128},"density":3.0,"version":"6.3.1","coreVersion":"6.3.1","autoBuild":false,"isCompany":true,"extraInfo":{"package_name":"com.smobiler.app","display_name":"Smobiler","plugin_msg":null,"lowMemory":false,"languages":["zh-Hans-CN"]}} 
2021/07/20 11:54:16 [Server-1] Stoping 
2021/07/20 11:54:16 [861951044423780-1] Stop-StopServer-True-- 
2021/07/20 11:54:16 [TcpAccept-EX-15] 无法访问已释放的对象。
对象名:“System.Net.Sockets.Socket”。 
2021/07/20 11:54:17 [Server-1] Stoped 
2021/07/20 11:54:17 [AutoSet-7] Stop 
2021/07/20 11:54:37 [Server-1] Starting 
2021/07/20 11:54:37 [Initial-1] Version: 631.16249, HttpServerPort: 2324, TcpServerPort: 2323, DeveloperTrace: Single, DebugMode: True, TracePrint: True, ClientTrace: False, EnableStackView: True, SessionTimeOut: 1800, NetworkTimeOut: 30, MirrorPatternMaxVerifyTimes: 3, FormStackMaxCount: 10, RelativeScreen: True, TextFontScaling: True, ResourceDenyLocation: , SysTrace: False
        BasePath: D:\C++Project\SmobilerAppTEST7.17\bin\Debug
        DefaultImagePath: D:\C++Project\SmobilerAppTEST7.17\bin\Debug\Resources\Image
        DefaultAudioPath: D:\C++Project\SmobilerAppTEST7.17\bin\Debug\Resources\Audio
        DefaultDocumentPath: D:\C++Project\SmobilerAppTEST7.17\bin\Debug\Resources\Document
        DefaultUploadPath: D:\C++Project\SmobilerAppTEST7.17\bin\Debug\Resources\Upload
        DefaultMediaPath: D:\C++Project\SmobilerAppTEST7.17\bin\Debug\Resources\Media
        DefaultWebPath: D:\C++Project\SmobilerAppTEST7.17\bin\Debug\Resources\Web
 
2021/07/20 11:54:37 [Server-1] Started 
2021/07/20 11:54:37 [AutoSet-7] Start 
2021/07/20 11:54:39 [TcpAccept-3] 192.168.1.2:44200 
2021/07/20 11:55:09 [Server-1] Stoping 
2021/07/20 11:55:09 [TcpAccept-EX-3] 无法访问已释放的对象。
对象名:“System.Net.Sockets.Socket”。 
2021/07/20 11:55:09 [861951044423780-1] Stop-StopServer-True-- 
2021/07/20 11:55:10 [Server-1] Stoped 
2021/07/20 11:55:10 [AutoSet-7] Stop 
2021/07/20 12:00:21 [Server-1] Starting 
2021/07/20 12:00:22 [Initial-1] Version: 631.16249, HttpServerPort: 2324, TcpServerPort: 2323, DeveloperTrace: Single, DebugMode: True, TracePrint: True, ClientTrace: False, EnableStackView: True, SessionTimeOut: 1800, NetworkTimeOut: 30, MirrorPatternMaxVerifyTimes: 3, FormStackMaxCount: 10, RelativeScreen: True, TextFontScaling: True, ResourceDenyLocation: , SysTrace: False
        BasePath: D:\C++Project\SmobilerAppTEST7.17\bin\Debug
        DefaultImagePath: D:\C++Project\SmobilerAppTEST7.17\bin\Debug\Resources\Image
        DefaultAudioPath: D:\C++Project\SmobilerAppTEST7.17\bin\Debug\Resources\Audio
        DefaultDocumentPath: D:\C++Project\SmobilerAppTEST7.17\bin\Debug\Resources\Document
        DefaultUploadPath: D:\C++Project\SmobilerAppTEST7.17\bin\Debug\Resources\Upload
        DefaultMediaPath: D:\C++Project\SmobilerAppTEST7.17\bin\Debug\Resources\Media
        DefaultWebPath: D:\C++Project\SmobilerAppTEST7.17\bin\Debug\Resources\Web
 
2021/07/20 12:00:22 [Server-1] Started 
2021/07/20 12:00:22 [AutoSet-7] Start 
2021/07/20 12:00:25 [TcpAccept-3] 192.168.1.2:44436 
2021/07/20 12:00:25 [861951044423780-192.168.1.2-11] {"deviceOS":"Android","deviceOSVersion":"9","deviceModel":"INE-AL00","screenSize":{"width":1080,"height":2128},"density":3.0,"version":"6.3.1","coreVersion":"6.3.1","autoBuild":false,"isCompany":true,"extraInfo":{"package_name":"com.smobiler.app","display_name":"Smobiler","plugin_msg":null,"lowMemory":false,"languages":["zh-Hans-CN"]}} 
2021/07/20 14:42:28 [Server-1] Starting 
2021/07/20 14:42:28 [Initial-1] Version: 631.16249, HttpServerPort: 2324, TcpServerPort: 2323, DeveloperTrace: Single, DebugMode: True, TracePrint: True, ClientTrace: False, EnableStackView: True, SessionTimeOut: 1800, NetworkTimeOut: 30, MirrorPatternMaxVerifyTimes: 3, FormStackMaxCount: 10, RelativeScreen: True, TextFontScaling: True, ResourceDenyLocation: , SysTrace: False
        BasePath: D:\C++Project\SmobilerAppTEST7.17\bin\Debug
        DefaultImagePath: D:\C++Project\SmobilerAppTEST7.17\bin\Debug\Resources\Image
        DefaultAudioPath: D:\C++Project\SmobilerAppTEST7.17\bin\Debug\Resources\Audio
        DefaultDocumentPath: D:\C++Project\SmobilerAppTEST7.17\bin\Debug\Resources\Document
        DefaultUploadPath: D:\C++Project\SmobilerAppTEST7.17\bin\Debug\Resources\Upload
        DefaultMediaPath: D:\C++Project\SmobilerAppTEST7.17\bin\Debug\Resources\Media
        DefaultWebPath: D:\C++Project\SmobilerAppTEST7.17\bin\Debug\Resources\Web
 
2021/07/20 14:42:28 [Server-1] Started 
2021/07/20 14:42:28 [AutoSet-7] Start 
2021/07/20 14:42:45 [TcpAccept-3] 192.168.1.2:60604 
2021/07/20 14:42:45 [861951044423780-192.168.1.2-10] {"deviceOS":"Android","deviceOSVersion":"9","deviceModel":"INE-AL00","screenSize":{"width":1080,"height":2128},"density":3.0,"version":"6.3.1","coreVersion":"6.3.1","autoBuild":false,"isCompany":true,"extraInfo":{"package_name":"com.smobiler.app","display_name":"Smobiler","plugin_msg":null,"lowMemory":false,"languages":["zh-Hans-CN"]}} 
2021/07/20 14:44:18 [Server-1] Starting 
2021/07/20 14:44:18 [Initial-1] Version: 631.16249, HttpServerPort: 2324, TcpServerPort: 2323, DeveloperTrace: Single, DebugMode: True, TracePrint: True, ClientTrace: False, EnableStackView: True, SessionTimeOut: 1800, NetworkTimeOut: 30, MirrorPatternMaxVerifyTimes: 3, FormStackMaxCount: 10, RelativeScreen: True, TextFontScaling: True, ResourceDenyLocation: , SysTrace: False
        BasePath: D:\C++Project\SmobilerAppTEST7.17\bin\Debug
        DefaultImagePath: D:\C++Project\SmobilerAppTEST7.17\bin\Debug\Resources\Image
        DefaultAudioPath: D:\C++Project\SmobilerAppTEST7.17\bin\Debug\Resources\Audio
        DefaultDocumentPath: D:\C++Project\SmobilerAppTEST7.17\bin\Debug\Resources\Document
        DefaultUploadPath: D:\C++Project\SmobilerAppTEST7.17\bin\Debug\Resources\Upload
        DefaultMediaPath: D:\C++Project\SmobilerAppTEST7.17\bin\Debug\Resources\Media
        DefaultWebPath: D:\C++Project\SmobilerAppTEST7.17\bin\Debug\Resources\Web
 
2021/07/20 14:44:19 [Server-1] Started 
2021/07/20 14:44:19 [AutoSet-7] Start 
2021/07/20 14:44:21 [TcpAccept-3] 192.168.1.2:33126 
2021/07/20 14:44:21 [861951044423780-192.168.1.2-10] {"deviceOS":"Android","deviceOSVersion":"9","deviceModel":"INE-AL00","screenSize":{"width":1080,"height":2128},"density":3.0,"version":"6.3.1","coreVersion":"6.3.1","autoBuild":false,"isCompany":true,"extraInfo":{"package_name":"com.smobiler.app","display_name":"Smobiler","plugin_msg":null,"lowMemory":false,"languages":["zh-Hans-CN"]}} 
2021/07/20 14:44:53 [Server-1] Stoping 
2021/07/20 14:44:53 [861951044423780-1] Stop-StopServer-True-- 
2021/07/20 14:44:53 [TcpAccept-EX-11] 无法访问已释放的对象。
对象名:“System.Net.Sockets.Socket”。 
2021/07/20 14:44:54 [Server-1] Stoped 
2021/07/20 14:44:54 [AutoSet-7] Stop 
2021/07/20 14:45:17 [Server-1] Starting 
2021/07/20 14:45:17 [Initial-1] Version: 631.16249, HttpServerPort: 2324, TcpServerPort: 2323, DeveloperTrace: Single, DebugMode: True, TracePrint: True, ClientTrace: False, EnableStackView: True, SessionTimeOut: 1800, NetworkTimeOut: 30, MirrorPatternMaxVerifyTimes: 3, FormStackMaxCount: 10, RelativeScreen: True, TextFontScaling: True, ResourceDenyLocation: , SysTrace: False
        BasePath: D:\C++Project\SmobilerAppTEST7.17\bin\Debug
        DefaultImagePath: D:\C++Project\SmobilerAppTEST7.17\bin\Debug\Resources\Image
        DefaultAudioPath: D:\C++Project\SmobilerAppTEST7.17\bin\Debug\Resources\Audio
        DefaultDocumentPath: D:\C++Project\SmobilerAppTEST7.17\bin\Debug\Resources\Document
        DefaultUploadPath: D:\C++Project\SmobilerAppTEST7.17\bin\Debug\Resources\Upload
        DefaultMediaPath: D:\C++Project\SmobilerAppTEST7.17\bin\Debug\Resources\Media
        DefaultWebPath: D:\C++Project\SmobilerAppTEST7.17\bin\Debug\Resources\Web
 
2021/07/20 14:45:18 [Server-1] Started 
2021/07/20 14:45:18 [AutoSet-7] Start 
2021/07/20 14:45:20 [TcpAccept-3] 192.168.1.2:33134 
2021/07/20 14:45:20 [861951044423780-192.168.1.2-10] {"deviceOS":"Android","deviceOSVersion":"9","deviceModel":"INE-AL00","screenSize":{"width":1080,"height":2128},"density":3.0,"version":"6.3.1","coreVersion":"6.3.1","autoBuild":false,"isCompany":true,"extraInfo":{"package_name":"com.smobiler.app","display_name":"Smobiler","plugin_msg":null,"lowMemory":false,"languages":["zh-Hans-CN"]}} 
2021/07/20 14:58:46 [TcpAccept-12] 192.168.1.104:56717 
2021/07/20 14:59:00 [TcpAccept-12] 192.168.1.2:33248 
2021/07/20 15:16:33 [Server-1] Starting 
2021/07/20 15:16:33 [Initial-1] Version: 631.16249, HttpServerPort: 2324, TcpServerPort: 2323, DeveloperTrace: Single, DebugMode: True, TracePrint: True, ClientTrace: False, EnableStackView: True, SessionTimeOut: 1800, NetworkTimeOut: 30, MirrorPatternMaxVerifyTimes: 3, FormStackMaxCount: 10, RelativeScreen: True, TextFontScaling: True, ResourceDenyLocation: , SysTrace: False
        BasePath: D:\C++Project\SmobilerAppTEST7.17\bin\Debug
        DefaultImagePath: D:\C++Project\SmobilerAppTEST7.17\bin\Debug\Resources\Image
        DefaultAudioPath: D:\C++Project\SmobilerAppTEST7.17\bin\Debug\Resources\Audio
        DefaultDocumentPath: D:\C++Project\SmobilerAppTEST7.17\bin\Debug\Resources\Document
        DefaultUploadPath: D:\C++Project\SmobilerAppTEST7.17\bin\Debug\Resources\Upload
        DefaultMediaPath: D:\C++Project\SmobilerAppTEST7.17\bin\Debug\Resources\Media
        DefaultWebPath: D:\C++Project\SmobilerAppTEST7.17\bin\Debug\Resources\Web
 
2021/07/20 15:16:33 [Server-1] Started 
2021/07/20 15:16:33 [AutoSet-7] Start 
2021/07/20 15:16:36 [Server-1] Stoping 
2021/07/20 15:16:36 [TcpAccept-EX-8] 无法访问已释放的对象。
对象名:“System.Net.Sockets.Socket”。 
2021/07/20 15:16:37 [Server-1] Stoped 
2021/07/20 15:16:37 [AutoSet-7] Stop 
2021/07/20 15:18:49 [Server-1] Starting 
2021/07/20 15:18:49 [Initial-1] Version: 631.16249, HttpServerPort: 2324, TcpServerPort: 2323, DeveloperTrace: Single, DebugMode: True, TracePrint: True, ClientTrace: False, EnableStackView: True, SessionTimeOut: 1800, NetworkTimeOut: 30, MirrorPatternMaxVerifyTimes: 3, FormStackMaxCount: 10, RelativeScreen: True, TextFontScaling: True, ResourceDenyLocation: , SysTrace: False
        BasePath: D:\C++Project\SmobilerAppTEST7.17\bin\Debug
        DefaultImagePath: D:\C++Project\SmobilerAppTEST7.17\bin\Debug\Resources\Image
        DefaultAudioPath: D:\C++Project\SmobilerAppTEST7.17\bin\Debug\Resources\Audio
        DefaultDocumentPath: D:\C++Project\SmobilerAppTEST7.17\bin\Debug\Resources\Document
        DefaultUploadPath: D:\C++Project\SmobilerAppTEST7.17\bin\Debug\Resources\Upload
        DefaultMediaPath: D:\C++Project\SmobilerAppTEST7.17\bin\Debug\Resources\Media
        DefaultWebPath: D:\C++Project\SmobilerAppTEST7.17\bin\Debug\Resources\Web
 
2021/07/20 15:18:49 [Server-1] Started 
2021/07/20 15:18:49 [AutoSet-7] Start 
2021/07/20 15:18:52 [TcpAccept-3] 192.168.1.2:51584 
2021/07/20 15:18:52 [861951044423780-192.168.1.2-10] {"deviceOS":"Android","deviceOSVersion":"9","deviceModel":"INE-AL00","screenSize":{"width":1080,"height":2128},"density":3.0,"version":"6.3.1","coreVersion":"6.3.1","autoBuild":false,"isCompany":true,"extraInfo":{"package_name":"com.smobiler.app","display_name":"Smobiler","plugin_msg":null,"lowMemory":false,"languages":["zh-Hans-CN"]}} 
2021/07/20 15:19:25 [Server-1] Stoping 
2021/07/20 15:19:25 [861951044423780-1] Stop-StopServer-True-- 
2021/07/20 15:19:25 [TcpAccept-EX-14] 无法访问已释放的对象。
对象名:“System.Net.Sockets.Socket”。 
2021/07/20 15:19:26 [Server-1] Stoped 
2021/07/20 15:19:26 [AutoSet-7] Stop 
2021/07/20 15:19:34 [Server-1] Starting 
2021/07/20 15:19:34 [Initial-1] Version: 631.16249, HttpServerPort: 2324, TcpServerPort: 2323, DeveloperTrace: Single, DebugMode: True, TracePrint: True, ClientTrace: False, EnableStackView: True, SessionTimeOut: 1800, NetworkTimeOut: 30, MirrorPatternMaxVerifyTimes: 3, FormStackMaxCount: 10, RelativeScreen: True, TextFontScaling: True, ResourceDenyLocation: , SysTrace: False
        BasePath: D:\C++Project\SmobilerAppTEST7.17\bin\Debug
        DefaultImagePath: D:\C++Project\SmobilerAppTEST7.17\bin\Debug\Resources\Image
        DefaultAudioPath: D:\C++Project\SmobilerAppTEST7.17\bin\Debug\Resources\Audio
        DefaultDocumentPath: D:\C++Project\SmobilerAppTEST7.17\bin\Debug\Resources\Document
        DefaultUploadPath: D:\C++Project\SmobilerAppTEST7.17\bin\Debug\Resources\Upload
        DefaultMediaPath: D:\C++Project\SmobilerAppTEST7.17\bin\Debug\Resources\Media
        DefaultWebPath: D:\C++Project\SmobilerAppTEST7.17\bin\Debug\Resources\Web
 
2021/07/20 15:19:34 [Server-1] Started 
2021/07/20 15:19:34 [AutoSet-7] Start 
2021/07/20 15:19:38 [TcpAccept-3] 192.168.1.2:51596 
2021/07/20 15:19:38 [861951044423780-192.168.1.2-10] {"deviceOS":"Android","deviceOSVersion":"9","deviceModel":"INE-AL00","screenSize":{"width":1080,"height":2128},"density":3.0,"version":"6.3.1","coreVersion":"6.3.1","autoBuild":false,"isCompany":true,"extraInfo":{"package_name":"com.smobiler.app","display_name":"Smobiler","plugin_msg":null,"lowMemory":false,"languages":["zh-Hans-CN"]}} 
2021/07/20 15:20:12 [Server-1] Stoping 
2021/07/20 15:20:12 [861951044423780-1] Stop-StopServer-True-- 
2021/07/20 15:20:12 [TcpAccept-EX-14] 无法访问已释放的对象。
对象名:“System.Net.Sockets.Socket”。 
2021/07/20 15:20:13 [Server-1] Stoped 
2021/07/20 15:20:13 [AutoSet-7] Stop 
2021/07/20 15:24:36 [Server-1] Starting 
2021/07/20 15:24:36 [Initial-1] Version: 631.16249, HttpServerPort: 2324, TcpServerPort: 2323, DeveloperTrace: Single, DebugMode: True, TracePrint: True, ClientTrace: False, EnableStackView: True, SessionTimeOut: 1800, NetworkTimeOut: 30, MirrorPatternMaxVerifyTimes: 3, FormStackMaxCount: 10, RelativeScreen: True, TextFontScaling: True, ResourceDenyLocation: , SysTrace: False
        BasePath: D:\C++Project\SmobilerAppTEST7.17\bin\Debug
        DefaultImagePath: D:\C++Project\SmobilerAppTEST7.17\bin\Debug\Resources\Image
        DefaultAudioPath: D:\C++Project\SmobilerAppTEST7.17\bin\Debug\Resources\Audio
        DefaultDocumentPath: D:\C++Project\SmobilerAppTEST7.17\bin\Debug\Resources\Document
        DefaultUploadPath: D:\C++Project\SmobilerAppTEST7.17\bin\Debug\Resources\Upload
        DefaultMediaPath: D:\C++Project\SmobilerAppTEST7.17\bin\Debug\Resources\Media
        DefaultWebPath: D:\C++Project\SmobilerAppTEST7.17\bin\Debug\Resources\Web
 
2021/07/20 15:24:36 [Server-1] Started 
2021/07/20 15:24:36 [AutoSet-7] Start 
2021/07/20 15:24:39 [TcpAccept-3] 192.168.1.2:41578 
2021/07/20 15:24:39 [861951044423780-192.168.1.2-11] {"deviceOS":"Android","deviceOSVersion":"9","deviceModel":"INE-AL00","screenSize":{"width":1080,"height":2128},"density":3.0,"version":"6.3.1","coreVersion":"6.3.1","autoBuild":false,"isCompany":true,"extraInfo":{"package_name":"com.smobiler.app","display_name":"Smobiler","plugin_msg":null,"lowMemory":false,"languages":["zh-Hans-CN"]}} 
2021/07/20 15:25:57 [Server-1] Starting 
2021/07/20 15:25:57 [Initial-1] Version: 631.16249, HttpServerPort: 2324, TcpServerPort: 2323, DeveloperTrace: Single, DebugMode: True, TracePrint: True, ClientTrace: False, EnableStackView: True, SessionTimeOut: 1800, NetworkTimeOut: 30, MirrorPatternMaxVerifyTimes: 3, FormStackMaxCount: 10, RelativeScreen: True, TextFontScaling: True, ResourceDenyLocation: , SysTrace: False
        BasePath: D:\C++Project\SmobilerAppTEST7.17\bin\Debug
        DefaultImagePath: D:\C++Project\SmobilerAppTEST7.17\bin\Debug\Resources\Image
        DefaultAudioPath: D:\C++Project\SmobilerAppTEST7.17\bin\Debug\Resources\Audio
        DefaultDocumentPath: D:\C++Project\SmobilerAppTEST7.17\bin\Debug\Resources\Document
        DefaultUploadPath: D:\C++Project\SmobilerAppTEST7.17\bin\Debug\Resources\Upload
        DefaultMediaPath: D:\C++Project\SmobilerAppTEST7.17\bin\Debug\Resources\Media
        DefaultWebPath: D:\C++Project\SmobilerAppTEST7.17\bin\Debug\Resources\Web
 
2021/07/20 15:25:57 [Server-1] Started 
2021/07/20 15:25:57 [AutoSet-7] Start 
2021/07/20 15:25:58 [TcpAccept-3] 192.168.1.2:41640 
2021/07/20 15:25:58 [861951044423780-192.168.1.2-10] {"deviceOS":"Android","deviceOSVersion":"9","deviceModel":"INE-AL00","screenSize":{"width":1080,"height":2128},"density":3.0,"version":"6.3.1","coreVersion":"6.3.1","autoBuild":false,"isCompany":true,"extraInfo":{"package_name":"com.smobiler.app","display_name":"Smobiler","plugin_msg":null,"lowMemory":false,"languages":["zh-Hans-CN"]}} 
2021/07/20 15:56:39 [Server-1] Starting 
2021/07/20 15:56:39 [Initial-1] Version: 631.16249, HttpServerPort: 2324, TcpServerPort: 2323, DeveloperTrace: Single, DebugMode: True, TracePrint: True, ClientTrace: False, EnableStackView: True, SessionTimeOut: 1800, NetworkTimeOut: 30, MirrorPatternMaxVerifyTimes: 3, FormStackMaxCount: 10, RelativeScreen: True, TextFontScaling: True, ResourceDenyLocation: , SysTrace: False
        BasePath: D:\C++Project\SmobilerAppTEST7.17\bin\Debug
        DefaultImagePath: D:\C++Project\SmobilerAppTEST7.17\bin\Debug\Resources\Image
        DefaultAudioPath: D:\C++Project\SmobilerAppTEST7.17\bin\Debug\Resources\Audio
        DefaultDocumentPath: D:\C++Project\SmobilerAppTEST7.17\bin\Debug\Resources\Document
        DefaultUploadPath: D:\C++Project\SmobilerAppTEST7.17\bin\Debug\Resources\Upload
        DefaultMediaPath: D:\C++Project\SmobilerAppTEST7.17\bin\Debug\Resources\Media
        DefaultWebPath: D:\C++Project\SmobilerAppTEST7.17\bin\Debug\Resources\Web
 
2021/07/20 15:56:39 [Server-1] Started 
2021/07/20 15:56:39 [AutoSet-7] Start 
2021/07/20 15:56:41 [TcpAccept-3] 192.168.1.2:60034 
2021/07/20 15:56:41 [861951044423780-192.168.1.2-12] {"deviceOS":"Android","deviceOSVersion":"9","deviceModel":"INE-AL00","screenSize":{"width":1080,"height":2128},"density":3.0,"version":"6.3.1","coreVersion":"6.3.1","autoBuild":false,"isCompany":true,"extraInfo":{"package_name":"com.smobiler.app","display_name":"Smobiler","plugin_msg":null,"lowMemory":false,"languages":["zh-Hans-CN"]}} 
2021/07/20 15:56:46 [Server-1] Stoping 
2021/07/20 15:56:46 [861951044423780-1] Stop-StopServer-True-- 
2021/07/20 15:56:46 [TcpAccept-EX-10] 无法访问已释放的对象。
对象名:“System.Net.Sockets.Socket”。 
2021/07/20 15:56:47 [Server-1] Stoped 
2021/07/20 15:56:47 [AutoSet-7] Stop 
2021/07/20 15:59:16 [Server-1] Starting 
2021/07/20 15:59:16 [Initial-1] Version: 631.16249, HttpServerPort: 2324, TcpServerPort: 2323, DeveloperTrace: Single, DebugMode: True, TracePrint: True, ClientTrace: False, EnableStackView: True, SessionTimeOut: 1800, NetworkTimeOut: 30, MirrorPatternMaxVerifyTimes: 3, FormStackMaxCount: 10, RelativeScreen: True, TextFontScaling: True, ResourceDenyLocation: , SysTrace: False
        BasePath: D:\C++Project\SmobilerAppTEST7.17\bin\Debug
        DefaultImagePath: D:\C++Project\SmobilerAppTEST7.17\bin\Debug\Resources\Image
        DefaultAudioPath: D:\C++Project\SmobilerAppTEST7.17\bin\Debug\Resources\Audio
        DefaultDocumentPath: D:\C++Project\SmobilerAppTEST7.17\bin\Debug\Resources\Document
        DefaultUploadPath: D:\C++Project\SmobilerAppTEST7.17\bin\Debug\Resources\Upload
        DefaultMediaPath: D:\C++Project\SmobilerAppTEST7.17\bin\Debug\Resources\Media
        DefaultWebPath: D:\C++Project\SmobilerAppTEST7.17\bin\Debug\Resources\Web
 
2021/07/20 15:59:16 [Server-1] Started 
2021/07/20 15:59:16 [AutoSet-7] Start 
2021/07/20 15:59:27 [TcpAccept-3] 192.168.1.2:60044 
2021/07/20 15:59:27 [861951044423780-192.168.1.2-11] {"deviceOS":"Android","deviceOSVersion":"9","deviceModel":"INE-AL00","screenSize":{"width":1080,"height":2128},"density":3.0,"version":"6.3.1","coreVersion":"6.3.1","autoBuild":false,"isCompany":true,"extraInfo":{"package_name":"com.smobiler.app","display_name":"Smobiler","plugin_msg":null,"lowMemory":false,"languages":["zh-Hans-CN"]}} 
2021/07/20 15:59:48 [Server-1] Stoping 
2021/07/20 15:59:48 [861951044423780-1] Stop-StopServer-True-- 
2021/07/20 15:59:48 [TcpAccept-EX-3] 无法访问已释放的对象。
对象名:“System.Net.Sockets.Socket”。 
2021/07/20 15:59:49 [Server-1] Stoped 
2021/07/20 15:59:49 [AutoSet-7] Stop 
2021/07/20 16:05:34 [Server-1] Starting 
2021/07/20 16:05:34 [Initial-1] Version: 631.16249, HttpServerPort: 2324, TcpServerPort: 2323, DeveloperTrace: Single, DebugMode: True, TracePrint: True, ClientTrace: False, EnableStackView: True, SessionTimeOut: 1800, NetworkTimeOut: 30, MirrorPatternMaxVerifyTimes: 3, FormStackMaxCount: 10, RelativeScreen: True, TextFontScaling: True, ResourceDenyLocation: , SysTrace: False
        BasePath: D:\C++Project\SmobilerAppTEST7.17\bin\Debug
        DefaultImagePath: D:\C++Project\SmobilerAppTEST7.17\bin\Debug\Resources\Image
        DefaultAudioPath: D:\C++Project\SmobilerAppTEST7.17\bin\Debug\Resources\Audio
        DefaultDocumentPath: D:\C++Project\SmobilerAppTEST7.17\bin\Debug\Resources\Document
        DefaultUploadPath: D:\C++Project\SmobilerAppTEST7.17\bin\Debug\Resources\Upload
        DefaultMediaPath: D:\C++Project\SmobilerAppTEST7.17\bin\Debug\Resources\Media
        DefaultWebPath: D:\C++Project\SmobilerAppTEST7.17\bin\Debug\Resources\Web
 
2021/07/20 16:05:34 [Server-1] Started 
2021/07/20 16:05:34 [AutoSet-7] Start 
2021/07/20 16:05:41 [TcpAccept-3] 192.168.1.2:39916 
2021/07/20 16:05:41 [861951044423780-192.168.1.2-11] {"deviceOS":"Android","deviceOSVersion":"9","deviceModel":"INE-AL00","screenSize":{"width":1080,"height":2128},"density":3.0,"version":"6.3.1","coreVersion":"6.3.1","autoBuild":false,"isCompany":true,"extraInfo":{"package_name":"com.smobiler.app","display_name":"Smobiler","plugin_msg":null,"lowMemory":false,"languages":["zh-Hans-CN"]}} 
2021/07/20 16:09:35 [Server-1] Starting 
2021/07/20 16:09:35 [Initial-1] Version: 631.16249, HttpServerPort: 2324, TcpServerPort: 2323, DeveloperTrace: Single, DebugMode: True, TracePrint: True, ClientTrace: False, EnableStackView: True, SessionTimeOut: 1800, NetworkTimeOut: 30, MirrorPatternMaxVerifyTimes: 3, FormStackMaxCount: 10, RelativeScreen: True, TextFontScaling: True, ResourceDenyLocation: , SysTrace: False
        BasePath: D:\C++Project\SmobilerAppTEST7.17\bin\Debug
        DefaultImagePath: D:\C++Project\SmobilerAppTEST7.17\bin\Debug\Resources\Image
        DefaultAudioPath: D:\C++Project\SmobilerAppTEST7.17\bin\Debug\Resources\Audio
        DefaultDocumentPath: D:\C++Project\SmobilerAppTEST7.17\bin\Debug\Resources\Document
        DefaultUploadPath: D:\C++Project\SmobilerAppTEST7.17\bin\Debug\Resources\Upload
        DefaultMediaPath: D:\C++Project\SmobilerAppTEST7.17\bin\Debug\Resources\Media
        DefaultWebPath: D:\C++Project\SmobilerAppTEST7.17\bin\Debug\Resources\Web
 
2021/07/20 16:09:35 [Server-1] Started 
2021/07/20 16:09:36 [TcpAccept-3] 192.168.1.2:50324 
2021/07/20 16:09:37 [861951044423780-192.168.1.2-11] {"deviceOS":"Android","deviceOSVersion":"9","deviceModel":"INE-AL00","screenSize":{"width":1080,"height":2128},"density":3.0,"version":"6.3.1","coreVersion":"6.3.1","autoBuild":false,"isCompany":true,"extraInfo":{"package_name":"com.smobiler.app","display_name":"Smobiler","plugin_msg":null,"lowMemory":false,"languages":["zh-Hans-CN"]}} 
2021/07/20 16:12:47 [Server-1] Starting 
2021/07/20 16:12:47 [Initial-1] Version: 631.16249, HttpServerPort: 2324, TcpServerPort: 2323, DeveloperTrace: Single, DebugMode: True, TracePrint: True, ClientTrace: False, EnableStackView: True, SessionTimeOut: 1800, NetworkTimeOut: 30, MirrorPatternMaxVerifyTimes: 3, FormStackMaxCount: 10, RelativeScreen: True, TextFontScaling: True, ResourceDenyLocation: , SysTrace: False
        BasePath: D:\C++Project\SmobilerAppTEST7.17\bin\Debug
        DefaultImagePath: D:\C++Project\SmobilerAppTEST7.17\bin\Debug\Resources\Image
        DefaultAudioPath: D:\C++Project\SmobilerAppTEST7.17\bin\Debug\Resources\Audio
        DefaultDocumentPath: D:\C++Project\SmobilerAppTEST7.17\bin\Debug\Resources\Document
        DefaultUploadPath: D:\C++Project\SmobilerAppTEST7.17\bin\Debug\Resources\Upload
        DefaultMediaPath: D:\C++Project\SmobilerAppTEST7.17\bin\Debug\Resources\Media
        DefaultWebPath: D:\C++Project\SmobilerAppTEST7.17\bin\Debug\Resources\Web
 
2021/07/20 16:12:47 [Server-1] Started 
2021/07/20 16:12:47 [AutoSet-7] Start 
2021/07/20 16:12:50 [TcpAccept-3] 192.168.1.2:50352 
2021/07/20 16:12:50 [861951044423780-192.168.1.2-11] {"deviceOS":"Android","deviceOSVersion":"9","deviceModel":"INE-AL00","screenSize":{"width":1080,"height":2128},"density":3.0,"version":"6.3.1","coreVersion":"6.3.1","autoBuild":false,"isCompany":true,"extraInfo":{"package_name":"com.smobiler.app","display_name":"Smobiler","plugin_msg":null,"lowMemory":false,"languages":["zh-Hans-CN"]}} 
2021/07/20 16:13:08 [Server-1] Stoping 
2021/07/20 16:13:08 [861951044423780-1] Stop-StopServer-True-- 
2021/07/20 16:13:08 [TcpAccept-EX-17] 无法访问已释放的对象。
对象名:“System.Net.Sockets.Socket”。 
2021/07/20 16:13:09 [Server-1] Stoped 
2021/07/20 16:13:09 [AutoSet-7] Stop 
2021/07/20 16:14:40 [Server-1] Starting 
2021/07/20 16:14:40 [Initial-1] Version: 631.16249, HttpServerPort: 2324, TcpServerPort: 2323, DeveloperTrace: Single, DebugMode: True, TracePrint: True, ClientTrace: False, EnableStackView: True, SessionTimeOut: 1800, NetworkTimeOut: 30, MirrorPatternMaxVerifyTimes: 3, FormStackMaxCount: 10, RelativeScreen: True, TextFontScaling: True, ResourceDenyLocation: , SysTrace: False
        BasePath: D:\C++Project\SmobilerAppTEST7.17\bin\Debug
        DefaultImagePath: D:\C++Project\SmobilerAppTEST7.17\bin\Debug\Resources\Image
        DefaultAudioPath: D:\C++Project\SmobilerAppTEST7.17\bin\Debug\Resources\Audio
        DefaultDocumentPath: D:\C++Project\SmobilerAppTEST7.17\bin\Debug\Resources\Document
        DefaultUploadPath: D:\C++Project\SmobilerAppTEST7.17\bin\Debug\Resources\Upload
        DefaultMediaPath: D:\C++Project\SmobilerAppTEST7.17\bin\Debug\Resources\Media
        DefaultWebPath: D:\C++Project\SmobilerAppTEST7.17\bin\Debug\Resources\Web
 
2021/07/20 16:14:40 [AutoSet-7] Start 
2021/07/20 16:14:42 [TcpAccept-3] 192.168.1.2:50378 
2021/07/20 16:14:42 [861951044423780-192.168.1.2-11] {"deviceOS":"Android","deviceOSVersion":"9","deviceModel":"INE-AL00","screenSize":{"width":1080,"height":2128},"density":3.0,"version":"6.3.1","coreVersion":"6.3.1","autoBuild":false,"isCompany":true,"extraInfo":{"package_name":"com.smobiler.app","display_name":"Smobiler","plugin_msg":null,"lowMemory":false,"languages":["zh-Hans-CN"]}} 
2021/07/20 16:14:52 [Server-1] Stoping 
2021/07/20 16:14:52 [TcpAccept-EX-11] 无法访问已释放的对象。
对象名:“System.Net.Sockets.Socket”。 
2021/07/20 16:14:52 [861951044423780-1] Stop-StopServer-True-- 
2021/07/20 16:14:53 [Server-1] Stoped 
2021/07/20 16:14:53 [AutoSet-7] Stop 
2021/07/20 16:15:45 [Server-1] Starting 
2021/07/20 16:15:45 [Initial-1] Version: 631.16249, HttpServerPort: 2324, TcpServerPort: 2323, DeveloperTrace: Single, DebugMode: True, TracePrint: True, ClientTrace: False, EnableStackView: True, SessionTimeOut: 1800, NetworkTimeOut: 30, MirrorPatternMaxVerifyTimes: 3, FormStackMaxCount: 10, RelativeScreen: True, TextFontScaling: True, ResourceDenyLocation: , SysTrace: False
        BasePath: D:\C++Project\SmobilerAppTEST7.17\bin\Debug
        DefaultImagePath: D:\C++Project\SmobilerAppTEST7.17\bin\Debug\Resources\Image
        DefaultAudioPath: D:\C++Project\SmobilerAppTEST7.17\bin\Debug\Resources\Audio
        DefaultDocumentPath: D:\C++Project\SmobilerAppTEST7.17\bin\Debug\Resources\Document
        DefaultUploadPath: D:\C++Project\SmobilerAppTEST7.17\bin\Debug\Resources\Upload
        DefaultMediaPath: D:\C++Project\SmobilerAppTEST7.17\bin\Debug\Resources\Media
        DefaultWebPath: D:\C++Project\SmobilerAppTEST7.17\bin\Debug\Resources\Web
 
2021/07/20 16:15:45 [Server-1] Started 
2021/07/20 16:15:45 [AutoSet-7] Start 
2021/07/20 16:15:47 [TcpAccept-3] 192.168.1.2:50406 
2021/07/20 16:15:47 [861951044423780-192.168.1.2-10] {"deviceOS":"Android","deviceOSVersion":"9","deviceModel":"INE-AL00","screenSize":{"width":1080,"height":2128},"density":3.0,"version":"6.3.1","coreVersion":"6.3.1","autoBuild":false,"isCompany":true,"extraInfo":{"package_name":"com.smobiler.app","display_name":"Smobiler","plugin_msg":null,"lowMemory":false,"languages":["zh-Hans-CN"]}} 
2021/07/20 16:16:06 [Server-1] Stoping 
2021/07/20 16:16:06 [861951044423780-1] Stop-StopServer-True-- 
2021/07/20 16:16:06 [TcpAccept-EX-15] 无法访问已释放的对象。
对象名:“System.Net.Sockets.Socket”。 
2021/07/20 16:16:07 [Server-1] Stoped 
2021/07/20 16:16:07 [AutoSet-7] Stop 
2021/07/20 16:16:34 [Server-1] Starting 
2021/07/20 16:16:34 [Initial-1] Version: 631.16249, HttpServerPort: 2324, TcpServerPort: 2323, DeveloperTrace: Single, DebugMode: True, TracePrint: True, ClientTrace: False, EnableStackView: True, SessionTimeOut: 1800, NetworkTimeOut: 30, MirrorPatternMaxVerifyTimes: 3, FormStackMaxCount: 10, RelativeScreen: True, TextFontScaling: True, ResourceDenyLocation: , SysTrace: False
        BasePath: D:\C++Project\SmobilerAppTEST7.17\bin\Debug
        DefaultImagePath: D:\C++Project\SmobilerAppTEST7.17\bin\Debug\Resources\Image
        DefaultAudioPath: D:\C++Project\SmobilerAppTEST7.17\bin\Debug\Resources\Audio
        DefaultDocumentPath: D:\C++Project\SmobilerAppTEST7.17\bin\Debug\Resources\Document
        DefaultUploadPath: D:\C++Project\SmobilerAppTEST7.17\bin\Debug\Resources\Upload
        DefaultMediaPath: D:\C++Project\SmobilerAppTEST7.17\bin\Debug\Resources\Media
        DefaultWebPath: D:\C++Project\SmobilerAppTEST7.17\bin\Debug\Resources\Web
 
2021/07/20 16:16:34 [Server-1] Started 
2021/07/20 16:16:34 [AutoSet-7] Start 
2021/07/20 16:16:35 [TcpAccept-3] 192.168.1.2:50430 
2021/07/20 16:16:35 [861951044423780-192.168.1.2-11] {"deviceOS":"Android","deviceOSVersion":"9","deviceModel":"INE-AL00","screenSize":{"width":1080,"height":2128},"density":3.0,"version":"6.3.1","coreVersion":"6.3.1","autoBuild":false,"isCompany":true,"extraInfo":{"package_name":"com.smobiler.app","display_name":"Smobiler","plugin_msg":null,"lowMemory":false,"languages":["zh-Hans-CN"]}} 
2021/07/20 16:16:42 [Server-1] Stoping 
2021/07/20 16:16:42 [861951044423780-1] Stop-StopServer-True-- 
2021/07/20 16:16:42 [TcpAccept-EX-3] 无法访问已释放的对象。
对象名:“System.Net.Sockets.Socket”。 
2021/07/20 16:16:43 [Server-1] Stoped 
2021/07/20 16:16:43 [AutoSet-7] Stop 
2021/07/20 16:17:39 [Server-1] Starting 
2021/07/20 16:17:39 [Initial-1] Version: 631.16249, HttpServerPort: 2324, TcpServerPort: 2323, DeveloperTrace: Single, DebugMode: True, TracePrint: True, ClientTrace: False, EnableStackView: True, SessionTimeOut: 1800, NetworkTimeOut: 30, MirrorPatternMaxVerifyTimes: 3, FormStackMaxCount: 10, RelativeScreen: True, TextFontScaling: True, ResourceDenyLocation: , SysTrace: False
        BasePath: D:\C++Project\SmobilerAppTEST7.17\bin\Debug
        DefaultImagePath: D:\C++Project\SmobilerAppTEST7.17\bin\Debug\Resources\Image
        DefaultAudioPath: D:\C++Project\SmobilerAppTEST7.17\bin\Debug\Resources\Audio
        DefaultDocumentPath: D:\C++Project\SmobilerAppTEST7.17\bin\Debug\Resources\Document
        DefaultUploadPath: D:\C++Project\SmobilerAppTEST7.17\bin\Debug\Resources\Upload
        DefaultMediaPath: D:\C++Project\SmobilerAppTEST7.17\bin\Debug\Resources\Media
        DefaultWebPath: D:\C++Project\SmobilerAppTEST7.17\bin\Debug\Resources\Web
 
2021/07/20 16:17:39 [Server-1] Started 
2021/07/20 16:17:39 [AutoSet-7] Start 
2021/07/20 16:17:40 [Server-1] Stoping 
2021/07/20 16:17:40 [TcpAccept-EX-8] 无法访问已释放的对象。
对象名:“System.Net.Sockets.Socket”。 
2021/07/20 16:17:41 [Server-1] Stoped 
2021/07/20 16:17:41 [AutoSet-7] Stop 
2021/07/20 16:19:18 [Server-1] Starting 
2021/07/20 16:19:18 [Initial-1] Version: 631.16249, HttpServerPort: 2324, TcpServerPort: 2323, DeveloperTrace: Single, DebugMode: True, TracePrint: True, ClientTrace: False, EnableStackView: True, SessionTimeOut: 1800, NetworkTimeOut: 30, MirrorPatternMaxVerifyTimes: 3, FormStackMaxCount: 10, RelativeScreen: True, TextFontScaling: True, ResourceDenyLocation: , SysTrace: False
        BasePath: D:\C++Project\SmobilerAppTEST7.17\bin\Debug
        DefaultImagePath: D:\C++Project\SmobilerAppTEST7.17\bin\Debug\Resources\Image
        DefaultAudioPath: D:\C++Project\SmobilerAppTEST7.17\bin\Debug\Resources\Audio
        DefaultDocumentPath: D:\C++Project\SmobilerAppTEST7.17\bin\Debug\Resources\Document
        DefaultUploadPath: D:\C++Project\SmobilerAppTEST7.17\bin\Debug\Resources\Upload
        DefaultMediaPath: D:\C++Project\SmobilerAppTEST7.17\bin\Debug\Resources\Media
        DefaultWebPath: D:\C++Project\SmobilerAppTEST7.17\bin\Debug\Resources\Web
 
2021/07/20 16:19:18 [Server-1] Started 
2021/07/20 16:19:18 [AutoSet-7] Start 
2021/07/20 16:19:21 [TcpAccept-3] 192.168.1.2:50454 
2021/07/20 16:19:21 [861951044423780-192.168.1.2-11] {"deviceOS":"Android","deviceOSVersion":"9","deviceModel":"INE-AL00","screenSize":{"width":1080,"height":2128},"density":3.0,"version":"6.3.1","coreVersion":"6.3.1","autoBuild":false,"isCompany":true,"extraInfo":{"package_name":"com.smobiler.app","display_name":"Smobiler","plugin_msg":null,"lowMemory":false,"languages":["zh-Hans-CN"]}} 
2021/07/20 16:19:51 [Server-1] Stoping 
2021/07/20 16:19:51 [861951044423780-1] Stop-StopServer-True-- 
2021/07/20 16:19:51 [TcpAccept-EX-16] 无法访问已释放的对象。
对象名:“System.Net.Sockets.Socket”。 
2021/07/20 16:19:52 [Server-1] Stoped 
2021/07/20 16:19:52 [AutoSet-7] Stop 
2021/07/20 16:20:28 [Server-1] Starting 
2021/07/20 16:20:28 [Initial-1] Version: 631.16249, HttpServerPort: 2324, TcpServerPort: 2323, DeveloperTrace: Single, DebugMode: True, TracePrint: True, ClientTrace: False, EnableStackView: True, SessionTimeOut: 1800, NetworkTimeOut: 30, MirrorPatternMaxVerifyTimes: 3, FormStackMaxCount: 10, RelativeScreen: True, TextFontScaling: True, ResourceDenyLocation: , SysTrace: False
        BasePath: D:\C++Project\SmobilerAppTEST7.17\bin\Debug
        DefaultImagePath: D:\C++Project\SmobilerAppTEST7.17\bin\Debug\Resources\Image
        DefaultAudioPath: D:\C++Project\SmobilerAppTEST7.17\bin\Debug\Resources\Audio
        DefaultDocumentPath: D:\C++Project\SmobilerAppTEST7.17\bin\Debug\Resources\Document
        DefaultUploadPath: D:\C++Project\SmobilerAppTEST7.17\bin\Debug\Resources\Upload
        DefaultMediaPath: D:\C++Project\SmobilerAppTEST7.17\bin\Debug\Resources\Media
        DefaultWebPath: D:\C++Project\SmobilerAppTEST7.17\bin\Debug\Resources\Web
 
2021/07/20 16:20:28 [Server-1] Started 
2021/07/20 16:20:28 [AutoSet-7] Start 
2021/07/20 16:20:32 [TcpAccept-3] 192.168.1.2:50480 
2021/07/20 16:20:32 [861951044423780-192.168.1.2-10] {"deviceOS":"Android","deviceOSVersion":"9","deviceModel":"INE-AL00","screenSize":{"width":1080,"height":2128},"density":3.0,"version":"6.3.1","coreVersion":"6.3.1","autoBuild":false,"isCompany":true,"extraInfo":{"package_name":"com.smobiler.app","display_name":"Smobiler","plugin_msg":null,"lowMemory":false,"languages":["zh-Hans-CN"]}} 
2021/07/20 16:20:35 [Server-1] Stoping 
2021/07/20 16:20:35 [861951044423780-1] Stop-StopServer-True-- 
2021/07/20 16:20:35 [TcpAccept-EX-12] 无法访问已释放的对象。
对象名:“System.Net.Sockets.Socket”。 
2021/07/20 16:20:37 [Server-1] Stoped 
2021/07/20 16:20:37 [AutoSet-7] Stop 
2021/07/20 16:21:46 [Server-1] Starting 
2021/07/20 16:21:46 [Initial-1] Version: 631.16249, HttpServerPort: 2324, TcpServerPort: 2323, DeveloperTrace: Single, DebugMode: True, TracePrint: True, ClientTrace: False, EnableStackView: True, SessionTimeOut: 1800, NetworkTimeOut: 30, MirrorPatternMaxVerifyTimes: 3, FormStackMaxCount: 10, RelativeScreen: True, TextFontScaling: True, ResourceDenyLocation: , SysTrace: False
        BasePath: D:\C++Project\SmobilerAppTEST7.17\bin\Debug
        DefaultImagePath: D:\C++Project\SmobilerAppTEST7.17\bin\Debug\Resources\Image
        DefaultAudioPath: D:\C++Project\SmobilerAppTEST7.17\bin\Debug\Resources\Audio
        DefaultDocumentPath: D:\C++Project\SmobilerAppTEST7.17\bin\Debug\Resources\Document
        DefaultUploadPath: D:\C++Project\SmobilerAppTEST7.17\bin\Debug\Resources\Upload
        DefaultMediaPath: D:\C++Project\SmobilerAppTEST7.17\bin\Debug\Resources\Media
        DefaultWebPath: D:\C++Project\SmobilerAppTEST7.17\bin\Debug\Resources\Web
 
2021/07/20 16:21:46 [Server-1] Started 
2021/07/20 16:21:46 [AutoSet-7] Start 
2021/07/20 16:21:48 [TcpAccept-3] 192.168.1.2:50502 
2021/07/20 16:21:48 [861951044423780-192.168.1.2-10] {"deviceOS":"Android","deviceOSVersion":"9","deviceModel":"INE-AL00","screenSize":{"width":1080,"height":2128},"density":3.0,"version":"6.3.1","coreVersion":"6.3.1","autoBuild":false,"isCompany":true,"extraInfo":{"package_name":"com.smobiler.app","display_name":"Smobiler","plugin_msg":null,"lowMemory":false,"languages":["zh-Hans-CN"]}} 
