2021/08/20 19:26:49 [Server-1] Starting 
2021/08/20 19:26:49 [Initial-1] Version: 631.16249, HttpServerPort: 2324, TcpServerPort: 2323, DeveloperTrace: Single, DebugMode: True, TracePrint: True, ClientTrace: False, EnableStackView: True, SessionTimeOut: 1800, NetworkTimeOut: 30, MirrorPatternMaxVerifyTimes: 3, FormStackMaxCount: 10, RelativeScreen: True, TextFontScaling: True, ResourceDenyLocation: , SysTrace: False
        BasePath: D:\SombilerDesigner\Data-Cool-master\Data-Cool\bin\Debug
        DefaultImagePath: D:\SombilerDesigner\Data-Cool-master\Data-Cool\bin\Debug\Resources\Image
        DefaultAudioPath: D:\SombilerDesigner\Data-Cool-master\Data-Cool\bin\Debug\Resources\Audio
        DefaultDocumentPath: D:\SombilerDesigner\Data-Cool-master\Data-Cool\bin\Debug\Resources\Document
        DefaultUploadPath: D:\SombilerDesigner\Data-Cool-master\Data-Cool\bin\Debug\Resources\Upload
        DefaultMediaPath: D:\SombilerDesigner\Data-Cool-master\Data-Cool\bin\Debug\Resources\Media
        DefaultWebPath: D:\SombilerDesigner\Data-Cool-master\Data-Cool\bin\Debug\Resources\Web
 
2021/08/20 19:26:50 [Server-1] Started 
2021/08/20 19:26:50 [AutoSet-7] Start 
2021/08/20 19:42:16 [WebSocketAccept-9] 192.168.1.104:56817 
2021/08/20 19:42:17 [f79aa79a877435a0b6bba0fde7525cce-192.168.1.104-3] {"deviceOS":"Android","deviceOSVersion":"10","deviceModel":"BLA-AL00","screenSize":{"width":1080,"height":2160},"density":3.0,"version":"1.0.1","coreVersion":"6.3.1","autoBuild":true,"isCompany":false,"extraInfo":{"package_name":"com.shujuku.app","display_name":"数据酷酷酷课设","plugin_msg":null,"lowMemory":false,"languages":["zh-Hans-CN"]}} 
2021/08/20 19:46:17 [WebSocketAccept-9] 192.168.1.104:58506 
2021/08/20 19:46:18 [f79aa79a877435a0b6bba0fde7525cce-192.168.1.104-18] {"deviceOS":"Android","deviceOSVersion":"10","deviceModel":"BLA-AL00","screenSize":{"width":1080,"height":2160},"density":3.0,"version":"1.0.1","coreVersion":"6.3.1","autoBuild":true,"isCompany":false,"extraInfo":{"package_name":"com.shujuku.app","display_name":"数据酷酷酷课设","plugin_msg":null,"lowMemory":false,"languages":["zh-Hans-CN"]}} 
2021/08/20 19:49:43 [Server-1] Starting 
2021/08/20 19:49:43 [Initial-1] Version: 631.16249, HttpServerPort: 2324, TcpServerPort: 2323, DeveloperTrace: Single, DebugMode: True, TracePrint: True, ClientTrace: False, EnableStackView: True, SessionTimeOut: 1800, NetworkTimeOut: 30, MirrorPatternMaxVerifyTimes: 3, FormStackMaxCount: 10, RelativeScreen: True, TextFontScaling: True, ResourceDenyLocation: , SysTrace: False
        BasePath: D:\SombilerDesigner\Data-Cool-master\Data-Cool\bin\Debug
        DefaultImagePath: D:\SombilerDesigner\Data-Cool-master\Data-Cool\bin\Debug\Resources\Image
        DefaultAudioPath: D:\SombilerDesigner\Data-Cool-master\Data-Cool\bin\Debug\Resources\Audio
        DefaultDocumentPath: D:\SombilerDesigner\Data-Cool-master\Data-Cool\bin\Debug\Resources\Document
        DefaultUploadPath: D:\SombilerDesigner\Data-Cool-master\Data-Cool\bin\Debug\Resources\Upload
        DefaultMediaPath: D:\SombilerDesigner\Data-Cool-master\Data-Cool\bin\Debug\Resources\Media
        DefaultWebPath: D:\SombilerDesigner\Data-Cool-master\Data-Cool\bin\Debug\Resources\Web
 
2021/08/20 19:49:43 [Server-1] Started 
2021/08/20 19:49:43 [AutoSet-7] Start 
2021/08/20 19:50:18 [WebSocketAccept-9] 192.168.1.104:51001 
2021/08/20 19:50:18 [861951044423780-192.168.1.104-3] {"deviceOS":"Android","deviceOSVersion":"9","deviceModel":"INE-AL00","screenSize":{"width":1080,"height":2128},"density":3.0,"version":"1.0.1","coreVersion":"6.3.1","autoBuild":true,"isCompany":false,"extraInfo":{"package_name":"com.shujuku.app","display_name":"数据酷酷酷课设","plugin_msg":null,"lowMemory":false,"languages":["zh-Hans-CN"]}} 
2021/08/20 19:50:47 [WebSocketAccept-9] 192.168.1.104:51015 
2021/08/20 19:50:48 [f79aa79a877435a0b6bba0fde7525cce-192.168.1.104-12] {"deviceOS":"Android","deviceOSVersion":"10","deviceModel":"BLA-AL00","screenSize":{"width":1080,"height":2160},"density":3.0,"version":"1.0.1","coreVersion":"6.3.1","autoBuild":true,"isCompany":false,"extraInfo":{"package_name":"com.shujuku.app","display_name":"数据酷酷酷课设","plugin_msg":null,"lowMemory":false,"languages":["zh-Hans-CN"]}} 
2021/08/20 19:56:42 [WebSocketAccept-9] 192.168.1.104:59854 
2021/08/20 19:56:42 [f79aa79a877435a0b6bba0fde7525cce-192.168.1.104-12] {"deviceOS":"Android","deviceOSVersion":"10","deviceModel":"BLA-AL00","screenSize":{"width":1080,"height":2160},"density":3.0,"version":"1.0.1","coreVersion":"6.3.1","autoBuild":true,"isCompany":false,"extraInfo":{"package_name":"com.shujuku.app","display_name":"数据酷酷酷课设","plugin_msg":null,"lowMemory":false,"languages":["zh-Hans-CN"]}} 
2021/08/20 19:58:30 [WebSocketAccept-9] 192.168.1.104:56511 
2021/08/20 19:59:25 [WebSocketAccept-9] 192.168.1.104:57460 
2021/08/20 19:59:27 [861951044423780-192.168.1.104-28] {"deviceOS":"Android","deviceOSVersion":"9","deviceModel":"INE-AL00","screenSize":{"width":1080,"height":2128},"density":3.0,"version":"1.0.1","coreVersion":"6.3.1","autoBuild":true,"isCompany":false,"extraInfo":{"package_name":"com.shujuku.app","display_name":"数据酷酷酷课设","plugin_msg":null,"lowMemory":false,"languages":["zh-Hans-CN"]}} 
2021/08/20 20:00:33 [Server-1] Stoping 
2021/08/20 20:00:33 [861951044423780-1] Stop-StopServer-True-- 
2021/08/20 20:00:33 [TcpAccept-EX-9] 无法访问已释放的对象。
对象名:“System.Net.Sockets.Socket”。 
2021/08/20 20:00:33 [f79aa79a877435a0b6bba0fde7525cce-1] Stop-StopServer-True-- 
2021/08/20 20:00:34 [Server-1] Stoped 
2021/08/20 20:00:34 [AutoSet-7] Stop 
2021/08/20 22:05:00 [Server-1] Starting 
2021/08/20 22:05:00 [Initial-1] Version: 631.16249, HttpServerPort: 2324, TcpServerPort: 2323, DeveloperTrace: Single, DebugMode: True, TracePrint: True, ClientTrace: False, EnableStackView: True, SessionTimeOut: 1800, NetworkTimeOut: 30, MirrorPatternMaxVerifyTimes: 3, FormStackMaxCount: 10, RelativeScreen: True, TextFontScaling: True, ResourceDenyLocation: , SysTrace: False
        BasePath: D:\SombilerDesigner\Data-Cool-master\Data-Cool\bin\Debug
        DefaultImagePath: D:\SombilerDesigner\Data-Cool-master\Data-Cool\bin\Debug\Resources\Image
        DefaultAudioPath: D:\SombilerDesigner\Data-Cool-master\Data-Cool\bin\Debug\Resources\Audio
        DefaultDocumentPath: D:\SombilerDesigner\Data-Cool-master\Data-Cool\bin\Debug\Resources\Document
        DefaultUploadPath: D:\SombilerDesigner\Data-Cool-master\Data-Cool\bin\Debug\Resources\Upload
        DefaultMediaPath: D:\SombilerDesigner\Data-Cool-master\Data-Cool\bin\Debug\Resources\Media
        DefaultWebPath: D:\SombilerDesigner\Data-Cool-master\Data-Cool\bin\Debug\Resources\Web
 
2021/08/20 22:05:00 [Server-1] Started 
2021/08/20 22:05:00 [AutoSet-7] Start 
2021/08/20 22:05:06 [TcpAccept-3] 192.168.1.2:41426 
2021/08/20 22:05:06 [861951044423780-192.168.1.2-10] {"deviceOS":"Android","deviceOSVersion":"9","deviceModel":"INE-AL00","screenSize":{"width":1080,"height":2128},"density":3.0,"version":"6.3.1","coreVersion":"6.3.1","autoBuild":false,"isCompany":true,"extraInfo":{"package_name":"com.smobiler.app","display_name":"Smobiler","plugin_msg":null,"lowMemory":false,"languages":["zh-Hans-CN"]}} 
2021/08/20 22:05:21 [Server-1] Stoping 
2021/08/20 22:05:21 [861951044423780-1] Stop-StopServer-True-- 
2021/08/20 22:05:21 [TcpAccept-EX-10] 无法访问已释放的对象。
对象名:“System.Net.Sockets.Socket”。 
2021/08/20 22:05:22 [Server-1] Stoped 
2021/08/20 22:05:22 [AutoSet-7] Stop 
2021/08/20 22:07:24 [Server-1] Starting 
2021/08/20 22:07:24 [Initial-1] Version: 631.16249, HttpServerPort: 2324, TcpServerPort: 2323, DeveloperTrace: Single, DebugMode: True, TracePrint: True, ClientTrace: False, EnableStackView: True, SessionTimeOut: 1800, NetworkTimeOut: 30, MirrorPatternMaxVerifyTimes: 3, FormStackMaxCount: 10, RelativeScreen: True, TextFontScaling: True, ResourceDenyLocation: , SysTrace: False
        BasePath: D:\SombilerDesigner\Data-Cool-master\Data-Cool\bin\Debug
        DefaultImagePath: D:\SombilerDesigner\Data-Cool-master\Data-Cool\bin\Debug\Resources\Image
        DefaultAudioPath: D:\SombilerDesigner\Data-Cool-master\Data-Cool\bin\Debug\Resources\Audio
        DefaultDocumentPath: D:\SombilerDesigner\Data-Cool-master\Data-Cool\bin\Debug\Resources\Document
        DefaultUploadPath: D:\SombilerDesigner\Data-Cool-master\Data-Cool\bin\Debug\Resources\Upload
        DefaultMediaPath: D:\SombilerDesigner\Data-Cool-master\Data-Cool\bin\Debug\Resources\Media
        DefaultWebPath: D:\SombilerDesigner\Data-Cool-master\Data-Cool\bin\Debug\Resources\Web
 
2021/08/20 22:07:25 [Server-1] Started 
2021/08/20 22:07:25 [AutoSet-7] Start 
2021/08/20 22:07:26 [TcpAccept-3] 192.168.1.2:41480 
2021/08/20 22:11:19 [Server-1] Stoping 
2021/08/20 22:11:19 [861951044423780-1] Stop-StopServer-True-- 
2021/08/20 22:11:19 [TcpAccept-EX-12] 无法访问已释放的对象。
对象名:“System.Net.Sockets.Socket”。 
2021/08/20 22:11:20 [Server-1] Stoped 
2021/08/20 22:11:20 [AutoSet-7] Stop 
2021/08/20 22:11:59 [Server-1] Starting 
2021/08/20 22:11:59 [Initial-1] Version: 631.16249, HttpServerPort: 2324, TcpServerPort: 2323, DeveloperTrace: Single, DebugMode: True, TracePrint: True, ClientTrace: False, EnableStackView: True, SessionTimeOut: 1800, NetworkTimeOut: 30, MirrorPatternMaxVerifyTimes: 3, FormStackMaxCount: 10, RelativeScreen: True, TextFontScaling: True, ResourceDenyLocation: , SysTrace: False
        BasePath: D:\SombilerDesigner\Data-Cool-master\Data-Cool\bin\Debug
        DefaultImagePath: D:\SombilerDesigner\Data-Cool-master\Data-Cool\bin\Debug\Resources\Image
        DefaultAudioPath: D:\SombilerDesigner\Data-Cool-master\Data-Cool\bin\Debug\Resources\Audio
        DefaultDocumentPath: D:\SombilerDesigner\Data-Cool-master\Data-Cool\bin\Debug\Resources\Document
        DefaultUploadPath: D:\SombilerDesigner\Data-Cool-master\Data-Cool\bin\Debug\Resources\Upload
        DefaultMediaPath: D:\SombilerDesigner\Data-Cool-master\Data-Cool\bin\Debug\Resources\Media
        DefaultWebPath: D:\SombilerDesigner\Data-Cool-master\Data-Cool\bin\Debug\Resources\Web
 
2021/08/20 22:11:59 [Server-1] Started 
2021/08/20 22:12:01 [TcpAccept-3] 192.168.1.2:59712 
2021/08/20 22:12:54 [Server-1] Stoping 
2021/08/20 22:12:54 [TcpAccept-EX-13] 无法访问已释放的对象。
对象名:“System.Net.Sockets.Socket”。 
2021/08/20 22:12:54 [861951044423780-1] Stop-StopServer-True-- 
2021/08/20 22:12:55 [Server-1] Stoped 
2021/08/20 22:12:55 [AutoSet-7] Stop 
2021/08/20 22:16:45 [Server-1] Starting 
2021/08/20 22:16:45 [Initial-1] Version: 631.16249, HttpServerPort: 2324, TcpServerPort: 2323, DeveloperTrace: Single, DebugMode: True, TracePrint: True, ClientTrace: False, EnableStackView: True, SessionTimeOut: 1800, NetworkTimeOut: 30, MirrorPatternMaxVerifyTimes: 3, FormStackMaxCount: 10, RelativeScreen: True, TextFontScaling: True, ResourceDenyLocation: , SysTrace: False
        BasePath: D:\SombilerDesigner\Data-Cool-master\Data-Cool\bin\Debug
        DefaultImagePath: D:\SombilerDesigner\Data-Cool-master\Data-Cool\bin\Debug\Resources\Image
        DefaultAudioPath: D:\SombilerDesigner\Data-Cool-master\Data-Cool\bin\Debug\Resources\Audio
        DefaultDocumentPath: D:\SombilerDesigner\Data-Cool-master\Data-Cool\bin\Debug\Resources\Document
        DefaultUploadPath: D:\SombilerDesigner\Data-Cool-master\Data-Cool\bin\Debug\Resources\Upload
        DefaultMediaPath: D:\SombilerDesigner\Data-Cool-master\Data-Cool\bin\Debug\Resources\Media
        DefaultWebPath: D:\SombilerDesigner\Data-Cool-master\Data-Cool\bin\Debug\Resources\Web
 
2021/08/20 22:16:45 [Server-1] Started 
2021/08/20 22:16:45 [AutoSet-7] Start 
2021/08/20 22:16:45 [TcpAccept-3] 192.168.1.2:59832 
2021/08/20 22:17:02 [Server-1] Stoping 
2021/08/20 22:17:02 [861951044423780-1] Stop-StopServer-True-- 
2021/08/20 22:17:02 [TcpAccept-EX-3] 无法访问已释放的对象。
对象名:“System.Net.Sockets.Socket”。 
2021/08/20 22:17:03 [Server-1] Stoped 
2021/08/20 22:17:03 [AutoSet-7] Stop 
2021/08/20 22:17:29 [Server-1] Starting 
2021/08/20 22:17:29 [Initial-1] Version: 631.16249, HttpServerPort: 2324, TcpServerPort: 2323, DeveloperTrace: Single, DebugMode: True, TracePrint: True, ClientTrace: False, EnableStackView: True, SessionTimeOut: 1800, NetworkTimeOut: 30, MirrorPatternMaxVerifyTimes: 3, FormStackMaxCount: 10, RelativeScreen: True, TextFontScaling: True, ResourceDenyLocation: , SysTrace: False
        BasePath: D:\SombilerDesigner\Data-Cool-master\Data-Cool\bin\Debug
        DefaultImagePath: D:\SombilerDesigner\Data-Cool-master\Data-Cool\bin\Debug\Resources\Image
        DefaultAudioPath: D:\SombilerDesigner\Data-Cool-master\Data-Cool\bin\Debug\Resources\Audio
        DefaultDocumentPath: D:\SombilerDesigner\Data-Cool-master\Data-Cool\bin\Debug\Resources\Document
        DefaultUploadPath: D:\SombilerDesigner\Data-Cool-master\Data-Cool\bin\Debug\Resources\Upload
        DefaultMediaPath: D:\SombilerDesigner\Data-Cool-master\Data-Cool\bin\Debug\Resources\Media
        DefaultWebPath: D:\SombilerDesigner\Data-Cool-master\Data-Cool\bin\Debug\Resources\Web
 
2021/08/20 22:17:29 [Server-1] Started 
2021/08/20 22:17:29 [AutoSet-7] Start 
2021/08/20 22:17:31 [TcpAccept-3] 192.168.1.2:59854 
2021/08/20 22:17:53 [Server-1] Stoping 
2021/08/20 22:17:53 [861951044423780-1] Stop-StopServer-True-- 
2021/08/20 22:17:53 [TcpAccept-EX-10] 无法访问已释放的对象。
对象名:“System.Net.Sockets.Socket”。 
2021/08/20 22:17:54 [Server-1] Stoped 
2021/08/20 22:17:54 [AutoSet-7] Stop 
