2021/08/19 12:27:56 [Server-1] Starting 
2021/08/19 12:27:57 [Initial-1] Version: 631.16249, HttpServerPort: 2324, TcpServerPort: 2323, DeveloperTrace: Single, DebugMode: True, TracePrint: True, ClientTrace: False, EnableStackView: True, SessionTimeOut: 1800, NetworkTimeOut: 30, MirrorPatternMaxVerifyTimes: 3, FormStackMaxCount: 10, RelativeScreen: True, TextFontScaling: True, ResourceDenyLocation: , SysTrace: False
        BasePath: D:\github\XYZ\Data-Cool\bin\Debug
        DefaultImagePath: D:\github\XYZ\Data-Cool\bin\Debug\Resources\Image
        DefaultAudioPath: D:\github\XYZ\Data-Cool\bin\Debug\Resources\Audio
        DefaultDocumentPath: D:\github\XYZ\Data-Cool\bin\Debug\Resources\Document
        DefaultUploadPath: D:\github\XYZ\Data-Cool\bin\Debug\Resources\Upload
        DefaultMediaPath: D:\github\XYZ\Data-Cool\bin\Debug\Resources\Media
        DefaultWebPath: D:\github\XYZ\Data-Cool\bin\Debug\Resources\Web
 
2021/08/19 12:27:57 [Server-1] Started 
2021/08/19 12:27:57 [AutoSet-7] Start 
2021/08/19 12:27:59 [Server-1] Stoping 
2021/08/19 12:27:59 [TcpAccept-EX-8] 无法访问已释放的对象。
对象名:“System.Net.Sockets.Socket”。 
2021/08/19 12:28:00 [Server-1] Stoped 
2021/08/19 12:28:00 [AutoSet-7] Stop 
2021/08/19 14:30:05 [Server-1] Starting 
2021/08/19 14:30:05 [Initial-1] Version: 631.16249, HttpServerPort: 2324, TcpServerPort: 2323, DeveloperTrace: Single, DebugMode: True, TracePrint: True, ClientTrace: False, EnableStackView: True, SessionTimeOut: 1800, NetworkTimeOut: 30, MirrorPatternMaxVerifyTimes: 3, FormStackMaxCount: 10, RelativeScreen: True, TextFontScaling: True, ResourceDenyLocation: , SysTrace: False
        BasePath: D:\SombilerDesigner\Data-Cool-master\Data-Cool\bin\Debug
        DefaultImagePath: D:\SombilerDesigner\Data-Cool-master\Data-Cool\bin\Debug\Resources\Image
        DefaultAudioPath: D:\SombilerDesigner\Data-Cool-master\Data-Cool\bin\Debug\Resources\Audio
        DefaultDocumentPath: D:\SombilerDesigner\Data-Cool-master\Data-Cool\bin\Debug\Resources\Document
        DefaultUploadPath: D:\SombilerDesigner\Data-Cool-master\Data-Cool\bin\Debug\Resources\Upload
        DefaultMediaPath: D:\SombilerDesigner\Data-Cool-master\Data-Cool\bin\Debug\Resources\Media
        DefaultWebPath: D:\SombilerDesigner\Data-Cool-master\Data-Cool\bin\Debug\Resources\Web
 
2021/08/19 14:30:05 [Server-1] Started 
2021/08/19 14:30:05 [AutoSet-7] Start 
2021/08/19 14:34:49 [TcpAccept-3] 192.168.1.2:41378 
2021/08/19 14:34:49 [861951044423780-192.168.1.2-8] {"deviceOS":"Android","deviceOSVersion":"9","deviceModel":"INE-AL00","screenSize":{"width":1080,"height":2128},"density":3.0,"version":"6.3.1","coreVersion":"6.3.1","autoBuild":false,"isCompany":true,"extraInfo":{"package_name":"com.smobiler.app","display_name":"Smobiler","plugin_msg":null,"lowMemory":false,"languages":["zh-Hans-CN"]}} 
2021/08/19 14:36:25 [Server-1] Starting 
2021/08/19 14:36:25 [Initial-1] Version: 631.16249, HttpServerPort: 2324, TcpServerPort: 2323, DeveloperTrace: Single, DebugMode: True, TracePrint: True, ClientTrace: False, EnableStackView: True, SessionTimeOut: 1800, NetworkTimeOut: 30, MirrorPatternMaxVerifyTimes: 3, FormStackMaxCount: 10, RelativeScreen: True, TextFontScaling: True, ResourceDenyLocation: , SysTrace: False
        BasePath: D:\SombilerDesigner\Data-Cool-master\Data-Cool\bin\Debug
        DefaultImagePath: D:\SombilerDesigner\Data-Cool-master\Data-Cool\bin\Debug\Resources\Image
        DefaultAudioPath: D:\SombilerDesigner\Data-Cool-master\Data-Cool\bin\Debug\Resources\Audio
        DefaultDocumentPath: D:\SombilerDesigner\Data-Cool-master\Data-Cool\bin\Debug\Resources\Document
        DefaultUploadPath: D:\SombilerDesigner\Data-Cool-master\Data-Cool\bin\Debug\Resources\Upload
        DefaultMediaPath: D:\SombilerDesigner\Data-Cool-master\Data-Cool\bin\Debug\Resources\Media
        DefaultWebPath: D:\SombilerDesigner\Data-Cool-master\Data-Cool\bin\Debug\Resources\Web
 
2021/08/19 14:36:25 [Server-1] Started 
2021/08/19 14:36:29 [TcpAccept-3] 192.168.1.2:41518 
2021/08/19 14:38:25 [Server-1] Stoping 
2021/08/19 14:38:25 [TcpAccept-EX-9] 无法访问已释放的对象。
对象名:“System.Net.Sockets.Socket”。 
2021/08/19 14:38:25 [861951044423780-1] Stop-StopServer-True-- 
2021/08/19 14:38:25 [Server-1] Stoped 
2021/08/19 14:38:25 [AutoSet-7] Stop 
2021/08/19 14:38:30 [Server-1] Starting 
2021/08/19 14:38:30 [Initial-1] Version: 631.16249, HttpServerPort: 2324, TcpServerPort: 2323, DeveloperTrace: Single, DebugMode: True, TracePrint: True, ClientTrace: False, EnableStackView: True, SessionTimeOut: 1800, NetworkTimeOut: 30, MirrorPatternMaxVerifyTimes: 3, FormStackMaxCount: 10, RelativeScreen: True, TextFontScaling: True, ResourceDenyLocation: , SysTrace: False
        BasePath: D:\SombilerDesigner\Data-Cool-master\Data-Cool\bin\Debug
        DefaultImagePath: D:\SombilerDesigner\Data-Cool-master\Data-Cool\bin\Debug\Resources\Image
        DefaultAudioPath: D:\SombilerDesigner\Data-Cool-master\Data-Cool\bin\Debug\Resources\Audio
        DefaultDocumentPath: D:\SombilerDesigner\Data-Cool-master\Data-Cool\bin\Debug\Resources\Document
        DefaultUploadPath: D:\SombilerDesigner\Data-Cool-master\Data-Cool\bin\Debug\Resources\Upload
        DefaultMediaPath: D:\SombilerDesigner\Data-Cool-master\Data-Cool\bin\Debug\Resources\Media
        DefaultWebPath: D:\SombilerDesigner\Data-Cool-master\Data-Cool\bin\Debug\Resources\Web
 
2021/08/19 14:38:30 [Server-1] Started 
2021/08/19 14:38:30 [AutoSet-7] Start 
2021/08/19 14:38:59 [WebSocketAccept-9] 192.168.1.104:56036 
2021/08/19 14:39:00 [861951044423780-192.168.1.104-8] {"deviceOS":"Android","deviceOSVersion":"9","deviceModel":"INE-AL00","screenSize":{"width":1080,"height":2128},"density":3.0,"version":"1.0.1","coreVersion":"6.3.1","autoBuild":true,"isCompany":false,"extraInfo":{"package_name":"com.shujuku.app","display_name":"数据酷酷酷课设","plugin_msg":null,"lowMemory":false,"languages":["zh-Hans-CN"]}} 
2021/08/19 14:42:30 [TcpAccept-8] 192.168.1.2:59886 
2021/08/19 14:42:32 [WebSocketAccept-9] 192.168.1.104:54336 
2021/08/19 14:47:39 [TcpAccept-10] 192.168.1.2:60006 
2021/08/19 14:47:42 [WebSocketAccept-9] 192.168.1.104:60587 
2021/08/19 14:47:43 [861951044423780-192.168.1.104-10] {"deviceOS":"Android","deviceOSVersion":"9","deviceModel":"INE-AL00","screenSize":{"width":1080,"height":2128},"density":3.0,"version":"1.0.1","coreVersion":"6.3.1","autoBuild":true,"isCompany":false,"extraInfo":{"package_name":"com.shujuku.app","display_name":"数据酷酷酷课设","plugin_msg":null,"lowMemory":false,"languages":["zh-Hans-CN"]}} 
2021/08/19 14:48:01 [WebSocketAccept-9] 192.168.1.104:65438 
2021/08/19 14:49:08 [WebSocketAccept-9] 192.168.1.104:56767 
2021/08/19 14:49:09 [63ca4ae0204e3a2f83bce86d30aadd06-192.168.1.104-19] {"deviceOS":"Android","deviceOSVersion":"10","deviceModel":"ELE-AL00","screenSize":{"width":1080,"height":2265},"density":3.0,"version":"1.0.1","coreVersion":"6.3.1","autoBuild":true,"isCompany":false,"extraInfo":{"package_name":"com.shujuku.app","display_name":"数据酷酷酷课设","plugin_msg":null,"lowMemory":false,"languages":["zh-Hans-CN"]}} 
2021/08/19 14:56:31 [Server-1] Starting 
2021/08/19 14:56:31 [Initial-1] Version: 631.16249, HttpServerPort: 2324, TcpServerPort: 2323, DeveloperTrace: Single, DebugMode: True, TracePrint: True, ClientTrace: False, EnableStackView: True, SessionTimeOut: 1800, NetworkTimeOut: 30, MirrorPatternMaxVerifyTimes: 3, FormStackMaxCount: 10, RelativeScreen: True, TextFontScaling: True, ResourceDenyLocation: , SysTrace: False
        BasePath: D:\SombilerDesigner\Data-Cool-master\Data-Cool\bin\Debug
        DefaultImagePath: D:\SombilerDesigner\Data-Cool-master\Data-Cool\bin\Debug\Resources\Image
        DefaultAudioPath: D:\SombilerDesigner\Data-Cool-master\Data-Cool\bin\Debug\Resources\Audio
        DefaultDocumentPath: D:\SombilerDesigner\Data-Cool-master\Data-Cool\bin\Debug\Resources\Document
        DefaultUploadPath: D:\SombilerDesigner\Data-Cool-master\Data-Cool\bin\Debug\Resources\Upload
        DefaultMediaPath: D:\SombilerDesigner\Data-Cool-master\Data-Cool\bin\Debug\Resources\Media
        DefaultWebPath: D:\SombilerDesigner\Data-Cool-master\Data-Cool\bin\Debug\Resources\Web
 
2021/08/19 14:56:31 [Server-1] Started 
2021/08/19 14:56:31 [AutoSet-7] Start 
2021/08/19 14:56:36 [WebSocketAccept-8] 192.168.1.104:64697 
2021/08/19 14:56:36 [861951044423780-192.168.1.104-10] {"deviceOS":"Android","deviceOSVersion":"9","deviceModel":"INE-AL00","screenSize":{"width":1080,"height":2128},"density":3.0,"version":"1.0.1","coreVersion":"6.3.1","autoBuild":true,"isCompany":false,"extraInfo":{"package_name":"com.shujuku.app","display_name":"数据酷酷酷课设","plugin_msg":null,"lowMemory":false,"languages":["zh-Hans-CN"]}} 
2021/08/19 14:58:04 [WebSocketAccept-8] 192.168.1.104:49884 
2021/08/19 15:45:35 [Server-1] Starting 
2021/08/19 15:45:35 [Initial-1] Version: 631.16249, HttpServerPort: 2324, TcpServerPort: 2323, DeveloperTrace: Single, DebugMode: True, TracePrint: True, ClientTrace: False, EnableStackView: True, SessionTimeOut: 1800, NetworkTimeOut: 30, MirrorPatternMaxVerifyTimes: 3, FormStackMaxCount: 10, RelativeScreen: True, TextFontScaling: True, ResourceDenyLocation: , SysTrace: False
        BasePath: D:\github\XYZ\Data-Cool\bin\Debug
        DefaultImagePath: D:\github\XYZ\Data-Cool\bin\Debug\Resources\Image
        DefaultAudioPath: D:\github\XYZ\Data-Cool\bin\Debug\Resources\Audio
        DefaultDocumentPath: D:\github\XYZ\Data-Cool\bin\Debug\Resources\Document
        DefaultUploadPath: D:\github\XYZ\Data-Cool\bin\Debug\Resources\Upload
        DefaultMediaPath: D:\github\XYZ\Data-Cool\bin\Debug\Resources\Media
        DefaultWebPath: D:\github\XYZ\Data-Cool\bin\Debug\Resources\Web
 
2021/08/19 15:45:35 [Server-1] Started 
2021/08/19 15:45:35 [AutoSet-7] Start 
2021/08/19 15:45:37 [Server-1] Stoping 
2021/08/19 15:45:37 [TcpAccept-EX-8] 无法访问已释放的对象。
对象名:“System.Net.Sockets.Socket”。 
2021/08/19 15:45:38 [Server-1] Stoped 
2021/08/19 15:45:38 [AutoSet-7] Stop 
