2021/08/15 15:49:11 [Server-1] Starting 
2021/08/15 15:49:11 [Initial-1] Version: 631.16249, HttpServerPort: 2324, TcpServerPort: 2323, DeveloperTrace: Single, DebugMode: True, TracePrint: True, ClientTrace: False, EnableStackView: True, SessionTimeOut: 1800, NetworkTimeOut: 30, MirrorPatternMaxVerifyTimes: 3, FormStackMaxCount: 10, RelativeScreen: True, TextFontScaling: True, ResourceDenyLocation: , SysTrace: False
        BasePath: D:\SombilerDesigner\Data-Cool-master\Data-Cool\bin\Debug
        DefaultImagePath: D:\SombilerDesigner\Data-Cool-master\Data-Cool\bin\Debug\Resources\Image
        DefaultAudioPath: D:\SombilerDesigner\Data-Cool-master\Data-Cool\bin\Debug\Resources\Audio
        DefaultDocumentPath: D:\SombilerDesigner\Data-Cool-master\Data-Cool\bin\Debug\Resources\Document
        DefaultUploadPath: D:\SombilerDesigner\Data-Cool-master\Data-Cool\bin\Debug\Resources\Upload
        DefaultMediaPath: D:\SombilerDesigner\Data-Cool-master\Data-Cool\bin\Debug\Resources\Media
        DefaultWebPath: D:\SombilerDesigner\Data-Cool-master\Data-Cool\bin\Debug\Resources\Web
 
2021/08/15 15:49:11 [Server-1] Started 
2021/08/15 15:49:11 [AutoSet-7] Start 
2021/08/15 15:49:12 [TcpAccept-3] 192.168.1.2:60418 
2021/08/15 15:49:24 [Server-1] Stoping 
2021/08/15 15:49:24 [861951044423780-1] Stop-StopServer-True-- 
2021/08/15 15:49:24 [TcpAccept-EX-15] 无法访问已释放的对象。
对象名:“System.Net.Sockets.Socket”。 
2021/08/15 15:49:25 [Server-1] Stoped 
2021/08/15 15:49:25 [AutoSet-7] Stop 
2021/08/15 15:51:08 [Server-1] Starting 
2021/08/15 15:51:08 [Initial-1] Version: 631.16249, HttpServerPort: 2324, TcpServerPort: 2323, DeveloperTrace: Single, DebugMode: True, TracePrint: True, ClientTrace: False, EnableStackView: True, SessionTimeOut: 1800, NetworkTimeOut: 30, MirrorPatternMaxVerifyTimes: 3, FormStackMaxCount: 10, RelativeScreen: True, TextFontScaling: True, ResourceDenyLocation: , SysTrace: False
        BasePath: D:\SombilerDesigner\Data-Cool-master\Data-Cool\bin\Debug
        DefaultImagePath: D:\SombilerDesigner\Data-Cool-master\Data-Cool\bin\Debug\Resources\Image
        DefaultAudioPath: D:\SombilerDesigner\Data-Cool-master\Data-Cool\bin\Debug\Resources\Audio
        DefaultDocumentPath: D:\SombilerDesigner\Data-Cool-master\Data-Cool\bin\Debug\Resources\Document
        DefaultUploadPath: D:\SombilerDesigner\Data-Cool-master\Data-Cool\bin\Debug\Resources\Upload
        DefaultMediaPath: D:\SombilerDesigner\Data-Cool-master\Data-Cool\bin\Debug\Resources\Media
        DefaultWebPath: D:\SombilerDesigner\Data-Cool-master\Data-Cool\bin\Debug\Resources\Web
 
2021/08/15 15:51:08 [Server-1] Started 
2021/08/15 15:51:08 [AutoSet-7] Start 
2021/08/15 15:51:11 [TcpAccept-3] 192.168.1.2:60426 
2021/08/15 15:51:35 [Server-1] Stoping 
2021/08/15 15:51:35 [TcpAccept-EX-15] 无法访问已释放的对象。
对象名:“System.Net.Sockets.Socket”。 
2021/08/15 15:51:35 [861951044423780-1] Stop-StopServer-True-- 
2021/08/15 15:51:36 [Server-1] Stoped 
2021/08/15 15:51:36 [AutoSet-7] Stop 
2021/08/15 16:01:11 [Server-1] Starting 
2021/08/15 16:01:11 [Initial-1] Version: 631.16249, HttpServerPort: 2324, TcpServerPort: 2323, DeveloperTrace: Single, DebugMode: True, TracePrint: True, ClientTrace: False, EnableStackView: True, SessionTimeOut: 1800, NetworkTimeOut: 30, MirrorPatternMaxVerifyTimes: 3, FormStackMaxCount: 10, RelativeScreen: True, TextFontScaling: True, ResourceDenyLocation: , SysTrace: False
        BasePath: D:\SombilerDesigner\Data-Cool-master\Data-Cool\bin\Debug
        DefaultImagePath: D:\SombilerDesigner\Data-Cool-master\Data-Cool\bin\Debug\Resources\Image
        DefaultAudioPath: D:\SombilerDesigner\Data-Cool-master\Data-Cool\bin\Debug\Resources\Audio
        DefaultDocumentPath: D:\SombilerDesigner\Data-Cool-master\Data-Cool\bin\Debug\Resources\Document
        DefaultUploadPath: D:\SombilerDesigner\Data-Cool-master\Data-Cool\bin\Debug\Resources\Upload
        DefaultMediaPath: D:\SombilerDesigner\Data-Cool-master\Data-Cool\bin\Debug\Resources\Media
        DefaultWebPath: D:\SombilerDesigner\Data-Cool-master\Data-Cool\bin\Debug\Resources\Web
 
2021/08/15 16:01:11 [Server-1] Started 
2021/08/15 16:01:11 [AutoSet-7] Start 
2021/08/15 16:01:13 [Server-1] Stoping 
2021/08/15 16:01:13 [TcpAccept-EX-8] 无法访问已释放的对象。
对象名:“System.Net.Sockets.Socket”。 
2021/08/15 16:01:14 [Server-1] Stoped 
2021/08/15 16:01:14 [AutoSet-7] Stop 
2021/08/15 16:01:24 [Server-1] Starting 
2021/08/15 16:01:24 [Initial-1] Version: 631.16249, HttpServerPort: 2324, TcpServerPort: 2323, DeveloperTrace: Single, DebugMode: True, TracePrint: True, ClientTrace: False, EnableStackView: True, SessionTimeOut: 1800, NetworkTimeOut: 30, MirrorPatternMaxVerifyTimes: 3, FormStackMaxCount: 10, RelativeScreen: True, TextFontScaling: True, ResourceDenyLocation: , SysTrace: False
        BasePath: D:\SombilerDesigner\Data-Cool-master\Data-Cool\bin\Debug
        DefaultImagePath: D:\SombilerDesigner\Data-Cool-master\Data-Cool\bin\Debug\Resources\Image
        DefaultAudioPath: D:\SombilerDesigner\Data-Cool-master\Data-Cool\bin\Debug\Resources\Audio
        DefaultDocumentPath: D:\SombilerDesigner\Data-Cool-master\Data-Cool\bin\Debug\Resources\Document
        DefaultUploadPath: D:\SombilerDesigner\Data-Cool-master\Data-Cool\bin\Debug\Resources\Upload
        DefaultMediaPath: D:\SombilerDesigner\Data-Cool-master\Data-Cool\bin\Debug\Resources\Media
        DefaultWebPath: D:\SombilerDesigner\Data-Cool-master\Data-Cool\bin\Debug\Resources\Web
 
2021/08/15 16:01:24 [Server-1] Started 
2021/08/15 16:01:24 [AutoSet-7] Start 
2021/08/15 16:01:26 [TcpAccept-3] 192.168.1.2:50416 
2021/08/15 16:03:02 [Server-1] Starting 
2021/08/15 16:03:02 [Initial-1] Version: 631.16249, HttpServerPort: 2324, TcpServerPort: 2323, DeveloperTrace: Single, DebugMode: True, TracePrint: True, ClientTrace: False, EnableStackView: True, SessionTimeOut: 1800, NetworkTimeOut: 30, MirrorPatternMaxVerifyTimes: 3, FormStackMaxCount: 10, RelativeScreen: True, TextFontScaling: True, ResourceDenyLocation: , SysTrace: False
        BasePath: D:\SombilerDesigner\Data-Cool-master\Data-Cool\bin\Debug
        DefaultImagePath: D:\SombilerDesigner\Data-Cool-master\Data-Cool\bin\Debug\Resources\Image
        DefaultAudioPath: D:\SombilerDesigner\Data-Cool-master\Data-Cool\bin\Debug\Resources\Audio
        DefaultDocumentPath: D:\SombilerDesigner\Data-Cool-master\Data-Cool\bin\Debug\Resources\Document
        DefaultUploadPath: D:\SombilerDesigner\Data-Cool-master\Data-Cool\bin\Debug\Resources\Upload
        DefaultMediaPath: D:\SombilerDesigner\Data-Cool-master\Data-Cool\bin\Debug\Resources\Media
        DefaultWebPath: D:\SombilerDesigner\Data-Cool-master\Data-Cool\bin\Debug\Resources\Web
 
2021/08/15 16:03:02 [Server-1] Started 
2021/08/15 16:03:02 [AutoSet-7] Start 
2021/08/15 16:05:42 [TcpAccept-3] 192.168.1.2:40830 
2021/08/15 16:06:57 [Server-1] Starting 
2021/08/15 16:06:57 [Initial-1] Version: 631.16249, HttpServerPort: 2324, TcpServerPort: 2323, DeveloperTrace: Single, DebugMode: True, TracePrint: True, ClientTrace: False, EnableStackView: True, SessionTimeOut: 1800, NetworkTimeOut: 30, MirrorPatternMaxVerifyTimes: 3, FormStackMaxCount: 10, RelativeScreen: True, TextFontScaling: True, ResourceDenyLocation: , SysTrace: False
        BasePath: D:\SombilerDesigner\Data-Cool-master\Data-Cool\bin\Debug
        DefaultImagePath: D:\SombilerDesigner\Data-Cool-master\Data-Cool\bin\Debug\Resources\Image
        DefaultAudioPath: D:\SombilerDesigner\Data-Cool-master\Data-Cool\bin\Debug\Resources\Audio
        DefaultDocumentPath: D:\SombilerDesigner\Data-Cool-master\Data-Cool\bin\Debug\Resources\Document
        DefaultUploadPath: D:\SombilerDesigner\Data-Cool-master\Data-Cool\bin\Debug\Resources\Upload
        DefaultMediaPath: D:\SombilerDesigner\Data-Cool-master\Data-Cool\bin\Debug\Resources\Media
        DefaultWebPath: D:\SombilerDesigner\Data-Cool-master\Data-Cool\bin\Debug\Resources\Web
 
2021/08/15 16:06:57 [Server-1] Started 
2021/08/15 16:06:57 [AutoSet-7] Start 
2021/08/15 16:06:59 [TcpAccept-3] 192.168.1.2:34614 
2021/08/15 16:07:49 [Server-1] Stoping 
2021/08/15 16:07:49 [861951044423780-1] Stop-StopServer-True-- 
2021/08/15 16:07:49 [TcpAccept-EX-17] 无法访问已释放的对象。
对象名:“System.Net.Sockets.Socket”。 
2021/08/15 16:07:50 [Server-1] Stoped 
2021/08/15 16:07:50 [AutoSet-7] Stop 
2021/08/15 16:08:45 [Server-1] Starting 
2021/08/15 16:08:45 [Initial-1] Version: 631.16249, HttpServerPort: 2324, TcpServerPort: 2323, DeveloperTrace: Single, DebugMode: True, TracePrint: True, ClientTrace: False, EnableStackView: True, SessionTimeOut: 1800, NetworkTimeOut: 30, MirrorPatternMaxVerifyTimes: 3, FormStackMaxCount: 10, RelativeScreen: True, TextFontScaling: True, ResourceDenyLocation: , SysTrace: False
        BasePath: D:\SombilerDesigner\Data-Cool-master\Data-Cool\bin\Debug
        DefaultImagePath: D:\SombilerDesigner\Data-Cool-master\Data-Cool\bin\Debug\Resources\Image
        DefaultAudioPath: D:\SombilerDesigner\Data-Cool-master\Data-Cool\bin\Debug\Resources\Audio
        DefaultDocumentPath: D:\SombilerDesigner\Data-Cool-master\Data-Cool\bin\Debug\Resources\Document
        DefaultUploadPath: D:\SombilerDesigner\Data-Cool-master\Data-Cool\bin\Debug\Resources\Upload
        DefaultMediaPath: D:\SombilerDesigner\Data-Cool-master\Data-Cool\bin\Debug\Resources\Media
        DefaultWebPath: D:\SombilerDesigner\Data-Cool-master\Data-Cool\bin\Debug\Resources\Web
 
2021/08/15 16:08:45 [Server-1] Started 
2021/08/15 16:08:46 [TcpAccept-3] 192.168.1.2:38952 
2021/08/15 16:09:04 [Server-1] Stoping 
2021/08/15 16:09:04 [TcpAccept-EX-11] 无法访问已释放的对象。
对象名:“System.Net.Sockets.Socket”。 
2021/08/15 16:09:04 [861951044423780-1] Stop-StopServer-True-- 
2021/08/15 16:09:05 [Server-1] Stoped 
2021/08/15 16:09:05 [AutoSet-7] Stop 
2021/08/15 16:11:38 [Server-1] Starting 
2021/08/15 16:11:38 [Initial-1] Version: 631.16249, HttpServerPort: 2324, TcpServerPort: 2323, DeveloperTrace: Single, DebugMode: True, TracePrint: True, ClientTrace: False, EnableStackView: True, SessionTimeOut: 1800, NetworkTimeOut: 30, MirrorPatternMaxVerifyTimes: 3, FormStackMaxCount: 10, RelativeScreen: True, TextFontScaling: True, ResourceDenyLocation: , SysTrace: False
        BasePath: D:\SombilerDesigner\Data-Cool-master\Data-Cool\bin\Debug
        DefaultImagePath: D:\SombilerDesigner\Data-Cool-master\Data-Cool\bin\Debug\Resources\Image
        DefaultAudioPath: D:\SombilerDesigner\Data-Cool-master\Data-Cool\bin\Debug\Resources\Audio
        DefaultDocumentPath: D:\SombilerDesigner\Data-Cool-master\Data-Cool\bin\Debug\Resources\Document
        DefaultUploadPath: D:\SombilerDesigner\Data-Cool-master\Data-Cool\bin\Debug\Resources\Upload
        DefaultMediaPath: D:\SombilerDesigner\Data-Cool-master\Data-Cool\bin\Debug\Resources\Media
        DefaultWebPath: D:\SombilerDesigner\Data-Cool-master\Data-Cool\bin\Debug\Resources\Web
 
2021/08/15 16:11:39 [Server-1] Started 
2021/08/15 16:11:39 [AutoSet-7] Start 
2021/08/15 16:11:41 [TcpAccept-3] 192.168.1.2:38990 
2021/08/15 16:13:10 [TcpAccept-13] 192.168.1.2:39108 
2021/08/15 16:13:52 [Server-1] Stoping 
2021/08/15 16:13:52 [861951044423780-1] Stop-StopServer-True-- 
2021/08/15 16:13:52 [TcpAccept-EX-13] 无法访问已释放的对象。
对象名:“System.Net.Sockets.Socket”。 
2021/08/15 16:13:53 [Server-1] Stoped 
2021/08/15 16:13:53 [AutoSet-7] Stop 
2021/08/15 16:22:01 [Server-1] Starting 
2021/08/15 16:22:01 [Initial-1] Version: 631.16249, HttpServerPort: 2324, TcpServerPort: 2323, DeveloperTrace: Single, DebugMode: True, TracePrint: True, ClientTrace: False, EnableStackView: True, SessionTimeOut: 1800, NetworkTimeOut: 30, MirrorPatternMaxVerifyTimes: 3, FormStackMaxCount: 10, RelativeScreen: True, TextFontScaling: True, ResourceDenyLocation: , SysTrace: False
        BasePath: D:\SombilerDesigner\Data-Cool-master\Data-Cool\bin\Debug
        DefaultImagePath: D:\SombilerDesigner\Data-Cool-master\Data-Cool\bin\Debug\Resources\Image
        DefaultAudioPath: D:\SombilerDesigner\Data-Cool-master\Data-Cool\bin\Debug\Resources\Audio
        DefaultDocumentPath: D:\SombilerDesigner\Data-Cool-master\Data-Cool\bin\Debug\Resources\Document
        DefaultUploadPath: D:\SombilerDesigner\Data-Cool-master\Data-Cool\bin\Debug\Resources\Upload
        DefaultMediaPath: D:\SombilerDesigner\Data-Cool-master\Data-Cool\bin\Debug\Resources\Media
        DefaultWebPath: D:\SombilerDesigner\Data-Cool-master\Data-Cool\bin\Debug\Resources\Web
 
2021/08/15 16:22:01 [Server-1] Started 
2021/08/15 16:22:01 [AutoSet-7] Start 
2021/08/15 16:22:19 [TcpAccept-3] 192.168.1.2:39154 
2021/08/15 16:27:04 [Server-1] Starting 
2021/08/15 16:27:04 [Initial-1] Version: 631.16249, HttpServerPort: 2324, TcpServerPort: 2323, DeveloperTrace: Single, DebugMode: True, TracePrint: True, ClientTrace: False, EnableStackView: True, SessionTimeOut: 1800, NetworkTimeOut: 30, MirrorPatternMaxVerifyTimes: 3, FormStackMaxCount: 10, RelativeScreen: True, TextFontScaling: True, ResourceDenyLocation: , SysTrace: False
        BasePath: D:\SombilerDesigner\Data-Cool-master\Data-Cool\bin\Debug
        DefaultImagePath: D:\SombilerDesigner\Data-Cool-master\Data-Cool\bin\Debug\Resources\Image
        DefaultAudioPath: D:\SombilerDesigner\Data-Cool-master\Data-Cool\bin\Debug\Resources\Audio
        DefaultDocumentPath: D:\SombilerDesigner\Data-Cool-master\Data-Cool\bin\Debug\Resources\Document
        DefaultUploadPath: D:\SombilerDesigner\Data-Cool-master\Data-Cool\bin\Debug\Resources\Upload
        DefaultMediaPath: D:\SombilerDesigner\Data-Cool-master\Data-Cool\bin\Debug\Resources\Media
        DefaultWebPath: D:\SombilerDesigner\Data-Cool-master\Data-Cool\bin\Debug\Resources\Web
 
2021/08/15 16:27:04 [Server-1] Started 
2021/08/15 16:27:04 [AutoSet-7] Start 
2021/08/15 16:27:07 [TcpAccept-3] 192.168.1.2:39212 
2021/08/15 16:33:30 [Server-1] Stoping 
2021/08/15 16:33:30 [TcpAccept-EX-10] 无法访问已释放的对象。
对象名:“System.Net.Sockets.Socket”。 
2021/08/15 16:33:30 [861951044423780-1] Stop-StopServer-True-- 
2021/08/15 16:33:31 [Server-1] Stoped 
2021/08/15 16:33:31 [AutoSet-7] Stop 
2021/08/15 16:38:54 [Server-1] Starting 
2021/08/15 16:38:54 [Initial-1] Version: 631.16249, HttpServerPort: 2324, TcpServerPort: 2323, DeveloperTrace: Single, DebugMode: True, TracePrint: True, ClientTrace: False, EnableStackView: True, SessionTimeOut: 1800, NetworkTimeOut: 30, MirrorPatternMaxVerifyTimes: 3, FormStackMaxCount: 10, RelativeScreen: True, TextFontScaling: True, ResourceDenyLocation: , SysTrace: False
        BasePath: D:\SombilerDesigner\Data-Cool-master\Data-Cool\bin\Debug
        DefaultImagePath: D:\SombilerDesigner\Data-Cool-master\Data-Cool\bin\Debug\Resources\Image
        DefaultAudioPath: D:\SombilerDesigner\Data-Cool-master\Data-Cool\bin\Debug\Resources\Audio
        DefaultDocumentPath: D:\SombilerDesigner\Data-Cool-master\Data-Cool\bin\Debug\Resources\Document
        DefaultUploadPath: D:\SombilerDesigner\Data-Cool-master\Data-Cool\bin\Debug\Resources\Upload
        DefaultMediaPath: D:\SombilerDesigner\Data-Cool-master\Data-Cool\bin\Debug\Resources\Media
        DefaultWebPath: D:\SombilerDesigner\Data-Cool-master\Data-Cool\bin\Debug\Resources\Web
 
2021/08/15 16:38:54 [Server-1] Started 
2021/08/15 16:38:54 [AutoSet-7] Start 
2021/08/15 16:39:03 [TcpAccept-3] 192.168.1.2:57644 
2021/08/15 16:40:12 [TcpAccept-11] 192.168.1.2:57682 
2021/08/15 16:41:04 [TcpAccept-12] 192.168.1.2:57752 
2021/08/15 16:41:08 [Server-1] Stoping 
2021/08/15 16:41:08 [861951044423780-1] Stop-StopServer-True-- 
2021/08/15 16:41:08 [TcpAccept-EX-3] 无法访问已释放的对象。
对象名:“System.Net.Sockets.Socket”。 
2021/08/15 16:41:09 [Server-1] Stoped 
2021/08/15 16:41:09 [AutoSet-7] Stop 
2021/08/15 16:43:04 [Server-1] Starting 
2021/08/15 16:43:04 [Initial-1] Version: 631.16249, HttpServerPort: 2324, TcpServerPort: 2323, DeveloperTrace: Single, DebugMode: True, TracePrint: True, ClientTrace: False, EnableStackView: True, SessionTimeOut: 1800, NetworkTimeOut: 30, MirrorPatternMaxVerifyTimes: 3, FormStackMaxCount: 10, RelativeScreen: True, TextFontScaling: True, ResourceDenyLocation: , SysTrace: False
        BasePath: D:\SombilerDesigner\Data-Cool-master\Data-Cool\bin\Debug
        DefaultImagePath: D:\SombilerDesigner\Data-Cool-master\Data-Cool\bin\Debug\Resources\Image
        DefaultAudioPath: D:\SombilerDesigner\Data-Cool-master\Data-Cool\bin\Debug\Resources\Audio
        DefaultDocumentPath: D:\SombilerDesigner\Data-Cool-master\Data-Cool\bin\Debug\Resources\Document
        DefaultUploadPath: D:\SombilerDesigner\Data-Cool-master\Data-Cool\bin\Debug\Resources\Upload
        DefaultMediaPath: D:\SombilerDesigner\Data-Cool-master\Data-Cool\bin\Debug\Resources\Media
        DefaultWebPath: D:\SombilerDesigner\Data-Cool-master\Data-Cool\bin\Debug\Resources\Web
 
2021/08/15 16:43:04 [Server-1] Started 
2021/08/15 16:43:04 [AutoSet-7] Start 
2021/08/15 16:43:07 [TcpAccept-3] 192.168.1.2:57758 
2021/08/15 16:43:13 [Server-1] Stoping 
2021/08/15 16:43:13 [861951044423780-1] Stop-StopServer-True-- 
2021/08/15 16:43:13 [TcpAccept-EX-11] 无法访问已释放的对象。
对象名:“System.Net.Sockets.Socket”。 
2021/08/15 16:43:14 [Server-1] Stoped 
2021/08/15 16:43:14 [AutoSet-7] Stop 
2021/08/15 16:43:40 [Server-1] Starting 
2021/08/15 16:43:40 [Initial-1] Version: 631.16249, HttpServerPort: 2324, TcpServerPort: 2323, DeveloperTrace: Single, DebugMode: True, TracePrint: True, ClientTrace: False, EnableStackView: True, SessionTimeOut: 1800, NetworkTimeOut: 30, MirrorPatternMaxVerifyTimes: 3, FormStackMaxCount: 10, RelativeScreen: True, TextFontScaling: True, ResourceDenyLocation: , SysTrace: False
        BasePath: D:\SombilerDesigner\Data-Cool-master\Data-Cool\bin\Debug
        DefaultImagePath: D:\SombilerDesigner\Data-Cool-master\Data-Cool\bin\Debug\Resources\Image
        DefaultAudioPath: D:\SombilerDesigner\Data-Cool-master\Data-Cool\bin\Debug\Resources\Audio
        DefaultDocumentPath: D:\SombilerDesigner\Data-Cool-master\Data-Cool\bin\Debug\Resources\Document
        DefaultUploadPath: D:\SombilerDesigner\Data-Cool-master\Data-Cool\bin\Debug\Resources\Upload
        DefaultMediaPath: D:\SombilerDesigner\Data-Cool-master\Data-Cool\bin\Debug\Resources\Media
        DefaultWebPath: D:\SombilerDesigner\Data-Cool-master\Data-Cool\bin\Debug\Resources\Web
 
2021/08/15 16:43:40 [Server-1] Started 
2021/08/15 16:43:40 [AutoSet-7] Start 
2021/08/15 16:43:44 [TcpAccept-3] 192.168.1.2:57780 
2021/08/15 16:43:44 [861951044423780-192.168.1.2-10] {"deviceOS":"Android","deviceOSVersion":"9","deviceModel":"INE-AL00","screenSize":{"width":1080,"height":2128},"density":3.0,"version":"6.3.1","coreVersion":"6.3.1","autoBuild":false,"isCompany":true,"extraInfo":{"package_name":"com.smobiler.app","display_name":"Smobiler","plugin_msg":null,"lowMemory":false,"languages":["zh-Hans-CN"]}} 
2021/08/15 16:44:36 [Server-1] Stoping 
2021/08/15 16:44:36 [861951044423780-1] Stop-StopServer-True-- 
2021/08/15 16:44:36 [TcpAccept-EX-15] 无法访问已释放的对象。
对象名:“System.Net.Sockets.Socket”。 
2021/08/15 16:44:37 [Server-1] Stoped 
2021/08/15 16:44:37 [AutoSet-7] Stop 
2021/08/15 16:48:15 [Server-1] Starting 
2021/08/15 16:48:15 [Initial-1] Version: 631.16249, HttpServerPort: 2324, TcpServerPort: 2323, DeveloperTrace: Single, DebugMode: True, TracePrint: True, ClientTrace: False, EnableStackView: True, SessionTimeOut: 1800, NetworkTimeOut: 30, MirrorPatternMaxVerifyTimes: 3, FormStackMaxCount: 10, RelativeScreen: True, TextFontScaling: True, ResourceDenyLocation: , SysTrace: False
        BasePath: D:\SombilerDesigner\Data-Cool-master\Data-Cool\bin\Debug
        DefaultImagePath: D:\SombilerDesigner\Data-Cool-master\Data-Cool\bin\Debug\Resources\Image
        DefaultAudioPath: D:\SombilerDesigner\Data-Cool-master\Data-Cool\bin\Debug\Resources\Audio
        DefaultDocumentPath: D:\SombilerDesigner\Data-Cool-master\Data-Cool\bin\Debug\Resources\Document
        DefaultUploadPath: D:\SombilerDesigner\Data-Cool-master\Data-Cool\bin\Debug\Resources\Upload
        DefaultMediaPath: D:\SombilerDesigner\Data-Cool-master\Data-Cool\bin\Debug\Resources\Media
        DefaultWebPath: D:\SombilerDesigner\Data-Cool-master\Data-Cool\bin\Debug\Resources\Web
 
2021/08/15 16:48:15 [Server-1] Started 
2021/08/15 16:48:15 [AutoSet-7] Start 
2021/08/15 16:48:21 [TcpAccept-3] 192.168.1.2:57856 
2021/08/15 16:49:18 [Server-1] Stoping 
2021/08/15 16:49:18 [861951044423780-1] Stop-StopServer-True-- 
2021/08/15 16:49:18 [TcpAccept-EX-16] 无法访问已释放的对象。
对象名:“System.Net.Sockets.Socket”。 
2021/08/15 16:49:20 [Server-1] Stoped 
2021/08/15 16:49:20 [AutoSet-7] Stop 
2021/08/15 16:51:50 [Server-1] Starting 
2021/08/15 16:51:51 [Initial-1] Version: 631.16249, HttpServerPort: 2324, TcpServerPort: 2323, DeveloperTrace: Single, DebugMode: True, TracePrint: True, ClientTrace: False, EnableStackView: True, SessionTimeOut: 1800, NetworkTimeOut: 30, MirrorPatternMaxVerifyTimes: 3, FormStackMaxCount: 10, RelativeScreen: True, TextFontScaling: True, ResourceDenyLocation: , SysTrace: False
        BasePath: D:\SombilerDesigner\Data-Cool-master\Data-Cool\bin\Debug
        DefaultImagePath: D:\SombilerDesigner\Data-Cool-master\Data-Cool\bin\Debug\Resources\Image
        DefaultAudioPath: D:\SombilerDesigner\Data-Cool-master\Data-Cool\bin\Debug\Resources\Audio
        DefaultDocumentPath: D:\SombilerDesigner\Data-Cool-master\Data-Cool\bin\Debug\Resources\Document
        DefaultUploadPath: D:\SombilerDesigner\Data-Cool-master\Data-Cool\bin\Debug\Resources\Upload
        DefaultMediaPath: D:\SombilerDesigner\Data-Cool-master\Data-Cool\bin\Debug\Resources\Media
        DefaultWebPath: D:\SombilerDesigner\Data-Cool-master\Data-Cool\bin\Debug\Resources\Web
 
2021/08/15 16:51:51 [Server-1] Started 
2021/08/15 16:51:51 [AutoSet-7] Start 
2021/08/15 16:51:57 [TcpAccept-3] 192.168.1.2:47818 
2021/08/15 16:52:31 [Server-1] Stoping 
2021/08/15 16:52:31 [861951044423780-1] Stop-StopServer-True-- 
2021/08/15 16:52:31 [TcpAccept-EX-14] 无法访问已释放的对象。
对象名:“System.Net.Sockets.Socket”。 
2021/08/15 16:52:32 [Server-1] Stoped 
2021/08/15 16:52:32 [AutoSet-7] Stop 
2021/08/15 16:52:50 [Server-1] Starting 
2021/08/15 16:52:50 [Initial-1] Version: 631.16249, HttpServerPort: 2324, TcpServerPort: 2323, DeveloperTrace: Single, DebugMode: True, TracePrint: True, ClientTrace: False, EnableStackView: True, SessionTimeOut: 1800, NetworkTimeOut: 30, MirrorPatternMaxVerifyTimes: 3, FormStackMaxCount: 10, RelativeScreen: True, TextFontScaling: True, ResourceDenyLocation: , SysTrace: False
        BasePath: D:\SombilerDesigner\Data-Cool-master\Data-Cool\bin\Debug
        DefaultImagePath: D:\SombilerDesigner\Data-Cool-master\Data-Cool\bin\Debug\Resources\Image
        DefaultAudioPath: D:\SombilerDesigner\Data-Cool-master\Data-Cool\bin\Debug\Resources\Audio
        DefaultDocumentPath: D:\SombilerDesigner\Data-Cool-master\Data-Cool\bin\Debug\Resources\Document
        DefaultUploadPath: D:\SombilerDesigner\Data-Cool-master\Data-Cool\bin\Debug\Resources\Upload
        DefaultMediaPath: D:\SombilerDesigner\Data-Cool-master\Data-Cool\bin\Debug\Resources\Media
        DefaultWebPath: D:\SombilerDesigner\Data-Cool-master\Data-Cool\bin\Debug\Resources\Web
 
2021/08/15 16:52:50 [Server-1] Started 
2021/08/15 16:52:50 [AutoSet-7] Start 
2021/08/15 16:52:51 [TcpAccept-3] 192.168.1.2:47856 
2021/08/15 16:53:06 [Server-1] Stoping 
2021/08/15 16:53:06 [861951044423780-1] Stop-StopServer-True-- 
2021/08/15 16:53:06 [TcpAccept-EX-10] 无法访问已释放的对象。
对象名:“System.Net.Sockets.Socket”。 
2021/08/15 16:53:07 [Server-1] Stoped 
2021/08/15 16:53:07 [AutoSet-7] Stop 
2021/08/15 16:53:17 [Server-1] Starting 
2021/08/15 16:53:17 [Initial-1] Version: 631.16249, HttpServerPort: 2324, TcpServerPort: 2323, DeveloperTrace: Single, DebugMode: True, TracePrint: True, ClientTrace: False, EnableStackView: True, SessionTimeOut: 1800, NetworkTimeOut: 30, MirrorPatternMaxVerifyTimes: 3, FormStackMaxCount: 10, RelativeScreen: True, TextFontScaling: True, ResourceDenyLocation: , SysTrace: False
        BasePath: D:\SombilerDesigner\Data-Cool-master\Data-Cool\bin\Debug
        DefaultImagePath: D:\SombilerDesigner\Data-Cool-master\Data-Cool\bin\Debug\Resources\Image
        DefaultAudioPath: D:\SombilerDesigner\Data-Cool-master\Data-Cool\bin\Debug\Resources\Audio
        DefaultDocumentPath: D:\SombilerDesigner\Data-Cool-master\Data-Cool\bin\Debug\Resources\Document
        DefaultUploadPath: D:\SombilerDesigner\Data-Cool-master\Data-Cool\bin\Debug\Resources\Upload
        DefaultMediaPath: D:\SombilerDesigner\Data-Cool-master\Data-Cool\bin\Debug\Resources\Media
        DefaultWebPath: D:\SombilerDesigner\Data-Cool-master\Data-Cool\bin\Debug\Resources\Web
 
2021/08/15 16:53:17 [Server-1] Started 
2021/08/15 16:53:17 [AutoSet-7] Start 
2021/08/15 16:53:19 [TcpAccept-3] 192.168.1.2:47878 
2021/08/15 16:53:37 [Server-1] Stoping 
2021/08/15 16:53:37 [861951044423780-1] Stop-StopServer-True-- 
2021/08/15 16:53:37 [TcpAccept-EX-16] 无法访问已释放的对象。
对象名:“System.Net.Sockets.Socket”。 
2021/08/15 16:53:38 [Server-1] Stoped 
2021/08/15 16:53:38 [AutoSet-7] Stop 
2021/08/15 16:53:50 [Server-1] Starting 
2021/08/15 16:53:50 [Initial-1] Version: 631.16249, HttpServerPort: 2324, TcpServerPort: 2323, DeveloperTrace: Single, DebugMode: True, TracePrint: True, ClientTrace: False, EnableStackView: True, SessionTimeOut: 1800, NetworkTimeOut: 30, MirrorPatternMaxVerifyTimes: 3, FormStackMaxCount: 10, RelativeScreen: True, TextFontScaling: True, ResourceDenyLocation: , SysTrace: False
        BasePath: D:\SombilerDesigner\Data-Cool-master\Data-Cool\bin\Debug
        DefaultImagePath: D:\SombilerDesigner\Data-Cool-master\Data-Cool\bin\Debug\Resources\Image
        DefaultAudioPath: D:\SombilerDesigner\Data-Cool-master\Data-Cool\bin\Debug\Resources\Audio
        DefaultDocumentPath: D:\SombilerDesigner\Data-Cool-master\Data-Cool\bin\Debug\Resources\Document
        DefaultUploadPath: D:\SombilerDesigner\Data-Cool-master\Data-Cool\bin\Debug\Resources\Upload
        DefaultMediaPath: D:\SombilerDesigner\Data-Cool-master\Data-Cool\bin\Debug\Resources\Media
        DefaultWebPath: D:\SombilerDesigner\Data-Cool-master\Data-Cool\bin\Debug\Resources\Web
 
2021/08/15 16:53:50 [Server-1] Started 
2021/08/15 16:53:50 [AutoSet-7] Start 
2021/08/15 16:53:52 [TcpAccept-3] 192.168.1.2:47932 
2021/08/15 16:54:00 [Server-1] Stoping 
2021/08/15 16:54:00 [861951044423780-1] Stop-StopServer-True-- 
2021/08/15 16:54:00 [TcpAccept-EX-10] 无法访问已释放的对象。
对象名:“System.Net.Sockets.Socket”。 
2021/08/15 16:54:01 [Server-1] Stoped 
2021/08/15 16:54:01 [AutoSet-7] Stop 
2021/08/15 16:55:01 [Server-1] Starting 
2021/08/15 16:55:01 [Initial-1] Version: 631.16249, HttpServerPort: 2324, TcpServerPort: 2323, DeveloperTrace: Single, DebugMode: True, TracePrint: True, ClientTrace: False, EnableStackView: True, SessionTimeOut: 1800, NetworkTimeOut: 30, MirrorPatternMaxVerifyTimes: 3, FormStackMaxCount: 10, RelativeScreen: True, TextFontScaling: True, ResourceDenyLocation: , SysTrace: False
        BasePath: D:\SombilerDesigner\Data-Cool-master\Data-Cool\bin\Debug
        DefaultImagePath: D:\SombilerDesigner\Data-Cool-master\Data-Cool\bin\Debug\Resources\Image
        DefaultAudioPath: D:\SombilerDesigner\Data-Cool-master\Data-Cool\bin\Debug\Resources\Audio
        DefaultDocumentPath: D:\SombilerDesigner\Data-Cool-master\Data-Cool\bin\Debug\Resources\Document
        DefaultUploadPath: D:\SombilerDesigner\Data-Cool-master\Data-Cool\bin\Debug\Resources\Upload
        DefaultMediaPath: D:\SombilerDesigner\Data-Cool-master\Data-Cool\bin\Debug\Resources\Media
        DefaultWebPath: D:\SombilerDesigner\Data-Cool-master\Data-Cool\bin\Debug\Resources\Web
 
2021/08/15 16:55:01 [Server-1] Started 
2021/08/15 16:55:01 [AutoSet-7] Start 
2021/08/15 16:55:01 [TcpAccept-3] 192.168.1.2:57544 
2021/08/15 16:55:12 [Server-1] Stoping 
2021/08/15 16:55:12 [861951044423780-1] Stop-StopServer-True-- 
2021/08/15 16:55:12 [TcpAccept-EX-12] 无法访问已释放的对象。
对象名:“System.Net.Sockets.Socket”。 
2021/08/15 16:55:13 [Server-1] Stoped 
2021/08/15 16:55:13 [AutoSet-7] Stop 
2021/08/15 16:55:21 [Server-1] Starting 
2021/08/15 16:55:21 [Initial-1] Version: 631.16249, HttpServerPort: 2324, TcpServerPort: 2323, DeveloperTrace: Single, DebugMode: True, TracePrint: True, ClientTrace: False, EnableStackView: True, SessionTimeOut: 1800, NetworkTimeOut: 30, MirrorPatternMaxVerifyTimes: 3, FormStackMaxCount: 10, RelativeScreen: True, TextFontScaling: True, ResourceDenyLocation: , SysTrace: False
        BasePath: D:\SombilerDesigner\Data-Cool-master\Data-Cool\bin\Debug
        DefaultImagePath: D:\SombilerDesigner\Data-Cool-master\Data-Cool\bin\Debug\Resources\Image
        DefaultAudioPath: D:\SombilerDesigner\Data-Cool-master\Data-Cool\bin\Debug\Resources\Audio
        DefaultDocumentPath: D:\SombilerDesigner\Data-Cool-master\Data-Cool\bin\Debug\Resources\Document
        DefaultUploadPath: D:\SombilerDesigner\Data-Cool-master\Data-Cool\bin\Debug\Resources\Upload
        DefaultMediaPath: D:\SombilerDesigner\Data-Cool-master\Data-Cool\bin\Debug\Resources\Media
        DefaultWebPath: D:\SombilerDesigner\Data-Cool-master\Data-Cool\bin\Debug\Resources\Web
 
2021/08/15 16:55:21 [Server-1] Started 
2021/08/15 16:55:21 [AutoSet-7] Start 
2021/08/15 16:55:22 [TcpAccept-3] 192.168.1.2:58606 
2021/08/15 16:55:28 [Server-1] Stoping 
2021/08/15 16:55:28 [861951044423780-1] Stop-StopServer-True-- 
2021/08/15 16:55:28 [TcpAccept-EX-10] 无法访问已释放的对象。
对象名:“System.Net.Sockets.Socket”。 
2021/08/15 16:55:29 [Server-1] Stoped 
2021/08/15 16:55:29 [AutoSet-7] Stop 
2021/08/15 17:02:40 [Server-1] Starting 
2021/08/15 17:02:40 [Initial-1] Version: 631.16249, HttpServerPort: 2324, TcpServerPort: 2323, DeveloperTrace: Single, DebugMode: True, TracePrint: True, ClientTrace: False, EnableStackView: True, SessionTimeOut: 1800, NetworkTimeOut: 30, MirrorPatternMaxVerifyTimes: 3, FormStackMaxCount: 10, RelativeScreen: True, TextFontScaling: True, ResourceDenyLocation: , SysTrace: False
        BasePath: D:\SombilerDesigner\Data-Cool-master\Data-Cool\bin\Debug
        DefaultImagePath: D:\SombilerDesigner\Data-Cool-master\Data-Cool\bin\Debug\Resources\Image
        DefaultAudioPath: D:\SombilerDesigner\Data-Cool-master\Data-Cool\bin\Debug\Resources\Audio
        DefaultDocumentPath: D:\SombilerDesigner\Data-Cool-master\Data-Cool\bin\Debug\Resources\Document
        DefaultUploadPath: D:\SombilerDesigner\Data-Cool-master\Data-Cool\bin\Debug\Resources\Upload
        DefaultMediaPath: D:\SombilerDesigner\Data-Cool-master\Data-Cool\bin\Debug\Resources\Media
        DefaultWebPath: D:\SombilerDesigner\Data-Cool-master\Data-Cool\bin\Debug\Resources\Web
 
2021/08/15 17:02:41 [Server-1] Started 
2021/08/15 17:02:41 [AutoSet-7] Start 
2021/08/15 17:02:44 [TcpAccept-3] 192.168.1.2:37988 
2021/08/15 17:02:52 [Server-1] Stoping 
2021/08/15 17:02:52 [861951044423780-1] Stop-StopServer-True-- 
2021/08/15 17:02:52 [TcpAccept-EX-11] 无法访问已释放的对象。
对象名:“System.Net.Sockets.Socket”。 
2021/08/15 17:02:53 [Server-1] Stoped 
2021/08/15 17:02:53 [AutoSet-7] Stop 
2021/08/15 17:03:09 [Server-1] Starting 
2021/08/15 17:03:09 [Initial-1] Version: 631.16249, HttpServerPort: 2324, TcpServerPort: 2323, DeveloperTrace: Single, DebugMode: True, TracePrint: True, ClientTrace: False, EnableStackView: True, SessionTimeOut: 1800, NetworkTimeOut: 30, MirrorPatternMaxVerifyTimes: 3, FormStackMaxCount: 10, RelativeScreen: True, TextFontScaling: True, ResourceDenyLocation: , SysTrace: False
        BasePath: D:\SombilerDesigner\Data-Cool-master\Data-Cool\bin\Debug
        DefaultImagePath: D:\SombilerDesigner\Data-Cool-master\Data-Cool\bin\Debug\Resources\Image
        DefaultAudioPath: D:\SombilerDesigner\Data-Cool-master\Data-Cool\bin\Debug\Resources\Audio
        DefaultDocumentPath: D:\SombilerDesigner\Data-Cool-master\Data-Cool\bin\Debug\Resources\Document
        DefaultUploadPath: D:\SombilerDesigner\Data-Cool-master\Data-Cool\bin\Debug\Resources\Upload
        DefaultMediaPath: D:\SombilerDesigner\Data-Cool-master\Data-Cool\bin\Debug\Resources\Media
        DefaultWebPath: D:\SombilerDesigner\Data-Cool-master\Data-Cool\bin\Debug\Resources\Web
 
2021/08/15 17:03:09 [Server-1] Started 
2021/08/15 17:03:09 [AutoSet-7] Start 
2021/08/15 17:03:11 [TcpAccept-3] 192.168.1.2:38014 
2021/08/15 17:03:35 [Server-1] Stoping 
2021/08/15 17:03:35 [861951044423780-1] Stop-StopServer-True-- 
2021/08/15 17:03:35 [TcpAccept-EX-12] 无法访问已释放的对象。
对象名:“System.Net.Sockets.Socket”。 
2021/08/15 17:03:36 [Server-1] Stoped 
2021/08/15 17:03:36 [AutoSet-7] Stop 
2021/08/15 17:04:30 [Server-1] Starting 
2021/08/15 17:04:30 [Initial-1] Version: 631.16249, HttpServerPort: 2324, TcpServerPort: 2323, DeveloperTrace: Single, DebugMode: True, TracePrint: True, ClientTrace: False, EnableStackView: True, SessionTimeOut: 1800, NetworkTimeOut: 30, MirrorPatternMaxVerifyTimes: 3, FormStackMaxCount: 10, RelativeScreen: True, TextFontScaling: True, ResourceDenyLocation: , SysTrace: False
        BasePath: D:\SombilerDesigner\Data-Cool-master\Data-Cool\bin\Debug
        DefaultImagePath: D:\SombilerDesigner\Data-Cool-master\Data-Cool\bin\Debug\Resources\Image
        DefaultAudioPath: D:\SombilerDesigner\Data-Cool-master\Data-Cool\bin\Debug\Resources\Audio
        DefaultDocumentPath: D:\SombilerDesigner\Data-Cool-master\Data-Cool\bin\Debug\Resources\Document
        DefaultUploadPath: D:\SombilerDesigner\Data-Cool-master\Data-Cool\bin\Debug\Resources\Upload
        DefaultMediaPath: D:\SombilerDesigner\Data-Cool-master\Data-Cool\bin\Debug\Resources\Media
        DefaultWebPath: D:\SombilerDesigner\Data-Cool-master\Data-Cool\bin\Debug\Resources\Web
 
2021/08/15 17:04:31 [Server-1] Started 
2021/08/15 17:04:31 [AutoSet-8] Start 
2021/08/15 17:04:32 [TcpAccept-3] 192.168.1.2:38078 
2021/08/15 17:04:55 [Server-1] Stoping 
2021/08/15 17:04:55 [861951044423780-1] Stop-StopServer-True-- 
2021/08/15 17:04:55 [TcpAccept-EX-17] 无法访问已释放的对象。
对象名:“System.Net.Sockets.Socket”。 
2021/08/15 17:04:57 [Server-1] Stoped 
2021/08/15 17:04:57 [AutoSet-8] Stop 
2021/08/15 17:10:22 [Server-1] Starting 
2021/08/15 17:10:23 [Initial-1] Version: 631.16249, HttpServerPort: 2324, TcpServerPort: 2323, DeveloperTrace: Single, DebugMode: True, TracePrint: True, ClientTrace: False, EnableStackView: True, SessionTimeOut: 1800, NetworkTimeOut: 30, MirrorPatternMaxVerifyTimes: 3, FormStackMaxCount: 10, RelativeScreen: True, TextFontScaling: True, ResourceDenyLocation: , SysTrace: False
        BasePath: D:\SombilerDesigner\Data-Cool-master\Data-Cool\bin\Debug
        DefaultImagePath: D:\SombilerDesigner\Data-Cool-master\Data-Cool\bin\Debug\Resources\Image
        DefaultAudioPath: D:\SombilerDesigner\Data-Cool-master\Data-Cool\bin\Debug\Resources\Audio
        DefaultDocumentPath: D:\SombilerDesigner\Data-Cool-master\Data-Cool\bin\Debug\Resources\Document
        DefaultUploadPath: D:\SombilerDesigner\Data-Cool-master\Data-Cool\bin\Debug\Resources\Upload
        DefaultMediaPath: D:\SombilerDesigner\Data-Cool-master\Data-Cool\bin\Debug\Resources\Media
        DefaultWebPath: D:\SombilerDesigner\Data-Cool-master\Data-Cool\bin\Debug\Resources\Web
 
2021/08/15 17:10:23 [Server-1] Started 
2021/08/15 17:10:23 [AutoSet-7] Start 
2021/08/15 17:10:25 [TcpAccept-3] 192.168.1.2:46180 
2021/08/15 17:11:54 [Server-1] Stoping 
2021/08/15 17:11:54 [861951044423780-1] Stop-StopServer-True-- 
2021/08/15 17:11:54 [TcpAccept-EX-12] 无法访问已释放的对象。
对象名:“System.Net.Sockets.Socket”。 
2021/08/15 17:11:55 [Server-1] Stoped 
2021/08/15 17:11:55 [AutoSet-7] Stop 
2021/08/15 17:12:25 [Server-1] Starting 
2021/08/15 17:12:25 [Initial-1] Version: 631.16249, HttpServerPort: 2324, TcpServerPort: 2323, DeveloperTrace: Single, DebugMode: True, TracePrint: True, ClientTrace: False, EnableStackView: True, SessionTimeOut: 1800, NetworkTimeOut: 30, MirrorPatternMaxVerifyTimes: 3, FormStackMaxCount: 10, RelativeScreen: True, TextFontScaling: True, ResourceDenyLocation: , SysTrace: False
        BasePath: D:\SombilerDesigner\Data-Cool-master\Data-Cool\bin\Debug
        DefaultImagePath: D:\SombilerDesigner\Data-Cool-master\Data-Cool\bin\Debug\Resources\Image
        DefaultAudioPath: D:\SombilerDesigner\Data-Cool-master\Data-Cool\bin\Debug\Resources\Audio
        DefaultDocumentPath: D:\SombilerDesigner\Data-Cool-master\Data-Cool\bin\Debug\Resources\Document
        DefaultUploadPath: D:\SombilerDesigner\Data-Cool-master\Data-Cool\bin\Debug\Resources\Upload
        DefaultMediaPath: D:\SombilerDesigner\Data-Cool-master\Data-Cool\bin\Debug\Resources\Media
        DefaultWebPath: D:\SombilerDesigner\Data-Cool-master\Data-Cool\bin\Debug\Resources\Web
 
2021/08/15 17:12:26 [Server-1] Started 
2021/08/15 17:12:28 [TcpAccept-3] 192.168.1.2:46330 
2021/08/15 17:14:02 [Server-1] Stoping 
2021/08/15 17:14:02 [TcpAccept-EX-13] 无法访问已释放的对象。
对象名:“System.Net.Sockets.Socket”。 
2021/08/15 17:14:02 [861951044423780-1] Stop-StopServer-True-- 
2021/08/15 17:14:03 [Server-1] Stoped 
2021/08/15 17:14:03 [AutoSet-7] Stop 
2021/08/15 20:44:45 [Server-1] Starting 
2021/08/15 20:44:45 [Initial-1] Version: 631.16249, HttpServerPort: 2324, TcpServerPort: 2323, DeveloperTrace: Single, DebugMode: True, TracePrint: True, ClientTrace: False, EnableStackView: True, SessionTimeOut: 1800, NetworkTimeOut: 30, MirrorPatternMaxVerifyTimes: 3, FormStackMaxCount: 10, RelativeScreen: True, TextFontScaling: True, ResourceDenyLocation: , SysTrace: False
        BasePath: C:\Users\Patrick\Desktop\数据库课设\Data-Cool\bin\Debug
        DefaultImagePath: C:\Users\Patrick\Desktop\数据库课设\Data-Cool\bin\Debug\Resources\Image
        DefaultAudioPath: C:\Users\Patrick\Desktop\数据库课设\Data-Cool\bin\Debug\Resources\Audio
        DefaultDocumentPath: C:\Users\Patrick\Desktop\数据库课设\Data-Cool\bin\Debug\Resources\Document
        DefaultUploadPath: C:\Users\Patrick\Desktop\数据库课设\Data-Cool\bin\Debug\Resources\Upload
        DefaultMediaPath: C:\Users\Patrick\Desktop\数据库课设\Data-Cool\bin\Debug\Resources\Media
        DefaultWebPath: C:\Users\Patrick\Desktop\数据库课设\Data-Cool\bin\Debug\Resources\Web
 
2021/08/15 20:44:45 [Server-1] Started 
2021/08/15 20:44:45 [AutoSet-7] Start 
2021/08/15 20:44:51 [TcpAccept-3] 192.168.0.103:59014 
2021/08/15 20:44:51 [d2e6c8f2c05b35a8910177da99e962f2-192.168.0.103-10] {"deviceOS":"Android","deviceOSVersion":"10","deviceModel":"PCT-AL10","screenSize":{"width":1080,"height":2208},"density":3.0,"version":"4.9.0","coreVersion":"4.9.0","autoBuild":false,"isCompany":true,"extraInfo":{"package_name":"com.smobiler.app","display_name":"Smobiler","plugin_msg":null,"lowMemory":false,"languages":["zh-Hans-CN"]}} 
2021/08/15 20:45:57 [Server-1] Stoping 
2021/08/15 20:45:57 [d2e6c8f2c05b35a8910177da99e962f2-1] Stop-StopServer-True-- 
2021/08/15 20:45:57 [TcpAccept-EX-3] 无法访问已释放的对象。
对象名:“System.Net.Sockets.Socket”。 
2021/08/15 20:45:58 [Server-1] Stoped 
2021/08/15 20:45:58 [AutoSet-7] Stop 
2021/08/15 20:48:28 [Server-1] Starting 
2021/08/15 20:48:28 [Initial-1] Version: 631.16249, HttpServerPort: 2324, TcpServerPort: 2323, DeveloperTrace: Single, DebugMode: True, TracePrint: True, ClientTrace: False, EnableStackView: True, SessionTimeOut: 1800, NetworkTimeOut: 30, MirrorPatternMaxVerifyTimes: 3, FormStackMaxCount: 10, RelativeScreen: True, TextFontScaling: True, ResourceDenyLocation: , SysTrace: False
        BasePath: C:\Users\Patrick\Desktop\数据库课设\Data-Cool\bin\Debug
        DefaultImagePath: C:\Users\Patrick\Desktop\数据库课设\Data-Cool\bin\Debug\Resources\Image
        DefaultAudioPath: C:\Users\Patrick\Desktop\数据库课设\Data-Cool\bin\Debug\Resources\Audio
        DefaultDocumentPath: C:\Users\Patrick\Desktop\数据库课设\Data-Cool\bin\Debug\Resources\Document
        DefaultUploadPath: C:\Users\Patrick\Desktop\数据库课设\Data-Cool\bin\Debug\Resources\Upload
        DefaultMediaPath: C:\Users\Patrick\Desktop\数据库课设\Data-Cool\bin\Debug\Resources\Media
        DefaultWebPath: C:\Users\Patrick\Desktop\数据库课设\Data-Cool\bin\Debug\Resources\Web
 
2021/08/15 20:48:28 [Server-1] Started 
2021/08/15 20:48:28 [AutoSet-7] Start 
2021/08/15 20:48:39 [TcpAccept-3] 192.168.0.103:59298 
2021/08/15 20:48:39 [d2e6c8f2c05b35a8910177da99e962f2-192.168.0.103-10] {"deviceOS":"Android","deviceOSVersion":"10","deviceModel":"PCT-AL10","screenSize":{"width":1080,"height":2208},"density":3.0,"version":"4.9.0","coreVersion":"4.9.0","autoBuild":false,"isCompany":true,"extraInfo":{"package_name":"com.smobiler.app","display_name":"Smobiler","plugin_msg":null,"lowMemory":false,"languages":["zh-Hans-CN"]}} 
2021/08/15 20:49:41 [Server-1] Stoping 
2021/08/15 20:49:41 [d2e6c8f2c05b35a8910177da99e962f2-1] Stop-StopServer-True-- 
2021/08/15 20:49:41 [TcpAccept-EX-16] 无法访问已释放的对象。
对象名:“System.Net.Sockets.Socket”。 
2021/08/15 20:49:43 [Server-1] Stoped 
2021/08/15 20:49:43 [AutoSet-7] Stop 
2021/08/15 20:52:05 [Server-1] Starting 
2021/08/15 20:52:05 [Initial-1] Version: 631.16249, HttpServerPort: 2324, TcpServerPort: 2323, DeveloperTrace: Single, DebugMode: True, TracePrint: True, ClientTrace: False, EnableStackView: True, SessionTimeOut: 1800, NetworkTimeOut: 30, MirrorPatternMaxVerifyTimes: 3, FormStackMaxCount: 10, RelativeScreen: True, TextFontScaling: True, ResourceDenyLocation: , SysTrace: False
        BasePath: C:\Users\Patrick\Desktop\数据库课设\Data-Cool\bin\Debug
        DefaultImagePath: C:\Users\Patrick\Desktop\数据库课设\Data-Cool\bin\Debug\Resources\Image
        DefaultAudioPath: C:\Users\Patrick\Desktop\数据库课设\Data-Cool\bin\Debug\Resources\Audio
        DefaultDocumentPath: C:\Users\Patrick\Desktop\数据库课设\Data-Cool\bin\Debug\Resources\Document
        DefaultUploadPath: C:\Users\Patrick\Desktop\数据库课设\Data-Cool\bin\Debug\Resources\Upload
        DefaultMediaPath: C:\Users\Patrick\Desktop\数据库课设\Data-Cool\bin\Debug\Resources\Media
        DefaultWebPath: C:\Users\Patrick\Desktop\数据库课设\Data-Cool\bin\Debug\Resources\Web
 
2021/08/15 20:52:05 [Server-1] Started 
2021/08/15 20:52:05 [AutoSet-7] Start 
2021/08/15 20:52:12 [TcpAccept-3] 192.168.0.103:59360 
2021/08/15 20:52:12 [d2e6c8f2c05b35a8910177da99e962f2-192.168.0.103-10] {"deviceOS":"Android","deviceOSVersion":"10","deviceModel":"PCT-AL10","screenSize":{"width":1080,"height":2208},"density":3.0,"version":"4.9.0","coreVersion":"4.9.0","autoBuild":false,"isCompany":true,"extraInfo":{"package_name":"com.smobiler.app","display_name":"Smobiler","plugin_msg":null,"lowMemory":false,"languages":["zh-Hans-CN"]}} 
2021/08/15 20:52:47 [Server-1] Stoping 
2021/08/15 20:52:47 [d2e6c8f2c05b35a8910177da99e962f2-1] Stop-StopServer-True-- 
2021/08/15 20:52:47 [TcpAccept-EX-10] 无法访问已释放的对象。
对象名:“System.Net.Sockets.Socket”。 
2021/08/15 20:52:49 [Server-1] Stoped 
2021/08/15 20:52:49 [AutoSet-7] Stop 
2021/08/15 21:00:39 [Server-1] Starting 
2021/08/15 21:00:39 [Initial-1] Version: 631.16249, HttpServerPort: 2324, TcpServerPort: 2323, DeveloperTrace: Single, DebugMode: True, TracePrint: True, ClientTrace: False, EnableStackView: True, SessionTimeOut: 1800, NetworkTimeOut: 30, MirrorPatternMaxVerifyTimes: 3, FormStackMaxCount: 10, RelativeScreen: True, TextFontScaling: True, ResourceDenyLocation: , SysTrace: False
        BasePath: C:\Users\Patrick\Desktop\数据库课设\Data-Cool\bin\Debug
        DefaultImagePath: C:\Users\Patrick\Desktop\数据库课设\Data-Cool\bin\Debug\Resources\Image
        DefaultAudioPath: C:\Users\Patrick\Desktop\数据库课设\Data-Cool\bin\Debug\Resources\Audio
        DefaultDocumentPath: C:\Users\Patrick\Desktop\数据库课设\Data-Cool\bin\Debug\Resources\Document
        DefaultUploadPath: C:\Users\Patrick\Desktop\数据库课设\Data-Cool\bin\Debug\Resources\Upload
        DefaultMediaPath: C:\Users\Patrick\Desktop\数据库课设\Data-Cool\bin\Debug\Resources\Media
        DefaultWebPath: C:\Users\Patrick\Desktop\数据库课设\Data-Cool\bin\Debug\Resources\Web
 
2021/08/15 21:00:39 [Server-1] Started 
2021/08/15 21:00:39 [AutoSet-7] Start 
2021/08/15 21:00:48 [TcpAccept-3] 192.168.0.103:59812 
2021/08/15 21:00:48 [d2e6c8f2c05b35a8910177da99e962f2-192.168.0.103-10] {"deviceOS":"Android","deviceOSVersion":"10","deviceModel":"PCT-AL10","screenSize":{"width":1080,"height":2208},"density":3.0,"version":"4.9.0","coreVersion":"4.9.0","autoBuild":false,"isCompany":true,"extraInfo":{"package_name":"com.smobiler.app","display_name":"Smobiler","plugin_msg":null,"lowMemory":false,"languages":["zh-Hans-CN"]}} 
2021/08/15 21:01:09 [Server-1] Stoping 
2021/08/15 21:01:09 [d2e6c8f2c05b35a8910177da99e962f2-1] Stop-StopServer-True-- 
2021/08/15 21:01:09 [TcpAccept-EX-10] 无法访问已释放的对象。
对象名:“System.Net.Sockets.Socket”。 
2021/08/15 21:01:11 [Server-1] Stoped 
2021/08/15 21:01:11 [AutoSet-7] Stop 
2021/08/15 21:07:48 [Server-1] Starting 
2021/08/15 21:07:48 [Initial-1] Version: 631.16249, HttpServerPort: 2324, TcpServerPort: 2323, DeveloperTrace: Single, DebugMode: True, TracePrint: True, ClientTrace: False, EnableStackView: True, SessionTimeOut: 1800, NetworkTimeOut: 30, MirrorPatternMaxVerifyTimes: 3, FormStackMaxCount: 10, RelativeScreen: True, TextFontScaling: True, ResourceDenyLocation: , SysTrace: False
        BasePath: C:\Users\Patrick\Desktop\数据库课设\Data-Cool\bin\Debug
        DefaultImagePath: C:\Users\Patrick\Desktop\数据库课设\Data-Cool\bin\Debug\Resources\Image
        DefaultAudioPath: C:\Users\Patrick\Desktop\数据库课设\Data-Cool\bin\Debug\Resources\Audio
        DefaultDocumentPath: C:\Users\Patrick\Desktop\数据库课设\Data-Cool\bin\Debug\Resources\Document
        DefaultUploadPath: C:\Users\Patrick\Desktop\数据库课设\Data-Cool\bin\Debug\Resources\Upload
        DefaultMediaPath: C:\Users\Patrick\Desktop\数据库课设\Data-Cool\bin\Debug\Resources\Media
        DefaultWebPath: C:\Users\Patrick\Desktop\数据库课设\Data-Cool\bin\Debug\Resources\Web
 
2021/08/15 21:07:48 [AutoSet-7] Start 
2021/08/15 21:08:04 [TcpAccept-3] 192.168.0.103:60048 
2021/08/15 21:08:04 [TcpAccept-3] 192.168.0.103:60050 
2021/08/15 21:18:23 [Server-1] Starting 
2021/08/15 21:18:24 [Initial-1] Version: 631.16249, HttpServerPort: 2324, TcpServerPort: 2323, DeveloperTrace: Single, DebugMode: True, TracePrint: True, ClientTrace: False, EnableStackView: True, SessionTimeOut: 1800, NetworkTimeOut: 30, MirrorPatternMaxVerifyTimes: 3, FormStackMaxCount: 10, RelativeScreen: True, TextFontScaling: True, ResourceDenyLocation: , SysTrace: False
        BasePath: C:\Users\Patrick\Desktop\数据库课设\Data-Cool\bin\Debug
        DefaultImagePath: C:\Users\Patrick\Desktop\数据库课设\Data-Cool\bin\Debug\Resources\Image
        DefaultAudioPath: C:\Users\Patrick\Desktop\数据库课设\Data-Cool\bin\Debug\Resources\Audio
        DefaultDocumentPath: C:\Users\Patrick\Desktop\数据库课设\Data-Cool\bin\Debug\Resources\Document
        DefaultUploadPath: C:\Users\Patrick\Desktop\数据库课设\Data-Cool\bin\Debug\Resources\Upload
        DefaultMediaPath: C:\Users\Patrick\Desktop\数据库课设\Data-Cool\bin\Debug\Resources\Media
        DefaultWebPath: C:\Users\Patrick\Desktop\数据库课设\Data-Cool\bin\Debug\Resources\Web
 
2021/08/15 21:18:24 [Server-1] Started 
2021/08/15 21:18:24 [AutoSet-7] Start 
2021/08/15 21:18:24 [TcpAccept-3] 192.168.0.103:60140 
2021/08/15 21:18:27 [Server-1] Stoping 
2021/08/15 21:18:27 [d2e6c8f2c05b35a8910177da99e962f2-1] Stop-StopServer-True-- 
2021/08/15 21:18:27 [TcpAccept-EX-3] 无法访问已释放的对象。
对象名:“System.Net.Sockets.Socket”。 
2021/08/15 21:18:28 [Server-1] Stoped 
2021/08/15 21:18:28 [AutoSet-7] Stop 
2021/08/15 21:27:07 [Server-1] Starting 
2021/08/15 21:27:07 [Initial-1] Version: 631.16249, HttpServerPort: 2324, TcpServerPort: 2323, DeveloperTrace: Single, DebugMode: True, TracePrint: True, ClientTrace: False, EnableStackView: True, SessionTimeOut: 1800, NetworkTimeOut: 30, MirrorPatternMaxVerifyTimes: 3, FormStackMaxCount: 10, RelativeScreen: True, TextFontScaling: True, ResourceDenyLocation: , SysTrace: False
        BasePath: C:\Users\Patrick\Desktop\数据库课设\Data-Cool\bin\Debug
        DefaultImagePath: C:\Users\Patrick\Desktop\数据库课设\Data-Cool\bin\Debug\Resources\Image
        DefaultAudioPath: C:\Users\Patrick\Desktop\数据库课设\Data-Cool\bin\Debug\Resources\Audio
        DefaultDocumentPath: C:\Users\Patrick\Desktop\数据库课设\Data-Cool\bin\Debug\Resources\Document
        DefaultUploadPath: C:\Users\Patrick\Desktop\数据库课设\Data-Cool\bin\Debug\Resources\Upload
        DefaultMediaPath: C:\Users\Patrick\Desktop\数据库课设\Data-Cool\bin\Debug\Resources\Media
        DefaultWebPath: C:\Users\Patrick\Desktop\数据库课设\Data-Cool\bin\Debug\Resources\Web
 
2021/08/15 21:27:07 [Server-1] Started 
2021/08/15 21:27:07 [AutoSet-7] Start 
2021/08/15 21:27:10 [TcpAccept-3] 192.168.0.103:60226 
2021/08/15 21:27:27 [Server-1] Stoping 
2021/08/15 21:27:27 [TcpAccept-EX-3] 无法访问已释放的对象。
对象名:“System.Net.Sockets.Socket”。 
2021/08/15 21:27:27 [d2e6c8f2c05b35a8910177da99e962f2-1] Stop-StopServer-True-- 
2021/08/15 21:27:28 [Server-1] Stoped 
2021/08/15 21:27:28 [AutoSet-7] Stop 
2021/08/15 21:28:39 [Server-1] Starting 
2021/08/15 21:28:39 [Initial-1] Version: 631.16249, HttpServerPort: 2324, TcpServerPort: 2323, DeveloperTrace: Single, DebugMode: True, TracePrint: True, ClientTrace: False, EnableStackView: True, SessionTimeOut: 1800, NetworkTimeOut: 30, MirrorPatternMaxVerifyTimes: 3, FormStackMaxCount: 10, RelativeScreen: True, TextFontScaling: True, ResourceDenyLocation: , SysTrace: False
        BasePath: C:\Users\Patrick\Desktop\数据库课设\Data-Cool\bin\Debug
        DefaultImagePath: C:\Users\Patrick\Desktop\数据库课设\Data-Cool\bin\Debug\Resources\Image
        DefaultAudioPath: C:\Users\Patrick\Desktop\数据库课设\Data-Cool\bin\Debug\Resources\Audio
        DefaultDocumentPath: C:\Users\Patrick\Desktop\数据库课设\Data-Cool\bin\Debug\Resources\Document
        DefaultUploadPath: C:\Users\Patrick\Desktop\数据库课设\Data-Cool\bin\Debug\Resources\Upload
        DefaultMediaPath: C:\Users\Patrick\Desktop\数据库课设\Data-Cool\bin\Debug\Resources\Media
        DefaultWebPath: C:\Users\Patrick\Desktop\数据库课设\Data-Cool\bin\Debug\Resources\Web
 
2021/08/15 21:28:39 [Server-1] Started 
2021/08/15 21:28:39 [AutoSet-7] Start 
2021/08/15 21:28:41 [TcpAccept-3] 192.168.0.103:60248 
2021/08/15 21:29:12 [Server-1] Stoping 
2021/08/15 21:29:12 [TcpAccept-EX-10] 无法访问已释放的对象。
对象名:“System.Net.Sockets.Socket”。 
2021/08/15 21:29:12 [d2e6c8f2c05b35a8910177da99e962f2-1] Stop-StopServer-True-- 
2021/08/15 21:29:13 [Server-1] Stoped 
2021/08/15 21:29:13 [AutoSet-7] Stop 
2021/08/15 21:33:24 [Server-1] Starting 
2021/08/15 21:33:24 [Initial-1] Version: 631.16249, HttpServerPort: 2324, TcpServerPort: 2323, DeveloperTrace: Single, DebugMode: True, TracePrint: True, ClientTrace: False, EnableStackView: True, SessionTimeOut: 1800, NetworkTimeOut: 30, MirrorPatternMaxVerifyTimes: 3, FormStackMaxCount: 10, RelativeScreen: True, TextFontScaling: True, ResourceDenyLocation: , SysTrace: False
        BasePath: C:\Users\Patrick\Desktop\数据库课设\Data-Cool\bin\Debug
        DefaultImagePath: C:\Users\Patrick\Desktop\数据库课设\Data-Cool\bin\Debug\Resources\Image
        DefaultAudioPath: C:\Users\Patrick\Desktop\数据库课设\Data-Cool\bin\Debug\Resources\Audio
        DefaultDocumentPath: C:\Users\Patrick\Desktop\数据库课设\Data-Cool\bin\Debug\Resources\Document
        DefaultUploadPath: C:\Users\Patrick\Desktop\数据库课设\Data-Cool\bin\Debug\Resources\Upload
        DefaultMediaPath: C:\Users\Patrick\Desktop\数据库课设\Data-Cool\bin\Debug\Resources\Media
        DefaultWebPath: C:\Users\Patrick\Desktop\数据库课设\Data-Cool\bin\Debug\Resources\Web
 
2021/08/15 21:33:24 [Server-1] Started 
2021/08/15 21:33:24 [AutoSet-7] Start 
2021/08/15 21:33:28 [TcpAccept-3] 192.168.0.103:60426 
2021/08/15 21:33:28 [d2e6c8f2c05b35a8910177da99e962f2-192.168.0.103-10] {"deviceOS":"Android","deviceOSVersion":"10","deviceModel":"PCT-AL10","screenSize":{"width":1080,"height":2208},"density":3.0,"version":"4.9.0","coreVersion":"4.9.0","autoBuild":false,"isCompany":true,"extraInfo":{"package_name":"com.smobiler.app","display_name":"Smobiler","plugin_msg":null,"lowMemory":false,"languages":["zh-Hans-CN"]}} 
2021/08/15 21:33:51 [Server-1] Stoping 
2021/08/15 21:33:51 [d2e6c8f2c05b35a8910177da99e962f2-1] Stop-StopServer-True-- 
2021/08/15 21:33:51 [TcpAccept-EX-11] 无法访问已释放的对象。
对象名:“System.Net.Sockets.Socket”。 
2021/08/15 21:33:52 [Server-1] Stoped 
2021/08/15 21:33:52 [AutoSet-7] Stop 
2021/08/15 21:34:45 [Server-1] Starting 
2021/08/15 21:34:45 [Initial-1] Version: 631.16249, HttpServerPort: 2324, TcpServerPort: 2323, DeveloperTrace: Single, DebugMode: True, TracePrint: True, ClientTrace: False, EnableStackView: True, SessionTimeOut: 1800, NetworkTimeOut: 30, MirrorPatternMaxVerifyTimes: 3, FormStackMaxCount: 10, RelativeScreen: True, TextFontScaling: True, ResourceDenyLocation: , SysTrace: False
        BasePath: C:\Users\Patrick\Desktop\数据库课设\Data-Cool\bin\Debug
        DefaultImagePath: C:\Users\Patrick\Desktop\数据库课设\Data-Cool\bin\Debug\Resources\Image
        DefaultAudioPath: C:\Users\Patrick\Desktop\数据库课设\Data-Cool\bin\Debug\Resources\Audio
        DefaultDocumentPath: C:\Users\Patrick\Desktop\数据库课设\Data-Cool\bin\Debug\Resources\Document
        DefaultUploadPath: C:\Users\Patrick\Desktop\数据库课设\Data-Cool\bin\Debug\Resources\Upload
        DefaultMediaPath: C:\Users\Patrick\Desktop\数据库课设\Data-Cool\bin\Debug\Resources\Media
        DefaultWebPath: C:\Users\Patrick\Desktop\数据库课设\Data-Cool\bin\Debug\Resources\Web
 
2021/08/15 21:34:45 [Server-1] Started 
2021/08/15 21:34:45 [AutoSet-7] Start 
2021/08/15 21:34:46 [TcpAccept-3] 192.168.0.103:60462 
2021/08/15 21:35:08 [Server-1] Stoping 
2021/08/15 21:35:08 [d2e6c8f2c05b35a8910177da99e962f2-1] Stop-StopServer-True-- 
2021/08/15 21:35:08 [TcpAccept-EX-3] 无法访问已释放的对象。
对象名:“System.Net.Sockets.Socket”。 
2021/08/15 21:35:09 [Server-1] Stoped 
2021/08/15 21:35:09 [AutoSet-7] Stop 
2021/08/15 21:35:17 [Server-1] Starting 
2021/08/15 21:35:17 [Initial-1] Version: 631.16249, HttpServerPort: 2324, TcpServerPort: 2323, DeveloperTrace: Single, DebugMode: True, TracePrint: True, ClientTrace: False, EnableStackView: True, SessionTimeOut: 1800, NetworkTimeOut: 30, MirrorPatternMaxVerifyTimes: 3, FormStackMaxCount: 10, RelativeScreen: True, TextFontScaling: True, ResourceDenyLocation: , SysTrace: False
        BasePath: C:\Users\Patrick\Desktop\数据库课设\Data-Cool\bin\Debug
        DefaultImagePath: C:\Users\Patrick\Desktop\数据库课设\Data-Cool\bin\Debug\Resources\Image
        DefaultAudioPath: C:\Users\Patrick\Desktop\数据库课设\Data-Cool\bin\Debug\Resources\Audio
        DefaultDocumentPath: C:\Users\Patrick\Desktop\数据库课设\Data-Cool\bin\Debug\Resources\Document
        DefaultUploadPath: C:\Users\Patrick\Desktop\数据库课设\Data-Cool\bin\Debug\Resources\Upload
        DefaultMediaPath: C:\Users\Patrick\Desktop\数据库课设\Data-Cool\bin\Debug\Resources\Media
        DefaultWebPath: C:\Users\Patrick\Desktop\数据库课设\Data-Cool\bin\Debug\Resources\Web
 
2021/08/15 21:35:17 [Server-1] Started 
2021/08/15 21:35:17 [AutoSet-7] Start 
2021/08/15 21:35:18 [TcpAccept-3] 192.168.0.103:60482 
2021/08/15 21:35:34 [Server-1] Stoping 
2021/08/15 21:35:34 [d2e6c8f2c05b35a8910177da99e962f2-1] Stop-StopServer-True-- 
2021/08/15 21:35:34 [TcpAccept-EX-10] 无法访问已释放的对象。
对象名:“System.Net.Sockets.Socket”。 
2021/08/15 21:35:35 [Server-1] Stoped 
2021/08/15 21:35:35 [AutoSet-7] Stop 
2021/08/15 21:50:39 [Server-1] Starting 
2021/08/15 21:50:39 [Initial-1] Version: 631.16249, HttpServerPort: 2324, TcpServerPort: 2323, DeveloperTrace: Single, DebugMode: True, TracePrint: True, ClientTrace: False, EnableStackView: True, SessionTimeOut: 1800, NetworkTimeOut: 30, MirrorPatternMaxVerifyTimes: 3, FormStackMaxCount: 10, RelativeScreen: True, TextFontScaling: True, ResourceDenyLocation: , SysTrace: False
        BasePath: C:\Users\Patrick\Desktop\数据库课设\Data-Cool\bin\Debug
        DefaultImagePath: C:\Users\Patrick\Desktop\数据库课设\Data-Cool\bin\Debug\Resources\Image
        DefaultAudioPath: C:\Users\Patrick\Desktop\数据库课设\Data-Cool\bin\Debug\Resources\Audio
        DefaultDocumentPath: C:\Users\Patrick\Desktop\数据库课设\Data-Cool\bin\Debug\Resources\Document
        DefaultUploadPath: C:\Users\Patrick\Desktop\数据库课设\Data-Cool\bin\Debug\Resources\Upload
        DefaultMediaPath: C:\Users\Patrick\Desktop\数据库课设\Data-Cool\bin\Debug\Resources\Media
        DefaultWebPath: C:\Users\Patrick\Desktop\数据库课设\Data-Cool\bin\Debug\Resources\Web
 
2021/08/15 21:50:40 [Server-1] Started 
2021/08/15 21:50:40 [AutoSet-7] Start 
2021/08/15 21:50:40 [TcpAccept-3] 192.168.0.103:60562 
2021/08/15 21:51:23 [Server-1] Stoping 
2021/08/15 21:51:23 [d2e6c8f2c05b35a8910177da99e962f2-1] Stop-StopServer-True-- 
2021/08/15 21:51:23 [TcpAccept-EX-3] 无法访问已释放的对象。
对象名:“System.Net.Sockets.Socket”。 
2021/08/15 21:51:24 [Server-1] Stoped 
2021/08/15 21:51:24 [AutoSet-7] Stop 
2021/08/15 21:54:35 [Server-1] Starting 
2021/08/15 21:54:35 [Initial-1] Version: 631.16249, HttpServerPort: 2324, TcpServerPort: 2323, DeveloperTrace: Single, DebugMode: True, TracePrint: True, ClientTrace: False, EnableStackView: True, SessionTimeOut: 1800, NetworkTimeOut: 30, MirrorPatternMaxVerifyTimes: 3, FormStackMaxCount: 10, RelativeScreen: True, TextFontScaling: True, ResourceDenyLocation: , SysTrace: False
        BasePath: C:\Users\Patrick\Desktop\数据库课设\Data-Cool\bin\Debug
        DefaultImagePath: C:\Users\Patrick\Desktop\数据库课设\Data-Cool\bin\Debug\Resources\Image
        DefaultAudioPath: C:\Users\Patrick\Desktop\数据库课设\Data-Cool\bin\Debug\Resources\Audio
        DefaultDocumentPath: C:\Users\Patrick\Desktop\数据库课设\Data-Cool\bin\Debug\Resources\Document
        DefaultUploadPath: C:\Users\Patrick\Desktop\数据库课设\Data-Cool\bin\Debug\Resources\Upload
        DefaultMediaPath: C:\Users\Patrick\Desktop\数据库课设\Data-Cool\bin\Debug\Resources\Media
        DefaultWebPath: C:\Users\Patrick\Desktop\数据库课设\Data-Cool\bin\Debug\Resources\Web
 
2021/08/15 21:54:35 [Server-1] Started 
2021/08/15 21:54:35 [AutoSet-7] Start 
2021/08/15 21:54:36 [TcpAccept-3] 192.168.0.103:60594 
2021/08/15 21:54:52 [Server-1] Stoping 
2021/08/15 21:54:52 [TcpAccept-EX-10] 无法访问已释放的对象。
对象名:“System.Net.Sockets.Socket”。 
2021/08/15 21:54:53 [Server-1] Stoped 
2021/08/15 21:54:53 [AutoSet-7] Stop 
2021/08/15 21:56:00 [Server-1] Starting 
2021/08/15 21:56:00 [Initial-1] Version: 631.16249, HttpServerPort: 2324, TcpServerPort: 2323, DeveloperTrace: Single, DebugMode: True, TracePrint: True, ClientTrace: False, EnableStackView: True, SessionTimeOut: 1800, NetworkTimeOut: 30, MirrorPatternMaxVerifyTimes: 3, FormStackMaxCount: 10, RelativeScreen: True, TextFontScaling: True, ResourceDenyLocation: , SysTrace: False
        BasePath: C:\Users\Patrick\Desktop\数据库课设\Data-Cool\bin\Debug
        DefaultImagePath: C:\Users\Patrick\Desktop\数据库课设\Data-Cool\bin\Debug\Resources\Image
        DefaultAudioPath: C:\Users\Patrick\Desktop\数据库课设\Data-Cool\bin\Debug\Resources\Audio
        DefaultDocumentPath: C:\Users\Patrick\Desktop\数据库课设\Data-Cool\bin\Debug\Resources\Document
        DefaultUploadPath: C:\Users\Patrick\Desktop\数据库课设\Data-Cool\bin\Debug\Resources\Upload
        DefaultMediaPath: C:\Users\Patrick\Desktop\数据库课设\Data-Cool\bin\Debug\Resources\Media
        DefaultWebPath: C:\Users\Patrick\Desktop\数据库课设\Data-Cool\bin\Debug\Resources\Web
 
2021/08/15 21:56:00 [Server-1] Started 
2021/08/15 21:56:00 [AutoSet-7] Start 
2021/08/15 21:56:01 [TcpAccept-3] 192.168.0.103:60616 
2021/08/15 21:56:12 [Server-1] Stoping 
2021/08/15 21:56:12 [TcpAccept-EX-10] 无法访问已释放的对象。
对象名:“System.Net.Sockets.Socket”。 
2021/08/15 21:56:12 [d2e6c8f2c05b35a8910177da99e962f2-1] Stop-StopServer-True-- 
2021/08/15 21:56:13 [Server-1] Stoped 
2021/08/15 21:56:14 [AutoSet-7] Stop 
2021/08/15 21:58:53 [Server-1] Starting 
2021/08/15 21:58:53 [Initial-1] Version: 631.16249, HttpServerPort: 2324, TcpServerPort: 2323, DeveloperTrace: Single, DebugMode: True, TracePrint: True, ClientTrace: False, EnableStackView: True, SessionTimeOut: 1800, NetworkTimeOut: 30, MirrorPatternMaxVerifyTimes: 3, FormStackMaxCount: 10, RelativeScreen: True, TextFontScaling: True, ResourceDenyLocation: , SysTrace: False
        BasePath: C:\Users\Patrick\Desktop\数据库课设\Data-Cool\bin\Debug
        DefaultImagePath: C:\Users\Patrick\Desktop\数据库课设\Data-Cool\bin\Debug\Resources\Image
        DefaultAudioPath: C:\Users\Patrick\Desktop\数据库课设\Data-Cool\bin\Debug\Resources\Audio
        DefaultDocumentPath: C:\Users\Patrick\Desktop\数据库课设\Data-Cool\bin\Debug\Resources\Document
        DefaultUploadPath: C:\Users\Patrick\Desktop\数据库课设\Data-Cool\bin\Debug\Resources\Upload
        DefaultMediaPath: C:\Users\Patrick\Desktop\数据库课设\Data-Cool\bin\Debug\Resources\Media
        DefaultWebPath: C:\Users\Patrick\Desktop\数据库课设\Data-Cool\bin\Debug\Resources\Web
 
2021/08/15 21:58:53 [Server-1] Started 
2021/08/15 21:58:53 [AutoSet-7] Start 
2021/08/15 21:58:53 [TcpAccept-3] 192.168.0.103:60676 
2021/08/15 21:59:15 [Server-1] Stoping 
2021/08/15 21:59:15 [d2e6c8f2c05b35a8910177da99e962f2-1] Stop-StopServer-True-- 
2021/08/15 21:59:15 [TcpAccept-EX-12] 无法访问已释放的对象。
对象名:“System.Net.Sockets.Socket”。 
2021/08/15 21:59:16 [Server-1] Stoped 
2021/08/15 21:59:16 [AutoSet-7] Stop 
2021/08/15 22:00:27 [Server-1] Starting 
2021/08/15 22:00:27 [Initial-1] Version: 631.16249, HttpServerPort: 2324, TcpServerPort: 2323, DeveloperTrace: Single, DebugMode: True, TracePrint: True, ClientTrace: False, EnableStackView: True, SessionTimeOut: 1800, NetworkTimeOut: 30, MirrorPatternMaxVerifyTimes: 3, FormStackMaxCount: 10, RelativeScreen: True, TextFontScaling: True, ResourceDenyLocation: , SysTrace: False
        BasePath: C:\Users\Patrick\Desktop\数据库课设\Data-Cool\bin\Debug
        DefaultImagePath: C:\Users\Patrick\Desktop\数据库课设\Data-Cool\bin\Debug\Resources\Image
        DefaultAudioPath: C:\Users\Patrick\Desktop\数据库课设\Data-Cool\bin\Debug\Resources\Audio
        DefaultDocumentPath: C:\Users\Patrick\Desktop\数据库课设\Data-Cool\bin\Debug\Resources\Document
        DefaultUploadPath: C:\Users\Patrick\Desktop\数据库课设\Data-Cool\bin\Debug\Resources\Upload
        DefaultMediaPath: C:\Users\Patrick\Desktop\数据库课设\Data-Cool\bin\Debug\Resources\Media
        DefaultWebPath: C:\Users\Patrick\Desktop\数据库课设\Data-Cool\bin\Debug\Resources\Web
 
2021/08/15 22:00:27 [Server-1] Started 
2021/08/15 22:00:27 [TcpAccept-3] 192.168.0.103:60704 
2021/08/15 22:00:52 [Server-1] Stoping 
2021/08/15 22:00:52 [TcpAccept-EX-16] 无法访问已释放的对象。
对象名:“System.Net.Sockets.Socket”。 
2021/08/15 22:00:52 [d2e6c8f2c05b35a8910177da99e962f2-1] Stop-StopServer-True-- 
2021/08/15 22:00:53 [Server-1] Stoped 
2021/08/15 22:00:53 [AutoSet-7] Stop 
2021/08/15 22:04:09 [Server-1] Starting 
2021/08/15 22:04:09 [Initial-1] Version: 631.16249, HttpServerPort: 2324, TcpServerPort: 2323, DeveloperTrace: Single, DebugMode: True, TracePrint: True, ClientTrace: False, EnableStackView: True, SessionTimeOut: 1800, NetworkTimeOut: 30, MirrorPatternMaxVerifyTimes: 3, FormStackMaxCount: 10, RelativeScreen: True, TextFontScaling: True, ResourceDenyLocation: , SysTrace: False
        BasePath: C:\Users\Patrick\Desktop\数据库课设\Data-Cool\bin\Debug
        DefaultImagePath: C:\Users\Patrick\Desktop\数据库课设\Data-Cool\bin\Debug\Resources\Image
        DefaultAudioPath: C:\Users\Patrick\Desktop\数据库课设\Data-Cool\bin\Debug\Resources\Audio
        DefaultDocumentPath: C:\Users\Patrick\Desktop\数据库课设\Data-Cool\bin\Debug\Resources\Document
        DefaultUploadPath: C:\Users\Patrick\Desktop\数据库课设\Data-Cool\bin\Debug\Resources\Upload
        DefaultMediaPath: C:\Users\Patrick\Desktop\数据库课设\Data-Cool\bin\Debug\Resources\Media
        DefaultWebPath: C:\Users\Patrick\Desktop\数据库课设\Data-Cool\bin\Debug\Resources\Web
 
2021/08/15 22:04:10 [Server-1] Started 
2021/08/15 22:04:10 [AutoSet-7] Start 
2021/08/15 22:04:11 [TcpAccept-3] 192.168.0.103:60728 
2021/08/15 22:04:33 [Server-1] Stoping 
2021/08/15 22:04:33 [d2e6c8f2c05b35a8910177da99e962f2-1] Stop-StopServer-True-- 
2021/08/15 22:04:33 [TcpAccept-EX-3] 无法访问已释放的对象。
对象名:“System.Net.Sockets.Socket”。 
2021/08/15 22:04:34 [Server-1] Stoped 
2021/08/15 22:04:34 [AutoSet-7] Stop 
2021/08/15 22:16:25 [Server-1] Starting 
2021/08/15 22:16:25 [Initial-1] Version: 631.16249, HttpServerPort: 2324, TcpServerPort: 2323, DeveloperTrace: Single, DebugMode: True, TracePrint: True, ClientTrace: False, EnableStackView: True, SessionTimeOut: 1800, NetworkTimeOut: 30, MirrorPatternMaxVerifyTimes: 3, FormStackMaxCount: 10, RelativeScreen: True, TextFontScaling: True, ResourceDenyLocation: , SysTrace: False
        BasePath: C:\Users\Patrick\Desktop\数据库课设\Data-Cool\bin\Debug
        DefaultImagePath: C:\Users\Patrick\Desktop\数据库课设\Data-Cool\bin\Debug\Resources\Image
        DefaultAudioPath: C:\Users\Patrick\Desktop\数据库课设\Data-Cool\bin\Debug\Resources\Audio
        DefaultDocumentPath: C:\Users\Patrick\Desktop\数据库课设\Data-Cool\bin\Debug\Resources\Document
        DefaultUploadPath: C:\Users\Patrick\Desktop\数据库课设\Data-Cool\bin\Debug\Resources\Upload
        DefaultMediaPath: C:\Users\Patrick\Desktop\数据库课设\Data-Cool\bin\Debug\Resources\Media
        DefaultWebPath: C:\Users\Patrick\Desktop\数据库课设\Data-Cool\bin\Debug\Resources\Web
 
2021/08/15 22:16:25 [Server-1] Started 
2021/08/15 22:16:25 [AutoSet-7] Start 
2021/08/15 22:16:26 [TcpAccept-3] 192.168.0.103:60826 
2021/08/15 22:16:48 [Server-1] Starting 
2021/08/15 22:16:48 [Initial-1] Version: 631.16249, HttpServerPort: 2324, TcpServerPort: 2323, DeveloperTrace: Single, DebugMode: True, TracePrint: True, ClientTrace: False, EnableStackView: True, SessionTimeOut: 1800, NetworkTimeOut: 30, MirrorPatternMaxVerifyTimes: 3, FormStackMaxCount: 10, RelativeScreen: True, TextFontScaling: True, ResourceDenyLocation: , SysTrace: False
        BasePath: C:\Users\Patrick\Desktop\数据库课设\Data-Cool\bin\Debug
        DefaultImagePath: C:\Users\Patrick\Desktop\数据库课设\Data-Cool\bin\Debug\Resources\Image
        DefaultAudioPath: C:\Users\Patrick\Desktop\数据库课设\Data-Cool\bin\Debug\Resources\Audio
        DefaultDocumentPath: C:\Users\Patrick\Desktop\数据库课设\Data-Cool\bin\Debug\Resources\Document
        DefaultUploadPath: C:\Users\Patrick\Desktop\数据库课设\Data-Cool\bin\Debug\Resources\Upload
        DefaultMediaPath: C:\Users\Patrick\Desktop\数据库课设\Data-Cool\bin\Debug\Resources\Media
        DefaultWebPath: C:\Users\Patrick\Desktop\数据库课设\Data-Cool\bin\Debug\Resources\Web
 
2021/08/15 22:16:48 [Server-1] Started 
2021/08/15 22:16:50 [TcpAccept-3] 192.168.0.103:60846 
2021/08/15 22:18:11 [Server-1] Stoping 
2021/08/15 22:18:11 [TcpAccept-EX-16] 无法访问已释放的对象。
对象名:“System.Net.Sockets.Socket”。 
2021/08/15 22:18:11 [d2e6c8f2c05b35a8910177da99e962f2-1] Stop-StopServer-True-- 
2021/08/15 22:18:12 [Server-1] Stoped 
2021/08/15 22:18:12 [AutoSet-7] Stop 
2021/08/15 22:18:26 [Server-1] Starting 
2021/08/15 22:18:26 [Initial-1] Version: 631.16249, HttpServerPort: 2324, TcpServerPort: 2323, DeveloperTrace: Single, DebugMode: True, TracePrint: True, ClientTrace: False, EnableStackView: True, SessionTimeOut: 1800, NetworkTimeOut: 30, MirrorPatternMaxVerifyTimes: 3, FormStackMaxCount: 10, RelativeScreen: True, TextFontScaling: True, ResourceDenyLocation: , SysTrace: False
        BasePath: C:\Users\Patrick\Desktop\数据库课设\Data-Cool\bin\Debug
        DefaultImagePath: C:\Users\Patrick\Desktop\数据库课设\Data-Cool\bin\Debug\Resources\Image
        DefaultAudioPath: C:\Users\Patrick\Desktop\数据库课设\Data-Cool\bin\Debug\Resources\Audio
        DefaultDocumentPath: C:\Users\Patrick\Desktop\数据库课设\Data-Cool\bin\Debug\Resources\Document
        DefaultUploadPath: C:\Users\Patrick\Desktop\数据库课设\Data-Cool\bin\Debug\Resources\Upload
        DefaultMediaPath: C:\Users\Patrick\Desktop\数据库课设\Data-Cool\bin\Debug\Resources\Media
        DefaultWebPath: C:\Users\Patrick\Desktop\数据库课设\Data-Cool\bin\Debug\Resources\Web
 
2021/08/15 22:18:26 [Server-1] Started 
2021/08/15 22:18:27 [AutoSet-7] Start 
2021/08/15 22:18:32 [TcpAccept-3] 192.168.0.103:60890 
2021/08/15 22:18:57 [Server-1] Stoping 
2021/08/15 22:18:57 [d2e6c8f2c05b35a8910177da99e962f2-1] Stop-StopServer-True-- 
2021/08/15 22:18:57 [TcpAccept-EX-12] 无法访问已释放的对象。
对象名:“System.Net.Sockets.Socket”。 
2021/08/15 22:18:58 [Server-1] Stoped 
2021/08/15 22:18:58 [AutoSet-7] Stop 
2021/08/15 22:31:23 [Server-1] Starting 
2021/08/15 22:31:23 [Initial-1] Version: 631.16249, HttpServerPort: 2324, TcpServerPort: 2323, DeveloperTrace: Single, DebugMode: True, TracePrint: True, ClientTrace: False, EnableStackView: True, SessionTimeOut: 1800, NetworkTimeOut: 30, MirrorPatternMaxVerifyTimes: 3, FormStackMaxCount: 10, RelativeScreen: True, TextFontScaling: True, ResourceDenyLocation: , SysTrace: False
        BasePath: C:\Users\Patrick\Desktop\数据库课设\Data-Cool\bin\Debug
        DefaultImagePath: C:\Users\Patrick\Desktop\数据库课设\Data-Cool\bin\Debug\Resources\Image
        DefaultAudioPath: C:\Users\Patrick\Desktop\数据库课设\Data-Cool\bin\Debug\Resources\Audio
        DefaultDocumentPath: C:\Users\Patrick\Desktop\数据库课设\Data-Cool\bin\Debug\Resources\Document
        DefaultUploadPath: C:\Users\Patrick\Desktop\数据库课设\Data-Cool\bin\Debug\Resources\Upload
        DefaultMediaPath: C:\Users\Patrick\Desktop\数据库课设\Data-Cool\bin\Debug\Resources\Media
        DefaultWebPath: C:\Users\Patrick\Desktop\数据库课设\Data-Cool\bin\Debug\Resources\Web
 
2021/08/15 22:31:23 [Server-1] Started 
2021/08/15 22:31:23 [AutoSet-7] Start 
2021/08/15 22:31:24 [TcpAccept-3] 192.168.0.103:32794 
2021/08/15 22:31:55 [Server-1] Starting 
2021/08/15 22:31:55 [Initial-1] Version: 631.16249, HttpServerPort: 2324, TcpServerPort: 2323, DeveloperTrace: Single, DebugMode: True, TracePrint: True, ClientTrace: False, EnableStackView: True, SessionTimeOut: 1800, NetworkTimeOut: 30, MirrorPatternMaxVerifyTimes: 3, FormStackMaxCount: 10, RelativeScreen: True, TextFontScaling: True, ResourceDenyLocation: , SysTrace: False
        BasePath: C:\Users\Patrick\Desktop\数据库课设\Data-Cool\bin\Debug
        DefaultImagePath: C:\Users\Patrick\Desktop\数据库课设\Data-Cool\bin\Debug\Resources\Image
        DefaultAudioPath: C:\Users\Patrick\Desktop\数据库课设\Data-Cool\bin\Debug\Resources\Audio
        DefaultDocumentPath: C:\Users\Patrick\Desktop\数据库课设\Data-Cool\bin\Debug\Resources\Document
        DefaultUploadPath: C:\Users\Patrick\Desktop\数据库课设\Data-Cool\bin\Debug\Resources\Upload
        DefaultMediaPath: C:\Users\Patrick\Desktop\数据库课设\Data-Cool\bin\Debug\Resources\Media
        DefaultWebPath: C:\Users\Patrick\Desktop\数据库课设\Data-Cool\bin\Debug\Resources\Web
 
2021/08/15 22:31:55 [Server-1] Started 
2021/08/15 22:31:56 [TcpAccept-3] 192.168.0.103:32830 
2021/08/15 22:32:35 [Server-1] Stoping 
2021/08/15 22:32:35 [TcpAccept-EX-15] 无法访问已释放的对象。
对象名:“System.Net.Sockets.Socket”。 
2021/08/15 22:32:35 [d2e6c8f2c05b35a8910177da99e962f2-1] Stop-StopServer-True-- 
2021/08/15 22:32:36 [Server-1] Stoped 
2021/08/15 22:32:36 [AutoSet-7] Stop 
2021/08/15 22:33:39 [Server-1] Starting 
2021/08/15 22:33:39 [Initial-1] Version: 631.16249, HttpServerPort: 2324, TcpServerPort: 2323, DeveloperTrace: Single, DebugMode: True, TracePrint: True, ClientTrace: False, EnableStackView: True, SessionTimeOut: 1800, NetworkTimeOut: 30, MirrorPatternMaxVerifyTimes: 3, FormStackMaxCount: 10, RelativeScreen: True, TextFontScaling: True, ResourceDenyLocation: , SysTrace: False
        BasePath: C:\Users\Patrick\Desktop\数据库课设\Data-Cool\bin\Debug
        DefaultImagePath: C:\Users\Patrick\Desktop\数据库课设\Data-Cool\bin\Debug\Resources\Image
        DefaultAudioPath: C:\Users\Patrick\Desktop\数据库课设\Data-Cool\bin\Debug\Resources\Audio
        DefaultDocumentPath: C:\Users\Patrick\Desktop\数据库课设\Data-Cool\bin\Debug\Resources\Document
        DefaultUploadPath: C:\Users\Patrick\Desktop\数据库课设\Data-Cool\bin\Debug\Resources\Upload
        DefaultMediaPath: C:\Users\Patrick\Desktop\数据库课设\Data-Cool\bin\Debug\Resources\Media
        DefaultWebPath: C:\Users\Patrick\Desktop\数据库课设\Data-Cool\bin\Debug\Resources\Web
 
2021/08/15 22:33:39 [Server-1] Started 
2021/08/15 22:33:39 [AutoSet-7] Start 
2021/08/15 22:33:40 [TcpAccept-3] 192.168.0.103:32864 
2021/08/15 22:35:23 [Server-1] Starting 
2021/08/15 22:35:23 [Initial-1] Version: 631.16249, HttpServerPort: 2324, TcpServerPort: 2323, DeveloperTrace: Single, DebugMode: True, TracePrint: True, ClientTrace: False, EnableStackView: True, SessionTimeOut: 1800, NetworkTimeOut: 30, MirrorPatternMaxVerifyTimes: 3, FormStackMaxCount: 10, RelativeScreen: True, TextFontScaling: True, ResourceDenyLocation: , SysTrace: False
        BasePath: C:\Users\Patrick\Desktop\数据库课设\Data-Cool\bin\Debug
        DefaultImagePath: C:\Users\Patrick\Desktop\数据库课设\Data-Cool\bin\Debug\Resources\Image
        DefaultAudioPath: C:\Users\Patrick\Desktop\数据库课设\Data-Cool\bin\Debug\Resources\Audio
        DefaultDocumentPath: C:\Users\Patrick\Desktop\数据库课设\Data-Cool\bin\Debug\Resources\Document
        DefaultUploadPath: C:\Users\Patrick\Desktop\数据库课设\Data-Cool\bin\Debug\Resources\Upload
        DefaultMediaPath: C:\Users\Patrick\Desktop\数据库课设\Data-Cool\bin\Debug\Resources\Media
        DefaultWebPath: C:\Users\Patrick\Desktop\数据库课设\Data-Cool\bin\Debug\Resources\Web
 
2021/08/15 22:35:23 [Server-1] Started 
2021/08/15 22:35:24 [TcpAccept-3] 192.168.0.103:32886 
2021/08/15 22:35:53 [Server-1] Starting 
2021/08/15 22:35:53 [Initial-1] Version: 631.16249, HttpServerPort: 2324, TcpServerPort: 2323, DeveloperTrace: Single, DebugMode: True, TracePrint: True, ClientTrace: False, EnableStackView: True, SessionTimeOut: 1800, NetworkTimeOut: 30, MirrorPatternMaxVerifyTimes: 3, FormStackMaxCount: 10, RelativeScreen: True, TextFontScaling: True, ResourceDenyLocation: , SysTrace: False
        BasePath: C:\Users\Patrick\Desktop\数据库课设\Data-Cool\bin\Debug
        DefaultImagePath: C:\Users\Patrick\Desktop\数据库课设\Data-Cool\bin\Debug\Resources\Image
        DefaultAudioPath: C:\Users\Patrick\Desktop\数据库课设\Data-Cool\bin\Debug\Resources\Audio
        DefaultDocumentPath: C:\Users\Patrick\Desktop\数据库课设\Data-Cool\bin\Debug\Resources\Document
        DefaultUploadPath: C:\Users\Patrick\Desktop\数据库课设\Data-Cool\bin\Debug\Resources\Upload
        DefaultMediaPath: C:\Users\Patrick\Desktop\数据库课设\Data-Cool\bin\Debug\Resources\Media
        DefaultWebPath: C:\Users\Patrick\Desktop\数据库课设\Data-Cool\bin\Debug\Resources\Web
 
2021/08/15 22:35:53 [Server-1] Started 
2021/08/15 22:35:53 [AutoSet-7] Start 
2021/08/15 22:35:54 [TcpAccept-3] 192.168.0.103:32912 
2021/08/15 22:36:10 [Server-1] Stoping 
2021/08/15 22:36:10 [d2e6c8f2c05b35a8910177da99e962f2-1] Stop-StopServer-True-- 
2021/08/15 22:36:12 [Server-1] Stoped 
2021/08/15 22:36:12 [AutoSet-7] Stop 
2021/08/15 22:37:55 [Server-1] Starting 
2021/08/15 22:37:55 [Initial-1] Version: 631.16249, HttpServerPort: 2324, TcpServerPort: 2323, DeveloperTrace: Single, DebugMode: True, TracePrint: True, ClientTrace: False, EnableStackView: True, SessionTimeOut: 1800, NetworkTimeOut: 30, MirrorPatternMaxVerifyTimes: 3, FormStackMaxCount: 10, RelativeScreen: True, TextFontScaling: True, ResourceDenyLocation: , SysTrace: False
        BasePath: C:\Users\Patrick\Desktop\数据库课设\Data-Cool\bin\Debug
        DefaultImagePath: C:\Users\Patrick\Desktop\数据库课设\Data-Cool\bin\Debug\Resources\Image
        DefaultAudioPath: C:\Users\Patrick\Desktop\数据库课设\Data-Cool\bin\Debug\Resources\Audio
        DefaultDocumentPath: C:\Users\Patrick\Desktop\数据库课设\Data-Cool\bin\Debug\Resources\Document
        DefaultUploadPath: C:\Users\Patrick\Desktop\数据库课设\Data-Cool\bin\Debug\Resources\Upload
        DefaultMediaPath: C:\Users\Patrick\Desktop\数据库课设\Data-Cool\bin\Debug\Resources\Media
        DefaultWebPath: C:\Users\Patrick\Desktop\数据库课设\Data-Cool\bin\Debug\Resources\Web
 
2021/08/15 22:37:55 [Server-1] Started 
2021/08/15 22:37:55 [AutoSet-7] Start 
2021/08/15 22:37:55 [TcpAccept-3] 192.168.0.103:32938 
2021/08/15 22:38:09 [Server-1] Stoping 
2021/08/15 22:38:09 [d2e6c8f2c05b35a8910177da99e962f2-1] Stop-StopServer-True-- 
2021/08/15 22:38:09 [TcpAccept-EX-12] 无法访问已释放的对象。
对象名:“System.Net.Sockets.Socket”。 
2021/08/15 22:38:10 [Server-1] Stoped 
2021/08/15 22:38:10 [AutoSet-7] Stop 
2021/08/15 22:38:46 [Server-1] Starting 
2021/08/15 22:38:46 [Initial-1] Version: 631.16249, HttpServerPort: 2324, TcpServerPort: 2323, DeveloperTrace: Single, DebugMode: True, TracePrint: True, ClientTrace: False, EnableStackView: True, SessionTimeOut: 1800, NetworkTimeOut: 30, MirrorPatternMaxVerifyTimes: 3, FormStackMaxCount: 10, RelativeScreen: True, TextFontScaling: True, ResourceDenyLocation: , SysTrace: False
        BasePath: C:\Users\Patrick\Desktop\数据库课设\Data-Cool\bin\Debug
        DefaultImagePath: C:\Users\Patrick\Desktop\数据库课设\Data-Cool\bin\Debug\Resources\Image
        DefaultAudioPath: C:\Users\Patrick\Desktop\数据库课设\Data-Cool\bin\Debug\Resources\Audio
        DefaultDocumentPath: C:\Users\Patrick\Desktop\数据库课设\Data-Cool\bin\Debug\Resources\Document
        DefaultUploadPath: C:\Users\Patrick\Desktop\数据库课设\Data-Cool\bin\Debug\Resources\Upload
        DefaultMediaPath: C:\Users\Patrick\Desktop\数据库课设\Data-Cool\bin\Debug\Resources\Media
        DefaultWebPath: C:\Users\Patrick\Desktop\数据库课设\Data-Cool\bin\Debug\Resources\Web
 
2021/08/15 22:38:46 [Server-1] Started 
2021/08/15 22:38:47 [AutoSet-7] Start 
2021/08/15 22:38:47 [TcpAccept-3] 192.168.0.103:32960 
2021/08/15 22:39:22 [Server-1] Stoping 
2021/08/15 22:39:22 [d2e6c8f2c05b35a8910177da99e962f2-1] Stop-StopServer-True-- 
2021/08/15 22:39:22 [TcpAccept-EX-15] 无法访问已释放的对象。
对象名:“System.Net.Sockets.Socket”。 
2021/08/15 22:39:23 [Server-1] Stoped 
2021/08/15 22:39:23 [AutoSet-7] Stop 
2021/08/15 22:40:22 [Server-1] Starting 
2021/08/15 22:40:22 [Initial-1] Version: 631.16249, HttpServerPort: 2324, TcpServerPort: 2323, DeveloperTrace: Single, DebugMode: True, TracePrint: True, ClientTrace: False, EnableStackView: True, SessionTimeOut: 1800, NetworkTimeOut: 30, MirrorPatternMaxVerifyTimes: 3, FormStackMaxCount: 10, RelativeScreen: True, TextFontScaling: True, ResourceDenyLocation: , SysTrace: False
        BasePath: C:\Users\Patrick\Desktop\数据库课设\Data-Cool\bin\Debug
        DefaultImagePath: C:\Users\Patrick\Desktop\数据库课设\Data-Cool\bin\Debug\Resources\Image
        DefaultAudioPath: C:\Users\Patrick\Desktop\数据库课设\Data-Cool\bin\Debug\Resources\Audio
        DefaultDocumentPath: C:\Users\Patrick\Desktop\数据库课设\Data-Cool\bin\Debug\Resources\Document
        DefaultUploadPath: C:\Users\Patrick\Desktop\数据库课设\Data-Cool\bin\Debug\Resources\Upload
        DefaultMediaPath: C:\Users\Patrick\Desktop\数据库课设\Data-Cool\bin\Debug\Resources\Media
        DefaultWebPath: C:\Users\Patrick\Desktop\数据库课设\Data-Cool\bin\Debug\Resources\Web
 
2021/08/15 22:40:22 [Server-1] Started 
2021/08/15 22:40:22 [AutoSet-7] Start 
2021/08/15 22:40:25 [TcpAccept-3] 192.168.0.103:32996 
2021/08/15 22:40:25 [TcpAccept-3] 192.168.0.103:32998 
2021/08/15 22:42:53 [Server-1] Starting 
2021/08/15 22:42:53 [Initial-1] Version: 631.16249, HttpServerPort: 2324, TcpServerPort: 2323, DeveloperTrace: Single, DebugMode: True, TracePrint: True, ClientTrace: False, EnableStackView: True, SessionTimeOut: 1800, NetworkTimeOut: 30, MirrorPatternMaxVerifyTimes: 3, FormStackMaxCount: 10, RelativeScreen: True, TextFontScaling: True, ResourceDenyLocation: , SysTrace: False
        BasePath: C:\Users\Patrick\Desktop\数据库课设\Data-Cool\bin\Debug
        DefaultImagePath: C:\Users\Patrick\Desktop\数据库课设\Data-Cool\bin\Debug\Resources\Image
        DefaultAudioPath: C:\Users\Patrick\Desktop\数据库课设\Data-Cool\bin\Debug\Resources\Audio
        DefaultDocumentPath: C:\Users\Patrick\Desktop\数据库课设\Data-Cool\bin\Debug\Resources\Document
        DefaultUploadPath: C:\Users\Patrick\Desktop\数据库课设\Data-Cool\bin\Debug\Resources\Upload
        DefaultMediaPath: C:\Users\Patrick\Desktop\数据库课设\Data-Cool\bin\Debug\Resources\Media
        DefaultWebPath: C:\Users\Patrick\Desktop\数据库课设\Data-Cool\bin\Debug\Resources\Web
 
2021/08/15 22:42:53 [Server-1] Started 
2021/08/15 22:42:53 [AutoSet-7] Start 
2021/08/15 22:42:55 [Server-1] Stoping 
2021/08/15 22:42:55 [TcpAccept-EX-8] 无法访问已释放的对象。
对象名:“System.Net.Sockets.Socket”。 
2021/08/15 22:42:56 [Server-1] Stoped 
2021/08/15 22:42:56 [AutoSet-7] Stop 
2021/08/15 22:47:01 [Server-1] Starting 
2021/08/15 22:47:01 [Initial-1] Version: 631.16249, HttpServerPort: 2324, TcpServerPort: 2323, DeveloperTrace: Single, DebugMode: True, TracePrint: True, ClientTrace: False, EnableStackView: True, SessionTimeOut: 1800, NetworkTimeOut: 30, MirrorPatternMaxVerifyTimes: 3, FormStackMaxCount: 10, RelativeScreen: True, TextFontScaling: True, ResourceDenyLocation: , SysTrace: False
        BasePath: C:\Users\Patrick\Desktop\数据库课设\Data-Cool\bin\Debug
        DefaultImagePath: C:\Users\Patrick\Desktop\数据库课设\Data-Cool\bin\Debug\Resources\Image
        DefaultAudioPath: C:\Users\Patrick\Desktop\数据库课设\Data-Cool\bin\Debug\Resources\Audio
        DefaultDocumentPath: C:\Users\Patrick\Desktop\数据库课设\Data-Cool\bin\Debug\Resources\Document
        DefaultUploadPath: C:\Users\Patrick\Desktop\数据库课设\Data-Cool\bin\Debug\Resources\Upload
        DefaultMediaPath: C:\Users\Patrick\Desktop\数据库课设\Data-Cool\bin\Debug\Resources\Media
        DefaultWebPath: C:\Users\Patrick\Desktop\数据库课设\Data-Cool\bin\Debug\Resources\Web
 
2021/08/15 22:47:01 [Server-1] Started 
2021/08/15 22:47:01 [AutoSet-7] Start 
2021/08/15 22:47:06 [TcpAccept-3] 192.168.0.103:33092 
2021/08/15 22:49:33 [Server-1] Starting 
2021/08/15 22:49:34 [Initial-1] Version: 631.16249, HttpServerPort: 2324, TcpServerPort: 2323, DeveloperTrace: Single, DebugMode: True, TracePrint: True, ClientTrace: False, EnableStackView: True, SessionTimeOut: 1800, NetworkTimeOut: 30, MirrorPatternMaxVerifyTimes: 3, FormStackMaxCount: 10, RelativeScreen: True, TextFontScaling: True, ResourceDenyLocation: , SysTrace: False
        BasePath: C:\Users\Patrick\Desktop\数据库课设\Data-Cool\bin\Debug
        DefaultImagePath: C:\Users\Patrick\Desktop\数据库课设\Data-Cool\bin\Debug\Resources\Image
        DefaultAudioPath: C:\Users\Patrick\Desktop\数据库课设\Data-Cool\bin\Debug\Resources\Audio
        DefaultDocumentPath: C:\Users\Patrick\Desktop\数据库课设\Data-Cool\bin\Debug\Resources\Document
        DefaultUploadPath: C:\Users\Patrick\Desktop\数据库课设\Data-Cool\bin\Debug\Resources\Upload
        DefaultMediaPath: C:\Users\Patrick\Desktop\数据库课设\Data-Cool\bin\Debug\Resources\Media
        DefaultWebPath: C:\Users\Patrick\Desktop\数据库课设\Data-Cool\bin\Debug\Resources\Web
 
2021/08/15 22:49:34 [Server-1] Started 
2021/08/15 22:49:34 [AutoSet-7] Start 
2021/08/15 22:49:37 [TcpAccept-3] 192.168.0.103:33160 
2021/08/15 22:51:38 [Server-1] Starting 
2021/08/15 22:51:38 [Initial-1] Version: 631.16249, HttpServerPort: 2324, TcpServerPort: 2323, DeveloperTrace: Single, DebugMode: True, TracePrint: True, ClientTrace: False, EnableStackView: True, SessionTimeOut: 1800, NetworkTimeOut: 30, MirrorPatternMaxVerifyTimes: 3, FormStackMaxCount: 10, RelativeScreen: True, TextFontScaling: True, ResourceDenyLocation: , SysTrace: False
        BasePath: C:\Users\Patrick\Desktop\数据库课设\Data-Cool\bin\Debug
        DefaultImagePath: C:\Users\Patrick\Desktop\数据库课设\Data-Cool\bin\Debug\Resources\Image
        DefaultAudioPath: C:\Users\Patrick\Desktop\数据库课设\Data-Cool\bin\Debug\Resources\Audio
        DefaultDocumentPath: C:\Users\Patrick\Desktop\数据库课设\Data-Cool\bin\Debug\Resources\Document
        DefaultUploadPath: C:\Users\Patrick\Desktop\数据库课设\Data-Cool\bin\Debug\Resources\Upload
        DefaultMediaPath: C:\Users\Patrick\Desktop\数据库课设\Data-Cool\bin\Debug\Resources\Media
        DefaultWebPath: C:\Users\Patrick\Desktop\数据库课设\Data-Cool\bin\Debug\Resources\Web
 
2021/08/15 22:51:39 [Server-1] Started 
2021/08/15 22:51:41 [TcpAccept-3] 192.168.0.103:33180 
2021/08/15 22:52:03 [Server-1] Starting 
2021/08/15 22:52:03 [Initial-1] Version: 631.16249, HttpServerPort: 2324, TcpServerPort: 2323, DeveloperTrace: Single, DebugMode: True, TracePrint: True, ClientTrace: False, EnableStackView: True, SessionTimeOut: 1800, NetworkTimeOut: 30, MirrorPatternMaxVerifyTimes: 3, FormStackMaxCount: 10, RelativeScreen: True, TextFontScaling: True, ResourceDenyLocation: , SysTrace: False
        BasePath: C:\Users\Patrick\Desktop\数据库课设\Data-Cool\bin\Debug
        DefaultImagePath: C:\Users\Patrick\Desktop\数据库课设\Data-Cool\bin\Debug\Resources\Image
        DefaultAudioPath: C:\Users\Patrick\Desktop\数据库课设\Data-Cool\bin\Debug\Resources\Audio
        DefaultDocumentPath: C:\Users\Patrick\Desktop\数据库课设\Data-Cool\bin\Debug\Resources\Document
        DefaultUploadPath: C:\Users\Patrick\Desktop\数据库课设\Data-Cool\bin\Debug\Resources\Upload
        DefaultMediaPath: C:\Users\Patrick\Desktop\数据库课设\Data-Cool\bin\Debug\Resources\Media
        DefaultWebPath: C:\Users\Patrick\Desktop\数据库课设\Data-Cool\bin\Debug\Resources\Web
 
2021/08/15 22:52:03 [Server-1] Started 
2021/08/15 22:52:03 [AutoSet-7] Start 
2021/08/15 22:52:03 [TcpAccept-3] 192.168.0.103:33206 
2021/08/15 22:52:38 [Server-1] Stoping 
2021/08/15 22:52:38 [d2e6c8f2c05b35a8910177da99e962f2-1] Stop-StopServer-True-- 
2021/08/15 22:52:39 [Server-1] Stoped 
2021/08/15 22:52:39 [AutoSet-7] Stop 
2021/08/15 22:53:33 [Server-1] Starting 
2021/08/15 22:53:33 [Initial-1] Version: 631.16249, HttpServerPort: 2324, TcpServerPort: 2323, DeveloperTrace: Single, DebugMode: True, TracePrint: True, ClientTrace: False, EnableStackView: True, SessionTimeOut: 1800, NetworkTimeOut: 30, MirrorPatternMaxVerifyTimes: 3, FormStackMaxCount: 10, RelativeScreen: True, TextFontScaling: True, ResourceDenyLocation: , SysTrace: False
        BasePath: C:\Users\Patrick\Desktop\数据库课设\Data-Cool\bin\Debug
        DefaultImagePath: C:\Users\Patrick\Desktop\数据库课设\Data-Cool\bin\Debug\Resources\Image
        DefaultAudioPath: C:\Users\Patrick\Desktop\数据库课设\Data-Cool\bin\Debug\Resources\Audio
        DefaultDocumentPath: C:\Users\Patrick\Desktop\数据库课设\Data-Cool\bin\Debug\Resources\Document
        DefaultUploadPath: C:\Users\Patrick\Desktop\数据库课设\Data-Cool\bin\Debug\Resources\Upload
        DefaultMediaPath: C:\Users\Patrick\Desktop\数据库课设\Data-Cool\bin\Debug\Resources\Media
        DefaultWebPath: C:\Users\Patrick\Desktop\数据库课设\Data-Cool\bin\Debug\Resources\Web
 
2021/08/15 22:53:33 [Server-1] Started 
2021/08/15 22:53:33 [AutoSet-7] Start 
2021/08/15 22:53:33 [TcpAccept-3] 192.168.0.103:33226 
2021/08/15 22:54:34 [Server-1] Starting 
2021/08/15 22:54:34 [Initial-1] Version: 631.16249, HttpServerPort: 2324, TcpServerPort: 2323, DeveloperTrace: Single, DebugMode: True, TracePrint: True, ClientTrace: False, EnableStackView: True, SessionTimeOut: 1800, NetworkTimeOut: 30, MirrorPatternMaxVerifyTimes: 3, FormStackMaxCount: 10, RelativeScreen: True, TextFontScaling: True, ResourceDenyLocation: , SysTrace: False
        BasePath: C:\Users\Patrick\Desktop\数据库课设\Data-Cool\bin\Debug
        DefaultImagePath: C:\Users\Patrick\Desktop\数据库课设\Data-Cool\bin\Debug\Resources\Image
        DefaultAudioPath: C:\Users\Patrick\Desktop\数据库课设\Data-Cool\bin\Debug\Resources\Audio
        DefaultDocumentPath: C:\Users\Patrick\Desktop\数据库课设\Data-Cool\bin\Debug\Resources\Document
        DefaultUploadPath: C:\Users\Patrick\Desktop\数据库课设\Data-Cool\bin\Debug\Resources\Upload
        DefaultMediaPath: C:\Users\Patrick\Desktop\数据库课设\Data-Cool\bin\Debug\Resources\Media
        DefaultWebPath: C:\Users\Patrick\Desktop\数据库课设\Data-Cool\bin\Debug\Resources\Web
 
2021/08/15 22:54:34 [Server-1] Started 
2021/08/15 22:54:34 [AutoSet-7] Start 
2021/08/15 22:54:35 [TcpAccept-3] 192.168.0.103:33246 
2021/08/15 22:55:00 [Server-1] Stoping 
2021/08/15 22:55:00 [d2e6c8f2c05b35a8910177da99e962f2-1] Stop-StopServer-True-- 
2021/08/15 22:55:01 [Server-1] Stoped 
2021/08/15 22:55:01 [AutoSet-7] Stop 
2021/08/15 22:55:52 [Server-1] Starting 
2021/08/15 22:55:53 [Initial-1] Version: 631.16249, HttpServerPort: 2324, TcpServerPort: 2323, DeveloperTrace: Single, DebugMode: True, TracePrint: True, ClientTrace: False, EnableStackView: True, SessionTimeOut: 1800, NetworkTimeOut: 30, MirrorPatternMaxVerifyTimes: 3, FormStackMaxCount: 10, RelativeScreen: True, TextFontScaling: True, ResourceDenyLocation: , SysTrace: False
        BasePath: C:\Users\Patrick\Desktop\数据库课设\Data-Cool\bin\Debug
        DefaultImagePath: C:\Users\Patrick\Desktop\数据库课设\Data-Cool\bin\Debug\Resources\Image
        DefaultAudioPath: C:\Users\Patrick\Desktop\数据库课设\Data-Cool\bin\Debug\Resources\Audio
        DefaultDocumentPath: C:\Users\Patrick\Desktop\数据库课设\Data-Cool\bin\Debug\Resources\Document
        DefaultUploadPath: C:\Users\Patrick\Desktop\数据库课设\Data-Cool\bin\Debug\Resources\Upload
        DefaultMediaPath: C:\Users\Patrick\Desktop\数据库课设\Data-Cool\bin\Debug\Resources\Media
        DefaultWebPath: C:\Users\Patrick\Desktop\数据库课设\Data-Cool\bin\Debug\Resources\Web
 
2021/08/15 22:55:53 [Server-1] Started 
2021/08/15 22:55:53 [AutoSet-7] Start 
2021/08/15 22:55:53 [TcpAccept-3] 192.168.0.103:33272 
2021/08/15 22:56:11 [Server-1] Stoping 
2021/08/15 22:56:11 [d2e6c8f2c05b35a8910177da99e962f2-1] Stop-StopServer-True-- 
2021/08/15 22:56:11 [TcpAccept-EX-12] 无法访问已释放的对象。
对象名:“System.Net.Sockets.Socket”。 
2021/08/15 22:56:12 [Server-1] Stoped 
2021/08/15 22:56:12 [AutoSet-7] Stop 
2021/08/15 22:56:32 [Server-1] Starting 
2021/08/15 22:56:32 [Initial-1] Version: 631.16249, HttpServerPort: 2324, TcpServerPort: 2323, DeveloperTrace: Single, DebugMode: True, TracePrint: True, ClientTrace: False, EnableStackView: True, SessionTimeOut: 1800, NetworkTimeOut: 30, MirrorPatternMaxVerifyTimes: 3, FormStackMaxCount: 10, RelativeScreen: True, TextFontScaling: True, ResourceDenyLocation: , SysTrace: False
        BasePath: C:\Users\Patrick\Desktop\数据库课设\Data-Cool\bin\Debug
        DefaultImagePath: C:\Users\Patrick\Desktop\数据库课设\Data-Cool\bin\Debug\Resources\Image
        DefaultAudioPath: C:\Users\Patrick\Desktop\数据库课设\Data-Cool\bin\Debug\Resources\Audio
        DefaultDocumentPath: C:\Users\Patrick\Desktop\数据库课设\Data-Cool\bin\Debug\Resources\Document
        DefaultUploadPath: C:\Users\Patrick\Desktop\数据库课设\Data-Cool\bin\Debug\Resources\Upload
        DefaultMediaPath: C:\Users\Patrick\Desktop\数据库课设\Data-Cool\bin\Debug\Resources\Media
        DefaultWebPath: C:\Users\Patrick\Desktop\数据库课设\Data-Cool\bin\Debug\Resources\Web
 
2021/08/15 22:56:32 [Server-1] Started 
2021/08/15 22:56:32 [AutoSet-7] Start 
2021/08/15 22:56:34 [TcpAccept-3] 192.168.0.103:33296 
2021/08/15 22:56:56 [Server-1] Stoping 
2021/08/15 22:56:56 [d2e6c8f2c05b35a8910177da99e962f2-1] Stop-StopServer-True-- 
2021/08/15 22:56:56 [TcpAccept-EX-10] 无法访问已释放的对象。
对象名:“System.Net.Sockets.Socket”。 
2021/08/15 22:56:57 [Server-1] Stoped 
2021/08/15 22:56:57 [AutoSet-7] Stop 
2021/08/15 22:57:10 [Server-1] Starting 
2021/08/15 22:57:10 [Initial-1] Version: 631.16249, HttpServerPort: 2324, TcpServerPort: 2323, DeveloperTrace: Single, DebugMode: True, TracePrint: True, ClientTrace: False, EnableStackView: True, SessionTimeOut: 1800, NetworkTimeOut: 30, MirrorPatternMaxVerifyTimes: 3, FormStackMaxCount: 10, RelativeScreen: True, TextFontScaling: True, ResourceDenyLocation: , SysTrace: False
        BasePath: C:\Users\Patrick\Desktop\数据库课设\Data-Cool\bin\Debug
        DefaultImagePath: C:\Users\Patrick\Desktop\数据库课设\Data-Cool\bin\Debug\Resources\Image
        DefaultAudioPath: C:\Users\Patrick\Desktop\数据库课设\Data-Cool\bin\Debug\Resources\Audio
        DefaultDocumentPath: C:\Users\Patrick\Desktop\数据库课设\Data-Cool\bin\Debug\Resources\Document
        DefaultUploadPath: C:\Users\Patrick\Desktop\数据库课设\Data-Cool\bin\Debug\Resources\Upload
        DefaultMediaPath: C:\Users\Patrick\Desktop\数据库课设\Data-Cool\bin\Debug\Resources\Media
        DefaultWebPath: C:\Users\Patrick\Desktop\数据库课设\Data-Cool\bin\Debug\Resources\Web
 
2021/08/15 22:57:10 [Server-1] Started 
2021/08/15 22:57:10 [AutoSet-7] Start 
2021/08/15 22:57:11 [TcpAccept-3] 192.168.0.103:33314 
2021/08/15 22:57:55 [Server-1] Stoping 
2021/08/15 22:57:55 [d2e6c8f2c05b35a8910177da99e962f2-1] Stop-StopServer-True-- 
2021/08/15 22:57:55 [TcpAccept-EX-15] 无法访问已释放的对象。
对象名:“System.Net.Sockets.Socket”。 
2021/08/15 22:57:57 [Server-1] Stoped 
2021/08/15 22:57:57 [AutoSet-7] Stop 
2021/08/15 22:58:28 [Server-1] Starting 
2021/08/15 22:58:28 [Initial-1] Version: 631.16249, HttpServerPort: 2324, TcpServerPort: 2323, DeveloperTrace: Single, DebugMode: True, TracePrint: True, ClientTrace: False, EnableStackView: True, SessionTimeOut: 1800, NetworkTimeOut: 30, MirrorPatternMaxVerifyTimes: 3, FormStackMaxCount: 10, RelativeScreen: True, TextFontScaling: True, ResourceDenyLocation: , SysTrace: False
        BasePath: C:\Users\Patrick\Desktop\数据库课设\Data-Cool\bin\Debug
        DefaultImagePath: C:\Users\Patrick\Desktop\数据库课设\Data-Cool\bin\Debug\Resources\Image
        DefaultAudioPath: C:\Users\Patrick\Desktop\数据库课设\Data-Cool\bin\Debug\Resources\Audio
        DefaultDocumentPath: C:\Users\Patrick\Desktop\数据库课设\Data-Cool\bin\Debug\Resources\Document
        DefaultUploadPath: C:\Users\Patrick\Desktop\数据库课设\Data-Cool\bin\Debug\Resources\Upload
        DefaultMediaPath: C:\Users\Patrick\Desktop\数据库课设\Data-Cool\bin\Debug\Resources\Media
        DefaultWebPath: C:\Users\Patrick\Desktop\数据库课设\Data-Cool\bin\Debug\Resources\Web
 
2021/08/15 22:58:28 [Server-1] Started 
2021/08/15 22:58:28 [AutoSet-7] Start 
2021/08/15 22:58:33 [TcpAccept-3] 192.168.0.103:33388 
2021/08/15 22:58:56 [Server-1] Starting 
2021/08/15 22:58:56 [Initial-1] Version: 631.16249, HttpServerPort: 2324, TcpServerPort: 2323, DeveloperTrace: Single, DebugMode: True, TracePrint: True, ClientTrace: False, EnableStackView: True, SessionTimeOut: 1800, NetworkTimeOut: 30, MirrorPatternMaxVerifyTimes: 3, FormStackMaxCount: 10, RelativeScreen: True, TextFontScaling: True, ResourceDenyLocation: , SysTrace: False
        BasePath: C:\Users\Patrick\Desktop\数据库课设\Data-Cool\bin\Debug
        DefaultImagePath: C:\Users\Patrick\Desktop\数据库课设\Data-Cool\bin\Debug\Resources\Image
        DefaultAudioPath: C:\Users\Patrick\Desktop\数据库课设\Data-Cool\bin\Debug\Resources\Audio
        DefaultDocumentPath: C:\Users\Patrick\Desktop\数据库课设\Data-Cool\bin\Debug\Resources\Document
        DefaultUploadPath: C:\Users\Patrick\Desktop\数据库课设\Data-Cool\bin\Debug\Resources\Upload
        DefaultMediaPath: C:\Users\Patrick\Desktop\数据库课设\Data-Cool\bin\Debug\Resources\Media
        DefaultWebPath: C:\Users\Patrick\Desktop\数据库课设\Data-Cool\bin\Debug\Resources\Web
 
2021/08/15 22:58:56 [Server-1] Started 
2021/08/15 22:58:56 [TcpAccept-3] 192.168.0.103:33412 
2021/08/15 23:03:32 [TcpAccept-3] 192.168.0.103:33512 
2021/08/15 23:03:45 [Server-1] Stoping 
2021/08/15 23:03:45 [TcpAccept-EX-3] 无法访问已释放的对象。
对象名:“System.Net.Sockets.Socket”。 
2021/08/15 23:03:45 [d2e6c8f2c05b35a8910177da99e962f2-1] Stop-StopServer-True-- 
2021/08/15 23:03:46 [Server-1] Stoped 
2021/08/15 23:03:46 [AutoSet-7] Stop 
2021/08/15 23:13:01 [Server-1] Starting 
2021/08/15 23:13:01 [Initial-1] Version: 631.16249, HttpServerPort: 2324, TcpServerPort: 2323, DeveloperTrace: Single, DebugMode: True, TracePrint: True, ClientTrace: False, EnableStackView: True, SessionTimeOut: 1800, NetworkTimeOut: 30, MirrorPatternMaxVerifyTimes: 3, FormStackMaxCount: 10, RelativeScreen: True, TextFontScaling: True, ResourceDenyLocation: , SysTrace: False
        BasePath: C:\Users\Patrick\Desktop\数据库课设\Data-Cool\bin\Debug
        DefaultImagePath: C:\Users\Patrick\Desktop\数据库课设\Data-Cool\bin\Debug\Resources\Image
        DefaultAudioPath: C:\Users\Patrick\Desktop\数据库课设\Data-Cool\bin\Debug\Resources\Audio
        DefaultDocumentPath: C:\Users\Patrick\Desktop\数据库课设\Data-Cool\bin\Debug\Resources\Document
        DefaultUploadPath: C:\Users\Patrick\Desktop\数据库课设\Data-Cool\bin\Debug\Resources\Upload
        DefaultMediaPath: C:\Users\Patrick\Desktop\数据库课设\Data-Cool\bin\Debug\Resources\Media
        DefaultWebPath: C:\Users\Patrick\Desktop\数据库课设\Data-Cool\bin\Debug\Resources\Web
 
2021/08/15 23:13:01 [Server-1] Started 
2021/08/15 23:13:01 [AutoSet-7] Start 
2021/08/15 23:13:18 [TcpAccept-3] 192.168.0.103:33690 
2021/08/15 23:13:18 [d2e6c8f2c05b35a8910177da99e962f2-192.168.0.103-10] {"deviceOS":"Android","deviceOSVersion":"10","deviceModel":"PCT-AL10","screenSize":{"width":1080,"height":2208},"density":3.0,"version":"4.9.0","coreVersion":"4.9.0","autoBuild":false,"isCompany":true,"extraInfo":{"package_name":"com.smobiler.app","display_name":"Smobiler","plugin_msg":null,"lowMemory":false,"languages":["zh-Hans-CN"]}} 
2021/08/15 23:14:06 [Server-1] Stoping 
2021/08/15 23:14:06 [d2e6c8f2c05b35a8910177da99e962f2-1] Stop-StopServer-True-- 
2021/08/15 23:14:06 [TcpAccept-EX-15] 无法访问已释放的对象。
对象名:“System.Net.Sockets.Socket”。 
2021/08/15 23:14:07 [Server-1] Stoped 
2021/08/15 23:14:07 [AutoSet-7] Stop 
2021/08/15 23:15:37 [Server-1] Starting 
2021/08/15 23:15:37 [Initial-1] Version: 631.16249, HttpServerPort: 2324, TcpServerPort: 2323, DeveloperTrace: Single, DebugMode: True, TracePrint: True, ClientTrace: False, EnableStackView: True, SessionTimeOut: 1800, NetworkTimeOut: 30, MirrorPatternMaxVerifyTimes: 3, FormStackMaxCount: 10, RelativeScreen: True, TextFontScaling: True, ResourceDenyLocation: , SysTrace: False
        BasePath: C:\Users\Patrick\Desktop\数据库课设\Data-Cool\bin\Debug
        DefaultImagePath: C:\Users\Patrick\Desktop\数据库课设\Data-Cool\bin\Debug\Resources\Image
        DefaultAudioPath: C:\Users\Patrick\Desktop\数据库课设\Data-Cool\bin\Debug\Resources\Audio
        DefaultDocumentPath: C:\Users\Patrick\Desktop\数据库课设\Data-Cool\bin\Debug\Resources\Document
        DefaultUploadPath: C:\Users\Patrick\Desktop\数据库课设\Data-Cool\bin\Debug\Resources\Upload
        DefaultMediaPath: C:\Users\Patrick\Desktop\数据库课设\Data-Cool\bin\Debug\Resources\Media
        DefaultWebPath: C:\Users\Patrick\Desktop\数据库课设\Data-Cool\bin\Debug\Resources\Web
 
2021/08/15 23:15:37 [Server-1] Started 
2021/08/15 23:15:37 [AutoSet-7] Start 
2021/08/15 23:15:39 [Server-1] Stoping 
2021/08/15 23:15:39 [TcpAccept-EX-8] 无法访问已释放的对象。
对象名:“System.Net.Sockets.Socket”。 
2021/08/15 23:15:40 [Server-1] Stoped 
2021/08/15 23:15:40 [AutoSet-7] Stop 
