2021/08/23 14:51:39 [Server-1] Starting 
2021/08/23 14:51:39 [Initial-1] Version: 631.16249, HttpServerPort: 2324, TcpServerPort: 2323, DeveloperTrace: Single, DebugMode: True, TracePrint: True, ClientTrace: False, EnableStackView: True, SessionTimeOut: 1800, NetworkTimeOut: 30, MirrorPatternMaxVerifyTimes: 3, FormStackMaxCount: 10, RelativeScreen: True, TextFontScaling: True, ResourceDenyLocation: , SysTrace: False
        BasePath: D:\SombilerDesigner\Data-Cool-master\Data-Cool\bin\Debug
        DefaultImagePath: D:\SombilerDesigner\Data-Cool-master\Data-Cool\bin\Debug\Resources\Image
        DefaultAudioPath: D:\SombilerDesigner\Data-Cool-master\Data-Cool\bin\Debug\Resources\Audio
        DefaultDocumentPath: D:\SombilerDesigner\Data-Cool-master\Data-Cool\bin\Debug\Resources\Document
        DefaultUploadPath: D:\SombilerDesigner\Data-Cool-master\Data-Cool\bin\Debug\Resources\Upload
        DefaultMediaPath: D:\SombilerDesigner\Data-Cool-master\Data-Cool\bin\Debug\Resources\Media
        DefaultWebPath: D:\SombilerDesigner\Data-Cool-master\Data-Cool\bin\Debug\Resources\Web
 
2021/08/23 14:51:39 [Server-1] Started 
2021/08/23 14:51:39 [AutoSet-7] Start 
2021/08/23 14:51:46 [TcpAccept-3] 192.168.1.2:34116 
2021/08/23 14:51:46 [861951044423780-192.168.1.2-11] {"deviceOS":"Android","deviceOSVersion":"9","deviceModel":"INE-AL00","screenSize":{"width":1080,"height":2128},"density":3.0,"version":"6.3.1","coreVersion":"6.3.1","autoBuild":false,"isCompany":true,"extraInfo":{"package_name":"com.smobiler.app","display_name":"Smobiler","plugin_msg":null,"lowMemory":false,"languages":["zh-Hans-CN"]}} 
2021/08/23 14:52:53 [Server-1] Stoping 
2021/08/23 14:52:53 [861951044423780-1] Stop-StopServer-True-- 
2021/08/23 14:52:53 [TcpAccept-EX-10] 无法访问已释放的对象。
对象名:“System.Net.Sockets.Socket”。 
2021/08/23 14:52:54 [Server-1] Stoped 
2021/08/23 14:52:54 [AutoSet-7] Stop 
2021/08/23 14:53:08 [Server-1] Starting 
2021/08/23 14:53:09 [Initial-1] Version: 631.16249, HttpServerPort: 2324, TcpServerPort: 2323, DeveloperTrace: Single, DebugMode: True, TracePrint: True, ClientTrace: False, EnableStackView: True, SessionTimeOut: 1800, NetworkTimeOut: 30, MirrorPatternMaxVerifyTimes: 3, FormStackMaxCount: 10, RelativeScreen: True, TextFontScaling: True, ResourceDenyLocation: , SysTrace: False
        BasePath: D:\SombilerDesigner\Data-Cool-master\Data-Cool\bin\Debug
        DefaultImagePath: D:\SombilerDesigner\Data-Cool-master\Data-Cool\bin\Debug\Resources\Image
        DefaultAudioPath: D:\SombilerDesigner\Data-Cool-master\Data-Cool\bin\Debug\Resources\Audio
        DefaultDocumentPath: D:\SombilerDesigner\Data-Cool-master\Data-Cool\bin\Debug\Resources\Document
        DefaultUploadPath: D:\SombilerDesigner\Data-Cool-master\Data-Cool\bin\Debug\Resources\Upload
        DefaultMediaPath: D:\SombilerDesigner\Data-Cool-master\Data-Cool\bin\Debug\Resources\Media
        DefaultWebPath: D:\SombilerDesigner\Data-Cool-master\Data-Cool\bin\Debug\Resources\Web
 
2021/08/23 14:53:09 [Server-1] Started 
2021/08/23 14:53:09 [AutoSet-7] Start 
2021/08/23 14:53:11 [TcpAccept-3] 192.168.1.2:34182 
2021/08/23 14:53:39 [Server-1] Stoping 
2021/08/23 14:53:39 [861951044423780-1] Stop-StopServer-True-- 
2021/08/23 14:53:39 [TcpAccept-EX-13] 无法访问已释放的对象。
对象名:“System.Net.Sockets.Socket”。 
2021/08/23 14:53:40 [Server-1] Stoped 
2021/08/23 14:53:40 [AutoSet-7] Stop 
2021/08/23 14:54:13 [Server-1] Starting 
2021/08/23 14:54:13 [Initial-1] Version: 631.16249, HttpServerPort: 2324, TcpServerPort: 2323, DeveloperTrace: Single, DebugMode: True, TracePrint: True, ClientTrace: False, EnableStackView: True, SessionTimeOut: 1800, NetworkTimeOut: 30, MirrorPatternMaxVerifyTimes: 3, FormStackMaxCount: 10, RelativeScreen: True, TextFontScaling: True, ResourceDenyLocation: , SysTrace: False
        BasePath: D:\SombilerDesigner\Data-Cool-master\Data-Cool\bin\Debug
        DefaultImagePath: D:\SombilerDesigner\Data-Cool-master\Data-Cool\bin\Debug\Resources\Image
        DefaultAudioPath: D:\SombilerDesigner\Data-Cool-master\Data-Cool\bin\Debug\Resources\Audio
        DefaultDocumentPath: D:\SombilerDesigner\Data-Cool-master\Data-Cool\bin\Debug\Resources\Document
        DefaultUploadPath: D:\SombilerDesigner\Data-Cool-master\Data-Cool\bin\Debug\Resources\Upload
        DefaultMediaPath: D:\SombilerDesigner\Data-Cool-master\Data-Cool\bin\Debug\Resources\Media
        DefaultWebPath: D:\SombilerDesigner\Data-Cool-master\Data-Cool\bin\Debug\Resources\Web
 
2021/08/23 14:54:13 [Server-1] Started 
2021/08/23 14:54:13 [AutoSet-7] Start 
2021/08/23 14:54:14 [TcpAccept-3] 192.168.1.2:34222 
2021/08/23 14:54:48 [Server-1] Stoping 
2021/08/23 14:54:48 [861951044423780-1] Stop-StopServer-True-- 
2021/08/23 14:54:48 [TcpAccept-EX-3] 无法访问已释放的对象。
对象名:“System.Net.Sockets.Socket”。 
2021/08/23 14:54:49 [Server-1] Stoped 
2021/08/23 14:54:49 [AutoSet-7] Stop 
2021/08/23 14:55:25 [Server-1] Starting 
2021/08/23 14:55:25 [Initial-1] Version: 631.16249, HttpServerPort: 2324, TcpServerPort: 2323, DeveloperTrace: Single, DebugMode: True, TracePrint: True, ClientTrace: False, EnableStackView: True, SessionTimeOut: 1800, NetworkTimeOut: 30, MirrorPatternMaxVerifyTimes: 3, FormStackMaxCount: 10, RelativeScreen: True, TextFontScaling: True, ResourceDenyLocation: , SysTrace: False
        BasePath: D:\SombilerDesigner\Data-Cool-master\Data-Cool\bin\Debug
        DefaultImagePath: D:\SombilerDesigner\Data-Cool-master\Data-Cool\bin\Debug\Resources\Image
        DefaultAudioPath: D:\SombilerDesigner\Data-Cool-master\Data-Cool\bin\Debug\Resources\Audio
        DefaultDocumentPath: D:\SombilerDesigner\Data-Cool-master\Data-Cool\bin\Debug\Resources\Document
        DefaultUploadPath: D:\SombilerDesigner\Data-Cool-master\Data-Cool\bin\Debug\Resources\Upload
        DefaultMediaPath: D:\SombilerDesigner\Data-Cool-master\Data-Cool\bin\Debug\Resources\Media
        DefaultWebPath: D:\SombilerDesigner\Data-Cool-master\Data-Cool\bin\Debug\Resources\Web
 
2021/08/23 14:55:25 [Server-1] Started 
2021/08/23 14:55:25 [AutoSet-7] Start 
2021/08/23 14:55:26 [TcpAccept-3] 192.168.1.2:34328 
2021/08/23 14:55:50 [Server-1] Stoping 
2021/08/23 14:55:50 [861951044423780-1] Stop-StopServer-True-- 
2021/08/23 14:55:50 [TcpAccept-EX-10] 无法访问已释放的对象。
对象名:“System.Net.Sockets.Socket”。 
2021/08/23 14:55:51 [Server-1] Stoped 
2021/08/23 14:55:51 [AutoSet-7] Stop 
2021/08/23 14:56:27 [Server-1] Starting 
2021/08/23 14:56:27 [Initial-1] Version: 631.16249, HttpServerPort: 2324, TcpServerPort: 2323, DeveloperTrace: Single, DebugMode: True, TracePrint: True, ClientTrace: False, EnableStackView: True, SessionTimeOut: 1800, NetworkTimeOut: 30, MirrorPatternMaxVerifyTimes: 3, FormStackMaxCount: 10, RelativeScreen: True, TextFontScaling: True, ResourceDenyLocation: , SysTrace: False
        BasePath: D:\SombilerDesigner\Data-Cool-master\Data-Cool\bin\Debug
        DefaultImagePath: D:\SombilerDesigner\Data-Cool-master\Data-Cool\bin\Debug\Resources\Image
        DefaultAudioPath: D:\SombilerDesigner\Data-Cool-master\Data-Cool\bin\Debug\Resources\Audio
        DefaultDocumentPath: D:\SombilerDesigner\Data-Cool-master\Data-Cool\bin\Debug\Resources\Document
        DefaultUploadPath: D:\SombilerDesigner\Data-Cool-master\Data-Cool\bin\Debug\Resources\Upload
        DefaultMediaPath: D:\SombilerDesigner\Data-Cool-master\Data-Cool\bin\Debug\Resources\Media
        DefaultWebPath: D:\SombilerDesigner\Data-Cool-master\Data-Cool\bin\Debug\Resources\Web
 
2021/08/23 14:56:27 [Server-1] Started 
2021/08/23 14:56:27 [AutoSet-7] Start 
2021/08/23 14:56:28 [TcpAccept-3] 192.168.1.2:34362 
2021/08/23 14:56:42 [Server-1] Stoping 
2021/08/23 14:56:42 [861951044423780-1] Stop-StopServer-True-- 
2021/08/23 14:56:42 [TcpAccept-EX-14] 无法访问已释放的对象。
对象名:“System.Net.Sockets.Socket”。 
2021/08/23 14:56:43 [Server-1] Stoped 
2021/08/23 14:56:43 [AutoSet-7] Stop 
2021/08/23 22:23:58 [Server-1] Starting 
2021/08/23 22:23:58 [Initial-1] Version: 631.16249, HttpServerPort: 2324, TcpServerPort: 2323, DeveloperTrace: Single, DebugMode: True, TracePrint: True, ClientTrace: False, EnableStackView: True, SessionTimeOut: 1800, NetworkTimeOut: 30, MirrorPatternMaxVerifyTimes: 3, FormStackMaxCount: 10, RelativeScreen: True, TextFontScaling: True, ResourceDenyLocation: , SysTrace: False
        BasePath: C:\Users\Patrick\Desktop\数据库课设\Data-Cool\bin\Debug
        DefaultImagePath: C:\Users\Patrick\Desktop\数据库课设\Data-Cool\bin\Debug\Resources\Image
        DefaultAudioPath: C:\Users\Patrick\Desktop\数据库课设\Data-Cool\bin\Debug\Resources\Audio
        DefaultDocumentPath: C:\Users\Patrick\Desktop\数据库课设\Data-Cool\bin\Debug\Resources\Document
        DefaultUploadPath: C:\Users\Patrick\Desktop\数据库课设\Data-Cool\bin\Debug\Resources\Upload
        DefaultMediaPath: C:\Users\Patrick\Desktop\数据库课设\Data-Cool\bin\Debug\Resources\Media
        DefaultWebPath: C:\Users\Patrick\Desktop\数据库课设\Data-Cool\bin\Debug\Resources\Web
 
2021/08/23 22:23:59 [AutoSet-7] Start 
2021/08/23 22:23:59 [TcpAccept-3] 192.168.0.101:37096 
2021/08/23 22:24:45 [Server-1] Stoping 
2021/08/23 22:24:45 [TcpAccept-EX-11] 无法访问已释放的对象。
对象名:“System.Net.Sockets.Socket”。 
2021/08/23 22:24:45 [d2e6c8f2c05b35a8910177da99e962f2-1] Stop-StopServer-True-- 
2021/08/23 22:24:46 [Server-1] Stoped 
2021/08/23 22:24:46 [AutoSet-7] Stop 
2021/08/23 22:43:58 [Server-1] Starting 
2021/08/23 22:43:58 [Initial-1] Version: 631.16249, HttpServerPort: 2324, TcpServerPort: 2323, DeveloperTrace: Single, DebugMode: True, TracePrint: True, ClientTrace: False, EnableStackView: True, SessionTimeOut: 1800, NetworkTimeOut: 30, MirrorPatternMaxVerifyTimes: 3, FormStackMaxCount: 10, RelativeScreen: True, TextFontScaling: True, ResourceDenyLocation: , SysTrace: False
        BasePath: C:\Users\Patrick\Desktop\数据库课设\Data-Cool\bin\Debug
        DefaultImagePath: C:\Users\Patrick\Desktop\数据库课设\Data-Cool\bin\Debug\Resources\Image
        DefaultAudioPath: C:\Users\Patrick\Desktop\数据库课设\Data-Cool\bin\Debug\Resources\Audio
        DefaultDocumentPath: C:\Users\Patrick\Desktop\数据库课设\Data-Cool\bin\Debug\Resources\Document
        DefaultUploadPath: C:\Users\Patrick\Desktop\数据库课设\Data-Cool\bin\Debug\Resources\Upload
        DefaultMediaPath: C:\Users\Patrick\Desktop\数据库课设\Data-Cool\bin\Debug\Resources\Media
        DefaultWebPath: C:\Users\Patrick\Desktop\数据库课设\Data-Cool\bin\Debug\Resources\Web
 
2021/08/23 22:43:58 [Server-1] Started 
2021/08/23 22:43:58 [AutoSet-7] Start 
2021/08/23 22:44:05 [TcpAccept-3] 192.168.0.101:37372 
2021/08/23 22:44:05 [d2e6c8f2c05b35a8910177da99e962f2-192.168.0.101-10] {"deviceOS":"Android","deviceOSVersion":"10","deviceModel":"PCT-AL10","screenSize":{"width":1080,"height":2208},"density":3.0,"version":"4.9.0","coreVersion":"4.9.0","autoBuild":false,"isCompany":true,"extraInfo":{"package_name":"com.smobiler.app","display_name":"Smobiler","plugin_msg":null,"lowMemory":false,"languages":["zh-Hans-CN"]}} 
2021/08/23 22:44:42 [Server-1] Stoping 
2021/08/23 22:44:42 [d2e6c8f2c05b35a8910177da99e962f2-1] Stop-StopServer-True-- 
2021/08/23 22:44:42 [TcpAccept-EX-3] 无法访问已释放的对象。
对象名:“System.Net.Sockets.Socket”。 
2021/08/23 22:44:43 [Server-1] Stoped 
2021/08/23 22:44:43 [AutoSet-7] Stop 
2021/08/23 22:50:56 [Server-1] Starting 
2021/08/23 22:50:56 [Initial-1] Version: 631.16249, HttpServerPort: 2324, TcpServerPort: 2323, DeveloperTrace: Single, DebugMode: True, TracePrint: True, ClientTrace: False, EnableStackView: True, SessionTimeOut: 1800, NetworkTimeOut: 30, MirrorPatternMaxVerifyTimes: 3, FormStackMaxCount: 10, RelativeScreen: True, TextFontScaling: True, ResourceDenyLocation: , SysTrace: False
        BasePath: C:\Users\Patrick\Desktop\数据库课设\Data-Cool\bin\Debug
        DefaultImagePath: C:\Users\Patrick\Desktop\数据库课设\Data-Cool\bin\Debug\Resources\Image
        DefaultAudioPath: C:\Users\Patrick\Desktop\数据库课设\Data-Cool\bin\Debug\Resources\Audio
        DefaultDocumentPath: C:\Users\Patrick\Desktop\数据库课设\Data-Cool\bin\Debug\Resources\Document
        DefaultUploadPath: C:\Users\Patrick\Desktop\数据库课设\Data-Cool\bin\Debug\Resources\Upload
        DefaultMediaPath: C:\Users\Patrick\Desktop\数据库课设\Data-Cool\bin\Debug\Resources\Media
        DefaultWebPath: C:\Users\Patrick\Desktop\数据库课设\Data-Cool\bin\Debug\Resources\Web
 
2021/08/23 22:50:56 [Server-1] Started 
2021/08/23 22:50:56 [AutoSet-7] Start 
2021/08/23 22:50:56 [TcpAccept-3] 192.168.0.101:37464 
2021/08/23 22:51:27 [Server-1] Stoping 
2021/08/23 22:51:27 [TcpAccept-EX-3] 无法访问已释放的对象。
对象名:“System.Net.Sockets.Socket”。 
2021/08/23 22:51:27 [d2e6c8f2c05b35a8910177da99e962f2-1] Stop-StopServer-True-- 
2021/08/23 22:51:28 [Server-1] Stoped 
2021/08/23 22:51:28 [AutoSet-7] Stop 
2021/08/23 22:55:55 [Server-1] Starting 
2021/08/23 22:55:55 [Initial-1] Version: 631.16249, HttpServerPort: 2324, TcpServerPort: 2323, DeveloperTrace: Single, DebugMode: True, TracePrint: True, ClientTrace: False, EnableStackView: True, SessionTimeOut: 1800, NetworkTimeOut: 30, MirrorPatternMaxVerifyTimes: 3, FormStackMaxCount: 10, RelativeScreen: True, TextFontScaling: True, ResourceDenyLocation: , SysTrace: False
        BasePath: C:\Users\Patrick\Desktop\数据库课设\Data-Cool\bin\Debug
        DefaultImagePath: C:\Users\Patrick\Desktop\数据库课设\Data-Cool\bin\Debug\Resources\Image
        DefaultAudioPath: C:\Users\Patrick\Desktop\数据库课设\Data-Cool\bin\Debug\Resources\Audio
        DefaultDocumentPath: C:\Users\Patrick\Desktop\数据库课设\Data-Cool\bin\Debug\Resources\Document
        DefaultUploadPath: C:\Users\Patrick\Desktop\数据库课设\Data-Cool\bin\Debug\Resources\Upload
        DefaultMediaPath: C:\Users\Patrick\Desktop\数据库课设\Data-Cool\bin\Debug\Resources\Media
        DefaultWebPath: C:\Users\Patrick\Desktop\数据库课设\Data-Cool\bin\Debug\Resources\Web
 
2021/08/23 22:55:55 [Server-1] Started 
2021/08/23 22:55:55 [AutoSet-7] Start 
2021/08/23 22:56:00 [TcpAccept-3] 192.168.0.101:37614 
2021/08/23 22:56:38 [Server-1] Stoping 
2021/08/23 22:56:38 [d2e6c8f2c05b35a8910177da99e962f2-1] Stop-StopServer-True-- 
2021/08/23 22:56:38 [TcpAccept-EX-12] 无法访问已释放的对象。
对象名:“System.Net.Sockets.Socket”。 
2021/08/23 22:56:39 [Server-1] Stoped 
2021/08/23 22:56:39 [AutoSet-7] Stop 
