2021/08/16 14:14:55 [Server-1] Starting 
2021/08/16 14:14:55 [Initial-1] Version: 631.16249, HttpServerPort: 2324, TcpServerPort: 2323, DeveloperTrace: Single, DebugMode: True, TracePrint: True, ClientTrace: False, EnableStackView: True, SessionTimeOut: 1800, NetworkTimeOut: 30, MirrorPatternMaxVerifyTimes: 3, FormStackMaxCount: 10, RelativeScreen: True, TextFontScaling: True, ResourceDenyLocation: , SysTrace: False
        BasePath: D:\SombilerDesigner\Data-Cool-master\Data-Cool\bin\Debug
        DefaultImagePath: D:\SombilerDesigner\Data-Cool-master\Data-Cool\bin\Debug\Resources\Image
        DefaultAudioPath: D:\SombilerDesigner\Data-Cool-master\Data-Cool\bin\Debug\Resources\Audio
        DefaultDocumentPath: D:\SombilerDesigner\Data-Cool-master\Data-Cool\bin\Debug\Resources\Document
        DefaultUploadPath: D:\SombilerDesigner\Data-Cool-master\Data-Cool\bin\Debug\Resources\Upload
        DefaultMediaPath: D:\SombilerDesigner\Data-Cool-master\Data-Cool\bin\Debug\Resources\Media
        DefaultWebPath: D:\SombilerDesigner\Data-Cool-master\Data-Cool\bin\Debug\Resources\Web
 
2021/08/16 14:14:55 [Server-1] Started 
2021/08/16 14:14:55 [AutoSet-7] Start 
2021/08/16 14:15:06 [TcpAccept-3] 192.168.1.2:38654 
2021/08/16 14:15:06 [861951044423780-192.168.1.2-10] {"deviceOS":"Android","deviceOSVersion":"9","deviceModel":"INE-AL00","screenSize":{"width":1080,"height":2128},"density":3.0,"version":"6.3.1","coreVersion":"6.3.1","autoBuild":false,"isCompany":true,"extraInfo":{"package_name":"com.smobiler.app","display_name":"Smobiler","plugin_msg":null,"lowMemory":false,"languages":["zh-Hans-CN"]}} 
2021/08/16 14:15:13 [Server-1] Stoping 
2021/08/16 14:15:13 [861951044423780-1] Stop-StopServer-True-- 
2021/08/16 14:15:13 [TcpAccept-EX-12] 无法访问已释放的对象。
对象名:“System.Net.Sockets.Socket”。 
2021/08/16 14:15:14 [Server-1] Stoped 
2021/08/16 14:15:14 [AutoSet-7] Stop 
2021/08/16 14:20:09 [Server-1] Starting 
2021/08/16 14:20:09 [Initial-1] Version: 631.16249, HttpServerPort: 2324, TcpServerPort: 2323, DeveloperTrace: Single, DebugMode: True, TracePrint: True, ClientTrace: False, EnableStackView: True, SessionTimeOut: 1800, NetworkTimeOut: 30, MirrorPatternMaxVerifyTimes: 3, FormStackMaxCount: 10, RelativeScreen: True, TextFontScaling: True, ResourceDenyLocation: , SysTrace: False
        BasePath: D:\SombilerDesigner\Data-Cool-master\Data-Cool\bin\Debug
        DefaultImagePath: D:\SombilerDesigner\Data-Cool-master\Data-Cool\bin\Debug\Resources\Image
        DefaultAudioPath: D:\SombilerDesigner\Data-Cool-master\Data-Cool\bin\Debug\Resources\Audio
        DefaultDocumentPath: D:\SombilerDesigner\Data-Cool-master\Data-Cool\bin\Debug\Resources\Document
        DefaultUploadPath: D:\SombilerDesigner\Data-Cool-master\Data-Cool\bin\Debug\Resources\Upload
        DefaultMediaPath: D:\SombilerDesigner\Data-Cool-master\Data-Cool\bin\Debug\Resources\Media
        DefaultWebPath: D:\SombilerDesigner\Data-Cool-master\Data-Cool\bin\Debug\Resources\Web
 
2021/08/16 14:20:09 [Server-1] Started 
2021/08/16 14:20:09 [AutoSet-7] Start 
2021/08/16 14:20:11 [TcpAccept-3] 192.168.1.2:38752 
2021/08/16 14:20:16 [Server-1] Stoping 
2021/08/16 14:20:16 [861951044423780-1] Stop-StopServer-True-- 
2021/08/16 14:20:16 [TcpAccept-EX-10] 无法访问已释放的对象。
对象名:“System.Net.Sockets.Socket”。 
2021/08/16 14:20:17 [Server-1] Stoped 
2021/08/16 14:20:17 [AutoSet-7] Stop 
2021/08/16 14:20:38 [Server-1] Starting 
2021/08/16 14:20:38 [Initial-1] Version: 631.16249, HttpServerPort: 2324, TcpServerPort: 2323, DeveloperTrace: Single, DebugMode: True, TracePrint: True, ClientTrace: False, EnableStackView: True, SessionTimeOut: 1800, NetworkTimeOut: 30, MirrorPatternMaxVerifyTimes: 3, FormStackMaxCount: 10, RelativeScreen: True, TextFontScaling: True, ResourceDenyLocation: , SysTrace: False
        BasePath: D:\SombilerDesigner\Data-Cool-master\Data-Cool\bin\Debug
        DefaultImagePath: D:\SombilerDesigner\Data-Cool-master\Data-Cool\bin\Debug\Resources\Image
        DefaultAudioPath: D:\SombilerDesigner\Data-Cool-master\Data-Cool\bin\Debug\Resources\Audio
        DefaultDocumentPath: D:\SombilerDesigner\Data-Cool-master\Data-Cool\bin\Debug\Resources\Document
        DefaultUploadPath: D:\SombilerDesigner\Data-Cool-master\Data-Cool\bin\Debug\Resources\Upload
        DefaultMediaPath: D:\SombilerDesigner\Data-Cool-master\Data-Cool\bin\Debug\Resources\Media
        DefaultWebPath: D:\SombilerDesigner\Data-Cool-master\Data-Cool\bin\Debug\Resources\Web
 
2021/08/16 14:20:38 [Server-1] Started 
2021/08/16 14:20:38 [AutoSet-7] Start 
2021/08/16 14:20:39 [TcpAccept-3] 192.168.1.2:38778 
2021/08/16 14:20:48 [Server-1] Stoping 
2021/08/16 14:20:48 [861951044423780-1] Stop-StopServer-True-- 
2021/08/16 14:20:48 [TcpAccept-EX-3] 无法访问已释放的对象。
对象名:“System.Net.Sockets.Socket”。 
2021/08/16 14:20:49 [Server-1] Stoped 
2021/08/16 14:20:49 [AutoSet-7] Stop 
2021/08/16 14:21:07 [Server-1] Starting 
2021/08/16 14:21:07 [Initial-1] Version: 631.16249, HttpServerPort: 2324, TcpServerPort: 2323, DeveloperTrace: Single, DebugMode: True, TracePrint: True, ClientTrace: False, EnableStackView: True, SessionTimeOut: 1800, NetworkTimeOut: 30, MirrorPatternMaxVerifyTimes: 3, FormStackMaxCount: 10, RelativeScreen: True, TextFontScaling: True, ResourceDenyLocation: , SysTrace: False
        BasePath: D:\SombilerDesigner\Data-Cool-master\Data-Cool\bin\Debug
        DefaultImagePath: D:\SombilerDesigner\Data-Cool-master\Data-Cool\bin\Debug\Resources\Image
        DefaultAudioPath: D:\SombilerDesigner\Data-Cool-master\Data-Cool\bin\Debug\Resources\Audio
        DefaultDocumentPath: D:\SombilerDesigner\Data-Cool-master\Data-Cool\bin\Debug\Resources\Document
        DefaultUploadPath: D:\SombilerDesigner\Data-Cool-master\Data-Cool\bin\Debug\Resources\Upload
        DefaultMediaPath: D:\SombilerDesigner\Data-Cool-master\Data-Cool\bin\Debug\Resources\Media
        DefaultWebPath: D:\SombilerDesigner\Data-Cool-master\Data-Cool\bin\Debug\Resources\Web
 
2021/08/16 14:21:07 [Server-1] Started 
2021/08/16 14:21:07 [AutoSet-7] Start 
2021/08/16 14:21:09 [Server-1] Stoping 
2021/08/16 14:21:09 [TcpAccept-EX-8] 无法访问已释放的对象。
对象名:“System.Net.Sockets.Socket”。 
2021/08/16 14:21:10 [Server-1] Stoped 
2021/08/16 14:21:10 [AutoSet-7] Stop 
2021/08/16 14:24:24 [Server-1] Starting 
2021/08/16 14:24:24 [Initial-1] Version: 631.16249, HttpServerPort: 2324, TcpServerPort: 2323, DeveloperTrace: Single, DebugMode: True, TracePrint: True, ClientTrace: False, EnableStackView: True, SessionTimeOut: 1800, NetworkTimeOut: 30, MirrorPatternMaxVerifyTimes: 3, FormStackMaxCount: 10, RelativeScreen: True, TextFontScaling: True, ResourceDenyLocation: , SysTrace: False
        BasePath: D:\SombilerDesigner\Data-Cool-master\Data-Cool\bin\Debug
        DefaultImagePath: D:\SombilerDesigner\Data-Cool-master\Data-Cool\bin\Debug\Resources\Image
        DefaultAudioPath: D:\SombilerDesigner\Data-Cool-master\Data-Cool\bin\Debug\Resources\Audio
        DefaultDocumentPath: D:\SombilerDesigner\Data-Cool-master\Data-Cool\bin\Debug\Resources\Document
        DefaultUploadPath: D:\SombilerDesigner\Data-Cool-master\Data-Cool\bin\Debug\Resources\Upload
        DefaultMediaPath: D:\SombilerDesigner\Data-Cool-master\Data-Cool\bin\Debug\Resources\Media
        DefaultWebPath: D:\SombilerDesigner\Data-Cool-master\Data-Cool\bin\Debug\Resources\Web
 
2021/08/16 14:24:24 [Server-1] Started 
2021/08/16 14:24:24 [AutoSet-7] Start 
2021/08/16 14:24:26 [TcpAccept-3] 192.168.1.2:56958 
2021/08/16 14:26:10 [TcpAccept-12] 192.168.1.2:57172 
2021/08/16 14:26:19 [Server-1] Stoping 
2021/08/16 14:26:19 [861951044423780-1] Stop-StopServer-True-- 
2021/08/16 14:26:19 [TcpAccept-EX-12] 无法访问已释放的对象。
对象名:“System.Net.Sockets.Socket”。 
2021/08/16 14:26:20 [Server-1] Stoped 
2021/08/16 14:26:20 [AutoSet-7] Stop 
2021/08/16 14:26:39 [Server-1] Starting 
2021/08/16 14:26:39 [Initial-1] Version: 631.16249, HttpServerPort: 2324, TcpServerPort: 2323, DeveloperTrace: Single, DebugMode: True, TracePrint: True, ClientTrace: False, EnableStackView: True, SessionTimeOut: 1800, NetworkTimeOut: 30, MirrorPatternMaxVerifyTimes: 3, FormStackMaxCount: 10, RelativeScreen: True, TextFontScaling: True, ResourceDenyLocation: , SysTrace: False
        BasePath: D:\SombilerDesigner\Data-Cool-master\Data-Cool\bin\Debug
        DefaultImagePath: D:\SombilerDesigner\Data-Cool-master\Data-Cool\bin\Debug\Resources\Image
        DefaultAudioPath: D:\SombilerDesigner\Data-Cool-master\Data-Cool\bin\Debug\Resources\Audio
        DefaultDocumentPath: D:\SombilerDesigner\Data-Cool-master\Data-Cool\bin\Debug\Resources\Document
        DefaultUploadPath: D:\SombilerDesigner\Data-Cool-master\Data-Cool\bin\Debug\Resources\Upload
        DefaultMediaPath: D:\SombilerDesigner\Data-Cool-master\Data-Cool\bin\Debug\Resources\Media
        DefaultWebPath: D:\SombilerDesigner\Data-Cool-master\Data-Cool\bin\Debug\Resources\Web
 
2021/08/16 14:26:39 [Server-1] Started 
2021/08/16 14:26:39 [AutoSet-7] Start 
2021/08/16 14:26:39 [TcpAccept-3] 192.168.1.2:57180 
2021/08/16 14:28:04 [Server-1] Stoping 
2021/08/16 14:28:04 [861951044423780-1] Stop-StopServer-True-- 
2021/08/16 14:28:04 [TcpAccept-EX-14] 无法访问已释放的对象。
对象名:“System.Net.Sockets.Socket”。 
2021/08/16 14:28:06 [Server-1] Stoped 
2021/08/16 14:28:06 [AutoSet-7] Stop 
2021/08/16 14:29:32 [Server-1] Starting 
2021/08/16 14:29:33 [Initial-1] Version: 631.16249, HttpServerPort: 2324, TcpServerPort: 2323, DeveloperTrace: Single, DebugMode: True, TracePrint: True, ClientTrace: False, EnableStackView: True, SessionTimeOut: 1800, NetworkTimeOut: 30, MirrorPatternMaxVerifyTimes: 3, FormStackMaxCount: 10, RelativeScreen: True, TextFontScaling: True, ResourceDenyLocation: , SysTrace: False
        BasePath: D:\SombilerDesigner\Data-Cool-master\Data-Cool\bin\Debug
        DefaultImagePath: D:\SombilerDesigner\Data-Cool-master\Data-Cool\bin\Debug\Resources\Image
        DefaultAudioPath: D:\SombilerDesigner\Data-Cool-master\Data-Cool\bin\Debug\Resources\Audio
        DefaultDocumentPath: D:\SombilerDesigner\Data-Cool-master\Data-Cool\bin\Debug\Resources\Document
        DefaultUploadPath: D:\SombilerDesigner\Data-Cool-master\Data-Cool\bin\Debug\Resources\Upload
        DefaultMediaPath: D:\SombilerDesigner\Data-Cool-master\Data-Cool\bin\Debug\Resources\Media
        DefaultWebPath: D:\SombilerDesigner\Data-Cool-master\Data-Cool\bin\Debug\Resources\Web
 
2021/08/16 14:29:33 [Server-1] Started 
2021/08/16 14:29:33 [AutoSet-7] Start 
2021/08/16 14:29:35 [TcpAccept-3] 192.168.1.2:57220 
2021/08/16 14:29:35 [861951044423780-192.168.1.2-10] {"deviceOS":"Android","deviceOSVersion":"9","deviceModel":"INE-AL00","screenSize":{"width":1080,"height":2128},"density":3.0,"version":"6.3.1","coreVersion":"6.3.1","autoBuild":false,"isCompany":true,"extraInfo":{"package_name":"com.smobiler.app","display_name":"Smobiler","plugin_msg":null,"lowMemory":false,"languages":["zh-Hans-CN"]}} 
2021/08/16 14:30:26 [Server-1] Stoping 
2021/08/16 14:30:26 [861951044423780-1] Stop-StopServer-True-- 
2021/08/16 14:30:26 [TcpAccept-EX-15] 无法访问已释放的对象。
对象名:“System.Net.Sockets.Socket”。 
2021/08/16 14:30:28 [Server-1] Stoped 
2021/08/16 14:30:28 [AutoSet-7] Stop 
2021/08/16 17:41:42 [Server-1] Starting 
2021/08/16 17:41:42 [Initial-1] Version: 631.16249, HttpServerPort: 2324, TcpServerPort: 2323, DeveloperTrace: Single, DebugMode: True, TracePrint: True, ClientTrace: False, EnableStackView: True, SessionTimeOut: 1800, NetworkTimeOut: 30, MirrorPatternMaxVerifyTimes: 3, FormStackMaxCount: 10, RelativeScreen: True, TextFontScaling: True, ResourceDenyLocation: , SysTrace: False
        BasePath: D:\github\XYZ\Data-Cool\bin\Debug
        DefaultImagePath: D:\github\XYZ\Data-Cool\bin\Debug\Resources\Image
        DefaultAudioPath: D:\github\XYZ\Data-Cool\bin\Debug\Resources\Audio
        DefaultDocumentPath: D:\github\XYZ\Data-Cool\bin\Debug\Resources\Document
        DefaultUploadPath: D:\github\XYZ\Data-Cool\bin\Debug\Resources\Upload
        DefaultMediaPath: D:\github\XYZ\Data-Cool\bin\Debug\Resources\Media
        DefaultWebPath: D:\github\XYZ\Data-Cool\bin\Debug\Resources\Web
 
2021/08/16 17:41:43 [Server-1] Started 
2021/08/16 17:41:43 [AutoSet-7] Start 
2021/08/16 17:41:51 [TcpAccept-3] 192.168.10.8:47386 
2021/08/16 17:41:51 [7704675e037b349e95175d2cb63d7871-192.168.10.8-10] {"deviceOS":"Android","deviceOSVersion":"10","deviceModel":"ELE-AL00","screenSize":{"width":1080,"height":2265},"density":3.0,"version":"6.3.1","coreVersion":"6.3.1","autoBuild":false,"isCompany":true,"extraInfo":{"package_name":"com.smobiler.app","display_name":"Smobiler","plugin_msg":null,"lowMemory":false,"languages":["zh-Hans-CN"]}} 
2021/08/16 17:48:41 [Server-1] Starting 
2021/08/16 17:48:41 [Initial-1] Version: 631.16249, HttpServerPort: 2324, TcpServerPort: 2323, DeveloperTrace: Single, DebugMode: True, TracePrint: True, ClientTrace: False, EnableStackView: True, SessionTimeOut: 1800, NetworkTimeOut: 30, MirrorPatternMaxVerifyTimes: 3, FormStackMaxCount: 10, RelativeScreen: True, TextFontScaling: True, ResourceDenyLocation: , SysTrace: False
        BasePath: D:\github\XYZ\Data-Cool\bin\Debug
        DefaultImagePath: D:\github\XYZ\Data-Cool\bin\Debug\Resources\Image
        DefaultAudioPath: D:\github\XYZ\Data-Cool\bin\Debug\Resources\Audio
        DefaultDocumentPath: D:\github\XYZ\Data-Cool\bin\Debug\Resources\Document
        DefaultUploadPath: D:\github\XYZ\Data-Cool\bin\Debug\Resources\Upload
        DefaultMediaPath: D:\github\XYZ\Data-Cool\bin\Debug\Resources\Media
        DefaultWebPath: D:\github\XYZ\Data-Cool\bin\Debug\Resources\Web
 
2021/08/16 17:48:41 [Server-1] Started 
2021/08/16 17:48:41 [AutoSet-7] Start 
2021/08/16 17:49:29 [TcpAccept-3] 192.168.10.8:48328 
2021/08/16 17:55:14 [Server-1] Starting 
2021/08/16 17:55:14 [Initial-1] Version: 631.16249, HttpServerPort: 2324, TcpServerPort: 2323, DeveloperTrace: Single, DebugMode: True, TracePrint: True, ClientTrace: False, EnableStackView: True, SessionTimeOut: 1800, NetworkTimeOut: 30, MirrorPatternMaxVerifyTimes: 3, FormStackMaxCount: 10, RelativeScreen: True, TextFontScaling: True, ResourceDenyLocation: , SysTrace: False
        BasePath: D:\github\XYZ\Data-Cool\bin\Debug
        DefaultImagePath: D:\github\XYZ\Data-Cool\bin\Debug\Resources\Image
        DefaultAudioPath: D:\github\XYZ\Data-Cool\bin\Debug\Resources\Audio
        DefaultDocumentPath: D:\github\XYZ\Data-Cool\bin\Debug\Resources\Document
        DefaultUploadPath: D:\github\XYZ\Data-Cool\bin\Debug\Resources\Upload
        DefaultMediaPath: D:\github\XYZ\Data-Cool\bin\Debug\Resources\Media
        DefaultWebPath: D:\github\XYZ\Data-Cool\bin\Debug\Resources\Web
 
2021/08/16 17:55:14 [Server-1] Started 
2021/08/16 17:55:16 [TcpAccept-3] 192.168.10.8:48380 
2021/08/16 17:58:00 [Server-1] Starting 
2021/08/16 17:58:00 [Initial-1] Version: 631.16249, HttpServerPort: 2324, TcpServerPort: 2323, DeveloperTrace: Single, DebugMode: True, TracePrint: True, ClientTrace: False, EnableStackView: True, SessionTimeOut: 1800, NetworkTimeOut: 30, MirrorPatternMaxVerifyTimes: 3, FormStackMaxCount: 10, RelativeScreen: True, TextFontScaling: True, ResourceDenyLocation: , SysTrace: False
        BasePath: D:\github\XYZ\Data-Cool\bin\Debug
        DefaultImagePath: D:\github\XYZ\Data-Cool\bin\Debug\Resources\Image
        DefaultAudioPath: D:\github\XYZ\Data-Cool\bin\Debug\Resources\Audio
        DefaultDocumentPath: D:\github\XYZ\Data-Cool\bin\Debug\Resources\Document
        DefaultUploadPath: D:\github\XYZ\Data-Cool\bin\Debug\Resources\Upload
        DefaultMediaPath: D:\github\XYZ\Data-Cool\bin\Debug\Resources\Media
        DefaultWebPath: D:\github\XYZ\Data-Cool\bin\Debug\Resources\Web
 
2021/08/16 17:58:00 [Server-1] Started 
2021/08/16 17:58:03 [TcpAccept-3] 192.168.10.8:48432 
2021/08/16 18:03:38 [Server-1] Starting 
2021/08/16 18:03:39 [Initial-1] Version: 631.16249, HttpServerPort: 2324, TcpServerPort: 2323, DeveloperTrace: Single, DebugMode: True, TracePrint: True, ClientTrace: False, EnableStackView: True, SessionTimeOut: 1800, NetworkTimeOut: 30, MirrorPatternMaxVerifyTimes: 3, FormStackMaxCount: 10, RelativeScreen: True, TextFontScaling: True, ResourceDenyLocation: , SysTrace: False
        BasePath: D:\github\XYZ\Data-Cool\bin\Debug
        DefaultImagePath: D:\github\XYZ\Data-Cool\bin\Debug\Resources\Image
        DefaultAudioPath: D:\github\XYZ\Data-Cool\bin\Debug\Resources\Audio
        DefaultDocumentPath: D:\github\XYZ\Data-Cool\bin\Debug\Resources\Document
        DefaultUploadPath: D:\github\XYZ\Data-Cool\bin\Debug\Resources\Upload
        DefaultMediaPath: D:\github\XYZ\Data-Cool\bin\Debug\Resources\Media
        DefaultWebPath: D:\github\XYZ\Data-Cool\bin\Debug\Resources\Web
 
2021/08/16 18:03:39 [Server-1] Started 
2021/08/16 18:03:39 [AutoSet-7] Start 
2021/08/16 18:03:41 [TcpAccept-3] 192.168.10.8:48500 
2021/08/16 18:07:03 [Server-1] Starting 
2021/08/16 18:07:03 [Initial-1] Version: 631.16249, HttpServerPort: 2324, TcpServerPort: 2323, DeveloperTrace: Single, DebugMode: True, TracePrint: True, ClientTrace: False, EnableStackView: True, SessionTimeOut: 1800, NetworkTimeOut: 30, MirrorPatternMaxVerifyTimes: 3, FormStackMaxCount: 10, RelativeScreen: True, TextFontScaling: True, ResourceDenyLocation: , SysTrace: False
        BasePath: D:\github\XYZ\Data-Cool\bin\Debug
        DefaultImagePath: D:\github\XYZ\Data-Cool\bin\Debug\Resources\Image
        DefaultAudioPath: D:\github\XYZ\Data-Cool\bin\Debug\Resources\Audio
        DefaultDocumentPath: D:\github\XYZ\Data-Cool\bin\Debug\Resources\Document
        DefaultUploadPath: D:\github\XYZ\Data-Cool\bin\Debug\Resources\Upload
        DefaultMediaPath: D:\github\XYZ\Data-Cool\bin\Debug\Resources\Media
        DefaultWebPath: D:\github\XYZ\Data-Cool\bin\Debug\Resources\Web
 
2021/08/16 18:07:03 [Server-1] Started 
2021/08/16 18:07:03 [AutoSet-7] Start 
2021/08/16 18:07:10 [TcpAccept-3] 192.168.10.8:48548 
2021/08/16 18:07:35 [Server-1] Stoping 
2021/08/16 18:07:35 [TcpAccept-EX-3] 无法访问已释放的对象。
对象名:“System.Net.Sockets.Socket”。 
2021/08/16 18:07:36 [Server-1] Stoped 
2021/08/16 18:07:36 [AutoSet-7] Stop 
2021/08/16 18:09:22 [Server-1] Starting 
2021/08/16 18:09:22 [Initial-1] Version: 631.16249, HttpServerPort: 2324, TcpServerPort: 2323, DeveloperTrace: Single, DebugMode: True, TracePrint: True, ClientTrace: False, EnableStackView: True, SessionTimeOut: 1800, NetworkTimeOut: 30, MirrorPatternMaxVerifyTimes: 3, FormStackMaxCount: 10, RelativeScreen: True, TextFontScaling: True, ResourceDenyLocation: , SysTrace: False
        BasePath: D:\github\XYZ\Data-Cool\bin\Debug
        DefaultImagePath: D:\github\XYZ\Data-Cool\bin\Debug\Resources\Image
        DefaultAudioPath: D:\github\XYZ\Data-Cool\bin\Debug\Resources\Audio
        DefaultDocumentPath: D:\github\XYZ\Data-Cool\bin\Debug\Resources\Document
        DefaultUploadPath: D:\github\XYZ\Data-Cool\bin\Debug\Resources\Upload
        DefaultMediaPath: D:\github\XYZ\Data-Cool\bin\Debug\Resources\Media
        DefaultWebPath: D:\github\XYZ\Data-Cool\bin\Debug\Resources\Web
 
2021/08/16 18:09:22 [Server-1] Started 
2021/08/16 18:09:23 [TcpAccept-3] 192.168.10.8:48610 
2021/08/16 18:10:02 [Server-1] Stoping 
2021/08/16 18:10:02 [TcpAccept-EX-3] 无法访问已释放的对象。
对象名:“System.Net.Sockets.Socket”。 
2021/08/16 18:10:02 [7704675e037b349e95175d2cb63d7871-1] Stop-StopServer-True-- 
2021/08/16 18:10:03 [Server-1] Stoped 
2021/08/16 18:10:03 [AutoSet-7] Stop 
2021/08/16 18:11:26 [Server-1] Starting 
2021/08/16 18:11:26 [Initial-1] Version: 631.16249, HttpServerPort: 2324, TcpServerPort: 2323, DeveloperTrace: Single, DebugMode: True, TracePrint: True, ClientTrace: False, EnableStackView: True, SessionTimeOut: 1800, NetworkTimeOut: 30, MirrorPatternMaxVerifyTimes: 3, FormStackMaxCount: 10, RelativeScreen: True, TextFontScaling: True, ResourceDenyLocation: , SysTrace: False
        BasePath: D:\github\XYZ\Data-Cool\bin\Debug
        DefaultImagePath: D:\github\XYZ\Data-Cool\bin\Debug\Resources\Image
        DefaultAudioPath: D:\github\XYZ\Data-Cool\bin\Debug\Resources\Audio
        DefaultDocumentPath: D:\github\XYZ\Data-Cool\bin\Debug\Resources\Document
        DefaultUploadPath: D:\github\XYZ\Data-Cool\bin\Debug\Resources\Upload
        DefaultMediaPath: D:\github\XYZ\Data-Cool\bin\Debug\Resources\Media
        DefaultWebPath: D:\github\XYZ\Data-Cool\bin\Debug\Resources\Web
 
2021/08/16 18:11:26 [Server-1] Started 
2021/08/16 18:11:26 [AutoSet-7] Start 
2021/08/16 18:11:35 [TcpAccept-3] 192.168.10.8:49140 
2021/08/16 18:15:05 [Server-1] Starting 
2021/08/16 18:15:05 [Initial-1] Version: 631.16249, HttpServerPort: 2324, TcpServerPort: 2323, DeveloperTrace: Single, DebugMode: True, TracePrint: True, ClientTrace: False, EnableStackView: True, SessionTimeOut: 1800, NetworkTimeOut: 30, MirrorPatternMaxVerifyTimes: 3, FormStackMaxCount: 10, RelativeScreen: True, TextFontScaling: True, ResourceDenyLocation: , SysTrace: False
        BasePath: D:\github\XYZ\Data-Cool\bin\Debug
        DefaultImagePath: D:\github\XYZ\Data-Cool\bin\Debug\Resources\Image
        DefaultAudioPath: D:\github\XYZ\Data-Cool\bin\Debug\Resources\Audio
        DefaultDocumentPath: D:\github\XYZ\Data-Cool\bin\Debug\Resources\Document
        DefaultUploadPath: D:\github\XYZ\Data-Cool\bin\Debug\Resources\Upload
        DefaultMediaPath: D:\github\XYZ\Data-Cool\bin\Debug\Resources\Media
        DefaultWebPath: D:\github\XYZ\Data-Cool\bin\Debug\Resources\Web
 
2021/08/16 18:15:05 [Server-1] Started 
2021/08/16 18:15:05 [AutoSet-7] Start 
2021/08/16 18:15:27 [TcpAccept-3] 192.168.10.8:49272 
2021/08/16 18:15:27 [7704675e037b349e95175d2cb63d7871-192.168.10.8-8] {"deviceOS":"Android","deviceOSVersion":"10","deviceModel":"ELE-AL00","screenSize":{"width":1080,"height":2265},"density":3.0,"version":"6.3.1","coreVersion":"6.3.1","autoBuild":false,"isCompany":true,"extraInfo":{"package_name":"com.smobiler.app","display_name":"Smobiler","plugin_msg":null,"lowMemory":false,"languages":["zh-Hans-CN"]}} 
2021/08/16 18:20:23 [Server-1] Starting 
2021/08/16 18:20:23 [Initial-1] Version: 631.16249, HttpServerPort: 2324, TcpServerPort: 2323, DeveloperTrace: Single, DebugMode: True, TracePrint: True, ClientTrace: False, EnableStackView: True, SessionTimeOut: 1800, NetworkTimeOut: 30, MirrorPatternMaxVerifyTimes: 3, FormStackMaxCount: 10, RelativeScreen: True, TextFontScaling: True, ResourceDenyLocation: , SysTrace: False
        BasePath: D:\github\XYZ\Data-Cool\bin\Debug
        DefaultImagePath: D:\github\XYZ\Data-Cool\bin\Debug\Resources\Image
        DefaultAudioPath: D:\github\XYZ\Data-Cool\bin\Debug\Resources\Audio
        DefaultDocumentPath: D:\github\XYZ\Data-Cool\bin\Debug\Resources\Document
        DefaultUploadPath: D:\github\XYZ\Data-Cool\bin\Debug\Resources\Upload
        DefaultMediaPath: D:\github\XYZ\Data-Cool\bin\Debug\Resources\Media
        DefaultWebPath: D:\github\XYZ\Data-Cool\bin\Debug\Resources\Web
 
2021/08/16 18:20:24 [Server-1] Started 
2021/08/16 18:20:26 [TcpAccept-3] 192.168.10.8:49338 
2021/08/16 18:21:35 [Server-1] Starting 
2021/08/16 18:21:36 [Initial-1] Version: 631.16249, HttpServerPort: 2324, TcpServerPort: 2323, DeveloperTrace: Single, DebugMode: True, TracePrint: True, ClientTrace: False, EnableStackView: True, SessionTimeOut: 1800, NetworkTimeOut: 30, MirrorPatternMaxVerifyTimes: 3, FormStackMaxCount: 10, RelativeScreen: True, TextFontScaling: True, ResourceDenyLocation: , SysTrace: False
        BasePath: D:\github\XYZ\Data-Cool\bin\Debug
        DefaultImagePath: D:\github\XYZ\Data-Cool\bin\Debug\Resources\Image
        DefaultAudioPath: D:\github\XYZ\Data-Cool\bin\Debug\Resources\Audio
        DefaultDocumentPath: D:\github\XYZ\Data-Cool\bin\Debug\Resources\Document
        DefaultUploadPath: D:\github\XYZ\Data-Cool\bin\Debug\Resources\Upload
        DefaultMediaPath: D:\github\XYZ\Data-Cool\bin\Debug\Resources\Media
        DefaultWebPath: D:\github\XYZ\Data-Cool\bin\Debug\Resources\Web
 
2021/08/16 18:21:36 [Server-1] Started 
2021/08/16 18:21:36 [AutoSet-7] Start 
2021/08/16 18:21:42 [TcpAccept-3] 192.168.10.8:49358 
2021/08/16 18:22:12 [Server-1] Stoping 
2021/08/16 18:22:12 [TcpAccept-EX-16] 无法访问已释放的对象。
对象名:“System.Net.Sockets.Socket”。 
2021/08/16 18:22:12 [7704675e037b349e95175d2cb63d7871-1] Stop-StopServer-True-- 
2021/08/16 18:22:13 [Server-1] Stoped 
2021/08/16 18:22:13 [AutoSet-7] Stop 
2021/08/16 18:27:02 [Server-1] Starting 
2021/08/16 18:27:02 [Initial-1] Version: 631.16249, HttpServerPort: 2324, TcpServerPort: 2323, DeveloperTrace: Single, DebugMode: True, TracePrint: True, ClientTrace: False, EnableStackView: True, SessionTimeOut: 1800, NetworkTimeOut: 30, MirrorPatternMaxVerifyTimes: 3, FormStackMaxCount: 10, RelativeScreen: True, TextFontScaling: True, ResourceDenyLocation: , SysTrace: False
        BasePath: D:\github\XYZ\Data-Cool\bin\Debug
        DefaultImagePath: D:\github\XYZ\Data-Cool\bin\Debug\Resources\Image
        DefaultAudioPath: D:\github\XYZ\Data-Cool\bin\Debug\Resources\Audio
        DefaultDocumentPath: D:\github\XYZ\Data-Cool\bin\Debug\Resources\Document
        DefaultUploadPath: D:\github\XYZ\Data-Cool\bin\Debug\Resources\Upload
        DefaultMediaPath: D:\github\XYZ\Data-Cool\bin\Debug\Resources\Media
        DefaultWebPath: D:\github\XYZ\Data-Cool\bin\Debug\Resources\Web
 
2021/08/16 18:27:02 [Server-1] Started 
2021/08/16 18:27:02 [AutoSet-7] Start 
2021/08/16 18:27:05 [TcpAccept-3] 192.168.10.8:49820 
2021/08/16 18:28:06 [Server-1] Stoping 
2021/08/16 18:28:06 [TcpAccept-EX-9] 无法访问已释放的对象。
对象名:“System.Net.Sockets.Socket”。 
2021/08/16 18:28:06 [7704675e037b349e95175d2cb63d7871-1] Stop-StopServer-True-- 
2021/08/16 18:28:07 [Server-1] Stoped 
2021/08/16 18:28:07 [AutoSet-7] Stop 
2021/08/16 18:28:19 [Server-1] Starting 
2021/08/16 18:28:19 [Initial-1] Version: 631.16249, HttpServerPort: 2324, TcpServerPort: 2323, DeveloperTrace: Single, DebugMode: True, TracePrint: True, ClientTrace: False, EnableStackView: True, SessionTimeOut: 1800, NetworkTimeOut: 30, MirrorPatternMaxVerifyTimes: 3, FormStackMaxCount: 10, RelativeScreen: True, TextFontScaling: True, ResourceDenyLocation: , SysTrace: False
        BasePath: D:\github\XYZ\Data-Cool\bin\Debug
        DefaultImagePath: D:\github\XYZ\Data-Cool\bin\Debug\Resources\Image
        DefaultAudioPath: D:\github\XYZ\Data-Cool\bin\Debug\Resources\Audio
        DefaultDocumentPath: D:\github\XYZ\Data-Cool\bin\Debug\Resources\Document
        DefaultUploadPath: D:\github\XYZ\Data-Cool\bin\Debug\Resources\Upload
        DefaultMediaPath: D:\github\XYZ\Data-Cool\bin\Debug\Resources\Media
        DefaultWebPath: D:\github\XYZ\Data-Cool\bin\Debug\Resources\Web
 
2021/08/16 18:28:20 [Server-1] Started 
2021/08/16 18:28:20 [AutoSet-7] Start 
2021/08/16 18:28:22 [TcpAccept-3] 192.168.10.8:49924 
2021/08/16 18:28:42 [Server-1] Stoping 
2021/08/16 18:28:42 [TcpAccept-EX-11] 无法访问已释放的对象。
对象名:“System.Net.Sockets.Socket”。 
2021/08/16 18:28:42 [7704675e037b349e95175d2cb63d7871-1] Stop-StopServer-True-- 
2021/08/16 18:28:43 [Server-1] Stoped 
2021/08/16 18:28:43 [AutoSet-7] Stop 
2021/08/16 18:31:02 [Server-1] Starting 
2021/08/16 18:31:02 [Initial-1] Version: 631.16249, HttpServerPort: 2324, TcpServerPort: 2323, DeveloperTrace: Single, DebugMode: True, TracePrint: True, ClientTrace: False, EnableStackView: True, SessionTimeOut: 1800, NetworkTimeOut: 30, MirrorPatternMaxVerifyTimes: 3, FormStackMaxCount: 10, RelativeScreen: True, TextFontScaling: True, ResourceDenyLocation: , SysTrace: False
        BasePath: D:\github\XYZ\Data-Cool\bin\Debug
        DefaultImagePath: D:\github\XYZ\Data-Cool\bin\Debug\Resources\Image
        DefaultAudioPath: D:\github\XYZ\Data-Cool\bin\Debug\Resources\Audio
        DefaultDocumentPath: D:\github\XYZ\Data-Cool\bin\Debug\Resources\Document
        DefaultUploadPath: D:\github\XYZ\Data-Cool\bin\Debug\Resources\Upload
        DefaultMediaPath: D:\github\XYZ\Data-Cool\bin\Debug\Resources\Media
        DefaultWebPath: D:\github\XYZ\Data-Cool\bin\Debug\Resources\Web
 
2021/08/16 18:31:02 [Server-1] Started 
2021/08/16 18:31:02 [AutoSet-7] Start 
2021/08/16 18:31:06 [TcpAccept-3] 192.168.10.8:50032 
2021/08/16 18:31:50 [Server-1] Stoping 
2021/08/16 18:31:50 [TcpAccept-EX-16] 无法访问已释放的对象。
对象名:“System.Net.Sockets.Socket”。 
2021/08/16 18:31:50 [7704675e037b349e95175d2cb63d7871-1] Stop-StopServer-True-- 
2021/08/16 18:31:51 [Server-1] Stoped 
2021/08/16 18:31:51 [AutoSet-7] Stop 
2021/08/16 19:03:54 [Server-1] Starting 
2021/08/16 19:03:54 [Initial-1] Version: 631.16249, HttpServerPort: 2324, TcpServerPort: 2323, DeveloperTrace: Single, DebugMode: True, TracePrint: True, ClientTrace: False, EnableStackView: True, SessionTimeOut: 1800, NetworkTimeOut: 30, MirrorPatternMaxVerifyTimes: 3, FormStackMaxCount: 10, RelativeScreen: True, TextFontScaling: True, ResourceDenyLocation: , SysTrace: False
        BasePath: D:\github\XYZ\Data-Cool\bin\Debug
        DefaultImagePath: D:\github\XYZ\Data-Cool\bin\Debug\Resources\Image
        DefaultAudioPath: D:\github\XYZ\Data-Cool\bin\Debug\Resources\Audio
        DefaultDocumentPath: D:\github\XYZ\Data-Cool\bin\Debug\Resources\Document
        DefaultUploadPath: D:\github\XYZ\Data-Cool\bin\Debug\Resources\Upload
        DefaultMediaPath: D:\github\XYZ\Data-Cool\bin\Debug\Resources\Media
        DefaultWebPath: D:\github\XYZ\Data-Cool\bin\Debug\Resources\Web
 
2021/08/16 19:03:54 [Server-1] Started 
2021/08/16 19:03:54 [AutoSet-7] Start 
2021/08/16 19:04:06 [TcpAccept-3] 192.168.10.8:59516 
2021/08/16 19:04:06 [7704675e037b349e95175d2cb63d7871-192.168.10.8-10] {"deviceOS":"Android","deviceOSVersion":"10","deviceModel":"ELE-AL00","screenSize":{"width":1080,"height":2265},"density":3.0,"version":"6.3.1","coreVersion":"6.3.1","autoBuild":false,"isCompany":true,"extraInfo":{"package_name":"com.smobiler.app","display_name":"Smobiler","plugin_msg":null,"lowMemory":false,"languages":["zh-Hans-CN"]}} 
2021/08/16 19:04:59 [Server-1] Stoping 
2021/08/16 19:04:59 [TcpAccept-EX-17] 无法访问已释放的对象。
对象名:“System.Net.Sockets.Socket”。 
2021/08/16 19:04:59 [7704675e037b349e95175d2cb63d7871-1] Stop-StopServer-True-- 
2021/08/16 19:05:00 [Server-1] Stoped 
2021/08/16 19:05:00 [AutoSet-7] Stop 
