2021/08/13 15:20:38 [Server-1] Starting 
2021/08/13 15:20:38 [Initial-1] Version: 631.16249, HttpServerPort: 2324, TcpServerPort: 2323, DeveloperTrace: Single, DebugMode: True, TracePrint: True, ClientTrace: False, EnableStackView: True, SessionTimeOut: 1800, NetworkTimeOut: 30, MirrorPatternMaxVerifyTimes: 3, FormStackMaxCount: 10, RelativeScreen: True, TextFontScaling: True, ResourceDenyLocation: , SysTrace: False
        BasePath: D:\SombilerDesigner\Data-Cool-master\Data-Cool\bin\Debug
        DefaultImagePath: D:\SombilerDesigner\Data-Cool-master\Data-Cool\bin\Debug\Resources\Image
        DefaultAudioPath: D:\SombilerDesigner\Data-Cool-master\Data-Cool\bin\Debug\Resources\Audio
        DefaultDocumentPath: D:\SombilerDesigner\Data-Cool-master\Data-Cool\bin\Debug\Resources\Document
        DefaultUploadPath: D:\SombilerDesigner\Data-Cool-master\Data-Cool\bin\Debug\Resources\Upload
        DefaultMediaPath: D:\SombilerDesigner\Data-Cool-master\Data-Cool\bin\Debug\Resources\Media
        DefaultWebPath: D:\SombilerDesigner\Data-Cool-master\Data-Cool\bin\Debug\Resources\Web
 
2021/08/13 15:20:38 [Server-1] Started 
2021/08/13 15:20:38 [AutoSet-7] Start 
2021/08/13 15:20:39 [TcpAccept-3] 192.168.1.2:59662 
2021/08/13 15:21:19 [Server-1] Starting 
2021/08/13 15:21:19 [Initial-1] Version: 631.16249, HttpServerPort: 2324, TcpServerPort: 2323, DeveloperTrace: Single, DebugMode: True, TracePrint: True, ClientTrace: False, EnableStackView: True, SessionTimeOut: 1800, NetworkTimeOut: 30, MirrorPatternMaxVerifyTimes: 3, FormStackMaxCount: 10, RelativeScreen: True, TextFontScaling: True, ResourceDenyLocation: , SysTrace: False
        BasePath: D:\SombilerDesigner\Data-Cool-master\Data-Cool\bin\Debug
        DefaultImagePath: D:\SombilerDesigner\Data-Cool-master\Data-Cool\bin\Debug\Resources\Image
        DefaultAudioPath: D:\SombilerDesigner\Data-Cool-master\Data-Cool\bin\Debug\Resources\Audio
        DefaultDocumentPath: D:\SombilerDesigner\Data-Cool-master\Data-Cool\bin\Debug\Resources\Document
        DefaultUploadPath: D:\SombilerDesigner\Data-Cool-master\Data-Cool\bin\Debug\Resources\Upload
        DefaultMediaPath: D:\SombilerDesigner\Data-Cool-master\Data-Cool\bin\Debug\Resources\Media
        DefaultWebPath: D:\SombilerDesigner\Data-Cool-master\Data-Cool\bin\Debug\Resources\Web
 
2021/08/13 15:21:19 [Server-1] Started 
2021/08/13 15:21:19 [AutoSet-7] Start 
2021/08/13 15:21:20 [TcpAccept-3] 192.168.1.2:59668 
2021/08/13 15:21:33 [Server-1] Stoping 
2021/08/13 15:21:33 [861951044423780-1] Stop-StopServer-True-- 
2021/08/13 15:21:33 [TcpAccept-EX-12] 无法访问已释放的对象。
对象名:“System.Net.Sockets.Socket”。 
2021/08/13 15:21:34 [Server-1] Stoped 
2021/08/13 15:21:34 [AutoSet-7] Stop 
2021/08/13 15:22:30 [Server-1] Starting 
2021/08/13 15:22:30 [Initial-1] Version: 631.16249, HttpServerPort: 2324, TcpServerPort: 2323, DeveloperTrace: Single, DebugMode: True, TracePrint: True, ClientTrace: False, EnableStackView: True, SessionTimeOut: 1800, NetworkTimeOut: 30, MirrorPatternMaxVerifyTimes: 3, FormStackMaxCount: 10, RelativeScreen: True, TextFontScaling: True, ResourceDenyLocation: , SysTrace: False
        BasePath: D:\SombilerDesigner\Data-Cool-master\Data-Cool\bin\Debug
        DefaultImagePath: D:\SombilerDesigner\Data-Cool-master\Data-Cool\bin\Debug\Resources\Image
        DefaultAudioPath: D:\SombilerDesigner\Data-Cool-master\Data-Cool\bin\Debug\Resources\Audio
        DefaultDocumentPath: D:\SombilerDesigner\Data-Cool-master\Data-Cool\bin\Debug\Resources\Document
        DefaultUploadPath: D:\SombilerDesigner\Data-Cool-master\Data-Cool\bin\Debug\Resources\Upload
        DefaultMediaPath: D:\SombilerDesigner\Data-Cool-master\Data-Cool\bin\Debug\Resources\Media
        DefaultWebPath: D:\SombilerDesigner\Data-Cool-master\Data-Cool\bin\Debug\Resources\Web
 
2021/08/13 15:22:30 [Server-1] Started 
2021/08/13 15:22:30 [AutoSet-7] Start 
2021/08/13 15:22:32 [TcpAccept-3] 192.168.1.2:59688 
2021/08/13 15:22:32 [861951044423780-192.168.1.2-10] {"deviceOS":"Android","deviceOSVersion":"9","deviceModel":"INE-AL00","screenSize":{"width":1080,"height":2128},"density":3.0,"version":"6.3.1","coreVersion":"6.3.1","autoBuild":false,"isCompany":true,"extraInfo":{"package_name":"com.smobiler.app","display_name":"Smobiler","plugin_msg":null,"lowMemory":false,"languages":["zh-Hans-CN"]}} 
2021/08/13 15:22:39 [Server-1] Stoping 
2021/08/13 15:22:39 [861951044423780-1] Stop-StopServer-True-- 
2021/08/13 15:22:40 [TcpAccept-EX-3] 无法访问已释放的对象。
对象名:“System.Net.Sockets.Socket”。 
2021/08/13 15:22:41 [Server-1] Stoped 
2021/08/13 15:22:41 [AutoSet-7] Stop 
2021/08/13 15:42:44 [Server-1] Starting 
2021/08/13 15:42:44 [Initial-1] Version: 631.16249, HttpServerPort: 2324, TcpServerPort: 2323, DeveloperTrace: Single, DebugMode: True, TracePrint: True, ClientTrace: False, EnableStackView: True, SessionTimeOut: 1800, NetworkTimeOut: 30, MirrorPatternMaxVerifyTimes: 3, FormStackMaxCount: 10, RelativeScreen: True, TextFontScaling: True, ResourceDenyLocation: , SysTrace: False
        BasePath: D:\SombilerDesigner\Data-Cool-master\Data-Cool\bin\Debug
        DefaultImagePath: D:\SombilerDesigner\Data-Cool-master\Data-Cool\bin\Debug\Resources\Image
        DefaultAudioPath: D:\SombilerDesigner\Data-Cool-master\Data-Cool\bin\Debug\Resources\Audio
        DefaultDocumentPath: D:\SombilerDesigner\Data-Cool-master\Data-Cool\bin\Debug\Resources\Document
        DefaultUploadPath: D:\SombilerDesigner\Data-Cool-master\Data-Cool\bin\Debug\Resources\Upload
        DefaultMediaPath: D:\SombilerDesigner\Data-Cool-master\Data-Cool\bin\Debug\Resources\Media
        DefaultWebPath: D:\SombilerDesigner\Data-Cool-master\Data-Cool\bin\Debug\Resources\Web
 
2021/08/13 15:42:44 [Server-1] Started 
2021/08/13 15:42:44 [AutoSet-7] Start 
2021/08/13 15:42:45 [TcpAccept-3] 192.168.1.2:49680 
2021/08/13 15:42:59 [Server-1] Stoping 
2021/08/13 15:42:59 [861951044423780-1] Stop-StopServer-True-- 
2021/08/13 15:42:59 [TcpAccept-EX-10] 无法访问已释放的对象。
对象名:“System.Net.Sockets.Socket”。 
2021/08/13 15:43:00 [Server-1] Stoped 
2021/08/13 15:43:00 [AutoSet-7] Stop 
2021/08/13 15:43:14 [Server-1] Starting 
2021/08/13 15:43:14 [Initial-1] Version: 631.16249, HttpServerPort: 2324, TcpServerPort: 2323, DeveloperTrace: Single, DebugMode: True, TracePrint: True, ClientTrace: False, EnableStackView: True, SessionTimeOut: 1800, NetworkTimeOut: 30, MirrorPatternMaxVerifyTimes: 3, FormStackMaxCount: 10, RelativeScreen: True, TextFontScaling: True, ResourceDenyLocation: , SysTrace: False
        BasePath: D:\SombilerDesigner\Data-Cool-master\Data-Cool\bin\Debug
        DefaultImagePath: D:\SombilerDesigner\Data-Cool-master\Data-Cool\bin\Debug\Resources\Image
        DefaultAudioPath: D:\SombilerDesigner\Data-Cool-master\Data-Cool\bin\Debug\Resources\Audio
        DefaultDocumentPath: D:\SombilerDesigner\Data-Cool-master\Data-Cool\bin\Debug\Resources\Document
        DefaultUploadPath: D:\SombilerDesigner\Data-Cool-master\Data-Cool\bin\Debug\Resources\Upload
        DefaultMediaPath: D:\SombilerDesigner\Data-Cool-master\Data-Cool\bin\Debug\Resources\Media
        DefaultWebPath: D:\SombilerDesigner\Data-Cool-master\Data-Cool\bin\Debug\Resources\Web
 
2021/08/13 15:43:14 [Server-1] Started 
2021/08/13 15:43:14 [AutoSet-7] Start 
2021/08/13 15:43:17 [TcpAccept-3] 192.168.1.2:49686 
2021/08/13 15:43:17 [861951044423780-192.168.1.2-10] {"deviceOS":"Android","deviceOSVersion":"9","deviceModel":"INE-AL00","screenSize":{"width":1080,"height":2128},"density":3.0,"version":"6.3.1","coreVersion":"6.3.1","autoBuild":false,"isCompany":true,"extraInfo":{"package_name":"com.smobiler.app","display_name":"Smobiler","plugin_msg":null,"lowMemory":false,"languages":["zh-Hans-CN"]}} 
2021/08/13 15:43:42 [Server-1] Stoping 
2021/08/13 15:43:42 [861951044423780-1] Stop-StopServer-True-- 
2021/08/13 15:43:42 [TcpAccept-EX-3] 无法访问已释放的对象。
对象名:“System.Net.Sockets.Socket”。 
2021/08/13 15:43:43 [Server-1] Stoped 
2021/08/13 15:43:43 [AutoSet-7] Stop 
2021/08/13 16:18:40 [Server-1] Starting 
2021/08/13 16:18:40 [Initial-1] Version: 631.16249, HttpServerPort: 2324, TcpServerPort: 2323, DeveloperTrace: Single, DebugMode: True, TracePrint: True, ClientTrace: False, EnableStackView: True, SessionTimeOut: 1800, NetworkTimeOut: 30, MirrorPatternMaxVerifyTimes: 3, FormStackMaxCount: 10, RelativeScreen: True, TextFontScaling: True, ResourceDenyLocation: , SysTrace: False
        BasePath: D:\SombilerDesigner\Data-Cool-master\Data-Cool\bin\Debug
        DefaultImagePath: D:\SombilerDesigner\Data-Cool-master\Data-Cool\bin\Debug\Resources\Image
        DefaultAudioPath: D:\SombilerDesigner\Data-Cool-master\Data-Cool\bin\Debug\Resources\Audio
        DefaultDocumentPath: D:\SombilerDesigner\Data-Cool-master\Data-Cool\bin\Debug\Resources\Document
        DefaultUploadPath: D:\SombilerDesigner\Data-Cool-master\Data-Cool\bin\Debug\Resources\Upload
        DefaultMediaPath: D:\SombilerDesigner\Data-Cool-master\Data-Cool\bin\Debug\Resources\Media
        DefaultWebPath: D:\SombilerDesigner\Data-Cool-master\Data-Cool\bin\Debug\Resources\Web
 
2021/08/13 16:18:40 [Server-1] Started 
2021/08/13 16:18:40 [AutoSet-7] Start 
2021/08/13 16:18:40 [TcpAccept-3] 192.168.1.2:38212 
2021/08/13 16:20:02 [Server-1] Stoping 
2021/08/13 16:20:02 [861951044423780-1] Stop-StopServer-True-- 
2021/08/13 16:20:02 [TcpAccept-EX-3] 无法访问已释放的对象。
对象名:“System.Net.Sockets.Socket”。 
2021/08/13 16:20:03 [Server-1] Stoped 
2021/08/13 16:20:03 [AutoSet-7] Stop 
2021/08/13 16:20:20 [Server-1] Starting 
2021/08/13 16:20:20 [Initial-1] Version: 631.16249, HttpServerPort: 2324, TcpServerPort: 2323, DeveloperTrace: Single, DebugMode: True, TracePrint: True, ClientTrace: False, EnableStackView: True, SessionTimeOut: 1800, NetworkTimeOut: 30, MirrorPatternMaxVerifyTimes: 3, FormStackMaxCount: 10, RelativeScreen: True, TextFontScaling: True, ResourceDenyLocation: , SysTrace: False
        BasePath: D:\SombilerDesigner\Data-Cool-master\Data-Cool\bin\Debug
        DefaultImagePath: D:\SombilerDesigner\Data-Cool-master\Data-Cool\bin\Debug\Resources\Image
        DefaultAudioPath: D:\SombilerDesigner\Data-Cool-master\Data-Cool\bin\Debug\Resources\Audio
        DefaultDocumentPath: D:\SombilerDesigner\Data-Cool-master\Data-Cool\bin\Debug\Resources\Document
        DefaultUploadPath: D:\SombilerDesigner\Data-Cool-master\Data-Cool\bin\Debug\Resources\Upload
        DefaultMediaPath: D:\SombilerDesigner\Data-Cool-master\Data-Cool\bin\Debug\Resources\Media
        DefaultWebPath: D:\SombilerDesigner\Data-Cool-master\Data-Cool\bin\Debug\Resources\Web
 
2021/08/13 16:20:20 [Server-1] Started 
2021/08/13 16:20:20 [AutoSet-7] Start 
2021/08/13 16:20:23 [TcpAccept-3] 192.168.1.2:38340 
2021/08/13 16:24:44 [Server-1] Starting 
2021/08/13 16:24:44 [Initial-1] Version: 631.16249, HttpServerPort: 2324, TcpServerPort: 2323, DeveloperTrace: Single, DebugMode: True, TracePrint: True, ClientTrace: False, EnableStackView: True, SessionTimeOut: 1800, NetworkTimeOut: 30, MirrorPatternMaxVerifyTimes: 3, FormStackMaxCount: 10, RelativeScreen: True, TextFontScaling: True, ResourceDenyLocation: , SysTrace: False
        BasePath: D:\SombilerDesigner\Data-Cool-master\Data-Cool\bin\Debug
        DefaultImagePath: D:\SombilerDesigner\Data-Cool-master\Data-Cool\bin\Debug\Resources\Image
        DefaultAudioPath: D:\SombilerDesigner\Data-Cool-master\Data-Cool\bin\Debug\Resources\Audio
        DefaultDocumentPath: D:\SombilerDesigner\Data-Cool-master\Data-Cool\bin\Debug\Resources\Document
        DefaultUploadPath: D:\SombilerDesigner\Data-Cool-master\Data-Cool\bin\Debug\Resources\Upload
        DefaultMediaPath: D:\SombilerDesigner\Data-Cool-master\Data-Cool\bin\Debug\Resources\Media
        DefaultWebPath: D:\SombilerDesigner\Data-Cool-master\Data-Cool\bin\Debug\Resources\Web
 
2021/08/13 16:24:44 [Server-1] Started 
2021/08/13 16:24:44 [AutoSet-7] Start 
2021/08/13 16:24:46 [TcpAccept-3] 192.168.1.2:38380 
2021/08/13 16:26:40 [Server-1] Starting 
2021/08/13 16:26:40 [Initial-1] Version: 631.16249, HttpServerPort: 2324, TcpServerPort: 2323, DeveloperTrace: Single, DebugMode: True, TracePrint: True, ClientTrace: False, EnableStackView: True, SessionTimeOut: 1800, NetworkTimeOut: 30, MirrorPatternMaxVerifyTimes: 3, FormStackMaxCount: 10, RelativeScreen: True, TextFontScaling: True, ResourceDenyLocation: , SysTrace: False
        BasePath: D:\SombilerDesigner\Data-Cool-master\Data-Cool\bin\Debug
        DefaultImagePath: D:\SombilerDesigner\Data-Cool-master\Data-Cool\bin\Debug\Resources\Image
        DefaultAudioPath: D:\SombilerDesigner\Data-Cool-master\Data-Cool\bin\Debug\Resources\Audio
        DefaultDocumentPath: D:\SombilerDesigner\Data-Cool-master\Data-Cool\bin\Debug\Resources\Document
        DefaultUploadPath: D:\SombilerDesigner\Data-Cool-master\Data-Cool\bin\Debug\Resources\Upload
        DefaultMediaPath: D:\SombilerDesigner\Data-Cool-master\Data-Cool\bin\Debug\Resources\Media
        DefaultWebPath: D:\SombilerDesigner\Data-Cool-master\Data-Cool\bin\Debug\Resources\Web
 
2021/08/13 16:26:40 [Server-1] Started 
2021/08/13 16:26:40 [AutoSet-7] Start 
2021/08/13 16:26:42 [TcpAccept-3] 192.168.1.2:38392 
2021/08/13 16:27:21 [Server-1] Stoping 
2021/08/13 16:27:21 [861951044423780-1] Stop-StopServer-True-- 
2021/08/13 16:27:21 [TcpAccept-EX-3] 无法访问已释放的对象。
对象名:“System.Net.Sockets.Socket”。 
2021/08/13 16:27:22 [Server-1] Stoped 
2021/08/13 16:27:22 [AutoSet-7] Stop 
2021/08/13 16:28:30 [Server-1] Starting 
2021/08/13 16:28:30 [Initial-1] Version: 631.16249, HttpServerPort: 2324, TcpServerPort: 2323, DeveloperTrace: Single, DebugMode: True, TracePrint: True, ClientTrace: False, EnableStackView: True, SessionTimeOut: 1800, NetworkTimeOut: 30, MirrorPatternMaxVerifyTimes: 3, FormStackMaxCount: 10, RelativeScreen: True, TextFontScaling: True, ResourceDenyLocation: , SysTrace: False
        BasePath: D:\SombilerDesigner\Data-Cool-master\Data-Cool\bin\Debug
        DefaultImagePath: D:\SombilerDesigner\Data-Cool-master\Data-Cool\bin\Debug\Resources\Image
        DefaultAudioPath: D:\SombilerDesigner\Data-Cool-master\Data-Cool\bin\Debug\Resources\Audio
        DefaultDocumentPath: D:\SombilerDesigner\Data-Cool-master\Data-Cool\bin\Debug\Resources\Document
        DefaultUploadPath: D:\SombilerDesigner\Data-Cool-master\Data-Cool\bin\Debug\Resources\Upload
        DefaultMediaPath: D:\SombilerDesigner\Data-Cool-master\Data-Cool\bin\Debug\Resources\Media
        DefaultWebPath: D:\SombilerDesigner\Data-Cool-master\Data-Cool\bin\Debug\Resources\Web
 
2021/08/13 16:28:30 [Server-1] Started 
2021/08/13 16:28:30 [AutoSet-7] Start 
2021/08/13 16:28:33 [TcpAccept-3] 192.168.1.2:56566 
2021/08/13 16:38:06 [Server-1] Starting 
2021/08/13 16:38:06 [Initial-1] Version: 631.16249, HttpServerPort: 2324, TcpServerPort: 2323, DeveloperTrace: Single, DebugMode: True, TracePrint: True, ClientTrace: False, EnableStackView: True, SessionTimeOut: 1800, NetworkTimeOut: 30, MirrorPatternMaxVerifyTimes: 3, FormStackMaxCount: 10, RelativeScreen: True, TextFontScaling: True, ResourceDenyLocation: , SysTrace: False
        BasePath: D:\SombilerDesigner\Data-Cool-master\Data-Cool\bin\Debug
        DefaultImagePath: D:\SombilerDesigner\Data-Cool-master\Data-Cool\bin\Debug\Resources\Image
        DefaultAudioPath: D:\SombilerDesigner\Data-Cool-master\Data-Cool\bin\Debug\Resources\Audio
        DefaultDocumentPath: D:\SombilerDesigner\Data-Cool-master\Data-Cool\bin\Debug\Resources\Document
        DefaultUploadPath: D:\SombilerDesigner\Data-Cool-master\Data-Cool\bin\Debug\Resources\Upload
        DefaultMediaPath: D:\SombilerDesigner\Data-Cool-master\Data-Cool\bin\Debug\Resources\Media
        DefaultWebPath: D:\SombilerDesigner\Data-Cool-master\Data-Cool\bin\Debug\Resources\Web
 
2021/08/13 16:38:06 [Server-1] Started 
2021/08/13 16:38:06 [AutoSet-7] Start 
2021/08/13 16:38:08 [TcpAccept-3] 192.168.1.2:56606 
2021/08/13 16:38:19 [Server-1] Stoping 
2021/08/13 16:38:19 [861951044423780-1] Stop-StopServer-True-- 
2021/08/13 16:38:19 [TcpAccept-EX-11] 无法访问已释放的对象。
对象名:“System.Net.Sockets.Socket”。 
2021/08/13 16:38:20 [Server-1] Stoped 
2021/08/13 16:38:20 [AutoSet-7] Stop 
2021/08/13 16:38:37 [Server-1] Starting 
2021/08/13 16:38:37 [Initial-1] Version: 631.16249, HttpServerPort: 2324, TcpServerPort: 2323, DeveloperTrace: Single, DebugMode: True, TracePrint: True, ClientTrace: False, EnableStackView: True, SessionTimeOut: 1800, NetworkTimeOut: 30, MirrorPatternMaxVerifyTimes: 3, FormStackMaxCount: 10, RelativeScreen: True, TextFontScaling: True, ResourceDenyLocation: , SysTrace: False
        BasePath: D:\SombilerDesigner\Data-Cool-master\Data-Cool\bin\Debug
        DefaultImagePath: D:\SombilerDesigner\Data-Cool-master\Data-Cool\bin\Debug\Resources\Image
        DefaultAudioPath: D:\SombilerDesigner\Data-Cool-master\Data-Cool\bin\Debug\Resources\Audio
        DefaultDocumentPath: D:\SombilerDesigner\Data-Cool-master\Data-Cool\bin\Debug\Resources\Document
        DefaultUploadPath: D:\SombilerDesigner\Data-Cool-master\Data-Cool\bin\Debug\Resources\Upload
        DefaultMediaPath: D:\SombilerDesigner\Data-Cool-master\Data-Cool\bin\Debug\Resources\Media
        DefaultWebPath: D:\SombilerDesigner\Data-Cool-master\Data-Cool\bin\Debug\Resources\Web
 
2021/08/13 16:38:37 [Server-1] Started 
2021/08/13 16:38:37 [AutoSet-7] Start 
2021/08/13 16:38:38 [TcpAccept-3] 192.168.1.2:56614 
2021/08/13 16:39:49 [Server-1] Stoping 
2021/08/13 16:39:49 [861951044423780-1] Stop-StopServer-True-- 
2021/08/13 16:39:49 [TcpAccept-EX-13] 无法访问已释放的对象。
对象名:“System.Net.Sockets.Socket”。 
2021/08/13 16:39:50 [Server-1] Stoped 
2021/08/13 16:39:50 [AutoSet-7] Stop 
2021/08/13 16:57:46 [Server-1] Starting 
2021/08/13 16:57:46 [Initial-1] Version: 631.16249, HttpServerPort: 2324, TcpServerPort: 2323, DeveloperTrace: Single, DebugMode: True, TracePrint: True, ClientTrace: False, EnableStackView: True, SessionTimeOut: 1800, NetworkTimeOut: 30, MirrorPatternMaxVerifyTimes: 3, FormStackMaxCount: 10, RelativeScreen: True, TextFontScaling: True, ResourceDenyLocation: , SysTrace: False
        BasePath: D:\SombilerDesigner\Data-Cool-master\Data-Cool\bin\Debug
        DefaultImagePath: D:\SombilerDesigner\Data-Cool-master\Data-Cool\bin\Debug\Resources\Image
        DefaultAudioPath: D:\SombilerDesigner\Data-Cool-master\Data-Cool\bin\Debug\Resources\Audio
        DefaultDocumentPath: D:\SombilerDesigner\Data-Cool-master\Data-Cool\bin\Debug\Resources\Document
        DefaultUploadPath: D:\SombilerDesigner\Data-Cool-master\Data-Cool\bin\Debug\Resources\Upload
        DefaultMediaPath: D:\SombilerDesigner\Data-Cool-master\Data-Cool\bin\Debug\Resources\Media
        DefaultWebPath: D:\SombilerDesigner\Data-Cool-master\Data-Cool\bin\Debug\Resources\Web
 
2021/08/13 16:57:46 [Server-1] Started 
2021/08/13 16:57:46 [AutoSet-7] Start 
2021/08/13 16:57:46 [TcpAccept-3] 192.168.1.2:54804 
2021/08/13 16:59:07 [Server-1] Starting 
2021/08/13 16:59:07 [Initial-1] Version: 631.16249, HttpServerPort: 2324, TcpServerPort: 2323, DeveloperTrace: Single, DebugMode: True, TracePrint: True, ClientTrace: False, EnableStackView: True, SessionTimeOut: 1800, NetworkTimeOut: 30, MirrorPatternMaxVerifyTimes: 3, FormStackMaxCount: 10, RelativeScreen: True, TextFontScaling: True, ResourceDenyLocation: , SysTrace: False
        BasePath: D:\SombilerDesigner\Data-Cool-master\Data-Cool\bin\Debug
        DefaultImagePath: D:\SombilerDesigner\Data-Cool-master\Data-Cool\bin\Debug\Resources\Image
        DefaultAudioPath: D:\SombilerDesigner\Data-Cool-master\Data-Cool\bin\Debug\Resources\Audio
        DefaultDocumentPath: D:\SombilerDesigner\Data-Cool-master\Data-Cool\bin\Debug\Resources\Document
        DefaultUploadPath: D:\SombilerDesigner\Data-Cool-master\Data-Cool\bin\Debug\Resources\Upload
        DefaultMediaPath: D:\SombilerDesigner\Data-Cool-master\Data-Cool\bin\Debug\Resources\Media
        DefaultWebPath: D:\SombilerDesigner\Data-Cool-master\Data-Cool\bin\Debug\Resources\Web
 
2021/08/13 16:59:07 [Server-1] Started 
2021/08/13 16:59:07 [AutoSet-7] Start 
2021/08/13 16:59:09 [TcpAccept-3] 192.168.1.2:54808 
2021/08/13 17:01:28 [Server-1] Stoping 
2021/08/13 17:01:28 [861951044423780-1] Stop-StopServer-True-- 
2021/08/13 17:01:28 [TcpAccept-EX-13] 无法访问已释放的对象。
对象名:“System.Net.Sockets.Socket”。 
2021/08/13 17:01:29 [Server-1] Stoped 
2021/08/13 17:01:29 [AutoSet-7] Stop 
2021/08/13 17:04:39 [Server-1] Starting 
2021/08/13 17:04:39 [Initial-1] Version: 631.16249, HttpServerPort: 2324, TcpServerPort: 2323, DeveloperTrace: Single, DebugMode: True, TracePrint: True, ClientTrace: False, EnableStackView: True, SessionTimeOut: 1800, NetworkTimeOut: 30, MirrorPatternMaxVerifyTimes: 3, FormStackMaxCount: 10, RelativeScreen: True, TextFontScaling: True, ResourceDenyLocation: , SysTrace: False
        BasePath: D:\SombilerDesigner\Data-Cool-master\Data-Cool\bin\Debug
        DefaultImagePath: D:\SombilerDesigner\Data-Cool-master\Data-Cool\bin\Debug\Resources\Image
        DefaultAudioPath: D:\SombilerDesigner\Data-Cool-master\Data-Cool\bin\Debug\Resources\Audio
        DefaultDocumentPath: D:\SombilerDesigner\Data-Cool-master\Data-Cool\bin\Debug\Resources\Document
        DefaultUploadPath: D:\SombilerDesigner\Data-Cool-master\Data-Cool\bin\Debug\Resources\Upload
        DefaultMediaPath: D:\SombilerDesigner\Data-Cool-master\Data-Cool\bin\Debug\Resources\Media
        DefaultWebPath: D:\SombilerDesigner\Data-Cool-master\Data-Cool\bin\Debug\Resources\Web
 
2021/08/13 17:04:39 [Server-1] Started 
2021/08/13 17:04:39 [AutoSet-7] Start 
2021/08/13 17:04:41 [TcpAccept-3] 192.168.1.2:54972 
2021/08/13 17:05:14 [Server-1] Stoping 
2021/08/13 17:05:14 [861951044423780-1] Stop-StopServer-True-- 
2021/08/13 17:05:14 [TcpAccept-EX-14] 无法访问已释放的对象。
对象名:“System.Net.Sockets.Socket”。 
2021/08/13 17:05:15 [Server-1] Stoped 
2021/08/13 17:05:15 [AutoSet-7] Stop 
2021/08/13 17:10:18 [Server-1] Starting 
2021/08/13 17:10:18 [Initial-1] Version: 631.16249, HttpServerPort: 2324, TcpServerPort: 2323, DeveloperTrace: Single, DebugMode: True, TracePrint: True, ClientTrace: False, EnableStackView: True, SessionTimeOut: 1800, NetworkTimeOut: 30, MirrorPatternMaxVerifyTimes: 3, FormStackMaxCount: 10, RelativeScreen: True, TextFontScaling: True, ResourceDenyLocation: , SysTrace: False
        BasePath: D:\SombilerDesigner\Data-Cool-master\Data-Cool\bin\Debug
        DefaultImagePath: D:\SombilerDesigner\Data-Cool-master\Data-Cool\bin\Debug\Resources\Image
        DefaultAudioPath: D:\SombilerDesigner\Data-Cool-master\Data-Cool\bin\Debug\Resources\Audio
        DefaultDocumentPath: D:\SombilerDesigner\Data-Cool-master\Data-Cool\bin\Debug\Resources\Document
        DefaultUploadPath: D:\SombilerDesigner\Data-Cool-master\Data-Cool\bin\Debug\Resources\Upload
        DefaultMediaPath: D:\SombilerDesigner\Data-Cool-master\Data-Cool\bin\Debug\Resources\Media
        DefaultWebPath: D:\SombilerDesigner\Data-Cool-master\Data-Cool\bin\Debug\Resources\Web
 
2021/08/13 17:10:18 [Server-1] Started 
2021/08/13 17:10:20 [TcpAccept-3] 192.168.1.2:44914 
2021/08/13 17:15:53 [Server-1] Starting 
2021/08/13 17:15:54 [Initial-1] Version: 631.16249, HttpServerPort: 2324, TcpServerPort: 2323, DeveloperTrace: Single, DebugMode: True, TracePrint: True, ClientTrace: False, EnableStackView: True, SessionTimeOut: 1800, NetworkTimeOut: 30, MirrorPatternMaxVerifyTimes: 3, FormStackMaxCount: 10, RelativeScreen: True, TextFontScaling: True, ResourceDenyLocation: , SysTrace: False
        BasePath: D:\SombilerDesigner\Data-Cool-master\Data-Cool\bin\Debug
        DefaultImagePath: D:\SombilerDesigner\Data-Cool-master\Data-Cool\bin\Debug\Resources\Image
        DefaultAudioPath: D:\SombilerDesigner\Data-Cool-master\Data-Cool\bin\Debug\Resources\Audio
        DefaultDocumentPath: D:\SombilerDesigner\Data-Cool-master\Data-Cool\bin\Debug\Resources\Document
        DefaultUploadPath: D:\SombilerDesigner\Data-Cool-master\Data-Cool\bin\Debug\Resources\Upload
        DefaultMediaPath: D:\SombilerDesigner\Data-Cool-master\Data-Cool\bin\Debug\Resources\Media
        DefaultWebPath: D:\SombilerDesigner\Data-Cool-master\Data-Cool\bin\Debug\Resources\Web
 
2021/08/13 17:15:54 [Server-1] Started 
2021/08/13 17:15:54 [AutoSet-7] Start 
2021/08/13 17:15:56 [TcpAccept-3] 192.168.1.2:44958 
2021/08/13 17:16:10 [Server-1] Stoping 
2021/08/13 17:16:10 [861951044423780-1] Stop-StopServer-True-- 
2021/08/13 17:16:10 [TcpAccept-EX-3] 无法访问已释放的对象。
对象名:“System.Net.Sockets.Socket”。 
2021/08/13 17:16:11 [Server-1] Stoped 
2021/08/13 17:16:11 [AutoSet-7] Stop 
2021/08/13 20:02:10 [Server-1] Starting 
2021/08/13 20:02:10 [Initial-1] Version: 631.16249, HttpServerPort: 2324, TcpServerPort: 2323, DeveloperTrace: Single, DebugMode: True, TracePrint: True, ClientTrace: False, EnableStackView: True, SessionTimeOut: 1800, NetworkTimeOut: 30, MirrorPatternMaxVerifyTimes: 3, FormStackMaxCount: 10, RelativeScreen: True, TextFontScaling: True, ResourceDenyLocation: , SysTrace: False
        BasePath: D:\SombilerDesigner\Data-Cool-master\Data-Cool\bin\Debug
        DefaultImagePath: D:\SombilerDesigner\Data-Cool-master\Data-Cool\bin\Debug\Resources\Image
        DefaultAudioPath: D:\SombilerDesigner\Data-Cool-master\Data-Cool\bin\Debug\Resources\Audio
        DefaultDocumentPath: D:\SombilerDesigner\Data-Cool-master\Data-Cool\bin\Debug\Resources\Document
        DefaultUploadPath: D:\SombilerDesigner\Data-Cool-master\Data-Cool\bin\Debug\Resources\Upload
        DefaultMediaPath: D:\SombilerDesigner\Data-Cool-master\Data-Cool\bin\Debug\Resources\Media
        DefaultWebPath: D:\SombilerDesigner\Data-Cool-master\Data-Cool\bin\Debug\Resources\Web
 
2021/08/13 20:02:10 [Server-1] Started 
2021/08/13 20:02:10 [AutoSet-7] Start 
2021/08/13 20:02:17 [TcpAccept-3] 192.168.1.2:38220 
2021/08/13 20:02:17 [861951044423780-192.168.1.2-10] {"deviceOS":"Android","deviceOSVersion":"9","deviceModel":"INE-AL00","screenSize":{"width":1080,"height":2128},"density":3.0,"version":"6.3.1","coreVersion":"6.3.1","autoBuild":false,"isCompany":true,"extraInfo":{"package_name":"com.smobiler.app","display_name":"Smobiler","plugin_msg":null,"lowMemory":false,"languages":["zh-Hans-CN"]}} 
2021/08/13 20:02:33 [Server-1] Stoping 
2021/08/13 20:02:33 [861951044423780-1] Stop-StopServer-True-- 
2021/08/13 20:02:33 [TcpAccept-EX-11] 无法访问已释放的对象。
对象名:“System.Net.Sockets.Socket”。 
2021/08/13 20:02:34 [Server-1] Stoped 
2021/08/13 20:02:34 [AutoSet-7] Stop 
2021/08/13 20:03:12 [Server-1] Starting 
2021/08/13 20:03:12 [Initial-1] Version: 631.16249, HttpServerPort: 2324, TcpServerPort: 2323, DeveloperTrace: Single, DebugMode: True, TracePrint: True, ClientTrace: False, EnableStackView: True, SessionTimeOut: 1800, NetworkTimeOut: 30, MirrorPatternMaxVerifyTimes: 3, FormStackMaxCount: 10, RelativeScreen: True, TextFontScaling: True, ResourceDenyLocation: , SysTrace: False
        BasePath: D:\SombilerDesigner\Data-Cool-master\Data-Cool\bin\Debug
        DefaultImagePath: D:\SombilerDesigner\Data-Cool-master\Data-Cool\bin\Debug\Resources\Image
        DefaultAudioPath: D:\SombilerDesigner\Data-Cool-master\Data-Cool\bin\Debug\Resources\Audio
        DefaultDocumentPath: D:\SombilerDesigner\Data-Cool-master\Data-Cool\bin\Debug\Resources\Document
        DefaultUploadPath: D:\SombilerDesigner\Data-Cool-master\Data-Cool\bin\Debug\Resources\Upload
        DefaultMediaPath: D:\SombilerDesigner\Data-Cool-master\Data-Cool\bin\Debug\Resources\Media
        DefaultWebPath: D:\SombilerDesigner\Data-Cool-master\Data-Cool\bin\Debug\Resources\Web
 
2021/08/13 20:03:12 [Server-1] Started 
2021/08/13 20:03:12 [AutoSet-7] Start 
2021/08/13 20:03:13 [TcpAccept-3] 192.168.1.2:38242 
2021/08/13 20:03:24 [TcpAccept-3] 192.168.1.2:38250 
2021/08/13 20:03:24 [861951044423780-192.168.1.2-11] {"deviceOS":"Android","deviceOSVersion":"9","deviceModel":"INE-AL00","screenSize":{"width":1080,"height":2128},"density":3.0,"version":"6.3.1","coreVersion":"6.3.1","autoBuild":false,"isCompany":true,"extraInfo":{"package_name":"com.smobiler.app","display_name":"Smobiler","plugin_msg":null,"lowMemory":false,"languages":["zh-Hans-CN"]}} 
2021/08/13 20:06:10 [Server-1] Starting 
2021/08/13 20:06:10 [Initial-1] Version: 631.16249, HttpServerPort: 2324, TcpServerPort: 2323, DeveloperTrace: Single, DebugMode: True, TracePrint: True, ClientTrace: False, EnableStackView: True, SessionTimeOut: 1800, NetworkTimeOut: 30, MirrorPatternMaxVerifyTimes: 3, FormStackMaxCount: 10, RelativeScreen: True, TextFontScaling: True, ResourceDenyLocation: , SysTrace: False
        BasePath: D:\SombilerDesigner\Data-Cool-master\Data-Cool\bin\Debug
        DefaultImagePath: D:\SombilerDesigner\Data-Cool-master\Data-Cool\bin\Debug\Resources\Image
        DefaultAudioPath: D:\SombilerDesigner\Data-Cool-master\Data-Cool\bin\Debug\Resources\Audio
        DefaultDocumentPath: D:\SombilerDesigner\Data-Cool-master\Data-Cool\bin\Debug\Resources\Document
        DefaultUploadPath: D:\SombilerDesigner\Data-Cool-master\Data-Cool\bin\Debug\Resources\Upload
        DefaultMediaPath: D:\SombilerDesigner\Data-Cool-master\Data-Cool\bin\Debug\Resources\Media
        DefaultWebPath: D:\SombilerDesigner\Data-Cool-master\Data-Cool\bin\Debug\Resources\Web
 
2021/08/13 20:06:10 [Server-1] Started 
2021/08/13 20:06:13 [TcpAccept-3] 192.168.1.2:38300 
2021/08/13 20:06:13 [861951044423780-192.168.1.2-11] {"deviceOS":"Android","deviceOSVersion":"9","deviceModel":"INE-AL00","screenSize":{"width":1080,"height":2128},"density":3.0,"version":"6.3.1","coreVersion":"6.3.1","autoBuild":false,"isCompany":true,"extraInfo":{"package_name":"com.smobiler.app","display_name":"Smobiler","plugin_msg":null,"lowMemory":false,"languages":["zh-Hans-CN"]}} 
2021/08/13 20:40:30 [Server-1] Starting 
2021/08/13 20:40:30 [Initial-1] Version: 631.16249, HttpServerPort: 2324, TcpServerPort: 2323, DeveloperTrace: Single, DebugMode: True, TracePrint: True, ClientTrace: False, EnableStackView: True, SessionTimeOut: 1800, NetworkTimeOut: 30, MirrorPatternMaxVerifyTimes: 3, FormStackMaxCount: 10, RelativeScreen: True, TextFontScaling: True, ResourceDenyLocation: , SysTrace: False
        BasePath: D:\SombilerDesigner\Data-Cool-master\Data-Cool\bin\Debug
        DefaultImagePath: D:\SombilerDesigner\Data-Cool-master\Data-Cool\bin\Debug\Resources\Image
        DefaultAudioPath: D:\SombilerDesigner\Data-Cool-master\Data-Cool\bin\Debug\Resources\Audio
        DefaultDocumentPath: D:\SombilerDesigner\Data-Cool-master\Data-Cool\bin\Debug\Resources\Document
        DefaultUploadPath: D:\SombilerDesigner\Data-Cool-master\Data-Cool\bin\Debug\Resources\Upload
        DefaultMediaPath: D:\SombilerDesigner\Data-Cool-master\Data-Cool\bin\Debug\Resources\Media
        DefaultWebPath: D:\SombilerDesigner\Data-Cool-master\Data-Cool\bin\Debug\Resources\Web
 
2021/08/13 20:40:31 [Server-1] Started 
2021/08/13 20:40:31 [AutoSet-7] Start 
2021/08/13 20:41:06 [TcpAccept-3] 192.168.1.2:35032 
2021/08/13 20:42:14 [Server-1] Starting 
2021/08/13 20:42:14 [Initial-1] Version: 631.16249, HttpServerPort: 2324, TcpServerPort: 2323, DeveloperTrace: Single, DebugMode: True, TracePrint: True, ClientTrace: False, EnableStackView: True, SessionTimeOut: 1800, NetworkTimeOut: 30, MirrorPatternMaxVerifyTimes: 3, FormStackMaxCount: 10, RelativeScreen: True, TextFontScaling: True, ResourceDenyLocation: , SysTrace: False
        BasePath: D:\SombilerDesigner\Data-Cool-master\Data-Cool\bin\Debug
        DefaultImagePath: D:\SombilerDesigner\Data-Cool-master\Data-Cool\bin\Debug\Resources\Image
        DefaultAudioPath: D:\SombilerDesigner\Data-Cool-master\Data-Cool\bin\Debug\Resources\Audio
        DefaultDocumentPath: D:\SombilerDesigner\Data-Cool-master\Data-Cool\bin\Debug\Resources\Document
        DefaultUploadPath: D:\SombilerDesigner\Data-Cool-master\Data-Cool\bin\Debug\Resources\Upload
        DefaultMediaPath: D:\SombilerDesigner\Data-Cool-master\Data-Cool\bin\Debug\Resources\Media
        DefaultWebPath: D:\SombilerDesigner\Data-Cool-master\Data-Cool\bin\Debug\Resources\Web
 
2021/08/13 20:42:14 [Server-1] Started 
2021/08/13 20:42:16 [TcpAccept-3] 192.168.1.2:35046 
2021/08/13 20:49:11 [Server-1] Starting 
2021/08/13 20:49:11 [Initial-1] Version: 631.16249, HttpServerPort: 2324, TcpServerPort: 2323, DeveloperTrace: Single, DebugMode: True, TracePrint: True, ClientTrace: False, EnableStackView: True, SessionTimeOut: 1800, NetworkTimeOut: 30, MirrorPatternMaxVerifyTimes: 3, FormStackMaxCount: 10, RelativeScreen: True, TextFontScaling: True, ResourceDenyLocation: , SysTrace: False
        BasePath: D:\SombilerDesigner\Data-Cool-master\Data-Cool\bin\Debug
        DefaultImagePath: D:\SombilerDesigner\Data-Cool-master\Data-Cool\bin\Debug\Resources\Image
        DefaultAudioPath: D:\SombilerDesigner\Data-Cool-master\Data-Cool\bin\Debug\Resources\Audio
        DefaultDocumentPath: D:\SombilerDesigner\Data-Cool-master\Data-Cool\bin\Debug\Resources\Document
        DefaultUploadPath: D:\SombilerDesigner\Data-Cool-master\Data-Cool\bin\Debug\Resources\Upload
        DefaultMediaPath: D:\SombilerDesigner\Data-Cool-master\Data-Cool\bin\Debug\Resources\Media
        DefaultWebPath: D:\SombilerDesigner\Data-Cool-master\Data-Cool\bin\Debug\Resources\Web
 
2021/08/13 20:49:12 [Server-1] Started 
2021/08/13 20:49:12 [AutoSet-7] Start 
2021/08/13 20:49:14 [TcpAccept-3] 192.168.1.2:35082 
2021/08/13 20:49:25 [Server-1] Stoping 
2021/08/13 20:49:25 [861951044423780-1] Stop-StopServer-True-- 
2021/08/13 20:49:25 [TcpAccept-EX-14] 无法访问已释放的对象。
对象名:“System.Net.Sockets.Socket”。 
2021/08/13 20:49:26 [Server-1] Stoped 
2021/08/13 20:49:26 [AutoSet-7] Stop 
2021/08/13 20:50:27 [Server-1] Starting 
2021/08/13 20:50:27 [Initial-1] Version: 631.16249, HttpServerPort: 2324, TcpServerPort: 2323, DeveloperTrace: Single, DebugMode: True, TracePrint: True, ClientTrace: False, EnableStackView: True, SessionTimeOut: 1800, NetworkTimeOut: 30, MirrorPatternMaxVerifyTimes: 3, FormStackMaxCount: 10, RelativeScreen: True, TextFontScaling: True, ResourceDenyLocation: , SysTrace: False
        BasePath: D:\SombilerDesigner\Data-Cool-master\Data-Cool\bin\Debug
        DefaultImagePath: D:\SombilerDesigner\Data-Cool-master\Data-Cool\bin\Debug\Resources\Image
        DefaultAudioPath: D:\SombilerDesigner\Data-Cool-master\Data-Cool\bin\Debug\Resources\Audio
        DefaultDocumentPath: D:\SombilerDesigner\Data-Cool-master\Data-Cool\bin\Debug\Resources\Document
        DefaultUploadPath: D:\SombilerDesigner\Data-Cool-master\Data-Cool\bin\Debug\Resources\Upload
        DefaultMediaPath: D:\SombilerDesigner\Data-Cool-master\Data-Cool\bin\Debug\Resources\Media
        DefaultWebPath: D:\SombilerDesigner\Data-Cool-master\Data-Cool\bin\Debug\Resources\Web
 
2021/08/13 20:50:27 [Server-1] Started 
2021/08/13 20:50:27 [AutoSet-7] Start 
2021/08/13 20:50:30 [TcpAccept-3] 192.168.1.2:35104 
2021/08/13 20:50:30 [861951044423780-192.168.1.2-10] {"deviceOS":"Android","deviceOSVersion":"9","deviceModel":"INE-AL00","screenSize":{"width":1080,"height":2128},"density":3.0,"version":"6.3.1","coreVersion":"6.3.1","autoBuild":false,"isCompany":true,"extraInfo":{"package_name":"com.smobiler.app","display_name":"Smobiler","plugin_msg":null,"lowMemory":false,"languages":["zh-Hans-CN"]}} 
2021/08/13 20:50:43 [Server-1] Stoping 
2021/08/13 20:50:43 [861951044423780-1] Stop-StopServer-True-- 
2021/08/13 20:50:43 [TcpAccept-EX-15] 无法访问已释放的对象。
对象名:“System.Net.Sockets.Socket”。 
2021/08/13 20:50:44 [Server-1] Stoped 
2021/08/13 20:50:44 [AutoSet-7] Stop 
2021/08/13 20:52:05 [Server-1] Starting 
2021/08/13 20:52:05 [Initial-1] Version: 631.16249, HttpServerPort: 2324, TcpServerPort: 2323, DeveloperTrace: Single, DebugMode: True, TracePrint: True, ClientTrace: False, EnableStackView: True, SessionTimeOut: 1800, NetworkTimeOut: 30, MirrorPatternMaxVerifyTimes: 3, FormStackMaxCount: 10, RelativeScreen: True, TextFontScaling: True, ResourceDenyLocation: , SysTrace: False
        BasePath: D:\SombilerDesigner\Data-Cool-master\Data-Cool\bin\Debug
        DefaultImagePath: D:\SombilerDesigner\Data-Cool-master\Data-Cool\bin\Debug\Resources\Image
        DefaultAudioPath: D:\SombilerDesigner\Data-Cool-master\Data-Cool\bin\Debug\Resources\Audio
        DefaultDocumentPath: D:\SombilerDesigner\Data-Cool-master\Data-Cool\bin\Debug\Resources\Document
        DefaultUploadPath: D:\SombilerDesigner\Data-Cool-master\Data-Cool\bin\Debug\Resources\Upload
        DefaultMediaPath: D:\SombilerDesigner\Data-Cool-master\Data-Cool\bin\Debug\Resources\Media
        DefaultWebPath: D:\SombilerDesigner\Data-Cool-master\Data-Cool\bin\Debug\Resources\Web
 
2021/08/13 20:52:06 [Server-1] Started 
2021/08/13 20:52:06 [AutoSet-7] Start 
2021/08/13 20:52:07 [TcpAccept-3] 192.168.1.2:35140 
2021/08/13 20:52:22 [Server-1] Stoping 
2021/08/13 20:52:22 [861951044423780-1] Stop-StopServer-True-- 
2021/08/13 20:52:22 [TcpAccept-EX-11] 无法访问已释放的对象。
对象名:“System.Net.Sockets.Socket”。 
2021/08/13 20:52:23 [Server-1] Stoped 
2021/08/13 20:52:23 [AutoSet-7] Stop 
