2021/08/03 14:27:10 [Server-1] Starting 
2021/08/03 14:27:10 [Initial-1] Version: 631.16249, HttpServerPort: 2324, TcpServerPort: 2323, DeveloperTrace: Single, DebugMode: True, TracePrint: True, ClientTrace: False, EnableStackView: True, SessionTimeOut: 1800, NetworkTimeOut: 30, MirrorPatternMaxVerifyTimes: 3, FormStackMaxCount: 10, RelativeScreen: True, TextFontScaling: True, ResourceDenyLocation: , SysTrace: False
        BasePath: D:\github\XYZ\Data-Cool\bin\Debug
        DefaultImagePath: D:\github\XYZ\Data-Cool\bin\Debug\Resources\Image
        DefaultAudioPath: D:\github\XYZ\Data-Cool\bin\Debug\Resources\Audio
        DefaultDocumentPath: D:\github\XYZ\Data-Cool\bin\Debug\Resources\Document
        DefaultUploadPath: D:\github\XYZ\Data-Cool\bin\Debug\Resources\Upload
        DefaultMediaPath: D:\github\XYZ\Data-Cool\bin\Debug\Resources\Media
        DefaultWebPath: D:\github\XYZ\Data-Cool\bin\Debug\Resources\Web
 
2021/08/03 14:27:11 [Server-1] Started 
2021/08/03 14:27:13 [TcpAccept-3] 192.168.10.8:57770 
2021/08/03 14:27:13 [7704675e037b349e95175d2cb63d7871-192.168.10.8-10] {"deviceOS":"Android","deviceOSVersion":"10","deviceModel":"ELE-AL00","screenSize":{"width":1080,"height":2265},"density":3.0,"version":"6.3.1","coreVersion":"6.3.1","autoBuild":false,"isCompany":true,"extraInfo":{"package_name":"com.smobiler.app","display_name":"Smobiler","plugin_msg":null,"lowMemory":false,"languages":["zh-Hans-CN"]}} 
2021/08/03 14:27:42 [TcpAccept-3] 192.168.10.8:57840 
2021/08/03 14:28:09 [TcpAccept-9] 192.168.10.8:57942 
2021/08/03 14:35:59 [Server-1] Starting 
2021/08/03 14:35:59 [Initial-1] Version: 631.16249, HttpServerPort: 2324, TcpServerPort: 2323, DeveloperTrace: Single, DebugMode: True, TracePrint: True, ClientTrace: False, EnableStackView: True, SessionTimeOut: 1800, NetworkTimeOut: 30, MirrorPatternMaxVerifyTimes: 3, FormStackMaxCount: 10, RelativeScreen: True, TextFontScaling: True, ResourceDenyLocation: , SysTrace: False
        BasePath: D:\github\XYZ\Data-Cool\bin\Debug
        DefaultImagePath: D:\github\XYZ\Data-Cool\bin\Debug\Resources\Image
        DefaultAudioPath: D:\github\XYZ\Data-Cool\bin\Debug\Resources\Audio
        DefaultDocumentPath: D:\github\XYZ\Data-Cool\bin\Debug\Resources\Document
        DefaultUploadPath: D:\github\XYZ\Data-Cool\bin\Debug\Resources\Upload
        DefaultMediaPath: D:\github\XYZ\Data-Cool\bin\Debug\Resources\Media
        DefaultWebPath: D:\github\XYZ\Data-Cool\bin\Debug\Resources\Web
 
2021/08/03 14:35:59 [Server-1] Started 
2021/08/03 14:36:03 [TcpAccept-3] 192.168.10.8:58042 
2021/08/03 14:36:03 [7704675e037b349e95175d2cb63d7871-192.168.10.8-10] {"deviceOS":"Android","deviceOSVersion":"10","deviceModel":"ELE-AL00","screenSize":{"width":1080,"height":2265},"density":3.0,"version":"6.3.1","coreVersion":"6.3.1","autoBuild":false,"isCompany":true,"extraInfo":{"package_name":"com.smobiler.app","display_name":"Smobiler","plugin_msg":null,"lowMemory":false,"languages":["zh-Hans-CN"]}} 
2021/08/03 14:44:57 [Server-1] Starting 
2021/08/03 14:44:58 [Initial-1] Version: 631.16249, HttpServerPort: 2324, TcpServerPort: 2323, DeveloperTrace: Single, DebugMode: True, TracePrint: True, ClientTrace: False, EnableStackView: True, SessionTimeOut: 1800, NetworkTimeOut: 30, MirrorPatternMaxVerifyTimes: 3, FormStackMaxCount: 10, RelativeScreen: True, TextFontScaling: True, ResourceDenyLocation: , SysTrace: False
        BasePath: D:\github\XYZ\Data-Cool\bin\Debug
        DefaultImagePath: D:\github\XYZ\Data-Cool\bin\Debug\Resources\Image
        DefaultAudioPath: D:\github\XYZ\Data-Cool\bin\Debug\Resources\Audio
        DefaultDocumentPath: D:\github\XYZ\Data-Cool\bin\Debug\Resources\Document
        DefaultUploadPath: D:\github\XYZ\Data-Cool\bin\Debug\Resources\Upload
        DefaultMediaPath: D:\github\XYZ\Data-Cool\bin\Debug\Resources\Media
        DefaultWebPath: D:\github\XYZ\Data-Cool\bin\Debug\Resources\Web
 
2021/08/03 14:44:58 [Server-1] Started 
2021/08/03 14:44:58 [AutoSet-7] Start 
2021/08/03 14:44:58 [TcpAccept-3] 192.168.10.8:58718 
2021/08/03 14:45:37 [Server-1] Stoping 
2021/08/03 14:45:37 [7704675e037b349e95175d2cb63d7871-1] Stop-StopServer-True-- 
2021/08/03 14:45:37 [TcpAccept-EX-11] 无法访问已释放的对象。
对象名:“System.Net.Sockets.Socket”。 
2021/08/03 14:45:38 [Server-1] Stoped 
2021/08/03 14:45:38 [AutoSet-7] Stop 
2021/08/03 14:49:13 [Server-1] Starting 
2021/08/03 14:49:13 [Initial-1] Version: 631.16249, HttpServerPort: 2324, TcpServerPort: 2323, DeveloperTrace: Single, DebugMode: True, TracePrint: True, ClientTrace: False, EnableStackView: True, SessionTimeOut: 1800, NetworkTimeOut: 30, MirrorPatternMaxVerifyTimes: 3, FormStackMaxCount: 10, RelativeScreen: True, TextFontScaling: True, ResourceDenyLocation: , SysTrace: False
        BasePath: D:\github\XYZ\Data-Cool\bin\Debug
        DefaultImagePath: D:\github\XYZ\Data-Cool\bin\Debug\Resources\Image
        DefaultAudioPath: D:\github\XYZ\Data-Cool\bin\Debug\Resources\Audio
        DefaultDocumentPath: D:\github\XYZ\Data-Cool\bin\Debug\Resources\Document
        DefaultUploadPath: D:\github\XYZ\Data-Cool\bin\Debug\Resources\Upload
        DefaultMediaPath: D:\github\XYZ\Data-Cool\bin\Debug\Resources\Media
        DefaultWebPath: D:\github\XYZ\Data-Cool\bin\Debug\Resources\Web
 
2021/08/03 14:49:14 [Server-1] Started 
2021/08/03 14:49:14 [TcpAccept-3] 192.168.10.8:58820 
2021/08/03 14:49:35 [Server-1] Stoping 
2021/08/03 14:49:35 [TcpAccept-EX-10] 无法访问已释放的对象。
对象名:“System.Net.Sockets.Socket”。 
2021/08/03 14:49:35 [7704675e037b349e95175d2cb63d7871-1] Stop-StopServer-True-- 
2021/08/03 14:49:36 [Server-1] Stoped 
2021/08/03 14:49:36 [AutoSet-7] Stop 
2021/08/03 14:51:08 [Server-1] Starting 
2021/08/03 14:51:08 [Initial-1] Version: 631.16249, HttpServerPort: 2324, TcpServerPort: 2323, DeveloperTrace: Single, DebugMode: True, TracePrint: True, ClientTrace: False, EnableStackView: True, SessionTimeOut: 1800, NetworkTimeOut: 30, MirrorPatternMaxVerifyTimes: 3, FormStackMaxCount: 10, RelativeScreen: True, TextFontScaling: True, ResourceDenyLocation: , SysTrace: False
        BasePath: D:\github\XYZ\Data-Cool\bin\Debug
        DefaultImagePath: D:\github\XYZ\Data-Cool\bin\Debug\Resources\Image
        DefaultAudioPath: D:\github\XYZ\Data-Cool\bin\Debug\Resources\Audio
        DefaultDocumentPath: D:\github\XYZ\Data-Cool\bin\Debug\Resources\Document
        DefaultUploadPath: D:\github\XYZ\Data-Cool\bin\Debug\Resources\Upload
        DefaultMediaPath: D:\github\XYZ\Data-Cool\bin\Debug\Resources\Media
        DefaultWebPath: D:\github\XYZ\Data-Cool\bin\Debug\Resources\Web
 
2021/08/03 14:51:08 [Server-1] Started 
2021/08/03 14:51:10 [TcpAccept-3] 192.168.10.8:58858 
2021/08/03 14:52:06 [TcpAccept-3] 192.168.10.8:58910 
2021/08/03 14:52:52 [Server-1] Stoping 
2021/08/03 14:52:52 [TcpAccept-EX-10] 无法访问已释放的对象。
对象名:“System.Net.Sockets.Socket”。 
2021/08/03 14:52:52 [7704675e037b349e95175d2cb63d7871-1] Stop-StopServer-True-- 
2021/08/03 14:52:53 [Server-1] Stoped 
2021/08/03 14:52:53 [AutoSet-7] Stop 
2021/08/03 15:04:21 [Server-1] Starting 
2021/08/03 15:04:21 [Initial-1] Version: 631.16249, HttpServerPort: 2324, TcpServerPort: 2323, DeveloperTrace: Single, DebugMode: True, TracePrint: True, ClientTrace: False, EnableStackView: True, SessionTimeOut: 1800, NetworkTimeOut: 30, MirrorPatternMaxVerifyTimes: 3, FormStackMaxCount: 10, RelativeScreen: True, TextFontScaling: True, ResourceDenyLocation: , SysTrace: False
        BasePath: D:\github\XYZ\Data-Cool\bin\Debug
        DefaultImagePath: D:\github\XYZ\Data-Cool\bin\Debug\Resources\Image
        DefaultAudioPath: D:\github\XYZ\Data-Cool\bin\Debug\Resources\Audio
        DefaultDocumentPath: D:\github\XYZ\Data-Cool\bin\Debug\Resources\Document
        DefaultUploadPath: D:\github\XYZ\Data-Cool\bin\Debug\Resources\Upload
        DefaultMediaPath: D:\github\XYZ\Data-Cool\bin\Debug\Resources\Media
        DefaultWebPath: D:\github\XYZ\Data-Cool\bin\Debug\Resources\Web
 
2021/08/03 15:04:21 [Server-1] Started 
2021/08/03 15:04:22 [AutoSet-7] Start 
2021/08/03 15:04:25 [TcpAccept-3] 192.168.10.8:59306 
2021/08/03 15:04:25 [7704675e037b349e95175d2cb63d7871-192.168.10.8-10] {"deviceOS":"Android","deviceOSVersion":"10","deviceModel":"ELE-AL00","screenSize":{"width":1080,"height":2265},"density":3.0,"version":"6.3.1","coreVersion":"6.3.1","autoBuild":false,"isCompany":true,"extraInfo":{"package_name":"com.smobiler.app","display_name":"Smobiler","plugin_msg":null,"lowMemory":false,"languages":["zh-Hans-CN"]}} 
2021/08/03 15:04:54 [Server-1] Stoping 
2021/08/03 15:04:55 [TcpAccept-EX-11] 无法访问已释放的对象。
对象名:“System.Net.Sockets.Socket”。 
2021/08/03 15:04:55 [7704675e037b349e95175d2cb63d7871-1] Stop-StopServer-True-- 
2021/08/03 15:04:56 [Server-1] Stoped 
2021/08/03 15:04:56 [AutoSet-7] Stop 
2021/08/03 15:09:59 [Server-1] Starting 
2021/08/03 15:09:59 [Initial-1] Version: 631.16249, HttpServerPort: 2324, TcpServerPort: 2323, DeveloperTrace: Single, DebugMode: True, TracePrint: True, ClientTrace: False, EnableStackView: True, SessionTimeOut: 1800, NetworkTimeOut: 30, MirrorPatternMaxVerifyTimes: 3, FormStackMaxCount: 10, RelativeScreen: True, TextFontScaling: True, ResourceDenyLocation: , SysTrace: False
        BasePath: D:\github\XYZ\Data-Cool\bin\Debug
        DefaultImagePath: D:\github\XYZ\Data-Cool\bin\Debug\Resources\Image
        DefaultAudioPath: D:\github\XYZ\Data-Cool\bin\Debug\Resources\Audio
        DefaultDocumentPath: D:\github\XYZ\Data-Cool\bin\Debug\Resources\Document
        DefaultUploadPath: D:\github\XYZ\Data-Cool\bin\Debug\Resources\Upload
        DefaultMediaPath: D:\github\XYZ\Data-Cool\bin\Debug\Resources\Media
        DefaultWebPath: D:\github\XYZ\Data-Cool\bin\Debug\Resources\Web
 
2021/08/03 15:10:00 [Server-1] Started 
2021/08/03 15:10:00 [AutoSet-7] Start 
2021/08/03 15:10:01 [TcpAccept-3] 192.168.10.8:59710 
2021/08/03 15:10:25 [Server-1] Stoping 
2021/08/03 15:10:25 [7704675e037b349e95175d2cb63d7871-1] Stop-StopServer-True-- 
2021/08/03 15:10:25 [TcpAccept-EX-9] 无法访问已释放的对象。
对象名:“System.Net.Sockets.Socket”。 
2021/08/03 15:10:27 [Server-1] Stoped 
2021/08/03 15:10:27 [AutoSet-7] Stop 
2021/08/03 16:04:58 [Server-1] Starting 
2021/08/03 16:04:58 [Initial-1] Version: 631.16249, HttpServerPort: 2324, TcpServerPort: 2323, DeveloperTrace: Single, DebugMode: True, TracePrint: True, ClientTrace: False, EnableStackView: True, SessionTimeOut: 1800, NetworkTimeOut: 30, MirrorPatternMaxVerifyTimes: 3, FormStackMaxCount: 10, RelativeScreen: True, TextFontScaling: True, ResourceDenyLocation: , SysTrace: False
        BasePath: D:\github\XYZ\Data-Cool\bin\Debug
        DefaultImagePath: D:\github\XYZ\Data-Cool\bin\Debug\Resources\Image
        DefaultAudioPath: D:\github\XYZ\Data-Cool\bin\Debug\Resources\Audio
        DefaultDocumentPath: D:\github\XYZ\Data-Cool\bin\Debug\Resources\Document
        DefaultUploadPath: D:\github\XYZ\Data-Cool\bin\Debug\Resources\Upload
        DefaultMediaPath: D:\github\XYZ\Data-Cool\bin\Debug\Resources\Media
        DefaultWebPath: D:\github\XYZ\Data-Cool\bin\Debug\Resources\Web
 
2021/08/03 16:04:58 [Server-1] Started 
2021/08/03 16:04:58 [AutoSet-7] Start 
2021/08/03 16:05:17 [TcpAccept-3] 192.168.10.8:37610 
2021/08/03 16:05:17 [7704675e037b349e95175d2cb63d7871-192.168.10.8-10] {"deviceOS":"Android","deviceOSVersion":"10","deviceModel":"ELE-AL00","screenSize":{"width":1080,"height":2265},"density":3.0,"version":"6.3.1","coreVersion":"6.3.1","autoBuild":false,"isCompany":true,"extraInfo":{"package_name":"com.smobiler.app","display_name":"Smobiler","plugin_msg":null,"lowMemory":false,"languages":["zh-Hans-CN"]}} 
2021/08/03 16:06:03 [Server-1] Stoping 
2021/08/03 16:06:03 [7704675e037b349e95175d2cb63d7871-1] Stop-StopServer-True-- 
2021/08/03 16:06:04 [Server-1] Stoped 
2021/08/03 16:06:04 [AutoSet-7] Stop 
2021/08/03 16:56:29 [Server-1] Starting 
2021/08/03 16:56:30 [Initial-1] Version: 631.16249, HttpServerPort: 2324, TcpServerPort: 2323, DeveloperTrace: Single, DebugMode: True, TracePrint: True, ClientTrace: False, EnableStackView: True, SessionTimeOut: 1800, NetworkTimeOut: 30, MirrorPatternMaxVerifyTimes: 3, FormStackMaxCount: 10, RelativeScreen: True, TextFontScaling: True, ResourceDenyLocation: , SysTrace: False
        BasePath: D:\github\XYZ\Data-Cool\bin\Debug
        DefaultImagePath: D:\github\XYZ\Data-Cool\bin\Debug\Resources\Image
        DefaultAudioPath: D:\github\XYZ\Data-Cool\bin\Debug\Resources\Audio
        DefaultDocumentPath: D:\github\XYZ\Data-Cool\bin\Debug\Resources\Document
        DefaultUploadPath: D:\github\XYZ\Data-Cool\bin\Debug\Resources\Upload
        DefaultMediaPath: D:\github\XYZ\Data-Cool\bin\Debug\Resources\Media
        DefaultWebPath: D:\github\XYZ\Data-Cool\bin\Debug\Resources\Web
 
2021/08/03 16:56:30 [Server-1] Started 
2021/08/03 16:56:30 [AutoSet-7] Start 
2021/08/03 16:56:38 [TcpAccept-3] 192.168.10.8:38236 
2021/08/03 16:56:38 [7704675e037b349e95175d2cb63d7871-192.168.10.8-10] {"deviceOS":"Android","deviceOSVersion":"10","deviceModel":"ELE-AL00","screenSize":{"width":1080,"height":2265},"density":3.0,"version":"6.3.1","coreVersion":"6.3.1","autoBuild":false,"isCompany":true,"extraInfo":{"package_name":"com.smobiler.app","display_name":"Smobiler","plugin_msg":null,"lowMemory":false,"languages":["zh-Hans-CN"]}} 
2021/08/03 16:57:24 [Server-1] Stoping 
2021/08/03 16:57:24 [7704675e037b349e95175d2cb63d7871-1] Stop-StopServer-True-- 
2021/08/03 16:57:24 [TcpAccept-EX-12] 无法访问已释放的对象。
对象名:“System.Net.Sockets.Socket”。 
2021/08/03 16:57:25 [Server-1] Stoped 
2021/08/03 16:57:25 [AutoSet-7] Stop 
2021/08/03 17:18:48 [Server-1] Starting 
2021/08/03 17:18:48 [Initial-1] Version: 631.16249, HttpServerPort: 2324, TcpServerPort: 2323, DeveloperTrace: Single, DebugMode: True, TracePrint: True, ClientTrace: False, EnableStackView: True, SessionTimeOut: 1800, NetworkTimeOut: 30, MirrorPatternMaxVerifyTimes: 3, FormStackMaxCount: 10, RelativeScreen: True, TextFontScaling: True, ResourceDenyLocation: , SysTrace: False
        BasePath: D:\github\XYZ\Data-Cool\bin\Debug
        DefaultImagePath: D:\github\XYZ\Data-Cool\bin\Debug\Resources\Image
        DefaultAudioPath: D:\github\XYZ\Data-Cool\bin\Debug\Resources\Audio
        DefaultDocumentPath: D:\github\XYZ\Data-Cool\bin\Debug\Resources\Document
        DefaultUploadPath: D:\github\XYZ\Data-Cool\bin\Debug\Resources\Upload
        DefaultMediaPath: D:\github\XYZ\Data-Cool\bin\Debug\Resources\Media
        DefaultWebPath: D:\github\XYZ\Data-Cool\bin\Debug\Resources\Web
 
2021/08/03 17:18:48 [Server-1] Started 
2021/08/03 17:18:49 [AutoSet-7] Start 
2021/08/03 17:19:24 [TcpAccept-3] 192.168.10.8:43190 
2021/08/03 17:19:24 [7704675e037b349e95175d2cb63d7871-192.168.10.8-8] {"deviceOS":"Android","deviceOSVersion":"10","deviceModel":"ELE-AL00","screenSize":{"width":1080,"height":2265},"density":3.0,"version":"6.3.1","coreVersion":"6.3.1","autoBuild":false,"isCompany":true,"extraInfo":{"package_name":"com.smobiler.app","display_name":"Smobiler","plugin_msg":null,"lowMemory":false,"languages":["zh-Hans-CN"]}} 
2021/08/03 17:20:13 [Server-1] Stoping 
2021/08/03 17:20:13 [7704675e037b349e95175d2cb63d7871-1] Stop-StopServer-True-- 
2021/08/03 17:20:13 [TcpAccept-EX-16] 无法访问已释放的对象。
对象名:“System.Net.Sockets.Socket”。 
2021/08/03 17:20:14 [Server-1] Stoped 
2021/08/03 17:20:14 [AutoSet-7] Stop 
2021/08/03 21:20:53 [Server-1] Starting 
2021/08/03 21:20:53 [Initial-1] Version: 631.16249, HttpServerPort: 2324, TcpServerPort: 2323, DeveloperTrace: Single, DebugMode: True, TracePrint: True, ClientTrace: False, EnableStackView: True, SessionTimeOut: 1800, NetworkTimeOut: 30, MirrorPatternMaxVerifyTimes: 3, FormStackMaxCount: 10, RelativeScreen: True, TextFontScaling: True, ResourceDenyLocation: , SysTrace: False
        BasePath: D:\github\XYZ\Data-Cool\bin\Debug
        DefaultImagePath: D:\github\XYZ\Data-Cool\bin\Debug\Resources\Image
        DefaultAudioPath: D:\github\XYZ\Data-Cool\bin\Debug\Resources\Audio
        DefaultDocumentPath: D:\github\XYZ\Data-Cool\bin\Debug\Resources\Document
        DefaultUploadPath: D:\github\XYZ\Data-Cool\bin\Debug\Resources\Upload
        DefaultMediaPath: D:\github\XYZ\Data-Cool\bin\Debug\Resources\Media
        DefaultWebPath: D:\github\XYZ\Data-Cool\bin\Debug\Resources\Web
 
2021/08/03 21:20:53 [Server-1] Started 
2021/08/03 21:20:53 [AutoSet-7] Start 
2021/08/03 21:21:19 [TcpAccept-3] 192.168.10.8:46210 
2021/08/03 21:21:19 [7704675e037b349e95175d2cb63d7871-192.168.10.8-8] {"deviceOS":"Android","deviceOSVersion":"10","deviceModel":"ELE-AL00","screenSize":{"width":1080,"height":2265},"density":3.0,"version":"6.3.1","coreVersion":"6.3.1","autoBuild":false,"isCompany":true,"extraInfo":{"package_name":"com.smobiler.app","display_name":"Smobiler","plugin_msg":null,"lowMemory":false,"languages":["zh-Hans-CN"]}} 
2021/08/03 21:26:12 [Server-1] Starting 
2021/08/03 21:26:12 [Initial-1] Version: 631.16249, HttpServerPort: 2324, TcpServerPort: 2323, DeveloperTrace: Single, DebugMode: True, TracePrint: True, ClientTrace: False, EnableStackView: True, SessionTimeOut: 1800, NetworkTimeOut: 30, MirrorPatternMaxVerifyTimes: 3, FormStackMaxCount: 10, RelativeScreen: True, TextFontScaling: True, ResourceDenyLocation: , SysTrace: False
        BasePath: D:\github\XYZ\Data-Cool\bin\Debug
        DefaultImagePath: D:\github\XYZ\Data-Cool\bin\Debug\Resources\Image
        DefaultAudioPath: D:\github\XYZ\Data-Cool\bin\Debug\Resources\Audio
        DefaultDocumentPath: D:\github\XYZ\Data-Cool\bin\Debug\Resources\Document
        DefaultUploadPath: D:\github\XYZ\Data-Cool\bin\Debug\Resources\Upload
        DefaultMediaPath: D:\github\XYZ\Data-Cool\bin\Debug\Resources\Media
        DefaultWebPath: D:\github\XYZ\Data-Cool\bin\Debug\Resources\Web
 
2021/08/03 21:26:12 [Server-1] Started 
2021/08/03 21:26:12 [AutoSet-7] Start 
2021/08/03 21:26:17 [TcpAccept-3] 192.168.10.8:47482 
2021/08/03 21:28:49 [Server-1] Starting 
2021/08/03 21:28:49 [Initial-1] Version: 631.16249, HttpServerPort: 2324, TcpServerPort: 2323, DeveloperTrace: Single, DebugMode: True, TracePrint: True, ClientTrace: False, EnableStackView: True, SessionTimeOut: 1800, NetworkTimeOut: 30, MirrorPatternMaxVerifyTimes: 3, FormStackMaxCount: 10, RelativeScreen: True, TextFontScaling: True, ResourceDenyLocation: , SysTrace: False
        BasePath: D:\github\XYZ\Data-Cool\bin\Debug
        DefaultImagePath: D:\github\XYZ\Data-Cool\bin\Debug\Resources\Image
        DefaultAudioPath: D:\github\XYZ\Data-Cool\bin\Debug\Resources\Audio
        DefaultDocumentPath: D:\github\XYZ\Data-Cool\bin\Debug\Resources\Document
        DefaultUploadPath: D:\github\XYZ\Data-Cool\bin\Debug\Resources\Upload
        DefaultMediaPath: D:\github\XYZ\Data-Cool\bin\Debug\Resources\Media
        DefaultWebPath: D:\github\XYZ\Data-Cool\bin\Debug\Resources\Web
 
2021/08/03 21:28:49 [Server-1] Started 
2021/08/03 21:28:49 [AutoSet-7] Start 
2021/08/03 21:28:57 [TcpAccept-3] 192.168.10.8:47500 
2021/08/03 21:30:47 [Server-1] Starting 
2021/08/03 21:30:47 [Initial-1] Version: 631.16249, HttpServerPort: 2324, TcpServerPort: 2323, DeveloperTrace: Single, DebugMode: True, TracePrint: True, ClientTrace: False, EnableStackView: True, SessionTimeOut: 1800, NetworkTimeOut: 30, MirrorPatternMaxVerifyTimes: 3, FormStackMaxCount: 10, RelativeScreen: True, TextFontScaling: True, ResourceDenyLocation: , SysTrace: False
        BasePath: D:\github\XYZ\Data-Cool\bin\Debug
        DefaultImagePath: D:\github\XYZ\Data-Cool\bin\Debug\Resources\Image
        DefaultAudioPath: D:\github\XYZ\Data-Cool\bin\Debug\Resources\Audio
        DefaultDocumentPath: D:\github\XYZ\Data-Cool\bin\Debug\Resources\Document
        DefaultUploadPath: D:\github\XYZ\Data-Cool\bin\Debug\Resources\Upload
        DefaultMediaPath: D:\github\XYZ\Data-Cool\bin\Debug\Resources\Media
        DefaultWebPath: D:\github\XYZ\Data-Cool\bin\Debug\Resources\Web
 
2021/08/03 21:30:47 [Server-1] Started 
2021/08/03 21:30:47 [AutoSet-7] Start 
2021/08/03 21:30:51 [TcpAccept-3] 192.168.10.8:47520 
2021/08/03 21:41:46 [Server-1] Starting 
2021/08/03 21:41:46 [Initial-1] Version: 631.16249, HttpServerPort: 2324, TcpServerPort: 2323, DeveloperTrace: Single, DebugMode: True, TracePrint: True, ClientTrace: False, EnableStackView: True, SessionTimeOut: 1800, NetworkTimeOut: 30, MirrorPatternMaxVerifyTimes: 3, FormStackMaxCount: 10, RelativeScreen: True, TextFontScaling: True, ResourceDenyLocation: , SysTrace: False
        BasePath: D:\github\XYZ\Data-Cool\bin\Debug
        DefaultImagePath: D:\github\XYZ\Data-Cool\bin\Debug\Resources\Image
        DefaultAudioPath: D:\github\XYZ\Data-Cool\bin\Debug\Resources\Audio
        DefaultDocumentPath: D:\github\XYZ\Data-Cool\bin\Debug\Resources\Document
        DefaultUploadPath: D:\github\XYZ\Data-Cool\bin\Debug\Resources\Upload
        DefaultMediaPath: D:\github\XYZ\Data-Cool\bin\Debug\Resources\Media
        DefaultWebPath: D:\github\XYZ\Data-Cool\bin\Debug\Resources\Web
 
2021/08/03 21:41:46 [Server-1] Started 
2021/08/03 21:41:46 [AutoSet-7] Start 
2021/08/03 21:41:52 [TcpAccept-3] 192.168.10.8:48710 
2021/08/03 21:48:30 [Server-1] Starting 
2021/08/03 21:48:30 [Initial-1] Version: 631.16249, HttpServerPort: 2324, TcpServerPort: 2323, DeveloperTrace: Single, DebugMode: True, TracePrint: True, ClientTrace: False, EnableStackView: True, SessionTimeOut: 1800, NetworkTimeOut: 30, MirrorPatternMaxVerifyTimes: 3, FormStackMaxCount: 10, RelativeScreen: True, TextFontScaling: True, ResourceDenyLocation: , SysTrace: False
        BasePath: D:\github\XYZ\Data-Cool\bin\Debug
        DefaultImagePath: D:\github\XYZ\Data-Cool\bin\Debug\Resources\Image
        DefaultAudioPath: D:\github\XYZ\Data-Cool\bin\Debug\Resources\Audio
        DefaultDocumentPath: D:\github\XYZ\Data-Cool\bin\Debug\Resources\Document
        DefaultUploadPath: D:\github\XYZ\Data-Cool\bin\Debug\Resources\Upload
        DefaultMediaPath: D:\github\XYZ\Data-Cool\bin\Debug\Resources\Media
        DefaultWebPath: D:\github\XYZ\Data-Cool\bin\Debug\Resources\Web
 
2021/08/03 21:48:30 [Server-1] Started 
2021/08/03 21:48:30 [AutoSet-8] Start 
2021/08/03 21:48:34 [TcpAccept-3] 192.168.10.8:49496 
2021/08/03 21:54:34 [Server-1] Starting 
2021/08/03 21:54:34 [Initial-1] Version: 631.16249, HttpServerPort: 2324, TcpServerPort: 2323, DeveloperTrace: Single, DebugMode: True, TracePrint: True, ClientTrace: False, EnableStackView: True, SessionTimeOut: 1800, NetworkTimeOut: 30, MirrorPatternMaxVerifyTimes: 3, FormStackMaxCount: 10, RelativeScreen: True, TextFontScaling: True, ResourceDenyLocation: , SysTrace: False
        BasePath: D:\github\XYZ\Data-Cool\bin\Debug
        DefaultImagePath: D:\github\XYZ\Data-Cool\bin\Debug\Resources\Image
        DefaultAudioPath: D:\github\XYZ\Data-Cool\bin\Debug\Resources\Audio
        DefaultDocumentPath: D:\github\XYZ\Data-Cool\bin\Debug\Resources\Document
        DefaultUploadPath: D:\github\XYZ\Data-Cool\bin\Debug\Resources\Upload
        DefaultMediaPath: D:\github\XYZ\Data-Cool\bin\Debug\Resources\Media
        DefaultWebPath: D:\github\XYZ\Data-Cool\bin\Debug\Resources\Web
 
2021/08/03 21:54:34 [Server-1] Started 
2021/08/03 21:54:34 [AutoSet-7] Start 
2021/08/03 21:54:42 [TcpAccept-3] 192.168.10.8:49574 
2021/08/03 21:57:21 [Server-1] Starting 
2021/08/03 21:57:21 [Initial-1] Version: 631.16249, HttpServerPort: 2324, TcpServerPort: 2323, DeveloperTrace: Single, DebugMode: True, TracePrint: True, ClientTrace: False, EnableStackView: True, SessionTimeOut: 1800, NetworkTimeOut: 30, MirrorPatternMaxVerifyTimes: 3, FormStackMaxCount: 10, RelativeScreen: True, TextFontScaling: True, ResourceDenyLocation: , SysTrace: False
        BasePath: D:\github\XYZ\Data-Cool\bin\Debug
        DefaultImagePath: D:\github\XYZ\Data-Cool\bin\Debug\Resources\Image
        DefaultAudioPath: D:\github\XYZ\Data-Cool\bin\Debug\Resources\Audio
        DefaultDocumentPath: D:\github\XYZ\Data-Cool\bin\Debug\Resources\Document
        DefaultUploadPath: D:\github\XYZ\Data-Cool\bin\Debug\Resources\Upload
        DefaultMediaPath: D:\github\XYZ\Data-Cool\bin\Debug\Resources\Media
        DefaultWebPath: D:\github\XYZ\Data-Cool\bin\Debug\Resources\Web
 
2021/08/03 21:57:21 [Server-1] Started 
2021/08/03 21:57:27 [TcpAccept-3] 192.168.10.8:49608 
2021/08/03 21:58:13 [Server-1] Stoping 
2021/08/03 21:58:13 [TcpAccept-EX-11] 无法访问已释放的对象。
对象名:“System.Net.Sockets.Socket”。 
2021/08/03 21:58:13 [7704675e037b349e95175d2cb63d7871-1] Stop-StopServer-True-- 
2021/08/03 21:58:15 [Server-1] Stoped 
2021/08/03 21:58:15 [AutoSet-7] Stop 
2021/08/03 22:05:12 [Server-1] Starting 
2021/08/03 22:05:12 [Initial-1] Version: 631.16249, HttpServerPort: 2324, TcpServerPort: 2323, DeveloperTrace: Single, DebugMode: True, TracePrint: True, ClientTrace: False, EnableStackView: True, SessionTimeOut: 1800, NetworkTimeOut: 30, MirrorPatternMaxVerifyTimes: 3, FormStackMaxCount: 10, RelativeScreen: True, TextFontScaling: True, ResourceDenyLocation: , SysTrace: False
        BasePath: D:\github\XYZ\Data-Cool\bin\Debug
        DefaultImagePath: D:\github\XYZ\Data-Cool\bin\Debug\Resources\Image
        DefaultAudioPath: D:\github\XYZ\Data-Cool\bin\Debug\Resources\Audio
        DefaultDocumentPath: D:\github\XYZ\Data-Cool\bin\Debug\Resources\Document
        DefaultUploadPath: D:\github\XYZ\Data-Cool\bin\Debug\Resources\Upload
        DefaultMediaPath: D:\github\XYZ\Data-Cool\bin\Debug\Resources\Media
        DefaultWebPath: D:\github\XYZ\Data-Cool\bin\Debug\Resources\Web
 
2021/08/03 22:05:12 [Server-1] Started 
2021/08/03 22:05:14 [TcpAccept-3] 192.168.10.8:50902 
2021/08/03 22:06:58 [Server-1] Stoping 
2021/08/03 22:06:58 [TcpAccept-EX-9] 无法访问已释放的对象。
对象名:“System.Net.Sockets.Socket”。 
2021/08/03 22:06:58 [7704675e037b349e95175d2cb63d7871-1] Stop-StopServer-True-- 
2021/08/03 22:06:59 [Server-1] Stoped 
2021/08/03 22:06:59 [AutoSet-7] Stop 
2021/08/03 22:09:15 [Server-1] Starting 
2021/08/03 22:09:15 [Initial-1] Version: 631.16249, HttpServerPort: 2324, TcpServerPort: 2323, DeveloperTrace: Single, DebugMode: True, TracePrint: True, ClientTrace: False, EnableStackView: True, SessionTimeOut: 1800, NetworkTimeOut: 30, MirrorPatternMaxVerifyTimes: 3, FormStackMaxCount: 10, RelativeScreen: True, TextFontScaling: True, ResourceDenyLocation: , SysTrace: False
        BasePath: D:\github\XYZ\Data-Cool\bin\Debug
        DefaultImagePath: D:\github\XYZ\Data-Cool\bin\Debug\Resources\Image
        DefaultAudioPath: D:\github\XYZ\Data-Cool\bin\Debug\Resources\Audio
        DefaultDocumentPath: D:\github\XYZ\Data-Cool\bin\Debug\Resources\Document
        DefaultUploadPath: D:\github\XYZ\Data-Cool\bin\Debug\Resources\Upload
        DefaultMediaPath: D:\github\XYZ\Data-Cool\bin\Debug\Resources\Media
        DefaultWebPath: D:\github\XYZ\Data-Cool\bin\Debug\Resources\Web
 
2021/08/03 22:09:15 [Server-1] Started 
2021/08/03 22:09:15 [AutoSet-7] Start 
2021/08/03 22:09:16 [TcpAccept-3] 192.168.10.8:51672 
2021/08/03 22:10:26 [Server-1] Stoping 
2021/08/03 22:10:26 [TcpAccept-EX-11] 无法访问已释放的对象。
对象名:“System.Net.Sockets.Socket”。 
2021/08/03 22:10:26 [7704675e037b349e95175d2cb63d7871-1] Stop-StopServer-True-- 
2021/08/03 22:10:27 [Server-1] Stoped 
2021/08/03 22:10:27 [AutoSet-7] Stop 
2021/08/03 22:16:14 [Server-1] Starting 
2021/08/03 22:16:14 [Initial-1] Version: 631.16249, HttpServerPort: 2324, TcpServerPort: 2323, DeveloperTrace: Single, DebugMode: True, TracePrint: True, ClientTrace: False, EnableStackView: True, SessionTimeOut: 1800, NetworkTimeOut: 30, MirrorPatternMaxVerifyTimes: 3, FormStackMaxCount: 10, RelativeScreen: True, TextFontScaling: True, ResourceDenyLocation: , SysTrace: False
        BasePath: D:\github\XYZ\Data-Cool\bin\Debug
        DefaultImagePath: D:\github\XYZ\Data-Cool\bin\Debug\Resources\Image
        DefaultAudioPath: D:\github\XYZ\Data-Cool\bin\Debug\Resources\Audio
        DefaultDocumentPath: D:\github\XYZ\Data-Cool\bin\Debug\Resources\Document
        DefaultUploadPath: D:\github\XYZ\Data-Cool\bin\Debug\Resources\Upload
        DefaultMediaPath: D:\github\XYZ\Data-Cool\bin\Debug\Resources\Media
        DefaultWebPath: D:\github\XYZ\Data-Cool\bin\Debug\Resources\Web
 
2021/08/03 22:16:15 [Server-1] Started 
2021/08/03 22:16:15 [AutoSet-7] Start 
2021/08/03 22:16:27 [TcpAccept-3] 192.168.10.8:52780 
2021/08/03 22:16:27 [7704675e037b349e95175d2cb63d7871-192.168.10.8-11] {"deviceOS":"Android","deviceOSVersion":"10","deviceModel":"ELE-AL00","screenSize":{"width":1080,"height":2265},"density":3.0,"version":"6.3.1","coreVersion":"6.3.1","autoBuild":false,"isCompany":true,"extraInfo":{"package_name":"com.smobiler.app","display_name":"Smobiler","plugin_msg":null,"lowMemory":false,"languages":["zh-Hans-CN"]}} 
2021/08/03 22:19:27 [Server-1] Stoping 
2021/08/03 22:19:27 [TcpAccept-EX-9] 无法访问已释放的对象。
对象名:“System.Net.Sockets.Socket”。 
2021/08/03 22:19:28 [Server-1] Stoped 
2021/08/03 22:19:28 [AutoSet-7] Stop 
2021/08/03 22:24:32 [Server-1] Starting 
2021/08/03 22:24:32 [Initial-1] Version: 631.16249, HttpServerPort: 2324, TcpServerPort: 2323, DeveloperTrace: Single, DebugMode: True, TracePrint: True, ClientTrace: False, EnableStackView: True, SessionTimeOut: 1800, NetworkTimeOut: 30, MirrorPatternMaxVerifyTimes: 3, FormStackMaxCount: 10, RelativeScreen: True, TextFontScaling: True, ResourceDenyLocation: , SysTrace: False
        BasePath: D:\github\XYZ\Data-Cool\bin\Debug
        DefaultImagePath: D:\github\XYZ\Data-Cool\bin\Debug\Resources\Image
        DefaultAudioPath: D:\github\XYZ\Data-Cool\bin\Debug\Resources\Audio
        DefaultDocumentPath: D:\github\XYZ\Data-Cool\bin\Debug\Resources\Document
        DefaultUploadPath: D:\github\XYZ\Data-Cool\bin\Debug\Resources\Upload
        DefaultMediaPath: D:\github\XYZ\Data-Cool\bin\Debug\Resources\Media
        DefaultWebPath: D:\github\XYZ\Data-Cool\bin\Debug\Resources\Web
 
2021/08/03 22:24:32 [Server-1] Started 
2021/08/03 22:24:38 [TcpAccept-3] 192.168.10.8:54594 
2021/08/03 22:29:34 [Server-1] Starting 
2021/08/03 22:29:34 [Initial-1] Version: 631.16249, HttpServerPort: 2324, TcpServerPort: 2323, DeveloperTrace: Single, DebugMode: True, TracePrint: True, ClientTrace: False, EnableStackView: True, SessionTimeOut: 1800, NetworkTimeOut: 30, MirrorPatternMaxVerifyTimes: 3, FormStackMaxCount: 10, RelativeScreen: True, TextFontScaling: True, ResourceDenyLocation: , SysTrace: False
        BasePath: D:\github\XYZ\Data-Cool\bin\Debug
        DefaultImagePath: D:\github\XYZ\Data-Cool\bin\Debug\Resources\Image
        DefaultAudioPath: D:\github\XYZ\Data-Cool\bin\Debug\Resources\Audio
        DefaultDocumentPath: D:\github\XYZ\Data-Cool\bin\Debug\Resources\Document
        DefaultUploadPath: D:\github\XYZ\Data-Cool\bin\Debug\Resources\Upload
        DefaultMediaPath: D:\github\XYZ\Data-Cool\bin\Debug\Resources\Media
        DefaultWebPath: D:\github\XYZ\Data-Cool\bin\Debug\Resources\Web
 
2021/08/03 22:29:34 [Server-1] Started 
2021/08/03 22:29:34 [AutoSet-7] Start 
2021/08/03 22:29:41 [TcpAccept-3] 192.168.10.8:55834 
2021/08/03 22:39:23 [Server-1] Starting 
2021/08/03 22:39:23 [Initial-1] Version: 631.16249, HttpServerPort: 2324, TcpServerPort: 2323, DeveloperTrace: Single, DebugMode: True, TracePrint: True, ClientTrace: False, EnableStackView: True, SessionTimeOut: 1800, NetworkTimeOut: 30, MirrorPatternMaxVerifyTimes: 3, FormStackMaxCount: 10, RelativeScreen: True, TextFontScaling: True, ResourceDenyLocation: , SysTrace: False
        BasePath: D:\github\XYZ\Data-Cool\bin\Debug
        DefaultImagePath: D:\github\XYZ\Data-Cool\bin\Debug\Resources\Image
        DefaultAudioPath: D:\github\XYZ\Data-Cool\bin\Debug\Resources\Audio
        DefaultDocumentPath: D:\github\XYZ\Data-Cool\bin\Debug\Resources\Document
        DefaultUploadPath: D:\github\XYZ\Data-Cool\bin\Debug\Resources\Upload
        DefaultMediaPath: D:\github\XYZ\Data-Cool\bin\Debug\Resources\Media
        DefaultWebPath: D:\github\XYZ\Data-Cool\bin\Debug\Resources\Web
 
2021/08/03 22:39:24 [Server-1] Started 
2021/08/03 22:39:24 [AutoSet-7] Start 
2021/08/03 22:39:41 [TcpAccept-3] 192.168.10.8:56058 
2021/08/03 22:42:14 [Server-1] Starting 
2021/08/03 22:42:14 [Initial-1] Version: 631.16249, HttpServerPort: 2324, TcpServerPort: 2323, DeveloperTrace: Single, DebugMode: True, TracePrint: True, ClientTrace: False, EnableStackView: True, SessionTimeOut: 1800, NetworkTimeOut: 30, MirrorPatternMaxVerifyTimes: 3, FormStackMaxCount: 10, RelativeScreen: True, TextFontScaling: True, ResourceDenyLocation: , SysTrace: False
        BasePath: D:\github\XYZ\Data-Cool\bin\Debug
        DefaultImagePath: D:\github\XYZ\Data-Cool\bin\Debug\Resources\Image
        DefaultAudioPath: D:\github\XYZ\Data-Cool\bin\Debug\Resources\Audio
        DefaultDocumentPath: D:\github\XYZ\Data-Cool\bin\Debug\Resources\Document
        DefaultUploadPath: D:\github\XYZ\Data-Cool\bin\Debug\Resources\Upload
        DefaultMediaPath: D:\github\XYZ\Data-Cool\bin\Debug\Resources\Media
        DefaultWebPath: D:\github\XYZ\Data-Cool\bin\Debug\Resources\Web
 
2021/08/03 22:42:14 [Server-1] Started 
2021/08/03 22:42:14 [AutoSet-7] Start 
2021/08/03 22:42:17 [TcpAccept-3] 192.168.10.8:56090 
2021/08/03 22:42:49 [Server-1] Stoping 
2021/08/03 22:42:49 [7704675e037b349e95175d2cb63d7871-1] Stop-StopServer-True-- 
2021/08/03 22:42:50 [Server-1] Stoped 
2021/08/03 22:42:50 [AutoSet-7] Stop 
