2021/08/24 16:18:19 [Server-1] Starting 
2021/08/24 16:18:19 [Initial-1] Version: 631.16249, HttpServerPort: 2324, TcpServerPort: 2323, DeveloperTrace: Single, DebugMode: True, TracePrint: True, ClientTrace: False, EnableStackView: True, SessionTimeOut: 1800, NetworkTimeOut: 30, MirrorPatternMaxVerifyTimes: 3, FormStackMaxCount: 10, RelativeScreen: True, TextFontScaling: True, ResourceDenyLocation: , SysTrace: False
        BasePath: C:\Users\Patrick\Desktop\数据库课设\Data-Cool\bin\Debug
        DefaultImagePath: C:\Users\Patrick\Desktop\数据库课设\Data-Cool\bin\Debug\Resources\Image
        DefaultAudioPath: C:\Users\Patrick\Desktop\数据库课设\Data-Cool\bin\Debug\Resources\Audio
        DefaultDocumentPath: C:\Users\Patrick\Desktop\数据库课设\Data-Cool\bin\Debug\Resources\Document
        DefaultUploadPath: C:\Users\Patrick\Desktop\数据库课设\Data-Cool\bin\Debug\Resources\Upload
        DefaultMediaPath: C:\Users\Patrick\Desktop\数据库课设\Data-Cool\bin\Debug\Resources\Media
        DefaultWebPath: C:\Users\Patrick\Desktop\数据库课设\Data-Cool\bin\Debug\Resources\Web
 
2021/08/24 16:18:19 [Server-1] Started 
2021/08/24 16:18:19 [AutoSet-7] Start 
2021/08/24 16:18:20 [TcpAccept-3] 192.168.0.102:39344 
2021/08/24 16:18:20 [d2e6c8f2c05b35a8910177da99e962f2-192.168.0.102-10] {"deviceOS":"Android","deviceOSVersion":"10","deviceModel":"PCT-AL10","screenSize":{"width":1080,"height":2208},"density":3.0,"version":"4.9.0","coreVersion":"4.9.0","autoBuild":false,"isCompany":true,"extraInfo":{"package_name":"com.smobiler.app","display_name":"Smobiler","plugin_msg":null,"lowMemory":false,"languages":["zh-Hans-CN"]}} 
2021/08/24 16:18:42 [Server-1] Stoping 
2021/08/24 16:18:42 [d2e6c8f2c05b35a8910177da99e962f2-1] Stop-StopServer-True-- 
2021/08/24 16:18:42 [TcpAccept-EX-12] 无法访问已释放的对象。
对象名:“System.Net.Sockets.Socket”。 
2021/08/24 16:18:43 [Server-1] Stoped 
2021/08/24 16:18:43 [AutoSet-7] Stop 
2021/08/24 17:06:17 [Server-1] Starting 
2021/08/24 17:06:17 [Initial-1] Version: 631.16249, HttpServerPort: 2324, TcpServerPort: 2323, DeveloperTrace: Single, DebugMode: True, TracePrint: True, ClientTrace: False, EnableStackView: True, SessionTimeOut: 1800, NetworkTimeOut: 30, MirrorPatternMaxVerifyTimes: 3, FormStackMaxCount: 10, RelativeScreen: True, TextFontScaling: True, ResourceDenyLocation: , SysTrace: False
        BasePath: C:\Users\Patrick\Desktop\数据库课设\Data-Cool\bin\Debug
        DefaultImagePath: C:\Users\Patrick\Desktop\数据库课设\Data-Cool\bin\Debug\Resources\Image
        DefaultAudioPath: C:\Users\Patrick\Desktop\数据库课设\Data-Cool\bin\Debug\Resources\Audio
        DefaultDocumentPath: C:\Users\Patrick\Desktop\数据库课设\Data-Cool\bin\Debug\Resources\Document
        DefaultUploadPath: C:\Users\Patrick\Desktop\数据库课设\Data-Cool\bin\Debug\Resources\Upload
        DefaultMediaPath: C:\Users\Patrick\Desktop\数据库课设\Data-Cool\bin\Debug\Resources\Media
        DefaultWebPath: C:\Users\Patrick\Desktop\数据库课设\Data-Cool\bin\Debug\Resources\Web
 
2021/08/24 17:06:17 [Server-1] Started 
2021/08/24 17:06:17 [AutoSet-7] Start 
2021/08/24 17:06:25 [TcpAccept-3] 192.168.0.102:40992 
2021/08/24 17:06:25 [d2e6c8f2c05b35a8910177da99e962f2-192.168.0.102-10] {"deviceOS":"Android","deviceOSVersion":"10","deviceModel":"PCT-AL10","screenSize":{"width":1080,"height":2208},"density":3.0,"version":"4.9.0","coreVersion":"4.9.0","autoBuild":false,"isCompany":true,"extraInfo":{"package_name":"com.smobiler.app","display_name":"Smobiler","plugin_msg":null,"lowMemory":false,"languages":["zh-Hans-CN"]}} 
2021/08/24 17:06:46 [Server-1] Stoping 
2021/08/24 17:06:46 [d2e6c8f2c05b35a8910177da99e962f2-1] Stop-StopServer-True-- 
2021/08/24 17:06:46 [TcpAccept-EX-12] 无法访问已释放的对象。
对象名:“System.Net.Sockets.Socket”。 
2021/08/24 17:06:47 [Server-1] Stoped 
2021/08/24 17:06:47 [AutoSet-7] Stop 
2021/08/24 17:24:03 [Server-1] Starting 
2021/08/24 17:24:03 [Initial-1] Version: 631.16249, HttpServerPort: 2324, TcpServerPort: 2323, DeveloperTrace: Single, DebugMode: True, TracePrint: True, ClientTrace: False, EnableStackView: True, SessionTimeOut: 1800, NetworkTimeOut: 30, MirrorPatternMaxVerifyTimes: 3, FormStackMaxCount: 10, RelativeScreen: True, TextFontScaling: True, ResourceDenyLocation: , SysTrace: False
        BasePath: C:\Users\Patrick\Desktop\数据库课设\Data-Cool\bin\Debug
        DefaultImagePath: C:\Users\Patrick\Desktop\数据库课设\Data-Cool\bin\Debug\Resources\Image
        DefaultAudioPath: C:\Users\Patrick\Desktop\数据库课设\Data-Cool\bin\Debug\Resources\Audio
        DefaultDocumentPath: C:\Users\Patrick\Desktop\数据库课设\Data-Cool\bin\Debug\Resources\Document
        DefaultUploadPath: C:\Users\Patrick\Desktop\数据库课设\Data-Cool\bin\Debug\Resources\Upload
        DefaultMediaPath: C:\Users\Patrick\Desktop\数据库课设\Data-Cool\bin\Debug\Resources\Media
        DefaultWebPath: C:\Users\Patrick\Desktop\数据库课设\Data-Cool\bin\Debug\Resources\Web
 
2021/08/24 17:24:03 [Server-1] Started 
2021/08/24 17:24:03 [AutoSet-7] Start 
2021/08/24 17:24:06 [TcpAccept-3] 192.168.0.102:41268 
2021/08/24 17:24:54 [Server-1] Stoping 
2021/08/24 17:24:54 [d2e6c8f2c05b35a8910177da99e962f2-1] Stop-StopServer-True-- 
2021/08/24 17:24:54 [TcpAccept-EX-16] 无法访问已释放的对象。
对象名:“System.Net.Sockets.Socket”。 
2021/08/24 17:24:55 [Server-1] Stoped 
2021/08/24 17:24:55 [AutoSet-7] Stop 
2021/08/24 17:56:31 [Server-1] Starting 
2021/08/24 17:56:32 [Initial-1] Version: 631.16249, HttpServerPort: 2324, TcpServerPort: 2323, DeveloperTrace: Single, DebugMode: True, TracePrint: True, ClientTrace: False, EnableStackView: True, SessionTimeOut: 1800, NetworkTimeOut: 30, MirrorPatternMaxVerifyTimes: 3, FormStackMaxCount: 10, RelativeScreen: True, TextFontScaling: True, ResourceDenyLocation: , SysTrace: False
        BasePath: C:\Users\Patrick\Desktop\数据库课设\Data-Cool\bin\Debug
        DefaultImagePath: C:\Users\Patrick\Desktop\数据库课设\Data-Cool\bin\Debug\Resources\Image
        DefaultAudioPath: C:\Users\Patrick\Desktop\数据库课设\Data-Cool\bin\Debug\Resources\Audio
        DefaultDocumentPath: C:\Users\Patrick\Desktop\数据库课设\Data-Cool\bin\Debug\Resources\Document
        DefaultUploadPath: C:\Users\Patrick\Desktop\数据库课设\Data-Cool\bin\Debug\Resources\Upload
        DefaultMediaPath: C:\Users\Patrick\Desktop\数据库课设\Data-Cool\bin\Debug\Resources\Media
        DefaultWebPath: C:\Users\Patrick\Desktop\数据库课设\Data-Cool\bin\Debug\Resources\Web
 
2021/08/24 17:56:32 [Server-1] Started 
2021/08/24 17:56:32 [AutoSet-7] Start 
2021/08/24 17:56:42 [TcpAccept-3] 192.168.0.102:41408 
2021/08/24 17:56:42 [d2e6c8f2c05b35a8910177da99e962f2-192.168.0.102-10] {"deviceOS":"Android","deviceOSVersion":"10","deviceModel":"PCT-AL10","screenSize":{"width":1080,"height":2208},"density":3.0,"version":"4.9.0","coreVersion":"4.9.0","autoBuild":false,"isCompany":true,"extraInfo":{"package_name":"com.smobiler.app","display_name":"Smobiler","plugin_msg":null,"lowMemory":false,"languages":["zh-Hans-CN"]}} 
2021/08/24 17:57:24 [Server-1] Stoping 
2021/08/24 17:57:24 [d2e6c8f2c05b35a8910177da99e962f2-1] Stop-StopServer-True-- 
2021/08/24 17:57:24 [TcpAccept-EX-19] 无法访问已释放的对象。
对象名:“System.Net.Sockets.Socket”。 
2021/08/24 17:57:25 [Server-1] Stoped 
2021/08/24 17:57:25 [AutoSet-7] Stop 
