2021/08/09 11:47:03 [Server-1] Starting 
2021/08/09 11:47:04 [Initial-1] Version: 631.16249, HttpServerPort: 2324, TcpServerPort: 2323, DeveloperTrace: Single, DebugMode: True, TracePrint: True, ClientTrace: False, EnableStackView: True, SessionTimeOut: 1800, NetworkTimeOut: 30, MirrorPatternMaxVerifyTimes: 3, FormStackMaxCount: 10, RelativeScreen: True, TextFontScaling: True, ResourceDenyLocation: , SysTrace: False
        BasePath: D:\SombilerDesigner\Data-Cool-master\Data-Cool\bin\Debug
        DefaultImagePath: D:\SombilerDesigner\Data-Cool-master\Data-Cool\bin\Debug\Resources\Image
        DefaultAudioPath: D:\SombilerDesigner\Data-Cool-master\Data-Cool\bin\Debug\Resources\Audio
        DefaultDocumentPath: D:\SombilerDesigner\Data-Cool-master\Data-Cool\bin\Debug\Resources\Document
        DefaultUploadPath: D:\SombilerDesigner\Data-Cool-master\Data-Cool\bin\Debug\Resources\Upload
        DefaultMediaPath: D:\SombilerDesigner\Data-Cool-master\Data-Cool\bin\Debug\Resources\Media
        DefaultWebPath: D:\SombilerDesigner\Data-Cool-master\Data-Cool\bin\Debug\Resources\Web
 
2021/08/09 11:47:04 [Server-1] Started 
2021/08/09 11:47:04 [AutoSet-7] Start 
2021/08/09 11:47:18 [TcpAccept-3] 192.168.1.2:34100 
2021/08/09 11:47:18 [861951044423780-192.168.1.2-11] {"deviceOS":"Android","deviceOSVersion":"9","deviceModel":"INE-AL00","screenSize":{"width":1080,"height":2128},"density":3.0,"version":"6.3.1","coreVersion":"6.3.1","autoBuild":false,"isCompany":true,"extraInfo":{"package_name":"com.smobiler.app","display_name":"Smobiler","plugin_msg":null,"lowMemory":false,"languages":["zh-Hans-CN"]}} 
2021/08/09 11:49:26 [Server-1] Stoping 
2021/08/09 11:49:26 [861951044423780-1] Stop-StopServer-True-- 
2021/08/09 11:49:26 [TcpAccept-EX-10] 无法访问已释放的对象。
对象名:“System.Net.Sockets.Socket”。 
2021/08/09 11:49:28 [Server-1] Stoped 
2021/08/09 11:49:28 [AutoSet-7] Stop 
2021/08/09 14:30:35 [Server-1] Starting 
2021/08/09 14:30:35 [Initial-1] Version: 631.16249, HttpServerPort: 2324, TcpServerPort: 2323, DeveloperTrace: Single, DebugMode: True, TracePrint: True, ClientTrace: False, EnableStackView: True, SessionTimeOut: 1800, NetworkTimeOut: 30, MirrorPatternMaxVerifyTimes: 3, FormStackMaxCount: 10, RelativeScreen: True, TextFontScaling: True, ResourceDenyLocation: , SysTrace: False
        BasePath: D:\SombilerDesigner\Data-Cool-master\Data-Cool\bin\Debug
        DefaultImagePath: D:\SombilerDesigner\Data-Cool-master\Data-Cool\bin\Debug\Resources\Image
        DefaultAudioPath: D:\SombilerDesigner\Data-Cool-master\Data-Cool\bin\Debug\Resources\Audio
        DefaultDocumentPath: D:\SombilerDesigner\Data-Cool-master\Data-Cool\bin\Debug\Resources\Document
        DefaultUploadPath: D:\SombilerDesigner\Data-Cool-master\Data-Cool\bin\Debug\Resources\Upload
        DefaultMediaPath: D:\SombilerDesigner\Data-Cool-master\Data-Cool\bin\Debug\Resources\Media
        DefaultWebPath: D:\SombilerDesigner\Data-Cool-master\Data-Cool\bin\Debug\Resources\Web
 
2021/08/09 14:30:35 [Server-1] Started 
2021/08/09 14:30:35 [AutoSet-7] Start 
2021/08/09 14:30:44 [TcpAccept-3] 192.168.1.2:40340 
2021/08/09 14:30:44 [861951044423780-192.168.1.2-11] {"deviceOS":"Android","deviceOSVersion":"9","deviceModel":"INE-AL00","screenSize":{"width":1080,"height":2128},"density":3.0,"version":"6.3.1","coreVersion":"6.3.1","autoBuild":false,"isCompany":true,"extraInfo":{"package_name":"com.smobiler.app","display_name":"Smobiler","plugin_msg":null,"lowMemory":false,"languages":["zh-Hans-CN"]}} 
2021/08/09 14:31:29 [Server-1] Stoping 
2021/08/09 14:31:29 [861951044423780-1] Stop-StopServer-True-- 
2021/08/09 14:31:29 [TcpAccept-EX-12] 无法访问已释放的对象。
对象名:“System.Net.Sockets.Socket”。 
2021/08/09 14:31:30 [Server-1] Stoped 
2021/08/09 14:31:30 [AutoSet-7] Stop 
